CRITICAL - 2023-10-06 09:34:28 --> Undefined variable $data
in APPPATH\Controllers\Roles.php on line 19.
 1 APPPATH\Controllers\Roles.php(19): CodeIgniter\Debug\Exceptions->errorHandler(2, 'Undefined variable $data', 'C:\\xampp\\htdocs\\apps\\gestion_denuncias\\app\\Controllers\\Roles.php', 19)
 2 SYSTEMPATH\CodeIgniter.php(919): App\Controllers\Roles->create()
 3 SYSTEMPATH\CodeIgniter.php(494): CodeIgniter\CodeIgniter->runController(Object(App\Controllers\Roles))
 4 SYSTEMPATH\CodeIgniter.php(353): CodeIgniter\CodeIgniter->handleRequest(null, Object(Config\Cache), false)
 5 FCPATH\index.php(79): CodeIgniter\CodeIgniter->run()
CRITICAL - 2023-10-06 09:39:46 --> Undefined variable $data
in APPPATH\Views\roles\edit.php on line 22.
 1 APPPATH\Views\roles\edit.php(22): CodeIgniter\Debug\Exceptions->errorHandler(2, 'Undefined variable $data', 'C:\\xampp\\htdocs\\apps\\gestion_denuncias\\app\\Views\\roles\\edit.php', 22)
 2 SYSTEMPATH\View\View.php(226): include('C:\\xampp\\htdocs\\apps\\gestion_denuncias\\app\\Views\\roles\\edit.php')
 3 SYSTEMPATH\View\View.php(229): CodeIgniter\View\View->CodeIgniter\View\{closure}()
 4 SYSTEMPATH\Common.php(1188): CodeIgniter\View\View->render('roles/edit', [], true)
 5 APPPATH\Controllers\Roles.php(39): view('roles/edit', [...])
 6 SYSTEMPATH\CodeIgniter.php(919): App\Controllers\Roles->edit('1')
 7 SYSTEMPATH\CodeIgniter.php(494): CodeIgniter\CodeIgniter->runController(Object(App\Controllers\Roles))
 8 SYSTEMPATH\CodeIgniter.php(353): CodeIgniter\CodeIgniter->handleRequest(null, Object(Config\Cache), false)
 9 FCPATH\index.php(79): CodeIgniter\CodeIgniter->run()
CRITICAL - 2023-10-06 09:57:49 --> Undefined variable $data
in APPPATH\Controllers\Roles.php on line 19.
 1 APPPATH\Controllers\Roles.php(19): CodeIgniter\Debug\Exceptions->errorHandler(2, 'Undefined variable $data', 'C:\\xampp\\htdocs\\apps\\gestion_denuncias\\app\\Controllers\\Roles.php', 19)
 2 SYSTEMPATH\CodeIgniter.php(919): App\Controllers\Roles->create()
 3 SYSTEMPATH\CodeIgniter.php(494): CodeIgniter\CodeIgniter->runController(Object(App\Controllers\Roles))
 4 SYSTEMPATH\CodeIgniter.php(353): CodeIgniter\CodeIgniter->handleRequest(null, Object(Config\Cache), false)
 5 FCPATH\index.php(79): CodeIgniter\CodeIgniter->run()
CRITICAL - 2023-10-06 09:59:05 --> Undefined property: App\Controllers\Roles::$session
in APPPATH\Controllers\Roles.php on line 27.
 1 APPPATH\Controllers\Roles.php(27): CodeIgniter\Debug\Exceptions->errorHandler(2, 'Undefined property: App\\Controllers\\Roles::$session', 'C:\\xampp\\htdocs\\apps\\gestion_denuncias\\app\\Controllers\\Roles.php', 27)
 2 SYSTEMPATH\CodeIgniter.php(919): App\Controllers\Roles->insert()
 3 SYSTEMPATH\CodeIgniter.php(494): CodeIgniter\CodeIgniter->runController(Object(App\Controllers\Roles))
 4 SYSTEMPATH\CodeIgniter.php(353): CodeIgniter\CodeIgniter->handleRequest(null, Object(Config\Cache), false)
 5 FCPATH\index.php(79): CodeIgniter\CodeIgniter->run()
CRITICAL - 2023-10-06 12:30:53 --> Undefined property: App\Controllers\Roles::$session
in APPPATH\Controllers\Roles.php on line 27.
 1 APPPATH\Controllers\Roles.php(27): CodeIgniter\Debug\Exceptions->errorHandler(2, 'Undefined property: App\\Controllers\\Roles::$session', 'C:\\xampp\\htdocs\\apps\\gestion_denuncias\\app\\Controllers\\Roles.php', 27)
 2 SYSTEMPATH\CodeIgniter.php(919): App\Controllers\Roles->insert()
 3 SYSTEMPATH\CodeIgniter.php(494): CodeIgniter\CodeIgniter->runController(Object(App\Controllers\Roles))
 4 SYSTEMPATH\CodeIgniter.php(353): CodeIgniter\CodeIgniter->handleRequest(null, Object(Config\Cache), false)
 5 FCPATH\index.php(79): CodeIgniter\CodeIgniter->run()
CRITICAL - 2023-10-06 12:35:00 --> Undefined property: App\Controllers\Roles::$session
in APPPATH\Controllers\Roles.php on line 27.
 1 APPPATH\Controllers\Roles.php(27): CodeIgniter\Debug\Exceptions->errorHandler(2, 'Undefined property: App\\Controllers\\Roles::$session', 'C:\\xampp\\htdocs\\apps\\gestion_denuncias\\app\\Controllers\\Roles.php', 27)
 2 SYSTEMPATH\CodeIgniter.php(919): App\Controllers\Roles->insert()
 3 SYSTEMPATH\CodeIgniter.php(494): CodeIgniter\CodeIgniter->runController(Object(App\Controllers\Roles))
 4 SYSTEMPATH\CodeIgniter.php(353): CodeIgniter\CodeIgniter->handleRequest(null, Object(Config\Cache), false)
 5 FCPATH\index.php(79): CodeIgniter\CodeIgniter->run()
CRITICAL - 2023-10-06 12:38:20 --> Undefined variable $session
in APPPATH\Controllers\Roles.php on line 29.
 1 APPPATH\Controllers\Roles.php(29): CodeIgniter\Debug\Exceptions->errorHandler(2, 'Undefined variable $session', 'C:\\xampp\\htdocs\\apps\\gestion_denuncias\\app\\Controllers\\Roles.php', 29)
 2 SYSTEMPATH\CodeIgniter.php(919): App\Controllers\Roles->insert()
 3 SYSTEMPATH\CodeIgniter.php(494): CodeIgniter\CodeIgniter->runController(Object(App\Controllers\Roles))
 4 SYSTEMPATH\CodeIgniter.php(353): CodeIgniter\CodeIgniter->handleRequest(null, Object(Config\Cache), false)
 5 FCPATH\index.php(79): CodeIgniter\CodeIgniter->run()
CRITICAL - 2023-10-06 12:39:15 --> Undefined variable $config
in APPPATH\Controllers\Roles.php on line 5.
 1 APPPATH\Controllers\Roles.php(5): CodeIgniter\Debug\Exceptions->errorHandler(2, 'Undefined variable $config', 'C:\\xampp\\htdocs\\apps\\gestion_denuncias\\app\\Controllers\\Roles.php', 5)
 2 SYSTEMPATH\Autoloader\Autoloader.php(306): include_once('C:\\xampp\\htdocs\\apps\\gestion_denuncias\\app\\Controllers\\Roles.php')
 3 SYSTEMPATH\Autoloader\Autoloader.php(285): CodeIgniter\Autoloader\Autoloader->includeFile('C:\\xampp\\htdocs\\apps\\gestion_denuncias\\app\\Controllers\\Roles.php')
 4 SYSTEMPATH\Autoloader\Autoloader.php(263): CodeIgniter\Autoloader\Autoloader->loadInNamespace('App\\Controllers\\Roles')
 5 [internal function]: CodeIgniter\Autoloader\Autoloader->loadClass('App\\Controllers\\Roles')
 6 SYSTEMPATH\CodeIgniter.php(877): class_exists('\\App\\Controllers\\Roles', true)
 7 SYSTEMPATH\CodeIgniter.php(481): CodeIgniter\CodeIgniter->startController()
 8 SYSTEMPATH\CodeIgniter.php(353): CodeIgniter\CodeIgniter->handleRequest(null, Object(Config\Cache), false)
 9 FCPATH\index.php(79): CodeIgniter\CodeIgniter->run()
CRITICAL - 2023-10-06 12:39:59 --> Undefined variable $session
in APPPATH\Controllers\Roles.php on line 30.
 1 APPPATH\Controllers\Roles.php(30): CodeIgniter\Debug\Exceptions->errorHandler(2, 'Undefined variable $session', 'C:\\xampp\\htdocs\\apps\\gestion_denuncias\\app\\Controllers\\Roles.php', 30)
 2 SYSTEMPATH\CodeIgniter.php(919): App\Controllers\Roles->insert()
 3 SYSTEMPATH\CodeIgniter.php(494): CodeIgniter\CodeIgniter->runController(Object(App\Controllers\Roles))
 4 SYSTEMPATH\CodeIgniter.php(353): CodeIgniter\CodeIgniter->handleRequest(null, Object(Config\Cache), false)
 5 FCPATH\index.php(79): CodeIgniter\CodeIgniter->run()
CRITICAL - 2023-10-06 12:41:32 --> syntax error, unexpected end of file, expecting "elseif" or "else" or "endif"
in APPPATH\Views\roles\index.php on line 56.
 1 SYSTEMPATH\View\View.php(229): CodeIgniter\View\View->CodeIgniter\View\{closure}()
 2 SYSTEMPATH\Common.php(1188): CodeIgniter\View\View->render('roles/index', [], true)
 3 APPPATH\Controllers\Roles.php(12): view('roles/index', [...])
 4 SYSTEMPATH\CodeIgniter.php(919): App\Controllers\Roles->index()
 5 SYSTEMPATH\CodeIgniter.php(494): CodeIgniter\CodeIgniter->runController(Object(App\Controllers\Roles))
 6 SYSTEMPATH\CodeIgniter.php(353): CodeIgniter\CodeIgniter->handleRequest(null, Object(Config\Cache), false)
 7 FCPATH\index.php(79): CodeIgniter\CodeIgniter->run()
CRITICAL - 2023-10-06 12:48:49 --> Undefined variable $row
in APPPATH\Views\roles\index.php on line 46.
 1 APPPATH\Views\roles\index.php(46): CodeIgniter\Debug\Exceptions->errorHandler(2, 'Undefined variable $row', 'C:\\xampp\\htdocs\\apps\\gestion_denuncias\\app\\Views\\roles\\index.php', 46)
 2 SYSTEMPATH\View\View.php(226): include('C:\\xampp\\htdocs\\apps\\gestion_denuncias\\app\\Views\\roles\\index.php')
 3 SYSTEMPATH\View\View.php(229): CodeIgniter\View\View->CodeIgniter\View\{closure}()
 4 SYSTEMPATH\Common.php(1188): CodeIgniter\View\View->render('roles/index', [], true)
 5 APPPATH\Controllers\Roles.php(12): view('roles/index', [...])
 6 SYSTEMPATH\CodeIgniter.php(919): App\Controllers\Roles->index()
 7 SYSTEMPATH\CodeIgniter.php(494): CodeIgniter\CodeIgniter->runController(Object(App\Controllers\Roles))
 8 SYSTEMPATH\CodeIgniter.php(353): CodeIgniter\CodeIgniter->handleRequest(null, Object(Config\Cache), false)
 9 FCPATH\index.php(79): CodeIgniter\CodeIgniter->run()
CRITICAL - 2023-10-06 12:50:41 --> base_url(): Argument #2 ($scheme) must be of type ?string, array given, called in C:\xampp\htdocs\apps\gestion_denuncias\app\Views\roles\index.php on line 43
in SYSTEMPATH\Helpers\url_helper.php on line 48.
 1 APPPATH\Views\roles\index.php(43): base_url('roles-delete/6', [...])
 2 SYSTEMPATH\View\View.php(226): include('C:\\xampp\\htdocs\\apps\\gestion_denuncias\\app\\Views\\roles\\index.php')
 3 SYSTEMPATH\View\View.php(229): CodeIgniter\View\View->CodeIgniter\View\{closure}()
 4 SYSTEMPATH\Common.php(1188): CodeIgniter\View\View->render('roles/index', [], true)
 5 APPPATH\Controllers\Roles.php(12): view('roles/index', [...])
 6 SYSTEMPATH\CodeIgniter.php(919): App\Controllers\Roles->index()
 7 SYSTEMPATH\CodeIgniter.php(494): CodeIgniter\CodeIgniter->runController(Object(App\Controllers\Roles))
 8 SYSTEMPATH\CodeIgniter.php(353): CodeIgniter\CodeIgniter->handleRequest(null, Object(Config\Cache), false)
 9 FCPATH\index.php(79): CodeIgniter\CodeIgniter->run()
CRITICAL - 2023-10-06 12:50:50 --> base_url(): Argument #2 ($scheme) must be of type ?string, array given, called in C:\xampp\htdocs\apps\gestion_denuncias\app\Views\roles\index.php on line 43
in SYSTEMPATH\Helpers\url_helper.php on line 48.
 1 APPPATH\Views\roles\index.php(43): base_url('roles-delete/6', [...])
 2 SYSTEMPATH\View\View.php(226): include('C:\\xampp\\htdocs\\apps\\gestion_denuncias\\app\\Views\\roles\\index.php')
 3 SYSTEMPATH\View\View.php(229): CodeIgniter\View\View->CodeIgniter\View\{closure}()
 4 SYSTEMPATH\Common.php(1188): CodeIgniter\View\View->render('roles/index', [], true)
 5 APPPATH\Controllers\Roles.php(12): view('roles/index', [...])
 6 SYSTEMPATH\CodeIgniter.php(919): App\Controllers\Roles->index()
 7 SYSTEMPATH\CodeIgniter.php(494): CodeIgniter\CodeIgniter->runController(Object(App\Controllers\Roles))
 8 SYSTEMPATH\CodeIgniter.php(353): CodeIgniter\CodeIgniter->handleRequest(null, Object(Config\Cache), false)
 9 FCPATH\index.php(79): CodeIgniter\CodeIgniter->run()
CRITICAL - 2023-10-06 12:50:53 --> base_url(): Argument #2 ($scheme) must be of type ?string, array given, called in C:\xampp\htdocs\apps\gestion_denuncias\app\Views\roles\index.php on line 43
in SYSTEMPATH\Helpers\url_helper.php on line 48.
 1 APPPATH\Views\roles\index.php(43): base_url('roles-delete/6', [...])
 2 SYSTEMPATH\View\View.php(226): include('C:\\xampp\\htdocs\\apps\\gestion_denuncias\\app\\Views\\roles\\index.php')
 3 SYSTEMPATH\View\View.php(229): CodeIgniter\View\View->CodeIgniter\View\{closure}()
 4 SYSTEMPATH\Common.php(1188): CodeIgniter\View\View->render('roles/index', [], true)
 5 APPPATH\Controllers\Roles.php(12): view('roles/index', [...])
 6 SYSTEMPATH\CodeIgniter.php(919): App\Controllers\Roles->index()
 7 SYSTEMPATH\CodeIgniter.php(494): CodeIgniter\CodeIgniter->runController(Object(App\Controllers\Roles))
 8 SYSTEMPATH\CodeIgniter.php(353): CodeIgniter\CodeIgniter->handleRequest(null, Object(Config\Cache), false)
 9 FCPATH\index.php(79): CodeIgniter\CodeIgniter->run()
CRITICAL - 2023-10-06 12:52:22 --> Undefined variable $row
in APPPATH\Views\roles\index.php on line 44.
 1 APPPATH\Views\roles\index.php(44): CodeIgniter\Debug\Exceptions->errorHandler(2, 'Undefined variable $row', 'C:\\xampp\\htdocs\\apps\\gestion_denuncias\\app\\Views\\roles\\index.php', 44)
 2 SYSTEMPATH\View\View.php(226): include('C:\\xampp\\htdocs\\apps\\gestion_denuncias\\app\\Views\\roles\\index.php')
 3 SYSTEMPATH\View\View.php(229): CodeIgniter\View\View->CodeIgniter\View\{closure}()
 4 SYSTEMPATH\Common.php(1188): CodeIgniter\View\View->render('roles/index', [], true)
 5 APPPATH\Controllers\Roles.php(12): view('roles/index', [...])
 6 SYSTEMPATH\CodeIgniter.php(919): App\Controllers\Roles->index()
 7 SYSTEMPATH\CodeIgniter.php(494): CodeIgniter\CodeIgniter->runController(Object(App\Controllers\Roles))
 8 SYSTEMPATH\CodeIgniter.php(353): CodeIgniter\CodeIgniter->handleRequest(null, Object(Config\Cache), false)
 9 FCPATH\index.php(79): CodeIgniter\CodeIgniter->run()
CRITICAL - 2023-10-06 12:52:48 --> Attempt to read property "id" on array
in APPPATH\Views\roles\index.php on line 44.
 1 APPPATH\Views\roles\index.php(44): CodeIgniter\Debug\Exceptions->errorHandler(2, 'Attempt to read property "id" on array', 'C:\\xampp\\htdocs\\apps\\gestion_denuncias\\app\\Views\\roles\\index.php', 44)
 2 SYSTEMPATH\View\View.php(226): include('C:\\xampp\\htdocs\\apps\\gestion_denuncias\\app\\Views\\roles\\index.php')
 3 SYSTEMPATH\View\View.php(229): CodeIgniter\View\View->CodeIgniter\View\{closure}()
 4 SYSTEMPATH\Common.php(1188): CodeIgniter\View\View->render('roles/index', [], true)
 5 APPPATH\Controllers\Roles.php(12): view('roles/index', [...])
 6 SYSTEMPATH\CodeIgniter.php(919): App\Controllers\Roles->index()
 7 SYSTEMPATH\CodeIgniter.php(494): CodeIgniter\CodeIgniter->runController(Object(App\Controllers\Roles))
 8 SYSTEMPATH\CodeIgniter.php(353): CodeIgniter\CodeIgniter->handleRequest(null, Object(Config\Cache), false)
 9 FCPATH\index.php(79): CodeIgniter\CodeIgniter->run()
CRITICAL - 2023-10-06 13:49:04 --> Updates are not allowed unless they contain a "where" or "like" clause.
in SYSTEMPATH\Model.php on line 380.
 1 SYSTEMPATH\BaseModel.php(949): CodeIgniter\Model->doUpdate(null, [...])
 2 SYSTEMPATH\Model.php(776): CodeIgniter\BaseModel->update(null, [...])
 3 APPPATH\Controllers\Roles.php(51): CodeIgniter\Model->update(null, [...])
 4 SYSTEMPATH\CodeIgniter.php(919): App\Controllers\Roles->update()
 5 SYSTEMPATH\CodeIgniter.php(494): CodeIgniter\CodeIgniter->runController(Object(App\Controllers\Roles))
 6 SYSTEMPATH\CodeIgniter.php(353): CodeIgniter\CodeIgniter->handleRequest(null, Object(Config\Cache), false)
 7 FCPATH\index.php(79): CodeIgniter\CodeIgniter->run()
CRITICAL - 2023-10-06 13:49:28 --> Updates are not allowed unless they contain a "where" or "like" clause.
in SYSTEMPATH\Model.php on line 380.
 1 SYSTEMPATH\BaseModel.php(949): CodeIgniter\Model->doUpdate(null, [...])
 2 SYSTEMPATH\Model.php(776): CodeIgniter\BaseModel->update(null, [...])
 3 APPPATH\Controllers\Roles.php(51): CodeIgniter\Model->update(null, [...])
 4 SYSTEMPATH\CodeIgniter.php(919): App\Controllers\Roles->update()
 5 SYSTEMPATH\CodeIgniter.php(494): CodeIgniter\CodeIgniter->runController(Object(App\Controllers\Roles))
 6 SYSTEMPATH\CodeIgniter.php(353): CodeIgniter\CodeIgniter->handleRequest(null, Object(Config\Cache), false)
 7 FCPATH\index.php(79): CodeIgniter\CodeIgniter->run()
CRITICAL - 2023-10-06 13:54:19 --> Updates are not allowed unless they contain a "where" or "like" clause.
in SYSTEMPATH\Model.php on line 380.
 1 SYSTEMPATH\BaseModel.php(949): CodeIgniter\Model->doUpdate(null, [...])
 2 SYSTEMPATH\Model.php(776): CodeIgniter\BaseModel->update(null, [...])
 3 APPPATH\Controllers\Roles.php(53): CodeIgniter\Model->update(null, [...])
 4 SYSTEMPATH\CodeIgniter.php(919): App\Controllers\Roles->update()
 5 SYSTEMPATH\CodeIgniter.php(494): CodeIgniter\CodeIgniter->runController(Object(App\Controllers\Roles))
 6 SYSTEMPATH\CodeIgniter.php(353): CodeIgniter\CodeIgniter->handleRequest(null, Object(Config\Cache), false)
 7 FCPATH\index.php(79): CodeIgniter\CodeIgniter->run()
CRITICAL - 2023-10-06 14:00:01 --> Call to a member function where() on null
in APPPATH\Controllers\Roles.php on line 53.
 1 SYSTEMPATH\CodeIgniter.php(919): App\Controllers\Roles->update()
 2 SYSTEMPATH\CodeIgniter.php(494): CodeIgniter\CodeIgniter->runController(Object(App\Controllers\Roles))
 3 SYSTEMPATH\CodeIgniter.php(353): CodeIgniter\CodeIgniter->handleRequest(null, Object(Config\Cache), false)
 4 FCPATH\index.php(79): CodeIgniter\CodeIgniter->run()
CRITICAL - 2023-10-06 14:00:39 --> Updates are not allowed unless they contain a "where" or "like" clause.
in SYSTEMPATH\Model.php on line 380.
 1 SYSTEMPATH\BaseModel.php(949): CodeIgniter\Model->doUpdate(null, [...])
 2 SYSTEMPATH\Model.php(776): CodeIgniter\BaseModel->update(null, [...])
 3 APPPATH\Controllers\Roles.php(53): CodeIgniter\Model->update(null, [...])
 4 SYSTEMPATH\CodeIgniter.php(919): App\Controllers\Roles->update()
 5 SYSTEMPATH\CodeIgniter.php(494): CodeIgniter\CodeIgniter->runController(Object(App\Controllers\Roles))
 6 SYSTEMPATH\CodeIgniter.php(353): CodeIgniter\CodeIgniter->handleRequest(null, Object(Config\Cache), false)
 7 FCPATH\index.php(79): CodeIgniter\CodeIgniter->run()
CRITICAL - 2023-10-06 14:07:33 --> Undefined property: App\Controllers\Roles::$RoleModel
in APPPATH\Controllers\Roles.php on line 51.
 1 APPPATH\Controllers\Roles.php(51): CodeIgniter\Debug\Exceptions->errorHandler(2, 'Undefined property: App\\Controllers\\Roles::$RoleModel', 'C:\\xampp\\htdocs\\apps\\gestion_denuncias\\app\\Controllers\\Roles.php', 51)
 2 SYSTEMPATH\CodeIgniter.php(919): App\Controllers\Roles->update()
 3 SYSTEMPATH\CodeIgniter.php(494): CodeIgniter\CodeIgniter->runController(Object(App\Controllers\Roles))
 4 SYSTEMPATH\CodeIgniter.php(353): CodeIgniter\CodeIgniter->handleRequest(null, Object(Config\Cache), false)
 5 FCPATH\index.php(79): CodeIgniter\CodeIgniter->run()
CRITICAL - 2023-10-06 14:09:26 --> Object of class App\Models\RoleModel could not be converted to string
in APPPATH\Controllers\Roles.php on line 52.
 1 SYSTEMPATH\CodeIgniter.php(919): App\Controllers\Roles->update()
 2 SYSTEMPATH\CodeIgniter.php(494): CodeIgniter\CodeIgniter->runController(Object(App\Controllers\Roles))
 3 SYSTEMPATH\CodeIgniter.php(353): CodeIgniter\CodeIgniter->handleRequest(null, Object(Config\Cache), false)
 4 FCPATH\index.php(79): CodeIgniter\CodeIgniter->run()
CRITICAL - 2023-10-06 14:11:05 --> Class "App\Controllers\ProductModel" not found
in APPPATH\Controllers\Roles.php on line 51.
 1 SYSTEMPATH\CodeIgniter.php(919): App\Controllers\Roles->update()
 2 SYSTEMPATH\CodeIgniter.php(494): CodeIgniter\CodeIgniter->runController(Object(App\Controllers\Roles))
 3 SYSTEMPATH\CodeIgniter.php(353): CodeIgniter\CodeIgniter->handleRequest(null, Object(Config\Cache), false)
 4 FCPATH\index.php(79): CodeIgniter\CodeIgniter->run()
CRITICAL - 2023-10-06 14:11:32 --> Undefined property: App\Controllers\Roles::$role_m
in APPPATH\Controllers\Roles.php on line 52.
 1 APPPATH\Controllers\Roles.php(52): CodeIgniter\Debug\Exceptions->errorHandler(2, 'Undefined property: App\\Controllers\\Roles::$role_m', 'C:\\xampp\\htdocs\\apps\\gestion_denuncias\\app\\Controllers\\Roles.php', 52)
 2 SYSTEMPATH\CodeIgniter.php(919): App\Controllers\Roles->update()
 3 SYSTEMPATH\CodeIgniter.php(494): CodeIgniter\CodeIgniter->runController(Object(App\Controllers\Roles))
 4 SYSTEMPATH\CodeIgniter.php(353): CodeIgniter\CodeIgniter->handleRequest(null, Object(Config\Cache), false)
 5 FCPATH\index.php(79): CodeIgniter\CodeIgniter->run()
CRITICAL - 2023-10-06 14:13:04 --> Updates are not allowed unless they contain a "where" or "like" clause.
in SYSTEMPATH\Model.php on line 380.
 1 SYSTEMPATH\BaseModel.php(949): CodeIgniter\Model->doUpdate(null, [...])
 2 SYSTEMPATH\Model.php(776): CodeIgniter\BaseModel->update(null, [...])
 3 APPPATH\Controllers\Roles.php(58): CodeIgniter\Model->update(null, [...])
 4 SYSTEMPATH\CodeIgniter.php(919): App\Controllers\Roles->update()
 5 SYSTEMPATH\CodeIgniter.php(494): CodeIgniter\CodeIgniter->runController(Object(App\Controllers\Roles))
 6 SYSTEMPATH\CodeIgniter.php(353): CodeIgniter\CodeIgniter->handleRequest(null, Object(Config\Cache), false)
 7 FCPATH\index.php(79): CodeIgniter\CodeIgniter->run()
CRITICAL - 2023-10-06 14:17:55 --> Undefined variable $userModel
in APPPATH\Controllers\Roles.php on line 52.
 1 APPPATH\Controllers\Roles.php(52): CodeIgniter\Debug\Exceptions->errorHandler(2, 'Undefined variable $userModel', 'C:\\xampp\\htdocs\\apps\\gestion_denuncias\\app\\Controllers\\Roles.php', 52)
 2 SYSTEMPATH\CodeIgniter.php(919): App\Controllers\Roles->update()
 3 SYSTEMPATH\CodeIgniter.php(494): CodeIgniter\CodeIgniter->runController(Object(App\Controllers\Roles))
 4 SYSTEMPATH\CodeIgniter.php(353): CodeIgniter\CodeIgniter->handleRequest(null, Object(Config\Cache), false)
 5 FCPATH\index.php(79): CodeIgniter\CodeIgniter->run()
CRITICAL - 2023-10-06 14:18:28 --> Updates are not allowed unless they contain a "where" or "like" clause.
in SYSTEMPATH\Model.php on line 380.
 1 SYSTEMPATH\BaseModel.php(949): CodeIgniter\Model->doUpdate(null, [...])
 2 SYSTEMPATH\Model.php(776): CodeIgniter\BaseModel->update(null, [...])
 3 APPPATH\Controllers\Roles.php(54): CodeIgniter\Model->update(null, [...])
 4 SYSTEMPATH\CodeIgniter.php(919): App\Controllers\Roles->update()
 5 SYSTEMPATH\CodeIgniter.php(494): CodeIgniter\CodeIgniter->runController(Object(App\Controllers\Roles))
 6 SYSTEMPATH\CodeIgniter.php(353): CodeIgniter\CodeIgniter->handleRequest(null, Object(Config\Cache), false)
 7 FCPATH\index.php(79): CodeIgniter\CodeIgniter->run()
CRITICAL - 2023-10-06 14:29:08 --> Undefined variable $descp
in APPPATH\Controllers\Roles.php on line 52.
 1 APPPATH\Controllers\Roles.php(52): CodeIgniter\Debug\Exceptions->errorHandler(2, 'Undefined variable $descp', 'C:\\xampp\\htdocs\\apps\\gestion_denuncias\\app\\Controllers\\Roles.php', 52)
 2 SYSTEMPATH\CodeIgniter.php(919): App\Controllers\Roles->update()
 3 SYSTEMPATH\CodeIgniter.php(494): CodeIgniter\CodeIgniter->runController(Object(App\Controllers\Roles))
 4 SYSTEMPATH\CodeIgniter.php(353): CodeIgniter\CodeIgniter->handleRequest(null, Object(Config\Cache), false)
 5 FCPATH\index.php(79): CodeIgniter\CodeIgniter->run()
CRITICAL - 2023-10-06 14:29:37 --> Undefined property: App\Controllers\Roles::$RoleModel
in APPPATH\Controllers\Roles.php on line 56.
 1 APPPATH\Controllers\Roles.php(56): CodeIgniter\Debug\Exceptions->errorHandler(2, 'Undefined property: App\\Controllers\\Roles::$RoleModel', 'C:\\xampp\\htdocs\\apps\\gestion_denuncias\\app\\Controllers\\Roles.php', 56)
 2 SYSTEMPATH\CodeIgniter.php(919): App\Controllers\Roles->update()
 3 SYSTEMPATH\CodeIgniter.php(494): CodeIgniter\CodeIgniter->runController(Object(App\Controllers\Roles))
 4 SYSTEMPATH\CodeIgniter.php(353): CodeIgniter\CodeIgniter->handleRequest(null, Object(Config\Cache), false)
 5 FCPATH\index.php(79): CodeIgniter\CodeIgniter->run()
CRITICAL - 2023-10-06 14:30:41 --> Object of class App\Models\RoleModel could not be converted to string
in APPPATH\Controllers\Roles.php on line 58.
 1 SYSTEMPATH\CodeIgniter.php(919): App\Controllers\Roles->update()
 2 SYSTEMPATH\CodeIgniter.php(494): CodeIgniter\CodeIgniter->runController(Object(App\Controllers\Roles))
 3 SYSTEMPATH\CodeIgniter.php(353): CodeIgniter\CodeIgniter->handleRequest(null, Object(Config\Cache), false)
 4 FCPATH\index.php(79): CodeIgniter\CodeIgniter->run()
CRITICAL - 2023-10-06 14:30:55 --> Undefined property: App\Controllers\Roles::$RoleModel
in APPPATH\Controllers\Roles.php on line 58.
 1 APPPATH\Controllers\Roles.php(58): CodeIgniter\Debug\Exceptions->errorHandler(2, 'Undefined property: App\\Controllers\\Roles::$RoleModel', 'C:\\xampp\\htdocs\\apps\\gestion_denuncias\\app\\Controllers\\Roles.php', 58)
 2 SYSTEMPATH\CodeIgniter.php(919): App\Controllers\Roles->update()
 3 SYSTEMPATH\CodeIgniter.php(494): CodeIgniter\CodeIgniter->runController(Object(App\Controllers\Roles))
 4 SYSTEMPATH\CodeIgniter.php(353): CodeIgniter\CodeIgniter->handleRequest(null, Object(Config\Cache), false)
 5 FCPATH\index.php(79): CodeIgniter\CodeIgniter->run()
CRITICAL - 2023-10-06 14:35:09 --> Class "CodeIgniter\Model\RoleModel" not found
in APPPATH\Controllers\Roles.php on line 38.
 1 SYSTEMPATH\CodeIgniter.php(919): App\Controllers\Roles->edit('7')
 2 SYSTEMPATH\CodeIgniter.php(494): CodeIgniter\CodeIgniter->runController(Object(App\Controllers\Roles))
 3 SYSTEMPATH\CodeIgniter.php(353): CodeIgniter\CodeIgniter->handleRequest(null, Object(Config\Cache), false)
 4 FCPATH\index.php(79): CodeIgniter\CodeIgniter->run()
CRITICAL - 2023-10-06 14:35:10 --> Class "CodeIgniter\Model\RoleModel" not found
in APPPATH\Controllers\Roles.php on line 11.
 1 SYSTEMPATH\CodeIgniter.php(919): App\Controllers\Roles->index()
 2 SYSTEMPATH\CodeIgniter.php(494): CodeIgniter\CodeIgniter->runController(Object(App\Controllers\Roles))
 3 SYSTEMPATH\CodeIgniter.php(353): CodeIgniter\CodeIgniter->handleRequest(null, Object(Config\Cache), false)
 4 FCPATH\index.php(79): CodeIgniter\CodeIgniter->run()
CRITICAL - 2023-10-06 14:35:11 --> Class "CodeIgniter\Model\RoleModel" not found
in APPPATH\Controllers\Roles.php on line 18.
 1 SYSTEMPATH\CodeIgniter.php(919): App\Controllers\Roles->create()
 2 SYSTEMPATH\CodeIgniter.php(494): CodeIgniter\CodeIgniter->runController(Object(App\Controllers\Roles))
 3 SYSTEMPATH\CodeIgniter.php(353): CodeIgniter\CodeIgniter->handleRequest(null, Object(Config\Cache), false)
 4 FCPATH\index.php(79): CodeIgniter\CodeIgniter->run()
CRITICAL - 2023-10-06 14:35:14 --> Class "CodeIgniter\Model\RoleModel" not found
in APPPATH\Controllers\Roles.php on line 18.
 1 SYSTEMPATH\CodeIgniter.php(919): App\Controllers\Roles->create()
 2 SYSTEMPATH\CodeIgniter.php(494): CodeIgniter\CodeIgniter->runController(Object(App\Controllers\Roles))
 3 SYSTEMPATH\CodeIgniter.php(353): CodeIgniter\CodeIgniter->handleRequest(null, Object(Config\Cache), false)
 4 FCPATH\index.php(79): CodeIgniter\CodeIgniter->run()
CRITICAL - 2023-10-06 14:35:33 --> Class "CodeIgniter\Models\RoleModel" not found
in APPPATH\Controllers\Roles.php on line 18.
 1 SYSTEMPATH\CodeIgniter.php(919): App\Controllers\Roles->create()
 2 SYSTEMPATH\CodeIgniter.php(494): CodeIgniter\CodeIgniter->runController(Object(App\Controllers\Roles))
 3 SYSTEMPATH\CodeIgniter.php(353): CodeIgniter\CodeIgniter->handleRequest(null, Object(Config\Cache), false)
 4 FCPATH\index.php(79): CodeIgniter\CodeIgniter->run()
CRITICAL - 2023-10-06 14:35:57 --> Undefined property: App\Controllers\Roles::$RoleModel
in APPPATH\Controllers\Roles.php on line 59.
 1 APPPATH\Controllers\Roles.php(59): CodeIgniter\Debug\Exceptions->errorHandler(2, 'Undefined property: App\\Controllers\\Roles::$RoleModel', 'C:\\xampp\\htdocs\\apps\\gestion_denuncias\\app\\Controllers\\Roles.php', 59)
 2 SYSTEMPATH\CodeIgniter.php(919): App\Controllers\Roles->update()
 3 SYSTEMPATH\CodeIgniter.php(494): CodeIgniter\CodeIgniter->runController(Object(App\Controllers\Roles))
 4 SYSTEMPATH\CodeIgniter.php(353): CodeIgniter\CodeIgniter->handleRequest(null, Object(Config\Cache), false)
 5 FCPATH\index.php(79): CodeIgniter\CodeIgniter->run()
CRITICAL - 2023-10-06 14:39:22 --> Updates are not allowed unless they contain a "where" or "like" clause.
in SYSTEMPATH\Model.php on line 380.
 1 SYSTEMPATH\BaseModel.php(949): CodeIgniter\Model->doUpdate(null, [...])
 2 SYSTEMPATH\Model.php(776): CodeIgniter\BaseModel->update(null, [...])
 3 APPPATH\Controllers\Roles.php(53): CodeIgniter\Model->update(null, [...])
 4 SYSTEMPATH\CodeIgniter.php(919): App\Controllers\Roles->update()
 5 SYSTEMPATH\CodeIgniter.php(494): CodeIgniter\CodeIgniter->runController(Object(App\Controllers\Roles))
 6 SYSTEMPATH\CodeIgniter.php(353): CodeIgniter\CodeIgniter->handleRequest(null, Object(Config\Cache), false)
 7 FCPATH\index.php(79): CodeIgniter\CodeIgniter->run()
CRITICAL - 2023-10-06 14:42:03 --> Updates are not allowed unless they contain a "where" or "like" clause.
in SYSTEMPATH\Model.php on line 380.
 1 SYSTEMPATH\BaseModel.php(949): CodeIgniter\Model->doUpdate(null, [...])
 2 SYSTEMPATH\Model.php(776): CodeIgniter\BaseModel->update(null, [...])
 3 APPPATH\Controllers\Roles.php(53): CodeIgniter\Model->update(null, [...])
 4 SYSTEMPATH\CodeIgniter.php(919): App\Controllers\Roles->update()
 5 SYSTEMPATH\CodeIgniter.php(494): CodeIgniter\CodeIgniter->runController(Object(App\Controllers\Roles))
 6 SYSTEMPATH\CodeIgniter.php(353): CodeIgniter\CodeIgniter->handleRequest(null, Object(Config\Cache), false)
 7 FCPATH\index.php(79): CodeIgniter\CodeIgniter->run()
CRITICAL - 2023-10-06 14:52:54 --> Undefined property: App\Controllers\Roles::$RoleModel
in APPPATH\Controllers\Roles.php on line 54.
 1 APPPATH\Controllers\Roles.php(54): CodeIgniter\Debug\Exceptions->errorHandler(2, 'Undefined property: App\\Controllers\\Roles::$RoleModel', 'C:\\xampp\\htdocs\\apps\\gestion_denuncias\\app\\Controllers\\Roles.php', 54)
 2 SYSTEMPATH\CodeIgniter.php(919): App\Controllers\Roles->update()
 3 SYSTEMPATH\CodeIgniter.php(494): CodeIgniter\CodeIgniter->runController(Object(App\Controllers\Roles))
 4 SYSTEMPATH\CodeIgniter.php(353): CodeIgniter\CodeIgniter->handleRequest(null, Object(Config\Cache), false)
 5 FCPATH\index.php(79): CodeIgniter\CodeIgniter->run()
CRITICAL - 2023-10-06 14:55:43 --> Updates are not allowed unless they contain a "where" or "like" clause.
in SYSTEMPATH\Model.php on line 380.
 1 SYSTEMPATH\BaseModel.php(949): CodeIgniter\Model->doUpdate(null, [...])
 2 SYSTEMPATH\Model.php(776): CodeIgniter\BaseModel->update(null, [...])
 3 APPPATH\Controllers\Roles.php(62): CodeIgniter\Model->update(null, [...])
 4 SYSTEMPATH\CodeIgniter.php(919): App\Controllers\Roles->update()
 5 SYSTEMPATH\CodeIgniter.php(494): CodeIgniter\CodeIgniter->runController(Object(App\Controllers\Roles))
 6 SYSTEMPATH\CodeIgniter.php(353): CodeIgniter\CodeIgniter->handleRequest(null, Object(Config\Cache), false)
 7 FCPATH\index.php(79): CodeIgniter\CodeIgniter->run()
CRITICAL - 2023-10-06 14:56:19 --> Object of class App\Models\RoleModel could not be converted to string
in APPPATH\Controllers\Roles.php on line 58.
 1 SYSTEMPATH\CodeIgniter.php(919): App\Controllers\Roles->update()
 2 SYSTEMPATH\CodeIgniter.php(494): CodeIgniter\CodeIgniter->runController(Object(App\Controllers\Roles))
 3 SYSTEMPATH\CodeIgniter.php(353): CodeIgniter\CodeIgniter->handleRequest(null, Object(Config\Cache), false)
 4 FCPATH\index.php(79): CodeIgniter\CodeIgniter->run()
CRITICAL - 2023-10-06 14:56:40 --> Updates are not allowed unless they contain a "where" or "like" clause.
in SYSTEMPATH\Model.php on line 380.
 1 SYSTEMPATH\BaseModel.php(949): CodeIgniter\Model->doUpdate(null, [...])
 2 SYSTEMPATH\Model.php(776): CodeIgniter\BaseModel->update(null, [...])
 3 APPPATH\Controllers\Roles.php(57): CodeIgniter\Model->update(null, [...])
 4 SYSTEMPATH\CodeIgniter.php(919): App\Controllers\Roles->update()
 5 SYSTEMPATH\CodeIgniter.php(494): CodeIgniter\CodeIgniter->runController(Object(App\Controllers\Roles))
 6 SYSTEMPATH\CodeIgniter.php(353): CodeIgniter\CodeIgniter->handleRequest(null, Object(Config\Cache), false)
 7 FCPATH\index.php(79): CodeIgniter\CodeIgniter->run()
CRITICAL - 2023-10-06 15:02:36 --> Updates are not allowed unless they contain a "where" or "like" clause.
in SYSTEMPATH\Model.php on line 380.
 1 SYSTEMPATH\BaseModel.php(949): CodeIgniter\Model->doUpdate(null, [...])
 2 SYSTEMPATH\Model.php(776): CodeIgniter\BaseModel->update(null, [...])
 3 APPPATH\Controllers\Roles.php(57): CodeIgniter\Model->update(null, [...])
 4 SYSTEMPATH\CodeIgniter.php(919): App\Controllers\Roles->update()
 5 SYSTEMPATH\CodeIgniter.php(494): CodeIgniter\CodeIgniter->runController(Object(App\Controllers\Roles))
 6 SYSTEMPATH\CodeIgniter.php(353): CodeIgniter\CodeIgniter->handleRequest(null, Object(Config\Cache), false)
 7 FCPATH\index.php(79): CodeIgniter\CodeIgniter->run()
CRITICAL - 2023-10-06 15:47:42 --> Call to a member function where() on null
in APPPATH\Controllers\Roles.php on line 56.
 1 SYSTEMPATH\CodeIgniter.php(919): App\Controllers\Roles->update()
 2 SYSTEMPATH\CodeIgniter.php(494): CodeIgniter\CodeIgniter->runController(Object(App\Controllers\Roles))
 3 SYSTEMPATH\CodeIgniter.php(353): CodeIgniter\CodeIgniter->handleRequest(null, Object(Config\Cache), false)
 4 FCPATH\index.php(79): CodeIgniter\CodeIgniter->run()
CRITICAL - 2023-10-06 16:15:30 --> Updates are not allowed unless they contain a "where" or "like" clause.
in SYSTEMPATH\Model.php on line 380.
 1 SYSTEMPATH\BaseModel.php(949): CodeIgniter\Model->doUpdate(null, [...])
 2 SYSTEMPATH\Model.php(776): CodeIgniter\BaseModel->update(null, [...])
 3 APPPATH\Controllers\Roles.php(56): CodeIgniter\Model->update(null, [...])
 4 SYSTEMPATH\CodeIgniter.php(919): App\Controllers\Roles->update()
 5 SYSTEMPATH\CodeIgniter.php(494): CodeIgniter\CodeIgniter->runController(Object(App\Controllers\Roles))
 6 SYSTEMPATH\CodeIgniter.php(353): CodeIgniter\CodeIgniter->handleRequest(null, Object(Config\Cache), false)
 7 FCPATH\index.php(79): CodeIgniter\CodeIgniter->run()
CRITICAL - 2023-10-06 17:22:52 --> whereIn() expects $key to be a non-empty string
in SYSTEMPATH\Database\BaseBuilder.php on line 935.
 1 SYSTEMPATH\Database\BaseBuilder.php(826): CodeIgniter\Database\BaseBuilder->_whereIn(null, [...], false, 'AND ', null)
 2 SYSTEMPATH\Model.php(871): CodeIgniter\Database\BaseBuilder->whereIn(null, [...])
 3 APPPATH\Controllers\Roles.php(57): CodeIgniter\Model->__call('whereIn', [...])
 4 SYSTEMPATH\CodeIgniter.php(919): App\Controllers\Roles->update()
 5 SYSTEMPATH\CodeIgniter.php(494): CodeIgniter\CodeIgniter->runController(Object(App\Controllers\Roles))
 6 SYSTEMPATH\CodeIgniter.php(353): CodeIgniter\CodeIgniter->handleRequest(null, Object(Config\Cache), false)
 7 FCPATH\index.php(79): CodeIgniter\CodeIgniter->run()
CRITICAL - 2023-10-06 17:23:12 --> There is no data to update.
in SYSTEMPATH\BaseModel.php on line 1724.
 1 SYSTEMPATH\BaseModel.php(1724): CodeIgniter\Database\Exceptions\DataException::forEmptyDataset('update')
 2 SYSTEMPATH\BaseModel.php(916): CodeIgniter\BaseModel->transformDataToArray(null, 'update')
 3 SYSTEMPATH\Model.php(776): CodeIgniter\BaseModel->update(null, null)
 4 APPPATH\Controllers\Roles.php(57): CodeIgniter\Model->update()
 5 SYSTEMPATH\CodeIgniter.php(919): App\Controllers\Roles->update()
 6 SYSTEMPATH\CodeIgniter.php(494): CodeIgniter\CodeIgniter->runController(Object(App\Controllers\Roles))
 7 SYSTEMPATH\CodeIgniter.php(353): CodeIgniter\CodeIgniter->handleRequest(null, Object(Config\Cache), false)
 8 FCPATH\index.php(79): CodeIgniter\CodeIgniter->run()
CRITICAL - 2023-10-06 17:23:41 --> Too few arguments to function CodeIgniter\Database\BaseBuilder::where(), 0 passed in C:\xampp\htdocs\apps\gestion_denuncias\system\Model.php on line 871 and at least 1 expected
in SYSTEMPATH\Database\BaseBuilder.php on line 696.
 1 SYSTEMPATH\Model.php(871): CodeIgniter\Database\BaseBuilder->where()
 2 APPPATH\Controllers\Roles.php(57): CodeIgniter\Model->__call('where', [])
 3 SYSTEMPATH\CodeIgniter.php(919): App\Controllers\Roles->update()
 4 SYSTEMPATH\CodeIgniter.php(494): CodeIgniter\CodeIgniter->runController(Object(App\Controllers\Roles))
 5 SYSTEMPATH\CodeIgniter.php(353): CodeIgniter\CodeIgniter->handleRequest(null, Object(Config\Cache), false)
 6 FCPATH\index.php(79): CodeIgniter\CodeIgniter->run()
CRITICAL - 2023-10-06 17:23:47 --> Too few arguments to function CodeIgniter\Database\BaseBuilder::where(), 0 passed in C:\xampp\htdocs\apps\gestion_denuncias\system\Model.php on line 871 and at least 1 expected
in SYSTEMPATH\Database\BaseBuilder.php on line 696.
 1 SYSTEMPATH\Model.php(871): CodeIgniter\Database\BaseBuilder->where()
 2 APPPATH\Controllers\Roles.php(57): CodeIgniter\Model->__call('where', [])
 3 SYSTEMPATH\CodeIgniter.php(919): App\Controllers\Roles->update()
 4 SYSTEMPATH\CodeIgniter.php(494): CodeIgniter\CodeIgniter->runController(Object(App\Controllers\Roles))
 5 SYSTEMPATH\CodeIgniter.php(353): CodeIgniter\CodeIgniter->handleRequest(null, Object(Config\Cache), false)
 6 FCPATH\index.php(79): CodeIgniter\CodeIgniter->run()
CRITICAL - 2023-10-06 17:24:34 --> Too few arguments to function CodeIgniter\Database\BaseBuilder::where(), 0 passed in C:\xampp\htdocs\apps\gestion_denuncias\system\Model.php on line 871 and at least 1 expected
in SYSTEMPATH\Database\BaseBuilder.php on line 696.
 1 SYSTEMPATH\Model.php(871): CodeIgniter\Database\BaseBuilder->where()
 2 APPPATH\Controllers\Roles.php(57): CodeIgniter\Model->__call('where', [])
 3 SYSTEMPATH\CodeIgniter.php(919): App\Controllers\Roles->update()
 4 SYSTEMPATH\CodeIgniter.php(494): CodeIgniter\CodeIgniter->runController(Object(App\Controllers\Roles))
 5 SYSTEMPATH\CodeIgniter.php(353): CodeIgniter\CodeIgniter->handleRequest(null, Object(Config\Cache), false)
 6 FCPATH\index.php(79): CodeIgniter\CodeIgniter->run()
CRITICAL - 2023-10-06 17:24:41 --> Too few arguments to function CodeIgniter\Database\BaseBuilder::where(), 0 passed in C:\xampp\htdocs\apps\gestion_denuncias\system\Model.php on line 871 and at least 1 expected
in SYSTEMPATH\Database\BaseBuilder.php on line 696.
 1 SYSTEMPATH\Model.php(871): CodeIgniter\Database\BaseBuilder->where()
 2 APPPATH\Controllers\Roles.php(57): CodeIgniter\Model->__call('where', [])
 3 SYSTEMPATH\CodeIgniter.php(919): App\Controllers\Roles->update()
 4 SYSTEMPATH\CodeIgniter.php(494): CodeIgniter\CodeIgniter->runController(Object(App\Controllers\Roles))
 5 SYSTEMPATH\CodeIgniter.php(353): CodeIgniter\CodeIgniter->handleRequest(null, Object(Config\Cache), false)
 6 FCPATH\index.php(79): CodeIgniter\CodeIgniter->run()
CRITICAL - 2023-10-06 17:26:21 --> Object of class App\Models\RoleModel could not be converted to string
in APPPATH\Controllers\Roles.php on line 57.
 1 SYSTEMPATH\CodeIgniter.php(919): App\Controllers\Roles->update()
 2 SYSTEMPATH\CodeIgniter.php(494): CodeIgniter\CodeIgniter->runController(Object(App\Controllers\Roles))
 3 SYSTEMPATH\CodeIgniter.php(353): CodeIgniter\CodeIgniter->handleRequest(null, Object(Config\Cache), false)
 4 FCPATH\index.php(79): CodeIgniter\CodeIgniter->run()
CRITICAL - 2023-10-06 17:47:34 --> Undefined property: App\Controllers\Roles::$db
in APPPATH\Controllers\Roles.php on line 57.
 1 APPPATH\Controllers\Roles.php(57): CodeIgniter\Debug\Exceptions->errorHandler(2, 'Undefined property: App\\Controllers\\Roles::$db', 'C:\\xampp\\htdocs\\apps\\gestion_denuncias\\app\\Controllers\\Roles.php', 57)
 2 SYSTEMPATH\CodeIgniter.php(919): App\Controllers\Roles->update()
 3 SYSTEMPATH\CodeIgniter.php(494): CodeIgniter\CodeIgniter->runController(Object(App\Controllers\Roles))
 4 SYSTEMPATH\CodeIgniter.php(353): CodeIgniter\CodeIgniter->handleRequest(null, Object(Config\Cache), false)
 5 FCPATH\index.php(79): CodeIgniter\CodeIgniter->run()
CRITICAL - 2023-10-06 17:51:22 --> Undefined property: App\Controllers\Roles::$db
in APPPATH\Controllers\Roles.php on line 63.
 1 APPPATH\Controllers\Roles.php(63): CodeIgniter\Debug\Exceptions->errorHandler(2, 'Undefined property: App\\Controllers\\Roles::$db', 'C:\\xampp\\htdocs\\apps\\gestion_denuncias\\app\\Controllers\\Roles.php', 63)
 2 SYSTEMPATH\CodeIgniter.php(919): App\Controllers\Roles->update()
 3 SYSTEMPATH\CodeIgniter.php(494): CodeIgniter\CodeIgniter->runController(Object(App\Controllers\Roles))
 4 SYSTEMPATH\CodeIgniter.php(353): CodeIgniter\CodeIgniter->handleRequest(null, Object(Config\Cache), false)
 5 FCPATH\index.php(79): CodeIgniter\CodeIgniter->run()
CRITICAL - 2023-10-06 17:52:23 --> Undefined property: App\Controllers\Roles::$db
in APPPATH\Controllers\Roles.php on line 63.
 1 APPPATH\Controllers\Roles.php(63): CodeIgniter\Debug\Exceptions->errorHandler(2, 'Undefined property: App\\Controllers\\Roles::$db', 'C:\\xampp\\htdocs\\apps\\gestion_denuncias\\app\\Controllers\\Roles.php', 63)
 2 SYSTEMPATH\CodeIgniter.php(919): App\Controllers\Roles->update()
 3 SYSTEMPATH\CodeIgniter.php(494): CodeIgniter\CodeIgniter->runController(Object(App\Controllers\Roles))
 4 SYSTEMPATH\CodeIgniter.php(353): CodeIgniter\CodeIgniter->handleRequest(null, Object(Config\Cache), false)
 5 FCPATH\index.php(79): CodeIgniter\CodeIgniter->run()
CRITICAL - 2023-10-06 17:53:18 --> Undefined property: App\Controllers\Roles::$db
in APPPATH\Controllers\Roles.php on line 65.
 1 APPPATH\Controllers\Roles.php(65): CodeIgniter\Debug\Exceptions->errorHandler(2, 'Undefined property: App\\Controllers\\Roles::$db', 'C:\\xampp\\htdocs\\apps\\gestion_denuncias\\app\\Controllers\\Roles.php', 65)
 2 SYSTEMPATH\CodeIgniter.php(919): App\Controllers\Roles->update()
 3 SYSTEMPATH\CodeIgniter.php(494): CodeIgniter\CodeIgniter->runController(Object(App\Controllers\Roles))
 4 SYSTEMPATH\CodeIgniter.php(353): CodeIgniter\CodeIgniter->handleRequest(null, Object(Config\Cache), false)
 5 FCPATH\index.php(79): CodeIgniter\CodeIgniter->run()
CRITICAL - 2023-10-06 17:54:06 --> Undefined property: App\Controllers\Roles::$db
in APPPATH\Controllers\Roles.php on line 65.
 1 APPPATH\Controllers\Roles.php(65): CodeIgniter\Debug\Exceptions->errorHandler(2, 'Undefined property: App\\Controllers\\Roles::$db', 'C:\\xampp\\htdocs\\apps\\gestion_denuncias\\app\\Controllers\\Roles.php', 65)
 2 SYSTEMPATH\CodeIgniter.php(919): App\Controllers\Roles->update()
 3 SYSTEMPATH\CodeIgniter.php(494): CodeIgniter\CodeIgniter->runController(Object(App\Controllers\Roles))
 4 SYSTEMPATH\CodeIgniter.php(353): CodeIgniter\CodeIgniter->handleRequest(null, Object(Config\Cache), false)
 5 FCPATH\index.php(79): CodeIgniter\CodeIgniter->run()
CRITICAL - 2023-10-06 21:02:53 --> Undefined property: App\Controllers\Roles::$db
in APPPATH\Controllers\Roles.php on line 65.
 1 APPPATH\Controllers\Roles.php(65): CodeIgniter\Debug\Exceptions->errorHandler(2, 'Undefined property: App\\Controllers\\Roles::$db', 'C:\\xampp\\htdocs\\apps\\gestion_denuncias\\app\\Controllers\\Roles.php', 65)
 2 SYSTEMPATH\CodeIgniter.php(919): App\Controllers\Roles->update()
 3 SYSTEMPATH\CodeIgniter.php(494): CodeIgniter\CodeIgniter->runController(Object(App\Controllers\Roles))
 4 SYSTEMPATH\CodeIgniter.php(353): CodeIgniter\CodeIgniter->handleRequest(null, Object(Config\Cache), false)
 5 FCPATH\index.php(79): CodeIgniter\CodeIgniter->run()
CRITICAL - 2023-10-06 21:06:19 --> Object of class CodeIgniter\Database\MySQLi\Builder could not be converted to string
in APPPATH\Controllers\Roles.php on line 65.
 1 SYSTEMPATH\CodeIgniter.php(919): App\Controllers\Roles->update()
 2 SYSTEMPATH\CodeIgniter.php(494): CodeIgniter\CodeIgniter->runController(Object(App\Controllers\Roles))
 3 SYSTEMPATH\CodeIgniter.php(353): CodeIgniter\CodeIgniter->handleRequest(null, Object(Config\Cache), false)
 4 FCPATH\index.php(79): CodeIgniter\CodeIgniter->run()
CRITICAL - 2023-10-06 21:18:25 --> Undefined property: App\Controllers\Roles::$db
in APPPATH\Controllers\Roles.php on line 60.
 1 APPPATH\Controllers\Roles.php(60): CodeIgniter\Debug\Exceptions->errorHandler(2, 'Undefined property: App\\Controllers\\Roles::$db', 'C:\\xampp\\htdocs\\apps\\gestion_denuncias\\app\\Controllers\\Roles.php', 60)
 2 SYSTEMPATH\CodeIgniter.php(919): App\Controllers\Roles->update()
 3 SYSTEMPATH\CodeIgniter.php(494): CodeIgniter\CodeIgniter->runController(Object(App\Controllers\Roles))
 4 SYSTEMPATH\CodeIgniter.php(353): CodeIgniter\CodeIgniter->handleRequest(null, Object(Config\Cache), false)
 5 FCPATH\index.php(79): CodeIgniter\CodeIgniter->run()
CRITICAL - 2023-10-06 21:19:12 --> Undefined property: App\Controllers\Roles::$load
in APPPATH\Controllers\Roles.php on line 60.
 1 APPPATH\Controllers\Roles.php(60): CodeIgniter\Debug\Exceptions->errorHandler(2, 'Undefined property: App\\Controllers\\Roles::$load', 'C:\\xampp\\htdocs\\apps\\gestion_denuncias\\app\\Controllers\\Roles.php', 60)
 2 SYSTEMPATH\CodeIgniter.php(919): App\Controllers\Roles->update()
 3 SYSTEMPATH\CodeIgniter.php(494): CodeIgniter\CodeIgniter->runController(Object(App\Controllers\Roles))
 4 SYSTEMPATH\CodeIgniter.php(353): CodeIgniter\CodeIgniter->handleRequest(null, Object(Config\Cache), false)
 5 FCPATH\index.php(79): CodeIgniter\CodeIgniter->run()
CRITICAL - 2023-10-06 21:21:21 --> Undefined property: App\Controllers\Roles::$db
in APPPATH\Controllers\Roles.php on line 60.
 1 APPPATH\Controllers\Roles.php(60): CodeIgniter\Debug\Exceptions->errorHandler(2, 'Undefined property: App\\Controllers\\Roles::$db', 'C:\\xampp\\htdocs\\apps\\gestion_denuncias\\app\\Controllers\\Roles.php', 60)
 2 SYSTEMPATH\CodeIgniter.php(919): App\Controllers\Roles->update()
 3 SYSTEMPATH\CodeIgniter.php(494): CodeIgniter\CodeIgniter->runController(Object(App\Controllers\Roles))
 4 SYSTEMPATH\CodeIgniter.php(353): CodeIgniter\CodeIgniter->handleRequest(null, Object(Config\Cache), false)
 5 FCPATH\index.php(79): CodeIgniter\CodeIgniter->run()
CRITICAL - 2023-10-06 21:22:25 --> Undefined property: App\Controllers\Roles::$load
in APPPATH\Controllers\Roles.php on line 60.
 1 APPPATH\Controllers\Roles.php(60): CodeIgniter\Debug\Exceptions->errorHandler(2, 'Undefined property: App\\Controllers\\Roles::$load', 'C:\\xampp\\htdocs\\apps\\gestion_denuncias\\app\\Controllers\\Roles.php', 60)
 2 SYSTEMPATH\CodeIgniter.php(919): App\Controllers\Roles->update()
 3 SYSTEMPATH\CodeIgniter.php(494): CodeIgniter\CodeIgniter->runController(Object(App\Controllers\Roles))
 4 SYSTEMPATH\CodeIgniter.php(353): CodeIgniter\CodeIgniter->handleRequest(null, Object(Config\Cache), false)
 5 FCPATH\index.php(79): CodeIgniter\CodeIgniter->run()
CRITICAL - 2023-10-06 21:22:43 --> Undefined property: App\Controllers\Roles::$db
in APPPATH\Controllers\Roles.php on line 64.
 1 APPPATH\Controllers\Roles.php(64): CodeIgniter\Debug\Exceptions->errorHandler(2, 'Undefined property: App\\Controllers\\Roles::$db', 'C:\\xampp\\htdocs\\apps\\gestion_denuncias\\app\\Controllers\\Roles.php', 64)
 2 SYSTEMPATH\CodeIgniter.php(919): App\Controllers\Roles->update()
 3 SYSTEMPATH\CodeIgniter.php(494): CodeIgniter\CodeIgniter->runController(Object(App\Controllers\Roles))
 4 SYSTEMPATH\CodeIgniter.php(353): CodeIgniter\CodeIgniter->handleRequest(null, Object(Config\Cache), false)
 5 FCPATH\index.php(79): CodeIgniter\CodeIgniter->run()
