CRITICAL - 2026-03-04 14:17:11 --> require_once(C:\xampp\htdocs\apps\gestion_expedientes\app\ThirdParty\phpqrcode\qrlib.php): Failed to open stream: No such file or directory
in APPPATH\Controllers\Dossiers.php on line 14.
 1 APPPATH\Controllers\Dossiers.php(14): CodeIgniter\Debug\Exceptions->errorHandler(2, 'require_once(C:\\xampp\\htdocs\\apps\\gestion_expedientes\\app\\ThirdParty\\phpqrcode\\qrlib.php): Failed to open stream: No such file or directory', 'C:\\xampp\\htdocs\\apps\\gestion_expedientes\\app\\Controllers\\Dossiers.php', 14)
 2 APPPATH\Controllers\Dossiers.php(14): require_once()
 3 SYSTEMPATH\Autoloader\Autoloader.php(306): include_once('C:\\xampp\\htdocs\\apps\\gestion_expedientes\\app\\Controllers\\Dossiers.php')
 4 SYSTEMPATH\Autoloader\Autoloader.php(285): CodeIgniter\Autoloader\Autoloader->includeFile('C:\\xampp\\htdocs\\apps\\gestion_expedientes\\app\\Controllers\\Dossiers.php')
 5 SYSTEMPATH\Autoloader\Autoloader.php(263): CodeIgniter\Autoloader\Autoloader->loadInNamespace('App\\Controllers\\Dossiers')
 6 [internal function]: CodeIgniter\Autoloader\Autoloader->loadClass('App\\Controllers\\Dossiers')
 7 SYSTEMPATH\CodeIgniter.php(877): class_exists('\\App\\Controllers\\Dossiers', true)
 8 SYSTEMPATH\CodeIgniter.php(481): CodeIgniter\CodeIgniter->startController()
 9 SYSTEMPATH\CodeIgniter.php(353): CodeIgniter\CodeIgniter->handleRequest(null, Object(Config\Cache), false)
10 FCPATH\index.php(79): CodeIgniter\CodeIgniter->run()
CRITICAL - 2026-03-04 14:18:14 --> require_once(C:\xampp\htdocs\apps\gestion_expedientes\app\ThirdParty\phpqrcode\qrlib.php): Failed to open stream: No such file or directory
in APPPATH\Controllers\Dossiers.php on line 15.
 1 APPPATH\Controllers\Dossiers.php(15): CodeIgniter\Debug\Exceptions->errorHandler(2, 'require_once(C:\\xampp\\htdocs\\apps\\gestion_expedientes\\app\\ThirdParty\\phpqrcode\\qrlib.php): Failed to open stream: No such file or directory', 'C:\\xampp\\htdocs\\apps\\gestion_expedientes\\app\\Controllers\\Dossiers.php', 15)
 2 APPPATH\Controllers\Dossiers.php(15): require_once()
 3 SYSTEMPATH\Autoloader\Autoloader.php(306): include_once('C:\\xampp\\htdocs\\apps\\gestion_expedientes\\app\\Controllers\\Dossiers.php')
 4 SYSTEMPATH\Autoloader\Autoloader.php(285): CodeIgniter\Autoloader\Autoloader->includeFile('C:\\xampp\\htdocs\\apps\\gestion_expedientes\\app\\Controllers\\Dossiers.php')
 5 SYSTEMPATH\Autoloader\Autoloader.php(263): CodeIgniter\Autoloader\Autoloader->loadInNamespace('App\\Controllers\\Dossiers')
 6 [internal function]: CodeIgniter\Autoloader\Autoloader->loadClass('App\\Controllers\\Dossiers')
 7 SYSTEMPATH\CodeIgniter.php(877): class_exists('\\App\\Controllers\\Dossiers', true)
 8 SYSTEMPATH\CodeIgniter.php(481): CodeIgniter\CodeIgniter->startController()
 9 SYSTEMPATH\CodeIgniter.php(353): CodeIgniter\CodeIgniter->handleRequest(null, Object(Config\Cache), false)
10 FCPATH\index.php(79): CodeIgniter\CodeIgniter->run()
CRITICAL - 2026-03-04 14:18:15 --> require_once(C:\xampp\htdocs\apps\gestion_expedientes\app\ThirdParty\phpqrcode\qrlib.php): Failed to open stream: No such file or directory
in APPPATH\Controllers\Dossiers.php on line 15.
 1 APPPATH\Controllers\Dossiers.php(15): CodeIgniter\Debug\Exceptions->errorHandler(2, 'require_once(C:\\xampp\\htdocs\\apps\\gestion_expedientes\\app\\ThirdParty\\phpqrcode\\qrlib.php): Failed to open stream: No such file or directory', 'C:\\xampp\\htdocs\\apps\\gestion_expedientes\\app\\Controllers\\Dossiers.php', 15)
 2 APPPATH\Controllers\Dossiers.php(15): require_once()
 3 SYSTEMPATH\Autoloader\Autoloader.php(306): include_once('C:\\xampp\\htdocs\\apps\\gestion_expedientes\\app\\Controllers\\Dossiers.php')
 4 SYSTEMPATH\Autoloader\Autoloader.php(285): CodeIgniter\Autoloader\Autoloader->includeFile('C:\\xampp\\htdocs\\apps\\gestion_expedientes\\app\\Controllers\\Dossiers.php')
 5 SYSTEMPATH\Autoloader\Autoloader.php(263): CodeIgniter\Autoloader\Autoloader->loadInNamespace('App\\Controllers\\Dossiers')
 6 [internal function]: CodeIgniter\Autoloader\Autoloader->loadClass('App\\Controllers\\Dossiers')
 7 SYSTEMPATH\CodeIgniter.php(877): class_exists('\\App\\Controllers\\Dossiers', true)
 8 SYSTEMPATH\CodeIgniter.php(481): CodeIgniter\CodeIgniter->startController()
 9 SYSTEMPATH\CodeIgniter.php(353): CodeIgniter\CodeIgniter->handleRequest(null, Object(Config\Cache), false)
10 FCPATH\index.php(79): CodeIgniter\CodeIgniter->run()
CRITICAL - 2026-03-04 14:18:17 --> require_once(C:\xampp\htdocs\apps\gestion_expedientes\app\ThirdParty\phpqrcode\qrlib.php): Failed to open stream: No such file or directory
in APPPATH\Controllers\Dossiers.php on line 15.
 1 APPPATH\Controllers\Dossiers.php(15): CodeIgniter\Debug\Exceptions->errorHandler(2, 'require_once(C:\\xampp\\htdocs\\apps\\gestion_expedientes\\app\\ThirdParty\\phpqrcode\\qrlib.php): Failed to open stream: No such file or directory', 'C:\\xampp\\htdocs\\apps\\gestion_expedientes\\app\\Controllers\\Dossiers.php', 15)
 2 APPPATH\Controllers\Dossiers.php(15): require_once()
 3 SYSTEMPATH\Autoloader\Autoloader.php(306): include_once('C:\\xampp\\htdocs\\apps\\gestion_expedientes\\app\\Controllers\\Dossiers.php')
 4 SYSTEMPATH\Autoloader\Autoloader.php(285): CodeIgniter\Autoloader\Autoloader->includeFile('C:\\xampp\\htdocs\\apps\\gestion_expedientes\\app\\Controllers\\Dossiers.php')
 5 SYSTEMPATH\Autoloader\Autoloader.php(263): CodeIgniter\Autoloader\Autoloader->loadInNamespace('App\\Controllers\\Dossiers')
 6 [internal function]: CodeIgniter\Autoloader\Autoloader->loadClass('App\\Controllers\\Dossiers')
 7 SYSTEMPATH\CodeIgniter.php(877): class_exists('\\App\\Controllers\\Dossiers', true)
 8 SYSTEMPATH\CodeIgniter.php(481): CodeIgniter\CodeIgniter->startController()
 9 SYSTEMPATH\CodeIgniter.php(353): CodeIgniter\CodeIgniter->handleRequest(null, Object(Config\Cache), false)
10 FCPATH\index.php(79): CodeIgniter\CodeIgniter->run()
CRITICAL - 2026-03-04 14:19:18 --> require_once(C:\xampp\htdocs\apps\gestion_expedientes\app\ThirdParty\phpqrcode\qrlib.php): Failed to open stream: No such file or directory
in APPPATH\Controllers\Dossiers.php on line 15.
 1 APPPATH\Controllers\Dossiers.php(15): CodeIgniter\Debug\Exceptions->errorHandler(2, 'require_once(C:\\xampp\\htdocs\\apps\\gestion_expedientes\\app\\ThirdParty\\phpqrcode\\qrlib.php): Failed to open stream: No such file or directory', 'C:\\xampp\\htdocs\\apps\\gestion_expedientes\\app\\Controllers\\Dossiers.php', 15)
 2 APPPATH\Controllers\Dossiers.php(15): require_once()
 3 SYSTEMPATH\Autoloader\Autoloader.php(306): include_once('C:\\xampp\\htdocs\\apps\\gestion_expedientes\\app\\Controllers\\Dossiers.php')
 4 SYSTEMPATH\Autoloader\Autoloader.php(285): CodeIgniter\Autoloader\Autoloader->includeFile('C:\\xampp\\htdocs\\apps\\gestion_expedientes\\app\\Controllers\\Dossiers.php')
 5 SYSTEMPATH\Autoloader\Autoloader.php(263): CodeIgniter\Autoloader\Autoloader->loadInNamespace('App\\Controllers\\Dossiers')
 6 [internal function]: CodeIgniter\Autoloader\Autoloader->loadClass('App\\Controllers\\Dossiers')
 7 SYSTEMPATH\CodeIgniter.php(877): class_exists('\\App\\Controllers\\Dossiers', true)
 8 SYSTEMPATH\CodeIgniter.php(481): CodeIgniter\CodeIgniter->startController()
 9 SYSTEMPATH\CodeIgniter.php(353): CodeIgniter\CodeIgniter->handleRequest(null, Object(Config\Cache), false)
10 FCPATH\index.php(79): CodeIgniter\CodeIgniter->run()
CRITICAL - 2026-03-04 14:19:24 --> require_once(C:\xampp\htdocs\apps\gestion_expedientes\app\ThirdParty\phpqrcode\qrlib.php): Failed to open stream: No such file or directory
in APPPATH\Controllers\Dossiers.php on line 15.
 1 APPPATH\Controllers\Dossiers.php(15): CodeIgniter\Debug\Exceptions->errorHandler(2, 'require_once(C:\\xampp\\htdocs\\apps\\gestion_expedientes\\app\\ThirdParty\\phpqrcode\\qrlib.php): Failed to open stream: No such file or directory', 'C:\\xampp\\htdocs\\apps\\gestion_expedientes\\app\\Controllers\\Dossiers.php', 15)
 2 APPPATH\Controllers\Dossiers.php(15): require_once()
 3 SYSTEMPATH\Autoloader\Autoloader.php(306): include_once('C:\\xampp\\htdocs\\apps\\gestion_expedientes\\app\\Controllers\\Dossiers.php')
 4 SYSTEMPATH\Autoloader\Autoloader.php(285): CodeIgniter\Autoloader\Autoloader->includeFile('C:\\xampp\\htdocs\\apps\\gestion_expedientes\\app\\Controllers\\Dossiers.php')
 5 SYSTEMPATH\Autoloader\Autoloader.php(263): CodeIgniter\Autoloader\Autoloader->loadInNamespace('App\\Controllers\\Dossiers')
 6 [internal function]: CodeIgniter\Autoloader\Autoloader->loadClass('App\\Controllers\\Dossiers')
 7 SYSTEMPATH\CodeIgniter.php(877): class_exists('\\App\\Controllers\\Dossiers', true)
 8 SYSTEMPATH\CodeIgniter.php(481): CodeIgniter\CodeIgniter->startController()
 9 SYSTEMPATH\CodeIgniter.php(353): CodeIgniter\CodeIgniter->handleRequest(null, Object(Config\Cache), false)
10 FCPATH\index.php(79): CodeIgniter\CodeIgniter->run()
CRITICAL - 2026-03-04 14:20:02 --> require_once(C:\xampp\htdocs\apps\gestion_expedientes\app\ThirdParty/phpqrcode/qrlib.php): Failed to open stream: No such file or directory
in APPPATH\Controllers\Dossiers.php on line 13.
 1 APPPATH\Controllers\Dossiers.php(13): CodeIgniter\Debug\Exceptions->errorHandler(2, 'require_once(C:\\xampp\\htdocs\\apps\\gestion_expedientes\\app\\ThirdParty/phpqrcode/qrlib.php): Failed to open stream: No such file or directory', 'C:\\xampp\\htdocs\\apps\\gestion_expedientes\\app\\Controllers\\Dossiers.php', 13)
 2 APPPATH\Controllers\Dossiers.php(13): require_once()
 3 SYSTEMPATH\Autoloader\Autoloader.php(306): include_once('C:\\xampp\\htdocs\\apps\\gestion_expedientes\\app\\Controllers\\Dossiers.php')
 4 SYSTEMPATH\Autoloader\Autoloader.php(285): CodeIgniter\Autoloader\Autoloader->includeFile('C:\\xampp\\htdocs\\apps\\gestion_expedientes\\app\\Controllers\\Dossiers.php')
 5 SYSTEMPATH\Autoloader\Autoloader.php(263): CodeIgniter\Autoloader\Autoloader->loadInNamespace('App\\Controllers\\Dossiers')
 6 [internal function]: CodeIgniter\Autoloader\Autoloader->loadClass('App\\Controllers\\Dossiers')
 7 SYSTEMPATH\CodeIgniter.php(877): class_exists('\\App\\Controllers\\Dossiers', true)
 8 SYSTEMPATH\CodeIgniter.php(481): CodeIgniter\CodeIgniter->startController()
 9 SYSTEMPATH\CodeIgniter.php(353): CodeIgniter\CodeIgniter->handleRequest(null, Object(Config\Cache), false)
10 FCPATH\index.php(79): CodeIgniter\CodeIgniter->run()
CRITICAL - 2026-03-04 14:20:04 --> require_once(C:\xampp\htdocs\apps\gestion_expedientes\app\ThirdParty/phpqrcode/qrlib.php): Failed to open stream: No such file or directory
in APPPATH\Controllers\Dossiers.php on line 13.
 1 APPPATH\Controllers\Dossiers.php(13): CodeIgniter\Debug\Exceptions->errorHandler(2, 'require_once(C:\\xampp\\htdocs\\apps\\gestion_expedientes\\app\\ThirdParty/phpqrcode/qrlib.php): Failed to open stream: No such file or directory', 'C:\\xampp\\htdocs\\apps\\gestion_expedientes\\app\\Controllers\\Dossiers.php', 13)
 2 APPPATH\Controllers\Dossiers.php(13): require_once()
 3 SYSTEMPATH\Autoloader\Autoloader.php(306): include_once('C:\\xampp\\htdocs\\apps\\gestion_expedientes\\app\\Controllers\\Dossiers.php')
 4 SYSTEMPATH\Autoloader\Autoloader.php(285): CodeIgniter\Autoloader\Autoloader->includeFile('C:\\xampp\\htdocs\\apps\\gestion_expedientes\\app\\Controllers\\Dossiers.php')
 5 SYSTEMPATH\Autoloader\Autoloader.php(263): CodeIgniter\Autoloader\Autoloader->loadInNamespace('App\\Controllers\\Dossiers')
 6 [internal function]: CodeIgniter\Autoloader\Autoloader->loadClass('App\\Controllers\\Dossiers')
 7 SYSTEMPATH\CodeIgniter.php(877): class_exists('\\App\\Controllers\\Dossiers', true)
 8 SYSTEMPATH\CodeIgniter.php(481): CodeIgniter\CodeIgniter->startController()
 9 SYSTEMPATH\CodeIgniter.php(353): CodeIgniter\CodeIgniter->handleRequest(null, Object(Config\Cache), false)
10 FCPATH\index.php(79): CodeIgniter\CodeIgniter->run()
CRITICAL - 2026-03-04 14:20:04 --> require_once(C:\xampp\htdocs\apps\gestion_expedientes\app\ThirdParty/phpqrcode/qrlib.php): Failed to open stream: No such file or directory
in APPPATH\Controllers\Dossiers.php on line 13.
 1 APPPATH\Controllers\Dossiers.php(13): CodeIgniter\Debug\Exceptions->errorHandler(2, 'require_once(C:\\xampp\\htdocs\\apps\\gestion_expedientes\\app\\ThirdParty/phpqrcode/qrlib.php): Failed to open stream: No such file or directory', 'C:\\xampp\\htdocs\\apps\\gestion_expedientes\\app\\Controllers\\Dossiers.php', 13)
 2 APPPATH\Controllers\Dossiers.php(13): require_once()
 3 SYSTEMPATH\Autoloader\Autoloader.php(306): include_once('C:\\xampp\\htdocs\\apps\\gestion_expedientes\\app\\Controllers\\Dossiers.php')
 4 SYSTEMPATH\Autoloader\Autoloader.php(285): CodeIgniter\Autoloader\Autoloader->includeFile('C:\\xampp\\htdocs\\apps\\gestion_expedientes\\app\\Controllers\\Dossiers.php')
 5 SYSTEMPATH\Autoloader\Autoloader.php(263): CodeIgniter\Autoloader\Autoloader->loadInNamespace('App\\Controllers\\Dossiers')
 6 [internal function]: CodeIgniter\Autoloader\Autoloader->loadClass('App\\Controllers\\Dossiers')
 7 SYSTEMPATH\CodeIgniter.php(877): class_exists('\\App\\Controllers\\Dossiers', true)
 8 SYSTEMPATH\CodeIgniter.php(481): CodeIgniter\CodeIgniter->startController()
 9 SYSTEMPATH\CodeIgniter.php(353): CodeIgniter\CodeIgniter->handleRequest(null, Object(Config\Cache), false)
10 FCPATH\index.php(79): CodeIgniter\CodeIgniter->run()
CRITICAL - 2026-03-04 14:20:05 --> require_once(C:\xampp\htdocs\apps\gestion_expedientes\app\ThirdParty/phpqrcode/qrlib.php): Failed to open stream: No such file or directory
in APPPATH\Controllers\Dossiers.php on line 13.
 1 APPPATH\Controllers\Dossiers.php(13): CodeIgniter\Debug\Exceptions->errorHandler(2, 'require_once(C:\\xampp\\htdocs\\apps\\gestion_expedientes\\app\\ThirdParty/phpqrcode/qrlib.php): Failed to open stream: No such file or directory', 'C:\\xampp\\htdocs\\apps\\gestion_expedientes\\app\\Controllers\\Dossiers.php', 13)
 2 APPPATH\Controllers\Dossiers.php(13): require_once()
 3 SYSTEMPATH\Autoloader\Autoloader.php(306): include_once('C:\\xampp\\htdocs\\apps\\gestion_expedientes\\app\\Controllers\\Dossiers.php')
 4 SYSTEMPATH\Autoloader\Autoloader.php(285): CodeIgniter\Autoloader\Autoloader->includeFile('C:\\xampp\\htdocs\\apps\\gestion_expedientes\\app\\Controllers\\Dossiers.php')
 5 SYSTEMPATH\Autoloader\Autoloader.php(263): CodeIgniter\Autoloader\Autoloader->loadInNamespace('App\\Controllers\\Dossiers')
 6 [internal function]: CodeIgniter\Autoloader\Autoloader->loadClass('App\\Controllers\\Dossiers')
 7 SYSTEMPATH\CodeIgniter.php(877): class_exists('\\App\\Controllers\\Dossiers', true)
 8 SYSTEMPATH\CodeIgniter.php(481): CodeIgniter\CodeIgniter->startController()
 9 SYSTEMPATH\CodeIgniter.php(353): CodeIgniter\CodeIgniter->handleRequest(null, Object(Config\Cache), false)
10 FCPATH\index.php(79): CodeIgniter\CodeIgniter->run()
