CRITICAL - 2025-05-12 13:22:03 --> syntax error, unexpected token "*", expecting "function" or "const"
in APPPATH/Controllers/DataTransferController.php on line 205.
 1 SYSTEMPATH/Autoloader/Autoloader.php(285): CodeIgniter\Autoloader\Autoloader->includeFile()
 2 SYSTEMPATH/Autoloader/Autoloader.php(263): CodeIgniter\Autoloader\Autoloader->loadInNamespace()
 3 [internal function]: CodeIgniter\Autoloader\Autoloader->loadClass()
 4 SYSTEMPATH/CodeIgniter.php(877): class_exists()
 5 SYSTEMPATH/CodeIgniter.php(481): CodeIgniter\CodeIgniter->startController()
 6 SYSTEMPATH/CodeIgniter.php(353): CodeIgniter\CodeIgniter->handleRequest()
 7 FCPATH/index.php(79): CodeIgniter\CodeIgniter->run()
ERROR - 2025-05-12 14:42:53 --> mysqli_sql_exception: Table 'ademy-site.wp_db7_forms' doesn't exist in /home/polc18dxi70o/public_html/ademy-groups.com/gestor_denuncias/system/Database/MySQLi/Connection.php:306
Stack trace:
#0 /home/polc18dxi70o/public_html/ademy-groups.com/gestor_denuncias/system/Database/MySQLi/Connection.php(306): mysqli->query()
#1 /home/polc18dxi70o/public_html/ademy-groups.com/gestor_denuncias/system/Database/BaseConnection.php(692): CodeIgniter\Database\MySQLi\Connection->execute()
#2 /home/polc18dxi70o/public_html/ademy-groups.com/gestor_denuncias/system/Database/BaseConnection.php(606): CodeIgniter\Database\BaseConnection->simpleQuery()
#3 /home/polc18dxi70o/public_html/ademy-groups.com/gestor_denuncias/app/Controllers/DataTransferController.php(28): CodeIgniter\Database\BaseConnection->query()
#4 /home/polc18dxi70o/public_html/ademy-groups.com/gestor_denuncias/system/CodeIgniter.php(919): App\Controllers\DataTransferController->transferData()
#5 /home/polc18dxi70o/public_html/ademy-groups.com/gestor_denuncias/system/CodeIgniter.php(494): CodeIgniter\CodeIgniter->runController()
#6 /home/polc18dxi70o/public_html/ademy-groups.com/gestor_denuncias/system/CodeIgniter.php(353): CodeIgniter\CodeIgniter->handleRequest()
#7 /home/polc18dxi70o/public_html/ademy-groups.com/gestor_denuncias/index.php(79): CodeIgniter\CodeIgniter->run()
#8 {main}
CRITICAL - 2025-05-12 14:42:53 --> Table 'ademy-site.wp_db7_forms' doesn't exist
in SYSTEMPATH/Database/BaseConnection.php on line 646.
 1 APPPATH/Controllers/DataTransferController.php(28): CodeIgniter\Database\BaseConnection->query()
 2 SYSTEMPATH/CodeIgniter.php(919): App\Controllers\DataTransferController->transferData()
 3 SYSTEMPATH/CodeIgniter.php(494): CodeIgniter\CodeIgniter->runController()
 4 SYSTEMPATH/CodeIgniter.php(353): CodeIgniter\CodeIgniter->handleRequest()
 5 FCPATH/index.php(79): CodeIgniter\CodeIgniter->run()
