CRITICAL - 2025-03-24 10:08:32 --> Call to undefined method App\Models\EmailsModel::getDenunciaTypes
in SYSTEMPATH/Model.php on line 873.
 1 APPPATH/Controllers/Dashboard.php(14): CodeIgniter\Model->__call()
 2 SYSTEMPATH/CodeIgniter.php(919): App\Controllers\Dashboard->index()
 3 SYSTEMPATH/CodeIgniter.php(494): CodeIgniter\CodeIgniter->runController()
 4 SYSTEMPATH/CodeIgniter.php(353): CodeIgniter\CodeIgniter->handleRequest()
 5 FCPATH/index.php(79): CodeIgniter\CodeIgniter->run()
CRITICAL - 2025-03-24 10:32:27 --> Call to undefined method App\Models\EmailsModel::getInstitutions
in SYSTEMPATH/Model.php on line 873.
 1 APPPATH/Controllers/Dashboard.php(15): CodeIgniter\Model->__call()
 2 SYSTEMPATH/CodeIgniter.php(919): App\Controllers\Dashboard->index()
 3 SYSTEMPATH/CodeIgniter.php(494): CodeIgniter\CodeIgniter->runController()
 4 SYSTEMPATH/CodeIgniter.php(353): CodeIgniter\CodeIgniter->handleRequest()
 5 FCPATH/index.php(79): CodeIgniter\CodeIgniter->run()
CRITICAL - 2025-03-24 11:48:27 --> Call to undefined method App\Models\EmailsModel::getInstitutions
in SYSTEMPATH/Model.php on line 873.
 1 APPPATH/Controllers/Dashboard.php(15): CodeIgniter\Model->__call()
 2 SYSTEMPATH/CodeIgniter.php(919): App\Controllers\Dashboard->index()
 3 SYSTEMPATH/CodeIgniter.php(494): CodeIgniter\CodeIgniter->runController()
 4 SYSTEMPATH/CodeIgniter.php(353): CodeIgniter\CodeIgniter->handleRequest()
 5 FCPATH/index.php(79): CodeIgniter\CodeIgniter->run()
CRITICAL - 2025-03-24 11:49:00 --> Undefined variable $denunciaTypes
in APPPATH/Controllers/Dashboard.php on line 39.
 1 APPPATH/Controllers/Dashboard.php(39): CodeIgniter\Debug\Exceptions->errorHandler()
 2 SYSTEMPATH/CodeIgniter.php(919): App\Controllers\Dashboard->index()
 3 SYSTEMPATH/CodeIgniter.php(494): CodeIgniter\CodeIgniter->runController()
 4 SYSTEMPATH/CodeIgniter.php(353): CodeIgniter\CodeIgniter->handleRequest()
 5 FCPATH/index.php(79): CodeIgniter\CodeIgniter->run()
CRITICAL - 2025-03-24 11:51:19 --> Undefined variable $denunciaTypes
in APPPATH/Controllers/Dashboard.php on line 39.
 1 APPPATH/Controllers/Dashboard.php(39): CodeIgniter\Debug\Exceptions->errorHandler()
 2 SYSTEMPATH/CodeIgniter.php(919): App\Controllers\Dashboard->index()
 3 SYSTEMPATH/CodeIgniter.php(494): CodeIgniter\CodeIgniter->runController()
 4 SYSTEMPATH/CodeIgniter.php(353): CodeIgniter\CodeIgniter->handleRequest()
 5 FCPATH/index.php(79): CodeIgniter\CodeIgniter->run()
CRITICAL - 2025-03-24 11:52:26 --> Call to undefined method App\Models\EmailsModel::getDenunciaTypes
in SYSTEMPATH/Model.php on line 873.
 1 APPPATH/Controllers/Dashboard.php(14): CodeIgniter\Model->__call()
 2 SYSTEMPATH/CodeIgniter.php(919): App\Controllers\Dashboard->index()
 3 SYSTEMPATH/CodeIgniter.php(494): CodeIgniter\CodeIgniter->runController()
 4 SYSTEMPATH/CodeIgniter.php(353): CodeIgniter\CodeIgniter->handleRequest()
 5 FCPATH/index.php(79): CodeIgniter\CodeIgniter->run()
CRITICAL - 2025-03-24 11:57:39 --> syntax error, unexpected token "{", expecting "function" or "const"
in APPPATH/Controllers/DataTransferController.php on line 315.
 1 SYSTEMPATH/Autoloader/Autoloader.php(285): CodeIgniter\Autoloader\Autoloader->includeFile()
 2 SYSTEMPATH/Autoloader/Autoloader.php(263): CodeIgniter\Autoloader\Autoloader->loadInNamespace()
 3 [internal function]: CodeIgniter\Autoloader\Autoloader->loadClass()
 4 SYSTEMPATH/CodeIgniter.php(877): class_exists()
 5 SYSTEMPATH/CodeIgniter.php(481): CodeIgniter\CodeIgniter->startController()
 6 SYSTEMPATH/CodeIgniter.php(353): CodeIgniter\CodeIgniter->handleRequest()
 7 FCPATH/index.php(79): CodeIgniter\CodeIgniter->run()
CRITICAL - 2025-03-24 12:00:41 --> Call to undefined method App\Models\EmailsModel::getDenunciaTypes
in SYSTEMPATH/Model.php on line 873.
 1 APPPATH/Controllers/DataTransferController.php(322): CodeIgniter\Model->__call()
 2 SYSTEMPATH/CodeIgniter.php(919): App\Controllers\DataTransferController->statistics()
 3 SYSTEMPATH/CodeIgniter.php(494): CodeIgniter\CodeIgniter->runController()
 4 SYSTEMPATH/CodeIgniter.php(353): CodeIgniter\CodeIgniter->handleRequest()
 5 FCPATH/index.php(79): CodeIgniter\CodeIgniter->run()
CRITICAL - 2025-03-24 12:00:59 --> Call to undefined method App\Models\EmailsModel::getDenunciaTypes
in SYSTEMPATH/Model.php on line 873.
 1 APPPATH/Controllers/DataTransferController.php(322): CodeIgniter\Model->__call()
 2 SYSTEMPATH/CodeIgniter.php(919): App\Controllers\DataTransferController->statistics()
 3 SYSTEMPATH/CodeIgniter.php(494): CodeIgniter\CodeIgniter->runController()
 4 SYSTEMPATH/CodeIgniter.php(353): CodeIgniter\CodeIgniter->handleRequest()
 5 FCPATH/index.php(79): CodeIgniter\CodeIgniter->run()
