CRITICAL - 2025-06-13 10:27:29 --> Class "App\Models\TipoDenunciModel" not found
in APPPATH\Controllers\Home.php on line 60.
 1 SYSTEMPATH\CodeIgniter.php(919): App\Controllers\Home->report_page()
 2 SYSTEMPATH\CodeIgniter.php(494): CodeIgniter\CodeIgniter->runController(Object(App\Controllers\Home))
 3 SYSTEMPATH\CodeIgniter.php(353): CodeIgniter\CodeIgniter->handleRequest(null, Object(Config\Cache), false)
 4 FCPATH\index.php(79): CodeIgniter\CodeIgniter->run()
CRITICAL - 2025-06-13 10:28:03 --> Class "App\Models\TipoDenunciaModel" not found
in APPPATH\Controllers\Home.php on line 60.
 1 SYSTEMPATH\CodeIgniter.php(919): App\Controllers\Home->report_page()
 2 SYSTEMPATH\CodeIgniter.php(494): CodeIgniter\CodeIgniter->runController(Object(App\Controllers\Home))
 3 SYSTEMPATH\CodeIgniter.php(353): CodeIgniter\CodeIgniter->handleRequest(null, Object(Config\Cache), false)
 4 FCPATH\index.php(79): CodeIgniter\CodeIgniter->run()
CRITICAL - 2025-06-13 10:28:04 --> Class "App\Models\TipoDenunciaModel" not found
in APPPATH\Controllers\Home.php on line 60.
 1 SYSTEMPATH\CodeIgniter.php(919): App\Controllers\Home->report_page()
 2 SYSTEMPATH\CodeIgniter.php(494): CodeIgniter\CodeIgniter->runController(Object(App\Controllers\Home))
 3 SYSTEMPATH\CodeIgniter.php(353): CodeIgniter\CodeIgniter->handleRequest(null, Object(Config\Cache), false)
 4 FCPATH\index.php(79): CodeIgniter\CodeIgniter->run()
CRITICAL - 2025-06-13 10:28:07 --> Class "App\Models\TipoDenunciaModel" not found
in APPPATH\Controllers\Home.php on line 60.
 1 SYSTEMPATH\CodeIgniter.php(919): App\Controllers\Home->report_page()
 2 SYSTEMPATH\CodeIgniter.php(494): CodeIgniter\CodeIgniter->runController(Object(App\Controllers\Home))
 3 SYSTEMPATH\CodeIgniter.php(353): CodeIgniter\CodeIgniter->handleRequest(null, Object(Config\Cache), false)
 4 FCPATH\index.php(79): CodeIgniter\CodeIgniter->run()
CRITICAL - 2025-06-13 14:14:47 --> "" is not a valid rule.
in SYSTEMPATH\Validation\Validation.php on line 317.
 1 SYSTEMPATH\Validation\Validation.php(317): CodeIgniter\Validation\Exceptions\ValidationException::forRuleNotFound('')
 2 SYSTEMPATH\Validation\Validation.php(195): CodeIgniter\Validation\Validation->processRules('name', 'name', 'hffhh', [...], [...])
 3 SYSTEMPATH\Controller.php(150): CodeIgniter\Validation\Validation->run()
 4 APPPATH\Controllers\Home.php(104): CodeIgniter\Controller->validate([...])
 5 SYSTEMPATH\CodeIgniter.php(919): App\Controllers\Home->saveDenuncia()
 6 SYSTEMPATH\CodeIgniter.php(494): CodeIgniter\CodeIgniter->runController(Object(App\Controllers\Home))
 7 SYSTEMPATH\CodeIgniter.php(353): CodeIgniter\CodeIgniter->handleRequest(null, Object(Config\Cache), false)
 8 FCPATH\index.php(79): CodeIgniter\CodeIgniter->run()
ERROR - 2025-06-13 14:21:39 --> mysqli_sql_exception: Unknown column 'name' in 'field list' in C:\xampp\htdocs\apps\gestor-denuncias-beta\system\Database\MySQLi\Connection.php:306
Stack trace:
#0 C:\xampp\htdocs\apps\gestor-denuncias-beta\system\Database\MySQLi\Connection.php(306): mysqli->query('INSERT INTO `de...', 0)
#1 C:\xampp\htdocs\apps\gestor-denuncias-beta\system\Database\BaseConnection.php(692): CodeIgniter\Database\MySQLi\Connection->execute('INSERT INTO `de...')
#2 C:\xampp\htdocs\apps\gestor-denuncias-beta\system\Database\BaseConnection.php(606): CodeIgniter\Database\BaseConnection->simpleQuery('INSERT INTO `de...')
#3 C:\xampp\htdocs\apps\gestor-denuncias-beta\system\Database\BaseBuilder.php(2308): CodeIgniter\Database\BaseConnection->query('INSERT INTO `de...', Array, false)
#4 C:\xampp\htdocs\apps\gestor-denuncias-beta\system\Model.php(319): CodeIgniter\Database\BaseBuilder->insert()
#5 C:\xampp\htdocs\apps\gestor-denuncias-beta\system\BaseModel.php(788): CodeIgniter\Model->doInsert(Array)
#6 C:\xampp\htdocs\apps\gestor-denuncias-beta\system\Model.php(715): CodeIgniter\BaseModel->insert(Array, true)
#7 C:\xampp\htdocs\apps\gestor-denuncias-beta\app\Controllers\Home.php(159): CodeIgniter\Model->insert(Array)
#8 C:\xampp\htdocs\apps\gestor-denuncias-beta\system\CodeIgniter.php(919): App\Controllers\Home->saveDenuncia()
#9 C:\xampp\htdocs\apps\gestor-denuncias-beta\system\CodeIgniter.php(494): CodeIgniter\CodeIgniter->runController(Object(App\Controllers\Home))
#10 C:\xampp\htdocs\apps\gestor-denuncias-beta\system\CodeIgniter.php(353): CodeIgniter\CodeIgniter->handleRequest(NULL, Object(Config\Cache), false)
#11 C:\xampp\htdocs\apps\gestor-denuncias-beta\index.php(79): CodeIgniter\CodeIgniter->run()
#12 {main}
CRITICAL - 2025-06-13 14:21:39 --> Unknown column 'name' in 'field list'
in SYSTEMPATH\Database\BaseConnection.php on line 646.
 1 SYSTEMPATH\Database\BaseBuilder.php(2308): CodeIgniter\Database\BaseConnection->query('INSERT INTO `denuncias` (`name`, `tipo_documento`, `numero_documento`, `tipo_contacto`, `contacto`, `entity_type_id`, `entity_id`, `otro_nombre`, `titulo_denuncia`, `tipo_denuncia_id`, `descripcion_denuncia`, `archivo_path`, `created_at`, `updated_at`) VALUES (:name:, :tipo_documento:, :numero_documento:, :tipo_contacto:, :contacto:, :entity_type_id:, :entity_id:, :otro_nombre:, :titulo_denuncia:, :tipo_denuncia_id:, :descripcion_denuncia:, :archivo_path:, :created_at:, :updated_at:)', [...], false)
 2 SYSTEMPATH\Model.php(319): CodeIgniter\Database\BaseBuilder->insert()
 3 SYSTEMPATH\BaseModel.php(788): CodeIgniter\Model->doInsert([...])
 4 SYSTEMPATH\Model.php(715): CodeIgniter\BaseModel->insert([...], true)
 5 APPPATH\Controllers\Home.php(159): CodeIgniter\Model->insert([...])
 6 SYSTEMPATH\CodeIgniter.php(919): App\Controllers\Home->saveDenuncia()
 7 SYSTEMPATH\CodeIgniter.php(494): CodeIgniter\CodeIgniter->runController(Object(App\Controllers\Home))
 8 SYSTEMPATH\CodeIgniter.php(353): CodeIgniter\CodeIgniter->handleRequest(null, Object(Config\Cache), false)
 9 FCPATH\index.php(79): CodeIgniter\CodeIgniter->run()
CRITICAL - 2025-06-13 14:40:08 --> Undefined variable $entity_types
in APPPATH\Views\app\footer-portal.php on line 111.
 1 APPPATH\Views\app\footer-portal.php(111): CodeIgniter\Debug\Exceptions->errorHandler(2, 'Undefined variable $entity_types', 'C:\\xampp\\htdocs\\apps\\gestor-denuncias-beta\\app\\Views\\app\\footer-portal.php', 111)
 2 SYSTEMPATH\View\View.php(226): include('C:\\xampp\\htdocs\\apps\\gestor-denuncias-beta\\app\\Views\\app\\footer-portal.php')
 3 SYSTEMPATH\View\View.php(229): CodeIgniter\View\View->CodeIgniter\View\{closure}()
 4 SYSTEMPATH\View\View.php(467): CodeIgniter\View\View->render('app/footer-portal', null, true)
 5 APPPATH\Views\portal\index.php(189): CodeIgniter\View\View->include('app/footer-portal')
 6 SYSTEMPATH\View\View.php(226): include('C:\\xampp\\htdocs\\apps\\gestor-denuncias-beta\\app\\Views\\portal\\index.php')
 7 SYSTEMPATH\View\View.php(229): CodeIgniter\View\View->CodeIgniter\View\{closure}()
 8 SYSTEMPATH\Common.php(1188): CodeIgniter\View\View->render('portal/index', [], true)
 9 APPPATH\Controllers\Home.php(43): view('portal/index', [...])
10 SYSTEMPATH\CodeIgniter.php(919): App\Controllers\Home->portal()
11 SYSTEMPATH\CodeIgniter.php(494): CodeIgniter\CodeIgniter->runController(Object(App\Controllers\Home))
12 SYSTEMPATH\CodeIgniter.php(353): CodeIgniter\CodeIgniter->handleRequest(null, Object(Config\Cache), false)
13 FCPATH\index.php(79): CodeIgniter\CodeIgniter->run()
CRITICAL - 2025-06-13 14:40:14 --> Undefined variable $entity_types
in APPPATH\Views\app\footer-portal.php on line 111.
 1 APPPATH\Views\app\footer-portal.php(111): CodeIgniter\Debug\Exceptions->errorHandler(2, 'Undefined variable $entity_types', 'C:\\xampp\\htdocs\\apps\\gestor-denuncias-beta\\app\\Views\\app\\footer-portal.php', 111)
 2 SYSTEMPATH\View\View.php(226): include('C:\\xampp\\htdocs\\apps\\gestor-denuncias-beta\\app\\Views\\app\\footer-portal.php')
 3 SYSTEMPATH\View\View.php(229): CodeIgniter\View\View->CodeIgniter\View\{closure}()
 4 SYSTEMPATH\View\View.php(467): CodeIgniter\View\View->render('app/footer-portal', null, true)
 5 APPPATH\Views\portal\index.php(189): CodeIgniter\View\View->include('app/footer-portal')
 6 SYSTEMPATH\View\View.php(226): include('C:\\xampp\\htdocs\\apps\\gestor-denuncias-beta\\app\\Views\\portal\\index.php')
 7 SYSTEMPATH\View\View.php(229): CodeIgniter\View\View->CodeIgniter\View\{closure}()
 8 SYSTEMPATH\Common.php(1188): CodeIgniter\View\View->render('portal/index', [], true)
 9 APPPATH\Controllers\Home.php(43): view('portal/index', [...])
10 SYSTEMPATH\CodeIgniter.php(919): App\Controllers\Home->portal()
11 SYSTEMPATH\CodeIgniter.php(494): CodeIgniter\CodeIgniter->runController(Object(App\Controllers\Home))
12 SYSTEMPATH\CodeIgniter.php(353): CodeIgniter\CodeIgniter->handleRequest(null, Object(Config\Cache), false)
13 FCPATH\index.php(79): CodeIgniter\CodeIgniter->run()
CRITICAL - 2025-06-13 14:40:46 --> Undefined variable $entity_types
in APPPATH\Views\app\footer-portal.php on line 111.
 1 APPPATH\Views\app\footer-portal.php(111): CodeIgniter\Debug\Exceptions->errorHandler(2, 'Undefined variable $entity_types', 'C:\\xampp\\htdocs\\apps\\gestor-denuncias-beta\\app\\Views\\app\\footer-portal.php', 111)
 2 SYSTEMPATH\View\View.php(226): include('C:\\xampp\\htdocs\\apps\\gestor-denuncias-beta\\app\\Views\\app\\footer-portal.php')
 3 SYSTEMPATH\View\View.php(229): CodeIgniter\View\View->CodeIgniter\View\{closure}()
 4 SYSTEMPATH\View\View.php(467): CodeIgniter\View\View->render('app/footer-portal', null, true)
 5 APPPATH\Views\portal\index.php(189): CodeIgniter\View\View->include('app/footer-portal')
 6 SYSTEMPATH\View\View.php(226): include('C:\\xampp\\htdocs\\apps\\gestor-denuncias-beta\\app\\Views\\portal\\index.php')
 7 SYSTEMPATH\View\View.php(229): CodeIgniter\View\View->CodeIgniter\View\{closure}()
 8 SYSTEMPATH\Common.php(1188): CodeIgniter\View\View->render('portal/index', [], true)
 9 APPPATH\Controllers\Home.php(43): view('portal/index', [...])
10 SYSTEMPATH\CodeIgniter.php(919): App\Controllers\Home->portal()
11 SYSTEMPATH\CodeIgniter.php(494): CodeIgniter\CodeIgniter->runController(Object(App\Controllers\Home))
12 SYSTEMPATH\CodeIgniter.php(353): CodeIgniter\CodeIgniter->handleRequest(null, Object(Config\Cache), false)
13 FCPATH\index.php(79): CodeIgniter\CodeIgniter->run()
CRITICAL - 2025-06-13 14:41:09 --> Undefined variable $entity_types
in APPPATH\Views\app\footer-portal.php on line 111.
 1 APPPATH\Views\app\footer-portal.php(111): CodeIgniter\Debug\Exceptions->errorHandler(2, 'Undefined variable $entity_types', 'C:\\xampp\\htdocs\\apps\\gestor-denuncias-beta\\app\\Views\\app\\footer-portal.php', 111)
 2 SYSTEMPATH\View\View.php(226): include('C:\\xampp\\htdocs\\apps\\gestor-denuncias-beta\\app\\Views\\app\\footer-portal.php')
 3 SYSTEMPATH\View\View.php(229): CodeIgniter\View\View->CodeIgniter\View\{closure}()
 4 SYSTEMPATH\View\View.php(467): CodeIgniter\View\View->render('app/footer-portal', null, true)
 5 APPPATH\Views\portal\index.php(189): CodeIgniter\View\View->include('app/footer-portal')
 6 SYSTEMPATH\View\View.php(226): include('C:\\xampp\\htdocs\\apps\\gestor-denuncias-beta\\app\\Views\\portal\\index.php')
 7 SYSTEMPATH\View\View.php(229): CodeIgniter\View\View->CodeIgniter\View\{closure}()
 8 SYSTEMPATH\Common.php(1188): CodeIgniter\View\View->render('portal/index', [], true)
 9 APPPATH\Controllers\Home.php(43): view('portal/index', [...])
10 SYSTEMPATH\CodeIgniter.php(919): App\Controllers\Home->portal()
11 SYSTEMPATH\CodeIgniter.php(494): CodeIgniter\CodeIgniter->runController(Object(App\Controllers\Home))
12 SYSTEMPATH\CodeIgniter.php(353): CodeIgniter\CodeIgniter->handleRequest(null, Object(Config\Cache), false)
13 FCPATH\index.php(79): CodeIgniter\CodeIgniter->run()
CRITICAL - 2025-06-13 14:43:16 --> Undefined variable $entity_types
in APPPATH\Views\app\footer-portal.php on line 120.
 1 APPPATH\Views\app\footer-portal.php(120): CodeIgniter\Debug\Exceptions->errorHandler(2, 'Undefined variable $entity_types', 'C:\\xampp\\htdocs\\apps\\gestor-denuncias-beta\\app\\Views\\app\\footer-portal.php', 120)
 2 SYSTEMPATH\View\View.php(226): include('C:\\xampp\\htdocs\\apps\\gestor-denuncias-beta\\app\\Views\\app\\footer-portal.php')
 3 SYSTEMPATH\View\View.php(229): CodeIgniter\View\View->CodeIgniter\View\{closure}()
 4 SYSTEMPATH\View\View.php(467): CodeIgniter\View\View->render('app/footer-portal', null, true)
 5 APPPATH\Views\portal\index.php(189): CodeIgniter\View\View->include('app/footer-portal')
 6 SYSTEMPATH\View\View.php(226): include('C:\\xampp\\htdocs\\apps\\gestor-denuncias-beta\\app\\Views\\portal\\index.php')
 7 SYSTEMPATH\View\View.php(229): CodeIgniter\View\View->CodeIgniter\View\{closure}()
 8 SYSTEMPATH\Common.php(1188): CodeIgniter\View\View->render('portal/index', [], true)
 9 APPPATH\Controllers\Home.php(43): view('portal/index', [...])
10 SYSTEMPATH\CodeIgniter.php(919): App\Controllers\Home->portal()
11 SYSTEMPATH\CodeIgniter.php(494): CodeIgniter\CodeIgniter->runController(Object(App\Controllers\Home))
12 SYSTEMPATH\CodeIgniter.php(353): CodeIgniter\CodeIgniter->handleRequest(null, Object(Config\Cache), false)
13 FCPATH\index.php(79): CodeIgniter\CodeIgniter->run()
CRITICAL - 2025-06-13 14:44:27 --> Undefined variable $entity_types
in APPPATH\Views\app\footer-portal.php on line 120.
 1 APPPATH\Views\app\footer-portal.php(120): CodeIgniter\Debug\Exceptions->errorHandler(2, 'Undefined variable $entity_types', 'C:\\xampp\\htdocs\\apps\\gestor-denuncias-beta\\app\\Views\\app\\footer-portal.php', 120)
 2 SYSTEMPATH\View\View.php(226): include('C:\\xampp\\htdocs\\apps\\gestor-denuncias-beta\\app\\Views\\app\\footer-portal.php')
 3 SYSTEMPATH\View\View.php(229): CodeIgniter\View\View->CodeIgniter\View\{closure}()
 4 SYSTEMPATH\View\View.php(467): CodeIgniter\View\View->render('app/footer-portal', null, true)
 5 APPPATH\Views\portal\index.php(189): CodeIgniter\View\View->include('app/footer-portal')
 6 SYSTEMPATH\View\View.php(226): include('C:\\xampp\\htdocs\\apps\\gestor-denuncias-beta\\app\\Views\\portal\\index.php')
 7 SYSTEMPATH\View\View.php(229): CodeIgniter\View\View->CodeIgniter\View\{closure}()
 8 SYSTEMPATH\Common.php(1188): CodeIgniter\View\View->render('portal/index', [], true)
 9 APPPATH\Controllers\Home.php(43): view('portal/index', [...])
10 SYSTEMPATH\CodeIgniter.php(919): App\Controllers\Home->portal()
11 SYSTEMPATH\CodeIgniter.php(494): CodeIgniter\CodeIgniter->runController(Object(App\Controllers\Home))
12 SYSTEMPATH\CodeIgniter.php(353): CodeIgniter\CodeIgniter->handleRequest(null, Object(Config\Cache), false)
13 FCPATH\index.php(79): CodeIgniter\CodeIgniter->run()
ERROR - 2025-06-13 14:50:10 --> mysqli_sql_exception: Unknown column 'name' in 'field list' in C:\xampp\htdocs\apps\gestor-denuncias-beta\system\Database\MySQLi\Connection.php:306
Stack trace:
#0 C:\xampp\htdocs\apps\gestor-denuncias-beta\system\Database\MySQLi\Connection.php(306): mysqli->query('INSERT INTO `de...', 0)
#1 C:\xampp\htdocs\apps\gestor-denuncias-beta\system\Database\BaseConnection.php(692): CodeIgniter\Database\MySQLi\Connection->execute('INSERT INTO `de...')
#2 C:\xampp\htdocs\apps\gestor-denuncias-beta\system\Database\BaseConnection.php(606): CodeIgniter\Database\BaseConnection->simpleQuery('INSERT INTO `de...')
#3 C:\xampp\htdocs\apps\gestor-denuncias-beta\system\Database\BaseBuilder.php(2308): CodeIgniter\Database\BaseConnection->query('INSERT INTO `de...', Array, false)
#4 C:\xampp\htdocs\apps\gestor-denuncias-beta\system\Model.php(319): CodeIgniter\Database\BaseBuilder->insert()
#5 C:\xampp\htdocs\apps\gestor-denuncias-beta\system\BaseModel.php(788): CodeIgniter\Model->doInsert(Array)
#6 C:\xampp\htdocs\apps\gestor-denuncias-beta\system\Model.php(715): CodeIgniter\BaseModel->insert(Array, true)
#7 C:\xampp\htdocs\apps\gestor-denuncias-beta\app\Controllers\Home.php(143): CodeIgniter\Model->insert(Array)
#8 C:\xampp\htdocs\apps\gestor-denuncias-beta\system\CodeIgniter.php(919): App\Controllers\Home->saveDenuncia()
#9 C:\xampp\htdocs\apps\gestor-denuncias-beta\system\CodeIgniter.php(494): CodeIgniter\CodeIgniter->runController(Object(App\Controllers\Home))
#10 C:\xampp\htdocs\apps\gestor-denuncias-beta\system\CodeIgniter.php(353): CodeIgniter\CodeIgniter->handleRequest(NULL, Object(Config\Cache), false)
#11 C:\xampp\htdocs\apps\gestor-denuncias-beta\index.php(79): CodeIgniter\CodeIgniter->run()
#12 {main}
CRITICAL - 2025-06-13 14:50:10 --> Unknown column 'name' in 'field list'
in SYSTEMPATH\Database\BaseConnection.php on line 646.
 1 SYSTEMPATH\Database\BaseBuilder.php(2308): CodeIgniter\Database\BaseConnection->query('INSERT INTO `denuncias` (`name`, `tipo_documento`, `numero_documento`, `tipo_contacto`, `contacto`, `entity_type_id`, `entity_id`, `otro_nombre`, `titulo_denuncia`, `tipo_denuncia_id`, `descripcion_denuncia`, `archivo_path`, `created_at`, `updated_at`) VALUES (:name:, :tipo_documento:, :numero_documento:, :tipo_contacto:, :contacto:, :entity_type_id:, :entity_id:, :otro_nombre:, :titulo_denuncia:, :tipo_denuncia_id:, :descripcion_denuncia:, :archivo_path:, :created_at:, :updated_at:)', [...], false)
 2 SYSTEMPATH\Model.php(319): CodeIgniter\Database\BaseBuilder->insert()
 3 SYSTEMPATH\BaseModel.php(788): CodeIgniter\Model->doInsert([...])
 4 SYSTEMPATH\Model.php(715): CodeIgniter\BaseModel->insert([...], true)
 5 APPPATH\Controllers\Home.php(143): CodeIgniter\Model->insert([...])
 6 SYSTEMPATH\CodeIgniter.php(919): App\Controllers\Home->saveDenuncia()
 7 SYSTEMPATH\CodeIgniter.php(494): CodeIgniter\CodeIgniter->runController(Object(App\Controllers\Home))
 8 SYSTEMPATH\CodeIgniter.php(353): CodeIgniter\CodeIgniter->handleRequest(null, Object(Config\Cache), false)
 9 FCPATH\index.php(79): CodeIgniter\CodeIgniter->run()
CRITICAL - 2025-06-13 14:56:04 --> syntax error, unexpected token ";"
in APPPATH\Controllers\Home.php on line 87.
 1 SYSTEMPATH\Autoloader\Autoloader.php(285): CodeIgniter\Autoloader\Autoloader->includeFile('C:\\xampp\\htdocs\\apps\\gestor-denuncias-beta\\app\\Controllers\\Home.php')
 2 SYSTEMPATH\Autoloader\Autoloader.php(263): CodeIgniter\Autoloader\Autoloader->loadInNamespace('App\\Controllers\\Home')
 3 [internal function]: CodeIgniter\Autoloader\Autoloader->loadClass('App\\Controllers\\Home')
 4 SYSTEMPATH\CodeIgniter.php(877): class_exists('\\App\\Controllers\\Home', true)
 5 SYSTEMPATH\CodeIgniter.php(481): CodeIgniter\CodeIgniter->startController()
 6 SYSTEMPATH\CodeIgniter.php(353): CodeIgniter\CodeIgniter->handleRequest(null, Object(Config\Cache), false)
 7 FCPATH\index.php(79): CodeIgniter\CodeIgniter->run()
CRITICAL - 2025-06-13 14:56:44 --> Undefined variable $otrosId
in APPPATH\Controllers\Home.php on line 125.
 1 APPPATH\Controllers\Home.php(125): CodeIgniter\Debug\Exceptions->errorHandler(2, 'Undefined variable $otrosId', 'C:\\xampp\\htdocs\\apps\\gestor-denuncias-beta\\app\\Controllers\\Home.php', 125)
 2 SYSTEMPATH\CodeIgniter.php(919): App\Controllers\Home->saveDenuncia()
 3 SYSTEMPATH\CodeIgniter.php(494): CodeIgniter\CodeIgniter->runController(Object(App\Controllers\Home))
 4 SYSTEMPATH\CodeIgniter.php(353): CodeIgniter\CodeIgniter->handleRequest(null, Object(Config\Cache), false)
 5 FCPATH\index.php(79): CodeIgniter\CodeIgniter->run()
ERROR - 2025-06-13 14:59:40 --> mysqli_sql_exception: Unknown column 'name' in 'field list' in C:\xampp\htdocs\apps\gestor-denuncias-beta\system\Database\MySQLi\Connection.php:306
Stack trace:
#0 C:\xampp\htdocs\apps\gestor-denuncias-beta\system\Database\MySQLi\Connection.php(306): mysqli->query('INSERT INTO `de...', 0)
#1 C:\xampp\htdocs\apps\gestor-denuncias-beta\system\Database\BaseConnection.php(692): CodeIgniter\Database\MySQLi\Connection->execute('INSERT INTO `de...')
#2 C:\xampp\htdocs\apps\gestor-denuncias-beta\system\Database\BaseConnection.php(606): CodeIgniter\Database\BaseConnection->simpleQuery('INSERT INTO `de...')
#3 C:\xampp\htdocs\apps\gestor-denuncias-beta\system\Database\BaseBuilder.php(2308): CodeIgniter\Database\BaseConnection->query('INSERT INTO `de...', Array, false)
#4 C:\xampp\htdocs\apps\gestor-denuncias-beta\system\Model.php(319): CodeIgniter\Database\BaseBuilder->insert()
#5 C:\xampp\htdocs\apps\gestor-denuncias-beta\system\BaseModel.php(788): CodeIgniter\Model->doInsert(Array)
#6 C:\xampp\htdocs\apps\gestor-denuncias-beta\system\Model.php(715): CodeIgniter\BaseModel->insert(Array, true)
#7 C:\xampp\htdocs\apps\gestor-denuncias-beta\app\Controllers\Home.php(139): CodeIgniter\Model->insert(Array)
#8 C:\xampp\htdocs\apps\gestor-denuncias-beta\system\CodeIgniter.php(919): App\Controllers\Home->saveDenuncia()
#9 C:\xampp\htdocs\apps\gestor-denuncias-beta\system\CodeIgniter.php(494): CodeIgniter\CodeIgniter->runController(Object(App\Controllers\Home))
#10 C:\xampp\htdocs\apps\gestor-denuncias-beta\system\CodeIgniter.php(353): CodeIgniter\CodeIgniter->handleRequest(NULL, Object(Config\Cache), false)
#11 C:\xampp\htdocs\apps\gestor-denuncias-beta\index.php(79): CodeIgniter\CodeIgniter->run()
#12 {main}
CRITICAL - 2025-06-13 14:59:40 --> Unknown column 'name' in 'field list'
in SYSTEMPATH\Database\BaseConnection.php on line 646.
 1 SYSTEMPATH\Database\BaseBuilder.php(2308): CodeIgniter\Database\BaseConnection->query('INSERT INTO `denuncias` (`name`, `surname`, `tipo_documento`, `numero_documento`, `tipo_contacto`, `contacto`, `entity_type_id`, `entity_id`, `otro_nombre`, `titulo_denuncia`, `tipo_denuncia_id`, `descripcion_denuncia`, `archivo_path`, `created_at`, `updated_at`) VALUES (:name:, :surname:, :tipo_documento:, :numero_documento:, :tipo_contacto:, :contacto:, :entity_type_id:, :entity_id:, :otro_nombre:, :titulo_denuncia:, :tipo_denuncia_id:, :descripcion_denuncia:, :archivo_path:, :created_at:, :updated_at:)', [...], false)
 2 SYSTEMPATH\Model.php(319): CodeIgniter\Database\BaseBuilder->insert()
 3 SYSTEMPATH\BaseModel.php(788): CodeIgniter\Model->doInsert([...])
 4 SYSTEMPATH\Model.php(715): CodeIgniter\BaseModel->insert([...], true)
 5 APPPATH\Controllers\Home.php(139): CodeIgniter\Model->insert([...])
 6 SYSTEMPATH\CodeIgniter.php(919): App\Controllers\Home->saveDenuncia()
 7 SYSTEMPATH\CodeIgniter.php(494): CodeIgniter\CodeIgniter->runController(Object(App\Controllers\Home))
 8 SYSTEMPATH\CodeIgniter.php(353): CodeIgniter\CodeIgniter->handleRequest(null, Object(Config\Cache), false)
 9 FCPATH\index.php(79): CodeIgniter\CodeIgniter->run()
ERROR - 2025-06-13 15:03:44 --> mysqli_sql_exception: Unknown column 'name' in 'field list' in C:\xampp\htdocs\apps\gestor-denuncias-beta\system\Database\MySQLi\Connection.php:306
Stack trace:
#0 C:\xampp\htdocs\apps\gestor-denuncias-beta\system\Database\MySQLi\Connection.php(306): mysqli->query('INSERT INTO `de...', 0)
#1 C:\xampp\htdocs\apps\gestor-denuncias-beta\system\Database\BaseConnection.php(692): CodeIgniter\Database\MySQLi\Connection->execute('INSERT INTO `de...')
#2 C:\xampp\htdocs\apps\gestor-denuncias-beta\system\Database\BaseConnection.php(606): CodeIgniter\Database\BaseConnection->simpleQuery('INSERT INTO `de...')
#3 C:\xampp\htdocs\apps\gestor-denuncias-beta\system\Database\BaseBuilder.php(2308): CodeIgniter\Database\BaseConnection->query('INSERT INTO `de...', Array, false)
#4 C:\xampp\htdocs\apps\gestor-denuncias-beta\system\Model.php(319): CodeIgniter\Database\BaseBuilder->insert()
#5 C:\xampp\htdocs\apps\gestor-denuncias-beta\system\BaseModel.php(788): CodeIgniter\Model->doInsert(Array)
#6 C:\xampp\htdocs\apps\gestor-denuncias-beta\system\Model.php(715): CodeIgniter\BaseModel->insert(Array, true)
#7 C:\xampp\htdocs\apps\gestor-denuncias-beta\app\Controllers\Home.php(139): CodeIgniter\Model->insert(Array)
#8 C:\xampp\htdocs\apps\gestor-denuncias-beta\system\CodeIgniter.php(919): App\Controllers\Home->saveDenuncia()
#9 C:\xampp\htdocs\apps\gestor-denuncias-beta\system\CodeIgniter.php(494): CodeIgniter\CodeIgniter->runController(Object(App\Controllers\Home))
#10 C:\xampp\htdocs\apps\gestor-denuncias-beta\system\CodeIgniter.php(353): CodeIgniter\CodeIgniter->handleRequest(NULL, Object(Config\Cache), false)
#11 C:\xampp\htdocs\apps\gestor-denuncias-beta\index.php(79): CodeIgniter\CodeIgniter->run()
#12 {main}
CRITICAL - 2025-06-13 15:03:44 --> Unknown column 'name' in 'field list'
in SYSTEMPATH\Database\BaseConnection.php on line 646.
 1 SYSTEMPATH\Database\BaseBuilder.php(2308): CodeIgniter\Database\BaseConnection->query('INSERT INTO `denuncias` (`name`, `surname`, `tipo_documento`, `numero_documento`, `tipo_contacto`, `contacto`, `entity_type_id`, `entity_id`, `otro_nombre`, `titulo_denuncia`, `tipo_denuncia_id`, `descripcion_denuncia`, `archivo_path`, `created_at`, `updated_at`) VALUES (:name:, :surname:, :tipo_documento:, :numero_documento:, :tipo_contacto:, :contacto:, :entity_type_id:, :entity_id:, :otro_nombre:, :titulo_denuncia:, :tipo_denuncia_id:, :descripcion_denuncia:, :archivo_path:, :created_at:, :updated_at:)', [...], false)
 2 SYSTEMPATH\Model.php(319): CodeIgniter\Database\BaseBuilder->insert()
 3 SYSTEMPATH\BaseModel.php(788): CodeIgniter\Model->doInsert([...])
 4 SYSTEMPATH\Model.php(715): CodeIgniter\BaseModel->insert([...], true)
 5 APPPATH\Controllers\Home.php(139): CodeIgniter\Model->insert([...])
 6 SYSTEMPATH\CodeIgniter.php(919): App\Controllers\Home->saveDenuncia()
 7 SYSTEMPATH\CodeIgniter.php(494): CodeIgniter\CodeIgniter->runController(Object(App\Controllers\Home))
 8 SYSTEMPATH\CodeIgniter.php(353): CodeIgniter\CodeIgniter->handleRequest(null, Object(Config\Cache), false)
 9 FCPATH\index.php(79): CodeIgniter\CodeIgniter->run()
ERROR - 2025-06-13 15:08:28 --> mysqli_sql_exception: Unknown column 'name' in 'field list' in C:\xampp\htdocs\apps\gestor-denuncias-beta\system\Database\MySQLi\Connection.php:306
Stack trace:
#0 C:\xampp\htdocs\apps\gestor-denuncias-beta\system\Database\MySQLi\Connection.php(306): mysqli->query('INSERT INTO `de...', 0)
#1 C:\xampp\htdocs\apps\gestor-denuncias-beta\system\Database\BaseConnection.php(692): CodeIgniter\Database\MySQLi\Connection->execute('INSERT INTO `de...')
#2 C:\xampp\htdocs\apps\gestor-denuncias-beta\system\Database\BaseConnection.php(606): CodeIgniter\Database\BaseConnection->simpleQuery('INSERT INTO `de...')
#3 C:\xampp\htdocs\apps\gestor-denuncias-beta\system\Database\BaseBuilder.php(2308): CodeIgniter\Database\BaseConnection->query('INSERT INTO `de...', Array, false)
#4 C:\xampp\htdocs\apps\gestor-denuncias-beta\system\Model.php(319): CodeIgniter\Database\BaseBuilder->insert()
#5 C:\xampp\htdocs\apps\gestor-denuncias-beta\system\BaseModel.php(788): CodeIgniter\Model->doInsert(Array)
#6 C:\xampp\htdocs\apps\gestor-denuncias-beta\system\Model.php(715): CodeIgniter\BaseModel->insert(Array, true)
#7 C:\xampp\htdocs\apps\gestor-denuncias-beta\app\Controllers\Home.php(139): CodeIgniter\Model->insert(Array)
#8 C:\xampp\htdocs\apps\gestor-denuncias-beta\system\CodeIgniter.php(919): App\Controllers\Home->saveDenuncia()
#9 C:\xampp\htdocs\apps\gestor-denuncias-beta\system\CodeIgniter.php(494): CodeIgniter\CodeIgniter->runController(Object(App\Controllers\Home))
#10 C:\xampp\htdocs\apps\gestor-denuncias-beta\system\CodeIgniter.php(353): CodeIgniter\CodeIgniter->handleRequest(NULL, Object(Config\Cache), false)
#11 C:\xampp\htdocs\apps\gestor-denuncias-beta\index.php(79): CodeIgniter\CodeIgniter->run()
#12 {main}
CRITICAL - 2025-06-13 15:08:28 --> Unknown column 'name' in 'field list'
in SYSTEMPATH\Database\BaseConnection.php on line 646.
 1 SYSTEMPATH\Database\BaseBuilder.php(2308): CodeIgniter\Database\BaseConnection->query('INSERT INTO `denuncias` (`name`, `surname`, `tipo_documento`, `numero_documento`, `tipo_contacto`, `contacto`, `entity_type_id`, `entity_id`, `otro_nombre`, `titulo_denuncia`, `tipo_denuncia_id`, `descripcion_denuncia`, `archivo_path`, `created_at`, `updated_at`) VALUES (:name:, :surname:, :tipo_documento:, :numero_documento:, :tipo_contacto:, :contacto:, :entity_type_id:, :entity_id:, :otro_nombre:, :titulo_denuncia:, :tipo_denuncia_id:, :descripcion_denuncia:, :archivo_path:, :created_at:, :updated_at:)', [...], false)
 2 SYSTEMPATH\Model.php(319): CodeIgniter\Database\BaseBuilder->insert()
 3 SYSTEMPATH\BaseModel.php(788): CodeIgniter\Model->doInsert([...])
 4 SYSTEMPATH\Model.php(715): CodeIgniter\BaseModel->insert([...], true)
 5 APPPATH\Controllers\Home.php(139): CodeIgniter\Model->insert([...])
 6 SYSTEMPATH\CodeIgniter.php(919): App\Controllers\Home->saveDenuncia()
 7 SYSTEMPATH\CodeIgniter.php(494): CodeIgniter\CodeIgniter->runController(Object(App\Controllers\Home))
 8 SYSTEMPATH\CodeIgniter.php(353): CodeIgniter\CodeIgniter->handleRequest(null, Object(Config\Cache), false)
 9 FCPATH\index.php(79): CodeIgniter\CodeIgniter->run()
ERROR - 2025-06-13 15:09:26 --> mysqli_sql_exception: Unknown column 'surname' in 'field list' in C:\xampp\htdocs\apps\gestor-denuncias-beta\system\Database\MySQLi\Connection.php:306
Stack trace:
#0 C:\xampp\htdocs\apps\gestor-denuncias-beta\system\Database\MySQLi\Connection.php(306): mysqli->query('INSERT INTO `re...', 0)
#1 C:\xampp\htdocs\apps\gestor-denuncias-beta\system\Database\BaseConnection.php(692): CodeIgniter\Database\MySQLi\Connection->execute('INSERT INTO `re...')
#2 C:\xampp\htdocs\apps\gestor-denuncias-beta\system\Database\BaseConnection.php(606): CodeIgniter\Database\BaseConnection->simpleQuery('INSERT INTO `re...')
#3 C:\xampp\htdocs\apps\gestor-denuncias-beta\system\Database\BaseBuilder.php(2308): CodeIgniter\Database\BaseConnection->query('INSERT INTO `re...', Array, false)
#4 C:\xampp\htdocs\apps\gestor-denuncias-beta\system\Model.php(319): CodeIgniter\Database\BaseBuilder->insert()
#5 C:\xampp\htdocs\apps\gestor-denuncias-beta\system\BaseModel.php(788): CodeIgniter\Model->doInsert(Array)
#6 C:\xampp\htdocs\apps\gestor-denuncias-beta\system\Model.php(715): CodeIgniter\BaseModel->insert(Array, true)
#7 C:\xampp\htdocs\apps\gestor-denuncias-beta\app\Controllers\Home.php(139): CodeIgniter\Model->insert(Array)
#8 C:\xampp\htdocs\apps\gestor-denuncias-beta\system\CodeIgniter.php(919): App\Controllers\Home->saveDenuncia()
#9 C:\xampp\htdocs\apps\gestor-denuncias-beta\system\CodeIgniter.php(494): CodeIgniter\CodeIgniter->runController(Object(App\Controllers\Home))
#10 C:\xampp\htdocs\apps\gestor-denuncias-beta\system\CodeIgniter.php(353): CodeIgniter\CodeIgniter->handleRequest(NULL, Object(Config\Cache), false)
#11 C:\xampp\htdocs\apps\gestor-denuncias-beta\index.php(79): CodeIgniter\CodeIgniter->run()
#12 {main}
CRITICAL - 2025-06-13 15:09:26 --> Unknown column 'surname' in 'field list'
in SYSTEMPATH\Database\BaseConnection.php on line 646.
 1 SYSTEMPATH\Database\BaseBuilder.php(2308): CodeIgniter\Database\BaseConnection->query('INSERT INTO `reports` (`name`, `surname`, `tipo_documento`, `numero_documento`, `tipo_contacto`, `contacto`, `entity_type_id`, `entity_id`, `otro_nombre`, `titulo_denuncia`, `tipo_denuncia_id`, `descripcion_denuncia`, `archivo_path`, `created_at`, `updated_at`) VALUES (:name:, :surname:, :tipo_documento:, :numero_documento:, :tipo_contacto:, :contacto:, :entity_type_id:, :entity_id:, :otro_nombre:, :titulo_denuncia:, :tipo_denuncia_id:, :descripcion_denuncia:, :archivo_path:, :created_at:, :updated_at:)', [...], false)
 2 SYSTEMPATH\Model.php(319): CodeIgniter\Database\BaseBuilder->insert()
 3 SYSTEMPATH\BaseModel.php(788): CodeIgniter\Model->doInsert([...])
 4 SYSTEMPATH\Model.php(715): CodeIgniter\BaseModel->insert([...], true)
 5 APPPATH\Controllers\Home.php(139): CodeIgniter\Model->insert([...])
 6 SYSTEMPATH\CodeIgniter.php(919): App\Controllers\Home->saveDenuncia()
 7 SYSTEMPATH\CodeIgniter.php(494): CodeIgniter\CodeIgniter->runController(Object(App\Controllers\Home))
 8 SYSTEMPATH\CodeIgniter.php(353): CodeIgniter\CodeIgniter->handleRequest(null, Object(Config\Cache), false)
 9 FCPATH\index.php(79): CodeIgniter\CodeIgniter->run()
ERROR - 2025-06-13 15:11:41 --> mysqli_sql_exception: Column 'tipo_documento' cannot be null in C:\xampp\htdocs\apps\gestor-denuncias-beta\system\Database\MySQLi\Connection.php:306
Stack trace:
#0 C:\xampp\htdocs\apps\gestor-denuncias-beta\system\Database\MySQLi\Connection.php(306): mysqli->query('INSERT INTO `re...', 0)
#1 C:\xampp\htdocs\apps\gestor-denuncias-beta\system\Database\BaseConnection.php(692): CodeIgniter\Database\MySQLi\Connection->execute('INSERT INTO `re...')
#2 C:\xampp\htdocs\apps\gestor-denuncias-beta\system\Database\BaseConnection.php(606): CodeIgniter\Database\BaseConnection->simpleQuery('INSERT INTO `re...')
#3 C:\xampp\htdocs\apps\gestor-denuncias-beta\system\Database\BaseBuilder.php(2308): CodeIgniter\Database\BaseConnection->query('INSERT INTO `re...', Array, false)
#4 C:\xampp\htdocs\apps\gestor-denuncias-beta\system\Model.php(319): CodeIgniter\Database\BaseBuilder->insert()
#5 C:\xampp\htdocs\apps\gestor-denuncias-beta\system\BaseModel.php(788): CodeIgniter\Model->doInsert(Array)
#6 C:\xampp\htdocs\apps\gestor-denuncias-beta\system\Model.php(715): CodeIgniter\BaseModel->insert(Array, true)
#7 C:\xampp\htdocs\apps\gestor-denuncias-beta\app\Controllers\Home.php(139): CodeIgniter\Model->insert(Array)
#8 C:\xampp\htdocs\apps\gestor-denuncias-beta\system\CodeIgniter.php(919): App\Controllers\Home->saveDenuncia()
#9 C:\xampp\htdocs\apps\gestor-denuncias-beta\system\CodeIgniter.php(494): CodeIgniter\CodeIgniter->runController(Object(App\Controllers\Home))
#10 C:\xampp\htdocs\apps\gestor-denuncias-beta\system\CodeIgniter.php(353): CodeIgniter\CodeIgniter->handleRequest(NULL, Object(Config\Cache), false)
#11 C:\xampp\htdocs\apps\gestor-denuncias-beta\index.php(79): CodeIgniter\CodeIgniter->run()
#12 {main}
CRITICAL - 2025-06-13 15:11:41 --> Column 'tipo_documento' cannot be null
in SYSTEMPATH\Database\BaseConnection.php on line 646.
 1 SYSTEMPATH\Database\BaseBuilder.php(2308): CodeIgniter\Database\BaseConnection->query('INSERT INTO `reports` (`name`, `surname`, `tipo_documento`, `numero_documento`, `tipo_contacto`, `contacto`, `entity_type_id`, `entity_id`, `otro_nombre`, `titulo_denuncia`, `tipo_denuncia_id`, `descripcion_denuncia`, `archivo_path`, `created_at`, `updated_at`) VALUES (:name:, :surname:, :tipo_documento:, :numero_documento:, :tipo_contacto:, :contacto:, :entity_type_id:, :entity_id:, :otro_nombre:, :titulo_denuncia:, :tipo_denuncia_id:, :descripcion_denuncia:, :archivo_path:, :created_at:, :updated_at:)', [...], false)
 2 SYSTEMPATH\Model.php(319): CodeIgniter\Database\BaseBuilder->insert()
 3 SYSTEMPATH\BaseModel.php(788): CodeIgniter\Model->doInsert([...])
 4 SYSTEMPATH\Model.php(715): CodeIgniter\BaseModel->insert([...], true)
 5 APPPATH\Controllers\Home.php(139): CodeIgniter\Model->insert([...])
 6 SYSTEMPATH\CodeIgniter.php(919): App\Controllers\Home->saveDenuncia()
 7 SYSTEMPATH\CodeIgniter.php(494): CodeIgniter\CodeIgniter->runController(Object(App\Controllers\Home))
 8 SYSTEMPATH\CodeIgniter.php(353): CodeIgniter\CodeIgniter->handleRequest(null, Object(Config\Cache), false)
 9 FCPATH\index.php(79): CodeIgniter\CodeIgniter->run()
ERROR - 2025-06-13 15:12:39 --> mysqli_sql_exception: Column 'tipo_documento' cannot be null in C:\xampp\htdocs\apps\gestor-denuncias-beta\system\Database\MySQLi\Connection.php:306
Stack trace:
#0 C:\xampp\htdocs\apps\gestor-denuncias-beta\system\Database\MySQLi\Connection.php(306): mysqli->query('INSERT INTO `re...', 0)
#1 C:\xampp\htdocs\apps\gestor-denuncias-beta\system\Database\BaseConnection.php(692): CodeIgniter\Database\MySQLi\Connection->execute('INSERT INTO `re...')
#2 C:\xampp\htdocs\apps\gestor-denuncias-beta\system\Database\BaseConnection.php(606): CodeIgniter\Database\BaseConnection->simpleQuery('INSERT INTO `re...')
#3 C:\xampp\htdocs\apps\gestor-denuncias-beta\system\Database\BaseBuilder.php(2308): CodeIgniter\Database\BaseConnection->query('INSERT INTO `re...', Array, false)
#4 C:\xampp\htdocs\apps\gestor-denuncias-beta\system\Model.php(319): CodeIgniter\Database\BaseBuilder->insert()
#5 C:\xampp\htdocs\apps\gestor-denuncias-beta\system\BaseModel.php(788): CodeIgniter\Model->doInsert(Array)
#6 C:\xampp\htdocs\apps\gestor-denuncias-beta\system\Model.php(715): CodeIgniter\BaseModel->insert(Array, true)
#7 C:\xampp\htdocs\apps\gestor-denuncias-beta\app\Controllers\Home.php(139): CodeIgniter\Model->insert(Array)
#8 C:\xampp\htdocs\apps\gestor-denuncias-beta\system\CodeIgniter.php(919): App\Controllers\Home->saveDenuncia()
#9 C:\xampp\htdocs\apps\gestor-denuncias-beta\system\CodeIgniter.php(494): CodeIgniter\CodeIgniter->runController(Object(App\Controllers\Home))
#10 C:\xampp\htdocs\apps\gestor-denuncias-beta\system\CodeIgniter.php(353): CodeIgniter\CodeIgniter->handleRequest(NULL, Object(Config\Cache), false)
#11 C:\xampp\htdocs\apps\gestor-denuncias-beta\index.php(79): CodeIgniter\CodeIgniter->run()
#12 {main}
CRITICAL - 2025-06-13 15:12:39 --> Column 'tipo_documento' cannot be null
in SYSTEMPATH\Database\BaseConnection.php on line 646.
 1 SYSTEMPATH\Database\BaseBuilder.php(2308): CodeIgniter\Database\BaseConnection->query('INSERT INTO `reports` (`name`, `surname`, `tipo_documento`, `numero_documento`, `tipo_contacto`, `contacto`, `entity_type_id`, `entity_id`, `otro_nombre`, `titulo_denuncia`, `tipo_denuncia_id`, `descripcion_denuncia`, `archivo_path`, `created_at`, `updated_at`) VALUES (:name:, :surname:, :tipo_documento:, :numero_documento:, :tipo_contacto:, :contacto:, :entity_type_id:, :entity_id:, :otro_nombre:, :titulo_denuncia:, :tipo_denuncia_id:, :descripcion_denuncia:, :archivo_path:, :created_at:, :updated_at:)', [...], false)
 2 SYSTEMPATH\Model.php(319): CodeIgniter\Database\BaseBuilder->insert()
 3 SYSTEMPATH\BaseModel.php(788): CodeIgniter\Model->doInsert([...])
 4 SYSTEMPATH\Model.php(715): CodeIgniter\BaseModel->insert([...], true)
 5 APPPATH\Controllers\Home.php(139): CodeIgniter\Model->insert([...])
 6 SYSTEMPATH\CodeIgniter.php(919): App\Controllers\Home->saveDenuncia()
 7 SYSTEMPATH\CodeIgniter.php(494): CodeIgniter\CodeIgniter->runController(Object(App\Controllers\Home))
 8 SYSTEMPATH\CodeIgniter.php(353): CodeIgniter\CodeIgniter->handleRequest(null, Object(Config\Cache), false)
 9 FCPATH\index.php(79): CodeIgniter\CodeIgniter->run()
ERROR - 2025-06-13 15:18:16 --> mysqli_sql_exception: Column 'tipo_documento' cannot be null in C:\xampp\htdocs\apps\gestor-denuncias-beta\system\Database\MySQLi\Connection.php:306
Stack trace:
#0 C:\xampp\htdocs\apps\gestor-denuncias-beta\system\Database\MySQLi\Connection.php(306): mysqli->query('INSERT INTO `re...', 0)
#1 C:\xampp\htdocs\apps\gestor-denuncias-beta\system\Database\BaseConnection.php(692): CodeIgniter\Database\MySQLi\Connection->execute('INSERT INTO `re...')
#2 C:\xampp\htdocs\apps\gestor-denuncias-beta\system\Database\BaseConnection.php(606): CodeIgniter\Database\BaseConnection->simpleQuery('INSERT INTO `re...')
#3 C:\xampp\htdocs\apps\gestor-denuncias-beta\system\Database\BaseBuilder.php(2308): CodeIgniter\Database\BaseConnection->query('INSERT INTO `re...', Array, false)
#4 C:\xampp\htdocs\apps\gestor-denuncias-beta\system\Model.php(319): CodeIgniter\Database\BaseBuilder->insert()
#5 C:\xampp\htdocs\apps\gestor-denuncias-beta\system\BaseModel.php(788): CodeIgniter\Model->doInsert(Array)
#6 C:\xampp\htdocs\apps\gestor-denuncias-beta\system\Model.php(715): CodeIgniter\BaseModel->insert(Array, true)
#7 C:\xampp\htdocs\apps\gestor-denuncias-beta\app\Controllers\Home.php(139): CodeIgniter\Model->insert(Array)
#8 C:\xampp\htdocs\apps\gestor-denuncias-beta\system\CodeIgniter.php(919): App\Controllers\Home->saveDenuncia()
#9 C:\xampp\htdocs\apps\gestor-denuncias-beta\system\CodeIgniter.php(494): CodeIgniter\CodeIgniter->runController(Object(App\Controllers\Home))
#10 C:\xampp\htdocs\apps\gestor-denuncias-beta\system\CodeIgniter.php(353): CodeIgniter\CodeIgniter->handleRequest(NULL, Object(Config\Cache), false)
#11 C:\xampp\htdocs\apps\gestor-denuncias-beta\index.php(79): CodeIgniter\CodeIgniter->run()
#12 {main}
CRITICAL - 2025-06-13 15:18:16 --> Column 'tipo_documento' cannot be null
in SYSTEMPATH\Database\BaseConnection.php on line 646.
 1 SYSTEMPATH\Database\BaseBuilder.php(2308): CodeIgniter\Database\BaseConnection->query('INSERT INTO `reports` (`name`, `surname`, `tipo_documento`, `numero_documento`, `tipo_contacto`, `contacto`, `entity_type_id`, `entity_id`, `otro_nombre`, `titulo_denuncia`, `tipo_denuncia_id`, `descripcion_denuncia`, `archivo_path`, `created_at`, `updated_at`) VALUES (:name:, :surname:, :tipo_documento:, :numero_documento:, :tipo_contacto:, :contacto:, :entity_type_id:, :entity_id:, :otro_nombre:, :titulo_denuncia:, :tipo_denuncia_id:, :descripcion_denuncia:, :archivo_path:, :created_at:, :updated_at:)', [...], false)
 2 SYSTEMPATH\Model.php(319): CodeIgniter\Database\BaseBuilder->insert()
 3 SYSTEMPATH\BaseModel.php(788): CodeIgniter\Model->doInsert([...])
 4 SYSTEMPATH\Model.php(715): CodeIgniter\BaseModel->insert([...], true)
 5 APPPATH\Controllers\Home.php(139): CodeIgniter\Model->insert([...])
 6 SYSTEMPATH\CodeIgniter.php(919): App\Controllers\Home->saveDenuncia()
 7 SYSTEMPATH\CodeIgniter.php(494): CodeIgniter\CodeIgniter->runController(Object(App\Controllers\Home))
 8 SYSTEMPATH\CodeIgniter.php(353): CodeIgniter\CodeIgniter->handleRequest(null, Object(Config\Cache), false)
 9 FCPATH\index.php(79): CodeIgniter\CodeIgniter->run()
ERROR - 2025-06-13 15:18:21 --> mysqli_sql_exception: Column 'tipo_documento' cannot be null in C:\xampp\htdocs\apps\gestor-denuncias-beta\system\Database\MySQLi\Connection.php:306
Stack trace:
#0 C:\xampp\htdocs\apps\gestor-denuncias-beta\system\Database\MySQLi\Connection.php(306): mysqli->query('INSERT INTO `re...', 0)
#1 C:\xampp\htdocs\apps\gestor-denuncias-beta\system\Database\BaseConnection.php(692): CodeIgniter\Database\MySQLi\Connection->execute('INSERT INTO `re...')
#2 C:\xampp\htdocs\apps\gestor-denuncias-beta\system\Database\BaseConnection.php(606): CodeIgniter\Database\BaseConnection->simpleQuery('INSERT INTO `re...')
#3 C:\xampp\htdocs\apps\gestor-denuncias-beta\system\Database\BaseBuilder.php(2308): CodeIgniter\Database\BaseConnection->query('INSERT INTO `re...', Array, false)
#4 C:\xampp\htdocs\apps\gestor-denuncias-beta\system\Model.php(319): CodeIgniter\Database\BaseBuilder->insert()
#5 C:\xampp\htdocs\apps\gestor-denuncias-beta\system\BaseModel.php(788): CodeIgniter\Model->doInsert(Array)
#6 C:\xampp\htdocs\apps\gestor-denuncias-beta\system\Model.php(715): CodeIgniter\BaseModel->insert(Array, true)
#7 C:\xampp\htdocs\apps\gestor-denuncias-beta\app\Controllers\Home.php(139): CodeIgniter\Model->insert(Array)
#8 C:\xampp\htdocs\apps\gestor-denuncias-beta\system\CodeIgniter.php(919): App\Controllers\Home->saveDenuncia()
#9 C:\xampp\htdocs\apps\gestor-denuncias-beta\system\CodeIgniter.php(494): CodeIgniter\CodeIgniter->runController(Object(App\Controllers\Home))
#10 C:\xampp\htdocs\apps\gestor-denuncias-beta\system\CodeIgniter.php(353): CodeIgniter\CodeIgniter->handleRequest(NULL, Object(Config\Cache), false)
#11 C:\xampp\htdocs\apps\gestor-denuncias-beta\index.php(79): CodeIgniter\CodeIgniter->run()
#12 {main}
CRITICAL - 2025-06-13 15:18:21 --> Column 'tipo_documento' cannot be null
in SYSTEMPATH\Database\BaseConnection.php on line 646.
 1 SYSTEMPATH\Database\BaseBuilder.php(2308): CodeIgniter\Database\BaseConnection->query('INSERT INTO `reports` (`name`, `surname`, `tipo_documento`, `numero_documento`, `tipo_contacto`, `contacto`, `entity_type_id`, `entity_id`, `otro_nombre`, `titulo_denuncia`, `tipo_denuncia_id`, `descripcion_denuncia`, `archivo_path`, `created_at`, `updated_at`) VALUES (:name:, :surname:, :tipo_documento:, :numero_documento:, :tipo_contacto:, :contacto:, :entity_type_id:, :entity_id:, :otro_nombre:, :titulo_denuncia:, :tipo_denuncia_id:, :descripcion_denuncia:, :archivo_path:, :created_at:, :updated_at:)', [...], false)
 2 SYSTEMPATH\Model.php(319): CodeIgniter\Database\BaseBuilder->insert()
 3 SYSTEMPATH\BaseModel.php(788): CodeIgniter\Model->doInsert([...])
 4 SYSTEMPATH\Model.php(715): CodeIgniter\BaseModel->insert([...], true)
 5 APPPATH\Controllers\Home.php(139): CodeIgniter\Model->insert([...])
 6 SYSTEMPATH\CodeIgniter.php(919): App\Controllers\Home->saveDenuncia()
 7 SYSTEMPATH\CodeIgniter.php(494): CodeIgniter\CodeIgniter->runController(Object(App\Controllers\Home))
 8 SYSTEMPATH\CodeIgniter.php(353): CodeIgniter\CodeIgniter->handleRequest(null, Object(Config\Cache), false)
 9 FCPATH\index.php(79): CodeIgniter\CodeIgniter->run()
ERROR - 2025-06-13 15:18:31 --> mysqli_sql_exception: Column 'tipo_documento' cannot be null in C:\xampp\htdocs\apps\gestor-denuncias-beta\system\Database\MySQLi\Connection.php:306
Stack trace:
#0 C:\xampp\htdocs\apps\gestor-denuncias-beta\system\Database\MySQLi\Connection.php(306): mysqli->query('INSERT INTO `re...', 0)
#1 C:\xampp\htdocs\apps\gestor-denuncias-beta\system\Database\BaseConnection.php(692): CodeIgniter\Database\MySQLi\Connection->execute('INSERT INTO `re...')
#2 C:\xampp\htdocs\apps\gestor-denuncias-beta\system\Database\BaseConnection.php(606): CodeIgniter\Database\BaseConnection->simpleQuery('INSERT INTO `re...')
#3 C:\xampp\htdocs\apps\gestor-denuncias-beta\system\Database\BaseBuilder.php(2308): CodeIgniter\Database\BaseConnection->query('INSERT INTO `re...', Array, false)
#4 C:\xampp\htdocs\apps\gestor-denuncias-beta\system\Model.php(319): CodeIgniter\Database\BaseBuilder->insert()
#5 C:\xampp\htdocs\apps\gestor-denuncias-beta\system\BaseModel.php(788): CodeIgniter\Model->doInsert(Array)
#6 C:\xampp\htdocs\apps\gestor-denuncias-beta\system\Model.php(715): CodeIgniter\BaseModel->insert(Array, true)
#7 C:\xampp\htdocs\apps\gestor-denuncias-beta\app\Controllers\Home.php(139): CodeIgniter\Model->insert(Array)
#8 C:\xampp\htdocs\apps\gestor-denuncias-beta\system\CodeIgniter.php(919): App\Controllers\Home->saveDenuncia()
#9 C:\xampp\htdocs\apps\gestor-denuncias-beta\system\CodeIgniter.php(494): CodeIgniter\CodeIgniter->runController(Object(App\Controllers\Home))
#10 C:\xampp\htdocs\apps\gestor-denuncias-beta\system\CodeIgniter.php(353): CodeIgniter\CodeIgniter->handleRequest(NULL, Object(Config\Cache), false)
#11 C:\xampp\htdocs\apps\gestor-denuncias-beta\index.php(79): CodeIgniter\CodeIgniter->run()
#12 {main}
CRITICAL - 2025-06-13 15:18:31 --> Column 'tipo_documento' cannot be null
in SYSTEMPATH\Database\BaseConnection.php on line 646.
 1 SYSTEMPATH\Database\BaseBuilder.php(2308): CodeIgniter\Database\BaseConnection->query('INSERT INTO `reports` (`name`, `surname`, `tipo_documento`, `numero_documento`, `tipo_contacto`, `contacto`, `entity_type_id`, `entity_id`, `otro_nombre`, `titulo_denuncia`, `tipo_denuncia_id`, `descripcion_denuncia`, `archivo_path`, `created_at`, `updated_at`) VALUES (:name:, :surname:, :tipo_documento:, :numero_documento:, :tipo_contacto:, :contacto:, :entity_type_id:, :entity_id:, :otro_nombre:, :titulo_denuncia:, :tipo_denuncia_id:, :descripcion_denuncia:, :archivo_path:, :created_at:, :updated_at:)', [...], false)
 2 SYSTEMPATH\Model.php(319): CodeIgniter\Database\BaseBuilder->insert()
 3 SYSTEMPATH\BaseModel.php(788): CodeIgniter\Model->doInsert([...])
 4 SYSTEMPATH\Model.php(715): CodeIgniter\BaseModel->insert([...], true)
 5 APPPATH\Controllers\Home.php(139): CodeIgniter\Model->insert([...])
 6 SYSTEMPATH\CodeIgniter.php(919): App\Controllers\Home->saveDenuncia()
 7 SYSTEMPATH\CodeIgniter.php(494): CodeIgniter\CodeIgniter->runController(Object(App\Controllers\Home))
 8 SYSTEMPATH\CodeIgniter.php(353): CodeIgniter\CodeIgniter->handleRequest(null, Object(Config\Cache), false)
 9 FCPATH\index.php(79): CodeIgniter\CodeIgniter->run()
ERROR - 2025-06-13 15:19:36 --> mysqli_sql_exception: Column 'tipo_documento' cannot be null in C:\xampp\htdocs\apps\gestor-denuncias-beta\system\Database\MySQLi\Connection.php:306
Stack trace:
#0 C:\xampp\htdocs\apps\gestor-denuncias-beta\system\Database\MySQLi\Connection.php(306): mysqli->query('INSERT INTO `re...', 0)
#1 C:\xampp\htdocs\apps\gestor-denuncias-beta\system\Database\BaseConnection.php(692): CodeIgniter\Database\MySQLi\Connection->execute('INSERT INTO `re...')
#2 C:\xampp\htdocs\apps\gestor-denuncias-beta\system\Database\BaseConnection.php(606): CodeIgniter\Database\BaseConnection->simpleQuery('INSERT INTO `re...')
#3 C:\xampp\htdocs\apps\gestor-denuncias-beta\system\Database\BaseBuilder.php(2308): CodeIgniter\Database\BaseConnection->query('INSERT INTO `re...', Array, false)
#4 C:\xampp\htdocs\apps\gestor-denuncias-beta\system\Model.php(319): CodeIgniter\Database\BaseBuilder->insert()
#5 C:\xampp\htdocs\apps\gestor-denuncias-beta\system\BaseModel.php(788): CodeIgniter\Model->doInsert(Array)
#6 C:\xampp\htdocs\apps\gestor-denuncias-beta\system\Model.php(715): CodeIgniter\BaseModel->insert(Array, true)
#7 C:\xampp\htdocs\apps\gestor-denuncias-beta\app\Controllers\Home.php(139): CodeIgniter\Model->insert(Array)
#8 C:\xampp\htdocs\apps\gestor-denuncias-beta\system\CodeIgniter.php(919): App\Controllers\Home->saveDenuncia()
#9 C:\xampp\htdocs\apps\gestor-denuncias-beta\system\CodeIgniter.php(494): CodeIgniter\CodeIgniter->runController(Object(App\Controllers\Home))
#10 C:\xampp\htdocs\apps\gestor-denuncias-beta\system\CodeIgniter.php(353): CodeIgniter\CodeIgniter->handleRequest(NULL, Object(Config\Cache), false)
#11 C:\xampp\htdocs\apps\gestor-denuncias-beta\index.php(79): CodeIgniter\CodeIgniter->run()
#12 {main}
CRITICAL - 2025-06-13 15:19:36 --> Column 'tipo_documento' cannot be null
in SYSTEMPATH\Database\BaseConnection.php on line 646.
 1 SYSTEMPATH\Database\BaseBuilder.php(2308): CodeIgniter\Database\BaseConnection->query('INSERT INTO `reports` (`name`, `surname`, `tipo_documento`, `numero_documento`, `tipo_contacto`, `contacto`, `entity_type_id`, `entity_id`, `otro_nombre`, `titulo_denuncia`, `tipo_denuncia_id`, `descripcion_denuncia`, `archivo_path`, `created_at`, `updated_at`) VALUES (:name:, :surname:, :tipo_documento:, :numero_documento:, :tipo_contacto:, :contacto:, :entity_type_id:, :entity_id:, :otro_nombre:, :titulo_denuncia:, :tipo_denuncia_id:, :descripcion_denuncia:, :archivo_path:, :created_at:, :updated_at:)', [...], false)
 2 SYSTEMPATH\Model.php(319): CodeIgniter\Database\BaseBuilder->insert()
 3 SYSTEMPATH\BaseModel.php(788): CodeIgniter\Model->doInsert([...])
 4 SYSTEMPATH\Model.php(715): CodeIgniter\BaseModel->insert([...], true)
 5 APPPATH\Controllers\Home.php(139): CodeIgniter\Model->insert([...])
 6 SYSTEMPATH\CodeIgniter.php(919): App\Controllers\Home->saveDenuncia()
 7 SYSTEMPATH\CodeIgniter.php(494): CodeIgniter\CodeIgniter->runController(Object(App\Controllers\Home))
 8 SYSTEMPATH\CodeIgniter.php(353): CodeIgniter\CodeIgniter->handleRequest(null, Object(Config\Cache), false)
 9 FCPATH\index.php(79): CodeIgniter\CodeIgniter->run()
ERROR - 2025-06-13 15:20:27 --> mysqli_sql_exception: Column 'tipo_documento' cannot be null in C:\xampp\htdocs\apps\gestor-denuncias-beta\system\Database\MySQLi\Connection.php:306
Stack trace:
#0 C:\xampp\htdocs\apps\gestor-denuncias-beta\system\Database\MySQLi\Connection.php(306): mysqli->query('INSERT INTO `re...', 0)
#1 C:\xampp\htdocs\apps\gestor-denuncias-beta\system\Database\BaseConnection.php(692): CodeIgniter\Database\MySQLi\Connection->execute('INSERT INTO `re...')
#2 C:\xampp\htdocs\apps\gestor-denuncias-beta\system\Database\BaseConnection.php(606): CodeIgniter\Database\BaseConnection->simpleQuery('INSERT INTO `re...')
#3 C:\xampp\htdocs\apps\gestor-denuncias-beta\system\Database\BaseBuilder.php(2308): CodeIgniter\Database\BaseConnection->query('INSERT INTO `re...', Array, false)
#4 C:\xampp\htdocs\apps\gestor-denuncias-beta\system\Model.php(319): CodeIgniter\Database\BaseBuilder->insert()
#5 C:\xampp\htdocs\apps\gestor-denuncias-beta\system\BaseModel.php(788): CodeIgniter\Model->doInsert(Array)
#6 C:\xampp\htdocs\apps\gestor-denuncias-beta\system\Model.php(715): CodeIgniter\BaseModel->insert(Array, true)
#7 C:\xampp\htdocs\apps\gestor-denuncias-beta\app\Controllers\Home.php(139): CodeIgniter\Model->insert(Array)
#8 C:\xampp\htdocs\apps\gestor-denuncias-beta\system\CodeIgniter.php(919): App\Controllers\Home->saveDenuncia()
#9 C:\xampp\htdocs\apps\gestor-denuncias-beta\system\CodeIgniter.php(494): CodeIgniter\CodeIgniter->runController(Object(App\Controllers\Home))
#10 C:\xampp\htdocs\apps\gestor-denuncias-beta\system\CodeIgniter.php(353): CodeIgniter\CodeIgniter->handleRequest(NULL, Object(Config\Cache), false)
#11 C:\xampp\htdocs\apps\gestor-denuncias-beta\index.php(79): CodeIgniter\CodeIgniter->run()
#12 {main}
CRITICAL - 2025-06-13 15:20:27 --> Column 'tipo_documento' cannot be null
in SYSTEMPATH\Database\BaseConnection.php on line 646.
 1 SYSTEMPATH\Database\BaseBuilder.php(2308): CodeIgniter\Database\BaseConnection->query('INSERT INTO `reports` (`name`, `surname`, `tipo_documento`, `numero_documento`, `tipo_contacto`, `contacto`, `entity_type_id`, `entity_id`, `otro_nombre`, `titulo_denuncia`, `tipo_denuncia_id`, `descripcion_denuncia`, `archivo_path`, `created_at`, `updated_at`) VALUES (:name:, :surname:, :tipo_documento:, :numero_documento:, :tipo_contacto:, :contacto:, :entity_type_id:, :entity_id:, :otro_nombre:, :titulo_denuncia:, :tipo_denuncia_id:, :descripcion_denuncia:, :archivo_path:, :created_at:, :updated_at:)', [...], false)
 2 SYSTEMPATH\Model.php(319): CodeIgniter\Database\BaseBuilder->insert()
 3 SYSTEMPATH\BaseModel.php(788): CodeIgniter\Model->doInsert([...])
 4 SYSTEMPATH\Model.php(715): CodeIgniter\BaseModel->insert([...], true)
 5 APPPATH\Controllers\Home.php(139): CodeIgniter\Model->insert([...])
 6 SYSTEMPATH\CodeIgniter.php(919): App\Controllers\Home->saveDenuncia()
 7 SYSTEMPATH\CodeIgniter.php(494): CodeIgniter\CodeIgniter->runController(Object(App\Controllers\Home))
 8 SYSTEMPATH\CodeIgniter.php(353): CodeIgniter\CodeIgniter->handleRequest(null, Object(Config\Cache), false)
 9 FCPATH\index.php(79): CodeIgniter\CodeIgniter->run()
ERROR - 2025-06-13 15:24:54 --> mysqli_sql_exception: Column 'tipo_contacto' cannot be null in C:\xampp\htdocs\apps\gestor-denuncias-beta\system\Database\MySQLi\Connection.php:306
Stack trace:
#0 C:\xampp\htdocs\apps\gestor-denuncias-beta\system\Database\MySQLi\Connection.php(306): mysqli->query('INSERT INTO `re...', 0)
#1 C:\xampp\htdocs\apps\gestor-denuncias-beta\system\Database\BaseConnection.php(692): CodeIgniter\Database\MySQLi\Connection->execute('INSERT INTO `re...')
#2 C:\xampp\htdocs\apps\gestor-denuncias-beta\system\Database\BaseConnection.php(606): CodeIgniter\Database\BaseConnection->simpleQuery('INSERT INTO `re...')
#3 C:\xampp\htdocs\apps\gestor-denuncias-beta\system\Database\BaseBuilder.php(2308): CodeIgniter\Database\BaseConnection->query('INSERT INTO `re...', Array, false)
#4 C:\xampp\htdocs\apps\gestor-denuncias-beta\system\Model.php(319): CodeIgniter\Database\BaseBuilder->insert()
#5 C:\xampp\htdocs\apps\gestor-denuncias-beta\system\BaseModel.php(788): CodeIgniter\Model->doInsert(Array)
#6 C:\xampp\htdocs\apps\gestor-denuncias-beta\system\Model.php(715): CodeIgniter\BaseModel->insert(Array, true)
#7 C:\xampp\htdocs\apps\gestor-denuncias-beta\app\Controllers\Home.php(140): CodeIgniter\Model->insert(Array)
#8 C:\xampp\htdocs\apps\gestor-denuncias-beta\system\CodeIgniter.php(919): App\Controllers\Home->saveDenuncia()
#9 C:\xampp\htdocs\apps\gestor-denuncias-beta\system\CodeIgniter.php(494): CodeIgniter\CodeIgniter->runController(Object(App\Controllers\Home))
#10 C:\xampp\htdocs\apps\gestor-denuncias-beta\system\CodeIgniter.php(353): CodeIgniter\CodeIgniter->handleRequest(NULL, Object(Config\Cache), false)
#11 C:\xampp\htdocs\apps\gestor-denuncias-beta\index.php(79): CodeIgniter\CodeIgniter->run()
#12 {main}
CRITICAL - 2025-06-13 15:24:54 --> Column 'tipo_contacto' cannot be null
in SYSTEMPATH\Database\BaseConnection.php on line 646.
 1 SYSTEMPATH\Database\BaseBuilder.php(2308): CodeIgniter\Database\BaseConnection->query('INSERT INTO `reports` (`name`, `surname`, `tipo_documento`, `numero_documento`, `tipo_contacto`, `contacto`, `entity_type_id`, `entity_id`, `otro_nombre`, `titulo_denuncia`, `tipo_denuncia_id`, `descripcion_denuncia`, `archivo_path`, `created_at`, `updated_at`) VALUES (:name:, :surname:, :tipo_documento:, :numero_documento:, :tipo_contacto:, :contacto:, :entity_type_id:, :entity_id:, :otro_nombre:, :titulo_denuncia:, :tipo_denuncia_id:, :descripcion_denuncia:, :archivo_path:, :created_at:, :updated_at:)', [...], false)
 2 SYSTEMPATH\Model.php(319): CodeIgniter\Database\BaseBuilder->insert()
 3 SYSTEMPATH\BaseModel.php(788): CodeIgniter\Model->doInsert([...])
 4 SYSTEMPATH\Model.php(715): CodeIgniter\BaseModel->insert([...], true)
 5 APPPATH\Controllers\Home.php(140): CodeIgniter\Model->insert([...])
 6 SYSTEMPATH\CodeIgniter.php(919): App\Controllers\Home->saveDenuncia()
 7 SYSTEMPATH\CodeIgniter.php(494): CodeIgniter\CodeIgniter->runController(Object(App\Controllers\Home))
 8 SYSTEMPATH\CodeIgniter.php(353): CodeIgniter\CodeIgniter->handleRequest(null, Object(Config\Cache), false)
 9 FCPATH\index.php(79): CodeIgniter\CodeIgniter->run()
