ERROR - 2026-02-27 12:27:54 --> mysqli_sql_exception: Unknown column 'id_estado' in 'where clause' in C:\xampp\htdocs\apps\gestion_expedientes\system\Database\MySQLi\Connection.php:306
Stack trace:
#0 C:\xampp\htdocs\apps\gestion_expedientes\system\Database\MySQLi\Connection.php(306): mysqli->query('SELECT COUNT(*)...', 0)
#1 C:\xampp\htdocs\apps\gestion_expedientes\system\Database\BaseConnection.php(692): CodeIgniter\Database\MySQLi\Connection->execute('SELECT COUNT(*)...')
#2 C:\xampp\htdocs\apps\gestion_expedientes\system\Database\BaseConnection.php(606): CodeIgniter\Database\BaseConnection->simpleQuery('SELECT COUNT(*)...')
#3 C:\xampp\htdocs\apps\gestion_expedientes\system\Database\BaseBuilder.php(1699): CodeIgniter\Database\BaseConnection->query('SELECT COUNT(*)...', Array, false)
#4 C:\xampp\htdocs\apps\gestion_expedientes\system\Model.php(599): CodeIgniter\Database\BaseBuilder->countAllResults(true)
#5 C:\xampp\htdocs\apps\gestion_expedientes\app\Controllers\Dashboard.php(34): CodeIgniter\Model->countAllResults()
#6 C:\xampp\htdocs\apps\gestion_expedientes\system\CodeIgniter.php(919): App\Controllers\Dashboard->index()
#7 C:\xampp\htdocs\apps\gestion_expedientes\system\CodeIgniter.php(494): CodeIgniter\CodeIgniter->runController(Object(App\Controllers\Dashboard))
#8 C:\xampp\htdocs\apps\gestion_expedientes\system\CodeIgniter.php(353): CodeIgniter\CodeIgniter->handleRequest(NULL, Object(Config\Cache), false)
#9 C:\xampp\htdocs\apps\gestion_expedientes\index.php(79): CodeIgniter\CodeIgniter->run()
#10 {main}
CRITICAL - 2026-02-27 12:27:54 --> Unknown column 'id_estado' in 'where clause'
in SYSTEMPATH\Database\BaseConnection.php on line 646.
 1 SYSTEMPATH\Database\BaseBuilder.php(1699): CodeIgniter\Database\BaseConnection->query('SELECT COUNT(*) AS `numrows`
FROM `denuncias`
WHERE `id_estado` = :id_estado:', [...], false)
 2 SYSTEMPATH\Model.php(599): CodeIgniter\Database\BaseBuilder->countAllResults(true)
 3 APPPATH\Controllers\Dashboard.php(34): CodeIgniter\Model->countAllResults()
 4 SYSTEMPATH\CodeIgniter.php(919): App\Controllers\Dashboard->index()
 5 SYSTEMPATH\CodeIgniter.php(494): CodeIgniter\CodeIgniter->runController(Object(App\Controllers\Dashboard))
 6 SYSTEMPATH\CodeIgniter.php(353): CodeIgniter\CodeIgniter->handleRequest(null, Object(Config\Cache), false)
 7 FCPATH\index.php(79): CodeIgniter\CodeIgniter->run()
ERROR - 2026-02-27 12:27:59 --> mysqli_sql_exception: Unknown column 'id_estado' in 'where clause' in C:\xampp\htdocs\apps\gestion_expedientes\system\Database\MySQLi\Connection.php:306
Stack trace:
#0 C:\xampp\htdocs\apps\gestion_expedientes\system\Database\MySQLi\Connection.php(306): mysqli->query('SELECT COUNT(*)...', 0)
#1 C:\xampp\htdocs\apps\gestion_expedientes\system\Database\BaseConnection.php(692): CodeIgniter\Database\MySQLi\Connection->execute('SELECT COUNT(*)...')
#2 C:\xampp\htdocs\apps\gestion_expedientes\system\Database\BaseConnection.php(606): CodeIgniter\Database\BaseConnection->simpleQuery('SELECT COUNT(*)...')
#3 C:\xampp\htdocs\apps\gestion_expedientes\system\Database\BaseBuilder.php(1699): CodeIgniter\Database\BaseConnection->query('SELECT COUNT(*)...', Array, false)
#4 C:\xampp\htdocs\apps\gestion_expedientes\system\Model.php(599): CodeIgniter\Database\BaseBuilder->countAllResults(true)
#5 C:\xampp\htdocs\apps\gestion_expedientes\app\Controllers\Dashboard.php(34): CodeIgniter\Model->countAllResults()
#6 C:\xampp\htdocs\apps\gestion_expedientes\system\CodeIgniter.php(919): App\Controllers\Dashboard->index()
#7 C:\xampp\htdocs\apps\gestion_expedientes\system\CodeIgniter.php(494): CodeIgniter\CodeIgniter->runController(Object(App\Controllers\Dashboard))
#8 C:\xampp\htdocs\apps\gestion_expedientes\system\CodeIgniter.php(353): CodeIgniter\CodeIgniter->handleRequest(NULL, Object(Config\Cache), false)
#9 C:\xampp\htdocs\apps\gestion_expedientes\index.php(79): CodeIgniter\CodeIgniter->run()
#10 {main}
CRITICAL - 2026-02-27 12:27:59 --> Unknown column 'id_estado' in 'where clause'
in SYSTEMPATH\Database\BaseConnection.php on line 646.
 1 SYSTEMPATH\Database\BaseBuilder.php(1699): CodeIgniter\Database\BaseConnection->query('SELECT COUNT(*) AS `numrows`
FROM `denuncias`
WHERE `id_estado` = :id_estado:', [...], false)
 2 SYSTEMPATH\Model.php(599): CodeIgniter\Database\BaseBuilder->countAllResults(true)
 3 APPPATH\Controllers\Dashboard.php(34): CodeIgniter\Model->countAllResults()
 4 SYSTEMPATH\CodeIgniter.php(919): App\Controllers\Dashboard->index()
 5 SYSTEMPATH\CodeIgniter.php(494): CodeIgniter\CodeIgniter->runController(Object(App\Controllers\Dashboard))
 6 SYSTEMPATH\CodeIgniter.php(353): CodeIgniter\CodeIgniter->handleRequest(null, Object(Config\Cache), false)
 7 FCPATH\index.php(79): CodeIgniter\CodeIgniter->run()
ERROR - 2026-02-27 12:28:01 --> mysqli_sql_exception: Unknown column 'id_estado' in 'where clause' in C:\xampp\htdocs\apps\gestion_expedientes\system\Database\MySQLi\Connection.php:306
Stack trace:
#0 C:\xampp\htdocs\apps\gestion_expedientes\system\Database\MySQLi\Connection.php(306): mysqli->query('SELECT COUNT(*)...', 0)
#1 C:\xampp\htdocs\apps\gestion_expedientes\system\Database\BaseConnection.php(692): CodeIgniter\Database\MySQLi\Connection->execute('SELECT COUNT(*)...')
#2 C:\xampp\htdocs\apps\gestion_expedientes\system\Database\BaseConnection.php(606): CodeIgniter\Database\BaseConnection->simpleQuery('SELECT COUNT(*)...')
#3 C:\xampp\htdocs\apps\gestion_expedientes\system\Database\BaseBuilder.php(1699): CodeIgniter\Database\BaseConnection->query('SELECT COUNT(*)...', Array, false)
#4 C:\xampp\htdocs\apps\gestion_expedientes\system\Model.php(599): CodeIgniter\Database\BaseBuilder->countAllResults(true)
#5 C:\xampp\htdocs\apps\gestion_expedientes\app\Controllers\Dashboard.php(34): CodeIgniter\Model->countAllResults()
#6 C:\xampp\htdocs\apps\gestion_expedientes\system\CodeIgniter.php(919): App\Controllers\Dashboard->index()
#7 C:\xampp\htdocs\apps\gestion_expedientes\system\CodeIgniter.php(494): CodeIgniter\CodeIgniter->runController(Object(App\Controllers\Dashboard))
#8 C:\xampp\htdocs\apps\gestion_expedientes\system\CodeIgniter.php(353): CodeIgniter\CodeIgniter->handleRequest(NULL, Object(Config\Cache), false)
#9 C:\xampp\htdocs\apps\gestion_expedientes\index.php(79): CodeIgniter\CodeIgniter->run()
#10 {main}
CRITICAL - 2026-02-27 12:28:01 --> Unknown column 'id_estado' in 'where clause'
in SYSTEMPATH\Database\BaseConnection.php on line 646.
 1 SYSTEMPATH\Database\BaseBuilder.php(1699): CodeIgniter\Database\BaseConnection->query('SELECT COUNT(*) AS `numrows`
FROM `denuncias`
WHERE `id_estado` = :id_estado:', [...], false)
 2 SYSTEMPATH\Model.php(599): CodeIgniter\Database\BaseBuilder->countAllResults(true)
 3 APPPATH\Controllers\Dashboard.php(34): CodeIgniter\Model->countAllResults()
 4 SYSTEMPATH\CodeIgniter.php(919): App\Controllers\Dashboard->index()
 5 SYSTEMPATH\CodeIgniter.php(494): CodeIgniter\CodeIgniter->runController(Object(App\Controllers\Dashboard))
 6 SYSTEMPATH\CodeIgniter.php(353): CodeIgniter\CodeIgniter->handleRequest(null, Object(Config\Cache), false)
 7 FCPATH\index.php(79): CodeIgniter\CodeIgniter->run()
ERROR - 2026-02-27 12:28:02 --> mysqli_sql_exception: Unknown column 'id_estado' in 'where clause' in C:\xampp\htdocs\apps\gestion_expedientes\system\Database\MySQLi\Connection.php:306
Stack trace:
#0 C:\xampp\htdocs\apps\gestion_expedientes\system\Database\MySQLi\Connection.php(306): mysqli->query('SELECT COUNT(*)...', 0)
#1 C:\xampp\htdocs\apps\gestion_expedientes\system\Database\BaseConnection.php(692): CodeIgniter\Database\MySQLi\Connection->execute('SELECT COUNT(*)...')
#2 C:\xampp\htdocs\apps\gestion_expedientes\system\Database\BaseConnection.php(606): CodeIgniter\Database\BaseConnection->simpleQuery('SELECT COUNT(*)...')
#3 C:\xampp\htdocs\apps\gestion_expedientes\system\Database\BaseBuilder.php(1699): CodeIgniter\Database\BaseConnection->query('SELECT COUNT(*)...', Array, false)
#4 C:\xampp\htdocs\apps\gestion_expedientes\system\Model.php(599): CodeIgniter\Database\BaseBuilder->countAllResults(true)
#5 C:\xampp\htdocs\apps\gestion_expedientes\app\Controllers\Dashboard.php(34): CodeIgniter\Model->countAllResults()
#6 C:\xampp\htdocs\apps\gestion_expedientes\system\CodeIgniter.php(919): App\Controllers\Dashboard->index()
#7 C:\xampp\htdocs\apps\gestion_expedientes\system\CodeIgniter.php(494): CodeIgniter\CodeIgniter->runController(Object(App\Controllers\Dashboard))
#8 C:\xampp\htdocs\apps\gestion_expedientes\system\CodeIgniter.php(353): CodeIgniter\CodeIgniter->handleRequest(NULL, Object(Config\Cache), false)
#9 C:\xampp\htdocs\apps\gestion_expedientes\index.php(79): CodeIgniter\CodeIgniter->run()
#10 {main}
CRITICAL - 2026-02-27 12:28:02 --> Unknown column 'id_estado' in 'where clause'
in SYSTEMPATH\Database\BaseConnection.php on line 646.
 1 SYSTEMPATH\Database\BaseBuilder.php(1699): CodeIgniter\Database\BaseConnection->query('SELECT COUNT(*) AS `numrows`
FROM `denuncias`
WHERE `id_estado` = :id_estado:', [...], false)
 2 SYSTEMPATH\Model.php(599): CodeIgniter\Database\BaseBuilder->countAllResults(true)
 3 APPPATH\Controllers\Dashboard.php(34): CodeIgniter\Model->countAllResults()
 4 SYSTEMPATH\CodeIgniter.php(919): App\Controllers\Dashboard->index()
 5 SYSTEMPATH\CodeIgniter.php(494): CodeIgniter\CodeIgniter->runController(Object(App\Controllers\Dashboard))
 6 SYSTEMPATH\CodeIgniter.php(353): CodeIgniter\CodeIgniter->handleRequest(null, Object(Config\Cache), false)
 7 FCPATH\index.php(79): CodeIgniter\CodeIgniter->run()
ERROR - 2026-02-27 12:28:03 --> mysqli_sql_exception: Unknown column 'id_estado' in 'where clause' in C:\xampp\htdocs\apps\gestion_expedientes\system\Database\MySQLi\Connection.php:306
Stack trace:
#0 C:\xampp\htdocs\apps\gestion_expedientes\system\Database\MySQLi\Connection.php(306): mysqli->query('SELECT COUNT(*)...', 0)
#1 C:\xampp\htdocs\apps\gestion_expedientes\system\Database\BaseConnection.php(692): CodeIgniter\Database\MySQLi\Connection->execute('SELECT COUNT(*)...')
#2 C:\xampp\htdocs\apps\gestion_expedientes\system\Database\BaseConnection.php(606): CodeIgniter\Database\BaseConnection->simpleQuery('SELECT COUNT(*)...')
#3 C:\xampp\htdocs\apps\gestion_expedientes\system\Database\BaseBuilder.php(1699): CodeIgniter\Database\BaseConnection->query('SELECT COUNT(*)...', Array, false)
#4 C:\xampp\htdocs\apps\gestion_expedientes\system\Model.php(599): CodeIgniter\Database\BaseBuilder->countAllResults(true)
#5 C:\xampp\htdocs\apps\gestion_expedientes\app\Controllers\Dashboard.php(34): CodeIgniter\Model->countAllResults()
#6 C:\xampp\htdocs\apps\gestion_expedientes\system\CodeIgniter.php(919): App\Controllers\Dashboard->index()
#7 C:\xampp\htdocs\apps\gestion_expedientes\system\CodeIgniter.php(494): CodeIgniter\CodeIgniter->runController(Object(App\Controllers\Dashboard))
#8 C:\xampp\htdocs\apps\gestion_expedientes\system\CodeIgniter.php(353): CodeIgniter\CodeIgniter->handleRequest(NULL, Object(Config\Cache), false)
#9 C:\xampp\htdocs\apps\gestion_expedientes\index.php(79): CodeIgniter\CodeIgniter->run()
#10 {main}
CRITICAL - 2026-02-27 12:28:03 --> Unknown column 'id_estado' in 'where clause'
in SYSTEMPATH\Database\BaseConnection.php on line 646.
 1 SYSTEMPATH\Database\BaseBuilder.php(1699): CodeIgniter\Database\BaseConnection->query('SELECT COUNT(*) AS `numrows`
FROM `denuncias`
WHERE `id_estado` = :id_estado:', [...], false)
 2 SYSTEMPATH\Model.php(599): CodeIgniter\Database\BaseBuilder->countAllResults(true)
 3 APPPATH\Controllers\Dashboard.php(34): CodeIgniter\Model->countAllResults()
 4 SYSTEMPATH\CodeIgniter.php(919): App\Controllers\Dashboard->index()
 5 SYSTEMPATH\CodeIgniter.php(494): CodeIgniter\CodeIgniter->runController(Object(App\Controllers\Dashboard))
 6 SYSTEMPATH\CodeIgniter.php(353): CodeIgniter\CodeIgniter->handleRequest(null, Object(Config\Cache), false)
 7 FCPATH\index.php(79): CodeIgniter\CodeIgniter->run()
ERROR - 2026-02-27 12:28:13 --> mysqli_sql_exception: Unknown column 'id_estado' in 'where clause' in C:\xampp\htdocs\apps\gestion_expedientes\system\Database\MySQLi\Connection.php:306
Stack trace:
#0 C:\xampp\htdocs\apps\gestion_expedientes\system\Database\MySQLi\Connection.php(306): mysqli->query('SELECT COUNT(*)...', 0)
#1 C:\xampp\htdocs\apps\gestion_expedientes\system\Database\BaseConnection.php(692): CodeIgniter\Database\MySQLi\Connection->execute('SELECT COUNT(*)...')
#2 C:\xampp\htdocs\apps\gestion_expedientes\system\Database\BaseConnection.php(606): CodeIgniter\Database\BaseConnection->simpleQuery('SELECT COUNT(*)...')
#3 C:\xampp\htdocs\apps\gestion_expedientes\system\Database\BaseBuilder.php(1699): CodeIgniter\Database\BaseConnection->query('SELECT COUNT(*)...', Array, false)
#4 C:\xampp\htdocs\apps\gestion_expedientes\system\Model.php(599): CodeIgniter\Database\BaseBuilder->countAllResults(true)
#5 C:\xampp\htdocs\apps\gestion_expedientes\app\Controllers\Dashboard.php(34): CodeIgniter\Model->countAllResults()
#6 C:\xampp\htdocs\apps\gestion_expedientes\system\CodeIgniter.php(919): App\Controllers\Dashboard->index()
#7 C:\xampp\htdocs\apps\gestion_expedientes\system\CodeIgniter.php(494): CodeIgniter\CodeIgniter->runController(Object(App\Controllers\Dashboard))
#8 C:\xampp\htdocs\apps\gestion_expedientes\system\CodeIgniter.php(353): CodeIgniter\CodeIgniter->handleRequest(NULL, Object(Config\Cache), false)
#9 C:\xampp\htdocs\apps\gestion_expedientes\index.php(79): CodeIgniter\CodeIgniter->run()
#10 {main}
CRITICAL - 2026-02-27 12:28:13 --> Unknown column 'id_estado' in 'where clause'
in SYSTEMPATH\Database\BaseConnection.php on line 646.
 1 SYSTEMPATH\Database\BaseBuilder.php(1699): CodeIgniter\Database\BaseConnection->query('SELECT COUNT(*) AS `numrows`
FROM `denuncias`
WHERE `id_estado` = :id_estado:', [...], false)
 2 SYSTEMPATH\Model.php(599): CodeIgniter\Database\BaseBuilder->countAllResults(true)
 3 APPPATH\Controllers\Dashboard.php(34): CodeIgniter\Model->countAllResults()
 4 SYSTEMPATH\CodeIgniter.php(919): App\Controllers\Dashboard->index()
 5 SYSTEMPATH\CodeIgniter.php(494): CodeIgniter\CodeIgniter->runController(Object(App\Controllers\Dashboard))
 6 SYSTEMPATH\CodeIgniter.php(353): CodeIgniter\CodeIgniter->handleRequest(null, Object(Config\Cache), false)
 7 FCPATH\index.php(79): CodeIgniter\CodeIgniter->run()
ERROR - 2026-02-27 12:28:13 --> mysqli_sql_exception: Unknown column 'id_estado' in 'where clause' in C:\xampp\htdocs\apps\gestion_expedientes\system\Database\MySQLi\Connection.php:306
Stack trace:
#0 C:\xampp\htdocs\apps\gestion_expedientes\system\Database\MySQLi\Connection.php(306): mysqli->query('SELECT COUNT(*)...', 0)
#1 C:\xampp\htdocs\apps\gestion_expedientes\system\Database\BaseConnection.php(692): CodeIgniter\Database\MySQLi\Connection->execute('SELECT COUNT(*)...')
#2 C:\xampp\htdocs\apps\gestion_expedientes\system\Database\BaseConnection.php(606): CodeIgniter\Database\BaseConnection->simpleQuery('SELECT COUNT(*)...')
#3 C:\xampp\htdocs\apps\gestion_expedientes\system\Database\BaseBuilder.php(1699): CodeIgniter\Database\BaseConnection->query('SELECT COUNT(*)...', Array, false)
#4 C:\xampp\htdocs\apps\gestion_expedientes\system\Model.php(599): CodeIgniter\Database\BaseBuilder->countAllResults(true)
#5 C:\xampp\htdocs\apps\gestion_expedientes\app\Controllers\Dashboard.php(34): CodeIgniter\Model->countAllResults()
#6 C:\xampp\htdocs\apps\gestion_expedientes\system\CodeIgniter.php(919): App\Controllers\Dashboard->index()
#7 C:\xampp\htdocs\apps\gestion_expedientes\system\CodeIgniter.php(494): CodeIgniter\CodeIgniter->runController(Object(App\Controllers\Dashboard))
#8 C:\xampp\htdocs\apps\gestion_expedientes\system\CodeIgniter.php(353): CodeIgniter\CodeIgniter->handleRequest(NULL, Object(Config\Cache), false)
#9 C:\xampp\htdocs\apps\gestion_expedientes\index.php(79): CodeIgniter\CodeIgniter->run()
#10 {main}
CRITICAL - 2026-02-27 12:28:13 --> Unknown column 'id_estado' in 'where clause'
in SYSTEMPATH\Database\BaseConnection.php on line 646.
 1 SYSTEMPATH\Database\BaseBuilder.php(1699): CodeIgniter\Database\BaseConnection->query('SELECT COUNT(*) AS `numrows`
FROM `denuncias`
WHERE `id_estado` = :id_estado:', [...], false)
 2 SYSTEMPATH\Model.php(599): CodeIgniter\Database\BaseBuilder->countAllResults(true)
 3 APPPATH\Controllers\Dashboard.php(34): CodeIgniter\Model->countAllResults()
 4 SYSTEMPATH\CodeIgniter.php(919): App\Controllers\Dashboard->index()
 5 SYSTEMPATH\CodeIgniter.php(494): CodeIgniter\CodeIgniter->runController(Object(App\Controllers\Dashboard))
 6 SYSTEMPATH\CodeIgniter.php(353): CodeIgniter\CodeIgniter->handleRequest(null, Object(Config\Cache), false)
 7 FCPATH\index.php(79): CodeIgniter\CodeIgniter->run()
ERROR - 2026-02-27 12:28:14 --> mysqli_sql_exception: Unknown column 'id_estado' in 'where clause' in C:\xampp\htdocs\apps\gestion_expedientes\system\Database\MySQLi\Connection.php:306
Stack trace:
#0 C:\xampp\htdocs\apps\gestion_expedientes\system\Database\MySQLi\Connection.php(306): mysqli->query('SELECT COUNT(*)...', 0)
#1 C:\xampp\htdocs\apps\gestion_expedientes\system\Database\BaseConnection.php(692): CodeIgniter\Database\MySQLi\Connection->execute('SELECT COUNT(*)...')
#2 C:\xampp\htdocs\apps\gestion_expedientes\system\Database\BaseConnection.php(606): CodeIgniter\Database\BaseConnection->simpleQuery('SELECT COUNT(*)...')
#3 C:\xampp\htdocs\apps\gestion_expedientes\system\Database\BaseBuilder.php(1699): CodeIgniter\Database\BaseConnection->query('SELECT COUNT(*)...', Array, false)
#4 C:\xampp\htdocs\apps\gestion_expedientes\system\Model.php(599): CodeIgniter\Database\BaseBuilder->countAllResults(true)
#5 C:\xampp\htdocs\apps\gestion_expedientes\app\Controllers\Dashboard.php(34): CodeIgniter\Model->countAllResults()
#6 C:\xampp\htdocs\apps\gestion_expedientes\system\CodeIgniter.php(919): App\Controllers\Dashboard->index()
#7 C:\xampp\htdocs\apps\gestion_expedientes\system\CodeIgniter.php(494): CodeIgniter\CodeIgniter->runController(Object(App\Controllers\Dashboard))
#8 C:\xampp\htdocs\apps\gestion_expedientes\system\CodeIgniter.php(353): CodeIgniter\CodeIgniter->handleRequest(NULL, Object(Config\Cache), false)
#9 C:\xampp\htdocs\apps\gestion_expedientes\index.php(79): CodeIgniter\CodeIgniter->run()
#10 {main}
CRITICAL - 2026-02-27 12:28:14 --> Unknown column 'id_estado' in 'where clause'
in SYSTEMPATH\Database\BaseConnection.php on line 646.
 1 SYSTEMPATH\Database\BaseBuilder.php(1699): CodeIgniter\Database\BaseConnection->query('SELECT COUNT(*) AS `numrows`
FROM `denuncias`
WHERE `id_estado` = :id_estado:', [...], false)
 2 SYSTEMPATH\Model.php(599): CodeIgniter\Database\BaseBuilder->countAllResults(true)
 3 APPPATH\Controllers\Dashboard.php(34): CodeIgniter\Model->countAllResults()
 4 SYSTEMPATH\CodeIgniter.php(919): App\Controllers\Dashboard->index()
 5 SYSTEMPATH\CodeIgniter.php(494): CodeIgniter\CodeIgniter->runController(Object(App\Controllers\Dashboard))
 6 SYSTEMPATH\CodeIgniter.php(353): CodeIgniter\CodeIgniter->handleRequest(null, Object(Config\Cache), false)
 7 FCPATH\index.php(79): CodeIgniter\CodeIgniter->run()
ERROR - 2026-02-27 12:28:35 --> mysqli_sql_exception: Unknown column 'id_estado' in 'where clause' in C:\xampp\htdocs\apps\gestion_expedientes\system\Database\MySQLi\Connection.php:306
Stack trace:
#0 C:\xampp\htdocs\apps\gestion_expedientes\system\Database\MySQLi\Connection.php(306): mysqli->query('SELECT COUNT(*)...', 0)
#1 C:\xampp\htdocs\apps\gestion_expedientes\system\Database\BaseConnection.php(692): CodeIgniter\Database\MySQLi\Connection->execute('SELECT COUNT(*)...')
#2 C:\xampp\htdocs\apps\gestion_expedientes\system\Database\BaseConnection.php(606): CodeIgniter\Database\BaseConnection->simpleQuery('SELECT COUNT(*)...')
#3 C:\xampp\htdocs\apps\gestion_expedientes\system\Database\BaseBuilder.php(1699): CodeIgniter\Database\BaseConnection->query('SELECT COUNT(*)...', Array, false)
#4 C:\xampp\htdocs\apps\gestion_expedientes\system\Model.php(599): CodeIgniter\Database\BaseBuilder->countAllResults(true)
#5 C:\xampp\htdocs\apps\gestion_expedientes\app\Controllers\Dashboard.php(34): CodeIgniter\Model->countAllResults()
#6 C:\xampp\htdocs\apps\gestion_expedientes\system\CodeIgniter.php(919): App\Controllers\Dashboard->index()
#7 C:\xampp\htdocs\apps\gestion_expedientes\system\CodeIgniter.php(494): CodeIgniter\CodeIgniter->runController(Object(App\Controllers\Dashboard))
#8 C:\xampp\htdocs\apps\gestion_expedientes\system\CodeIgniter.php(353): CodeIgniter\CodeIgniter->handleRequest(NULL, Object(Config\Cache), false)
#9 C:\xampp\htdocs\apps\gestion_expedientes\index.php(79): CodeIgniter\CodeIgniter->run()
#10 {main}
CRITICAL - 2026-02-27 12:28:35 --> Unknown column 'id_estado' in 'where clause'
in SYSTEMPATH\Database\BaseConnection.php on line 646.
 1 SYSTEMPATH\Database\BaseBuilder.php(1699): CodeIgniter\Database\BaseConnection->query('SELECT COUNT(*) AS `numrows`
FROM `denuncias`
WHERE `id_estado` = :id_estado:', [...], false)
 2 SYSTEMPATH\Model.php(599): CodeIgniter\Database\BaseBuilder->countAllResults(true)
 3 APPPATH\Controllers\Dashboard.php(34): CodeIgniter\Model->countAllResults()
 4 SYSTEMPATH\CodeIgniter.php(919): App\Controllers\Dashboard->index()
 5 SYSTEMPATH\CodeIgniter.php(494): CodeIgniter\CodeIgniter->runController(Object(App\Controllers\Dashboard))
 6 SYSTEMPATH\CodeIgniter.php(353): CodeIgniter\CodeIgniter->handleRequest(null, Object(Config\Cache), false)
 7 FCPATH\index.php(79): CodeIgniter\CodeIgniter->run()
ERROR - 2026-02-27 12:28:37 --> mysqli_sql_exception: Unknown column 'id_estado' in 'where clause' in C:\xampp\htdocs\apps\gestion_expedientes\system\Database\MySQLi\Connection.php:306
Stack trace:
#0 C:\xampp\htdocs\apps\gestion_expedientes\system\Database\MySQLi\Connection.php(306): mysqli->query('SELECT COUNT(*)...', 0)
#1 C:\xampp\htdocs\apps\gestion_expedientes\system\Database\BaseConnection.php(692): CodeIgniter\Database\MySQLi\Connection->execute('SELECT COUNT(*)...')
#2 C:\xampp\htdocs\apps\gestion_expedientes\system\Database\BaseConnection.php(606): CodeIgniter\Database\BaseConnection->simpleQuery('SELECT COUNT(*)...')
#3 C:\xampp\htdocs\apps\gestion_expedientes\system\Database\BaseBuilder.php(1699): CodeIgniter\Database\BaseConnection->query('SELECT COUNT(*)...', Array, false)
#4 C:\xampp\htdocs\apps\gestion_expedientes\system\Model.php(599): CodeIgniter\Database\BaseBuilder->countAllResults(true)
#5 C:\xampp\htdocs\apps\gestion_expedientes\app\Controllers\Dashboard.php(34): CodeIgniter\Model->countAllResults()
#6 C:\xampp\htdocs\apps\gestion_expedientes\system\CodeIgniter.php(919): App\Controllers\Dashboard->index()
#7 C:\xampp\htdocs\apps\gestion_expedientes\system\CodeIgniter.php(494): CodeIgniter\CodeIgniter->runController(Object(App\Controllers\Dashboard))
#8 C:\xampp\htdocs\apps\gestion_expedientes\system\CodeIgniter.php(353): CodeIgniter\CodeIgniter->handleRequest(NULL, Object(Config\Cache), false)
#9 C:\xampp\htdocs\apps\gestion_expedientes\index.php(79): CodeIgniter\CodeIgniter->run()
#10 {main}
CRITICAL - 2026-02-27 12:28:37 --> Unknown column 'id_estado' in 'where clause'
in SYSTEMPATH\Database\BaseConnection.php on line 646.
 1 SYSTEMPATH\Database\BaseBuilder.php(1699): CodeIgniter\Database\BaseConnection->query('SELECT COUNT(*) AS `numrows`
FROM `denuncias`
WHERE `id_estado` = :id_estado:', [...], false)
 2 SYSTEMPATH\Model.php(599): CodeIgniter\Database\BaseBuilder->countAllResults(true)
 3 APPPATH\Controllers\Dashboard.php(34): CodeIgniter\Model->countAllResults()
 4 SYSTEMPATH\CodeIgniter.php(919): App\Controllers\Dashboard->index()
 5 SYSTEMPATH\CodeIgniter.php(494): CodeIgniter\CodeIgniter->runController(Object(App\Controllers\Dashboard))
 6 SYSTEMPATH\CodeIgniter.php(353): CodeIgniter\CodeIgniter->handleRequest(null, Object(Config\Cache), false)
 7 FCPATH\index.php(79): CodeIgniter\CodeIgniter->run()
ERROR - 2026-02-27 12:28:38 --> mysqli_sql_exception: Unknown column 'id_estado' in 'where clause' in C:\xampp\htdocs\apps\gestion_expedientes\system\Database\MySQLi\Connection.php:306
Stack trace:
#0 C:\xampp\htdocs\apps\gestion_expedientes\system\Database\MySQLi\Connection.php(306): mysqli->query('SELECT COUNT(*)...', 0)
#1 C:\xampp\htdocs\apps\gestion_expedientes\system\Database\BaseConnection.php(692): CodeIgniter\Database\MySQLi\Connection->execute('SELECT COUNT(*)...')
#2 C:\xampp\htdocs\apps\gestion_expedientes\system\Database\BaseConnection.php(606): CodeIgniter\Database\BaseConnection->simpleQuery('SELECT COUNT(*)...')
#3 C:\xampp\htdocs\apps\gestion_expedientes\system\Database\BaseBuilder.php(1699): CodeIgniter\Database\BaseConnection->query('SELECT COUNT(*)...', Array, false)
#4 C:\xampp\htdocs\apps\gestion_expedientes\system\Model.php(599): CodeIgniter\Database\BaseBuilder->countAllResults(true)
#5 C:\xampp\htdocs\apps\gestion_expedientes\app\Controllers\Dashboard.php(34): CodeIgniter\Model->countAllResults()
#6 C:\xampp\htdocs\apps\gestion_expedientes\system\CodeIgniter.php(919): App\Controllers\Dashboard->index()
#7 C:\xampp\htdocs\apps\gestion_expedientes\system\CodeIgniter.php(494): CodeIgniter\CodeIgniter->runController(Object(App\Controllers\Dashboard))
#8 C:\xampp\htdocs\apps\gestion_expedientes\system\CodeIgniter.php(353): CodeIgniter\CodeIgniter->handleRequest(NULL, Object(Config\Cache), false)
#9 C:\xampp\htdocs\apps\gestion_expedientes\index.php(79): CodeIgniter\CodeIgniter->run()
#10 {main}
CRITICAL - 2026-02-27 12:28:38 --> Unknown column 'id_estado' in 'where clause'
in SYSTEMPATH\Database\BaseConnection.php on line 646.
 1 SYSTEMPATH\Database\BaseBuilder.php(1699): CodeIgniter\Database\BaseConnection->query('SELECT COUNT(*) AS `numrows`
FROM `denuncias`
WHERE `id_estado` = :id_estado:', [...], false)
 2 SYSTEMPATH\Model.php(599): CodeIgniter\Database\BaseBuilder->countAllResults(true)
 3 APPPATH\Controllers\Dashboard.php(34): CodeIgniter\Model->countAllResults()
 4 SYSTEMPATH\CodeIgniter.php(919): App\Controllers\Dashboard->index()
 5 SYSTEMPATH\CodeIgniter.php(494): CodeIgniter\CodeIgniter->runController(Object(App\Controllers\Dashboard))
 6 SYSTEMPATH\CodeIgniter.php(353): CodeIgniter\CodeIgniter->handleRequest(null, Object(Config\Cache), false)
 7 FCPATH\index.php(79): CodeIgniter\CodeIgniter->run()
ERROR - 2026-02-27 12:28:54 --> mysqli_sql_exception: Unknown column 'id_estado' in 'where clause' in C:\xampp\htdocs\apps\gestion_expedientes\system\Database\MySQLi\Connection.php:306
Stack trace:
#0 C:\xampp\htdocs\apps\gestion_expedientes\system\Database\MySQLi\Connection.php(306): mysqli->query('SELECT COUNT(*)...', 0)
#1 C:\xampp\htdocs\apps\gestion_expedientes\system\Database\BaseConnection.php(692): CodeIgniter\Database\MySQLi\Connection->execute('SELECT COUNT(*)...')
#2 C:\xampp\htdocs\apps\gestion_expedientes\system\Database\BaseConnection.php(606): CodeIgniter\Database\BaseConnection->simpleQuery('SELECT COUNT(*)...')
#3 C:\xampp\htdocs\apps\gestion_expedientes\system\Database\BaseBuilder.php(1699): CodeIgniter\Database\BaseConnection->query('SELECT COUNT(*)...', Array, false)
#4 C:\xampp\htdocs\apps\gestion_expedientes\system\Model.php(599): CodeIgniter\Database\BaseBuilder->countAllResults(true)
#5 C:\xampp\htdocs\apps\gestion_expedientes\app\Controllers\Dashboard.php(34): CodeIgniter\Model->countAllResults()
#6 C:\xampp\htdocs\apps\gestion_expedientes\system\CodeIgniter.php(919): App\Controllers\Dashboard->index()
#7 C:\xampp\htdocs\apps\gestion_expedientes\system\CodeIgniter.php(494): CodeIgniter\CodeIgniter->runController(Object(App\Controllers\Dashboard))
#8 C:\xampp\htdocs\apps\gestion_expedientes\system\CodeIgniter.php(353): CodeIgniter\CodeIgniter->handleRequest(NULL, Object(Config\Cache), false)
#9 C:\xampp\htdocs\apps\gestion_expedientes\index.php(79): CodeIgniter\CodeIgniter->run()
#10 {main}
CRITICAL - 2026-02-27 12:28:54 --> Unknown column 'id_estado' in 'where clause'
in SYSTEMPATH\Database\BaseConnection.php on line 646.
 1 SYSTEMPATH\Database\BaseBuilder.php(1699): CodeIgniter\Database\BaseConnection->query('SELECT COUNT(*) AS `numrows`
FROM `denuncias`
WHERE `id_estado` = :id_estado:', [...], false)
 2 SYSTEMPATH\Model.php(599): CodeIgniter\Database\BaseBuilder->countAllResults(true)
 3 APPPATH\Controllers\Dashboard.php(34): CodeIgniter\Model->countAllResults()
 4 SYSTEMPATH\CodeIgniter.php(919): App\Controllers\Dashboard->index()
 5 SYSTEMPATH\CodeIgniter.php(494): CodeIgniter\CodeIgniter->runController(Object(App\Controllers\Dashboard))
 6 SYSTEMPATH\CodeIgniter.php(353): CodeIgniter\CodeIgniter->handleRequest(null, Object(Config\Cache), false)
 7 FCPATH\index.php(79): CodeIgniter\CodeIgniter->run()
ERROR - 2026-02-27 12:28:56 --> mysqli_sql_exception: Unknown column 'id_estado' in 'where clause' in C:\xampp\htdocs\apps\gestion_expedientes\system\Database\MySQLi\Connection.php:306
Stack trace:
#0 C:\xampp\htdocs\apps\gestion_expedientes\system\Database\MySQLi\Connection.php(306): mysqli->query('SELECT COUNT(*)...', 0)
#1 C:\xampp\htdocs\apps\gestion_expedientes\system\Database\BaseConnection.php(692): CodeIgniter\Database\MySQLi\Connection->execute('SELECT COUNT(*)...')
#2 C:\xampp\htdocs\apps\gestion_expedientes\system\Database\BaseConnection.php(606): CodeIgniter\Database\BaseConnection->simpleQuery('SELECT COUNT(*)...')
#3 C:\xampp\htdocs\apps\gestion_expedientes\system\Database\BaseBuilder.php(1699): CodeIgniter\Database\BaseConnection->query('SELECT COUNT(*)...', Array, false)
#4 C:\xampp\htdocs\apps\gestion_expedientes\system\Model.php(599): CodeIgniter\Database\BaseBuilder->countAllResults(true)
#5 C:\xampp\htdocs\apps\gestion_expedientes\app\Controllers\Dashboard.php(34): CodeIgniter\Model->countAllResults()
#6 C:\xampp\htdocs\apps\gestion_expedientes\system\CodeIgniter.php(919): App\Controllers\Dashboard->index()
#7 C:\xampp\htdocs\apps\gestion_expedientes\system\CodeIgniter.php(494): CodeIgniter\CodeIgniter->runController(Object(App\Controllers\Dashboard))
#8 C:\xampp\htdocs\apps\gestion_expedientes\system\CodeIgniter.php(353): CodeIgniter\CodeIgniter->handleRequest(NULL, Object(Config\Cache), false)
#9 C:\xampp\htdocs\apps\gestion_expedientes\index.php(79): CodeIgniter\CodeIgniter->run()
#10 {main}
CRITICAL - 2026-02-27 12:28:56 --> Unknown column 'id_estado' in 'where clause'
in SYSTEMPATH\Database\BaseConnection.php on line 646.
 1 SYSTEMPATH\Database\BaseBuilder.php(1699): CodeIgniter\Database\BaseConnection->query('SELECT COUNT(*) AS `numrows`
FROM `denuncias`
WHERE `id_estado` = :id_estado:', [...], false)
 2 SYSTEMPATH\Model.php(599): CodeIgniter\Database\BaseBuilder->countAllResults(true)
 3 APPPATH\Controllers\Dashboard.php(34): CodeIgniter\Model->countAllResults()
 4 SYSTEMPATH\CodeIgniter.php(919): App\Controllers\Dashboard->index()
 5 SYSTEMPATH\CodeIgniter.php(494): CodeIgniter\CodeIgniter->runController(Object(App\Controllers\Dashboard))
 6 SYSTEMPATH\CodeIgniter.php(353): CodeIgniter\CodeIgniter->handleRequest(null, Object(Config\Cache), false)
 7 FCPATH\index.php(79): CodeIgniter\CodeIgniter->run()
ERROR - 2026-02-27 12:30:04 --> mysqli_sql_exception: Unknown column 'id_estado' in 'where clause' in C:\xampp\htdocs\apps\gestion_expedientes\system\Database\MySQLi\Connection.php:306
Stack trace:
#0 C:\xampp\htdocs\apps\gestion_expedientes\system\Database\MySQLi\Connection.php(306): mysqli->query('SELECT COUNT(*)...', 0)
#1 C:\xampp\htdocs\apps\gestion_expedientes\system\Database\BaseConnection.php(692): CodeIgniter\Database\MySQLi\Connection->execute('SELECT COUNT(*)...')
#2 C:\xampp\htdocs\apps\gestion_expedientes\system\Database\BaseConnection.php(606): CodeIgniter\Database\BaseConnection->simpleQuery('SELECT COUNT(*)...')
#3 C:\xampp\htdocs\apps\gestion_expedientes\system\Database\BaseBuilder.php(1699): CodeIgniter\Database\BaseConnection->query('SELECT COUNT(*)...', Array, false)
#4 C:\xampp\htdocs\apps\gestion_expedientes\system\Model.php(599): CodeIgniter\Database\BaseBuilder->countAllResults(true)
#5 C:\xampp\htdocs\apps\gestion_expedientes\app\Controllers\Dashboard.php(34): CodeIgniter\Model->countAllResults()
#6 C:\xampp\htdocs\apps\gestion_expedientes\system\CodeIgniter.php(919): App\Controllers\Dashboard->index()
#7 C:\xampp\htdocs\apps\gestion_expedientes\system\CodeIgniter.php(494): CodeIgniter\CodeIgniter->runController(Object(App\Controllers\Dashboard))
#8 C:\xampp\htdocs\apps\gestion_expedientes\system\CodeIgniter.php(353): CodeIgniter\CodeIgniter->handleRequest(NULL, Object(Config\Cache), false)
#9 C:\xampp\htdocs\apps\gestion_expedientes\index.php(79): CodeIgniter\CodeIgniter->run()
#10 {main}
CRITICAL - 2026-02-27 12:30:04 --> Unknown column 'id_estado' in 'where clause'
in SYSTEMPATH\Database\BaseConnection.php on line 646.
 1 SYSTEMPATH\Database\BaseBuilder.php(1699): CodeIgniter\Database\BaseConnection->query('SELECT COUNT(*) AS `numrows`
FROM `denuncias`
WHERE `id_estado` = :id_estado:', [...], false)
 2 SYSTEMPATH\Model.php(599): CodeIgniter\Database\BaseBuilder->countAllResults(true)
 3 APPPATH\Controllers\Dashboard.php(34): CodeIgniter\Model->countAllResults()
 4 SYSTEMPATH\CodeIgniter.php(919): App\Controllers\Dashboard->index()
 5 SYSTEMPATH\CodeIgniter.php(494): CodeIgniter\CodeIgniter->runController(Object(App\Controllers\Dashboard))
 6 SYSTEMPATH\CodeIgniter.php(353): CodeIgniter\CodeIgniter->handleRequest(null, Object(Config\Cache), false)
 7 FCPATH\index.php(79): CodeIgniter\CodeIgniter->run()
ERROR - 2026-02-27 12:30:05 --> mysqli_sql_exception: Unknown column 'id_estado' in 'where clause' in C:\xampp\htdocs\apps\gestion_expedientes\system\Database\MySQLi\Connection.php:306
Stack trace:
#0 C:\xampp\htdocs\apps\gestion_expedientes\system\Database\MySQLi\Connection.php(306): mysqli->query('SELECT COUNT(*)...', 0)
#1 C:\xampp\htdocs\apps\gestion_expedientes\system\Database\BaseConnection.php(692): CodeIgniter\Database\MySQLi\Connection->execute('SELECT COUNT(*)...')
#2 C:\xampp\htdocs\apps\gestion_expedientes\system\Database\BaseConnection.php(606): CodeIgniter\Database\BaseConnection->simpleQuery('SELECT COUNT(*)...')
#3 C:\xampp\htdocs\apps\gestion_expedientes\system\Database\BaseBuilder.php(1699): CodeIgniter\Database\BaseConnection->query('SELECT COUNT(*)...', Array, false)
#4 C:\xampp\htdocs\apps\gestion_expedientes\system\Model.php(599): CodeIgniter\Database\BaseBuilder->countAllResults(true)
#5 C:\xampp\htdocs\apps\gestion_expedientes\app\Controllers\Dashboard.php(34): CodeIgniter\Model->countAllResults()
#6 C:\xampp\htdocs\apps\gestion_expedientes\system\CodeIgniter.php(919): App\Controllers\Dashboard->index()
#7 C:\xampp\htdocs\apps\gestion_expedientes\system\CodeIgniter.php(494): CodeIgniter\CodeIgniter->runController(Object(App\Controllers\Dashboard))
#8 C:\xampp\htdocs\apps\gestion_expedientes\system\CodeIgniter.php(353): CodeIgniter\CodeIgniter->handleRequest(NULL, Object(Config\Cache), false)
#9 C:\xampp\htdocs\apps\gestion_expedientes\index.php(79): CodeIgniter\CodeIgniter->run()
#10 {main}
CRITICAL - 2026-02-27 12:30:05 --> Unknown column 'id_estado' in 'where clause'
in SYSTEMPATH\Database\BaseConnection.php on line 646.
 1 SYSTEMPATH\Database\BaseBuilder.php(1699): CodeIgniter\Database\BaseConnection->query('SELECT COUNT(*) AS `numrows`
FROM `denuncias`
WHERE `id_estado` = :id_estado:', [...], false)
 2 SYSTEMPATH\Model.php(599): CodeIgniter\Database\BaseBuilder->countAllResults(true)
 3 APPPATH\Controllers\Dashboard.php(34): CodeIgniter\Model->countAllResults()
 4 SYSTEMPATH\CodeIgniter.php(919): App\Controllers\Dashboard->index()
 5 SYSTEMPATH\CodeIgniter.php(494): CodeIgniter\CodeIgniter->runController(Object(App\Controllers\Dashboard))
 6 SYSTEMPATH\CodeIgniter.php(353): CodeIgniter\CodeIgniter->handleRequest(null, Object(Config\Cache), false)
 7 FCPATH\index.php(79): CodeIgniter\CodeIgniter->run()
ERROR - 2026-02-27 12:30:28 --> mysqli_sql_exception: Unknown column 'id_estado' in 'where clause' in C:\xampp\htdocs\apps\gestion_expedientes\system\Database\MySQLi\Connection.php:306
Stack trace:
#0 C:\xampp\htdocs\apps\gestion_expedientes\system\Database\MySQLi\Connection.php(306): mysqli->query('SELECT COUNT(*)...', 0)
#1 C:\xampp\htdocs\apps\gestion_expedientes\system\Database\BaseConnection.php(692): CodeIgniter\Database\MySQLi\Connection->execute('SELECT COUNT(*)...')
#2 C:\xampp\htdocs\apps\gestion_expedientes\system\Database\BaseConnection.php(606): CodeIgniter\Database\BaseConnection->simpleQuery('SELECT COUNT(*)...')
#3 C:\xampp\htdocs\apps\gestion_expedientes\system\Database\BaseBuilder.php(1699): CodeIgniter\Database\BaseConnection->query('SELECT COUNT(*)...', Array, false)
#4 C:\xampp\htdocs\apps\gestion_expedientes\system\Model.php(599): CodeIgniter\Database\BaseBuilder->countAllResults(true)
#5 C:\xampp\htdocs\apps\gestion_expedientes\app\Controllers\Dashboard.php(34): CodeIgniter\Model->countAllResults()
#6 C:\xampp\htdocs\apps\gestion_expedientes\system\CodeIgniter.php(919): App\Controllers\Dashboard->index()
#7 C:\xampp\htdocs\apps\gestion_expedientes\system\CodeIgniter.php(494): CodeIgniter\CodeIgniter->runController(Object(App\Controllers\Dashboard))
#8 C:\xampp\htdocs\apps\gestion_expedientes\system\CodeIgniter.php(353): CodeIgniter\CodeIgniter->handleRequest(NULL, Object(Config\Cache), false)
#9 C:\xampp\htdocs\apps\gestion_expedientes\index.php(79): CodeIgniter\CodeIgniter->run()
#10 {main}
CRITICAL - 2026-02-27 12:30:28 --> Unknown column 'id_estado' in 'where clause'
in SYSTEMPATH\Database\BaseConnection.php on line 646.
 1 SYSTEMPATH\Database\BaseBuilder.php(1699): CodeIgniter\Database\BaseConnection->query('SELECT COUNT(*) AS `numrows`
FROM `denuncias`
WHERE `id_estado` = :id_estado:', [...], false)
 2 SYSTEMPATH\Model.php(599): CodeIgniter\Database\BaseBuilder->countAllResults(true)
 3 APPPATH\Controllers\Dashboard.php(34): CodeIgniter\Model->countAllResults()
 4 SYSTEMPATH\CodeIgniter.php(919): App\Controllers\Dashboard->index()
 5 SYSTEMPATH\CodeIgniter.php(494): CodeIgniter\CodeIgniter->runController(Object(App\Controllers\Dashboard))
 6 SYSTEMPATH\CodeIgniter.php(353): CodeIgniter\CodeIgniter->handleRequest(null, Object(Config\Cache), false)
 7 FCPATH\index.php(79): CodeIgniter\CodeIgniter->run()
CRITICAL - 2026-02-27 12:31:38 --> Undefined array key "your_subject"
in APPPATH\Views\dashboard.php on line 97.
 1 APPPATH\Views\dashboard.php(97): CodeIgniter\Debug\Exceptions->errorHandler(2, 'Undefined array key "your_subject"', 'C:\\xampp\\htdocs\\apps\\gestion_expedientes\\app\\Views\\dashboard.php', 97)
 2 SYSTEMPATH\View\View.php(226): include('C:\\xampp\\htdocs\\apps\\gestion_expedientes\\app\\Views\\dashboard.php')
 3 SYSTEMPATH\View\View.php(229): CodeIgniter\View\View->CodeIgniter\View\{closure}()
 4 SYSTEMPATH\Common.php(1188): CodeIgniter\View\View->render('dashboard', [], true)
 5 APPPATH\Controllers\Dashboard.php(40): view('dashboard', [...])
 6 SYSTEMPATH\CodeIgniter.php(919): App\Controllers\Dashboard->index()
 7 SYSTEMPATH\CodeIgniter.php(494): CodeIgniter\CodeIgniter->runController(Object(App\Controllers\Dashboard))
 8 SYSTEMPATH\CodeIgniter.php(353): CodeIgniter\CodeIgniter->handleRequest(null, Object(Config\Cache), false)
 9 FCPATH\index.php(79): CodeIgniter\CodeIgniter->run()
CRITICAL - 2026-02-27 12:31:39 --> Undefined array key "your_subject"
in APPPATH\Views\dashboard.php on line 97.
 1 APPPATH\Views\dashboard.php(97): CodeIgniter\Debug\Exceptions->errorHandler(2, 'Undefined array key "your_subject"', 'C:\\xampp\\htdocs\\apps\\gestion_expedientes\\app\\Views\\dashboard.php', 97)
 2 SYSTEMPATH\View\View.php(226): include('C:\\xampp\\htdocs\\apps\\gestion_expedientes\\app\\Views\\dashboard.php')
 3 SYSTEMPATH\View\View.php(229): CodeIgniter\View\View->CodeIgniter\View\{closure}()
 4 SYSTEMPATH\Common.php(1188): CodeIgniter\View\View->render('dashboard', [], true)
 5 APPPATH\Controllers\Dashboard.php(40): view('dashboard', [...])
 6 SYSTEMPATH\CodeIgniter.php(919): App\Controllers\Dashboard->index()
 7 SYSTEMPATH\CodeIgniter.php(494): CodeIgniter\CodeIgniter->runController(Object(App\Controllers\Dashboard))
 8 SYSTEMPATH\CodeIgniter.php(353): CodeIgniter\CodeIgniter->handleRequest(null, Object(Config\Cache), false)
 9 FCPATH\index.php(79): CodeIgniter\CodeIgniter->run()
ERROR - 2026-02-27 12:32:55 --> mysqli_sql_exception: Table 'gest_exp.doc_files' doesn't exist in C:\xampp\htdocs\apps\gestion_expedientes\system\Database\MySQLi\Connection.php:306
Stack trace:
#0 C:\xampp\htdocs\apps\gestion_expedientes\system\Database\MySQLi\Connection.php(306): mysqli->query('SELECT *\nFROM `...', 0)
#1 C:\xampp\htdocs\apps\gestion_expedientes\system\Database\BaseConnection.php(692): CodeIgniter\Database\MySQLi\Connection->execute('SELECT *\nFROM `...')
#2 C:\xampp\htdocs\apps\gestion_expedientes\system\Database\BaseConnection.php(606): CodeIgniter\Database\BaseConnection->simpleQuery('SELECT *\nFROM `...')
#3 C:\xampp\htdocs\apps\gestion_expedientes\system\Database\BaseBuilder.php(1615): CodeIgniter\Database\BaseConnection->query('SELECT *\nFROM `...', Array, false)
#4 C:\xampp\htdocs\apps\gestion_expedientes\system\Model.php(237): CodeIgniter\Database\BaseBuilder->get()
#5 C:\xampp\htdocs\apps\gestion_expedientes\system\BaseModel.php(624): CodeIgniter\Model->doFindAll(0, 0)
#6 C:\xampp\htdocs\apps\gestion_expedientes\app\Controllers\FileController.php(28): CodeIgniter\BaseModel->findAll()
#7 C:\xampp\htdocs\apps\gestion_expedientes\system\CodeIgniter.php(919): App\Controllers\FileController->files_backend()
#8 C:\xampp\htdocs\apps\gestion_expedientes\system\CodeIgniter.php(494): CodeIgniter\CodeIgniter->runController(Object(App\Controllers\FileController))
#9 C:\xampp\htdocs\apps\gestion_expedientes\system\CodeIgniter.php(353): CodeIgniter\CodeIgniter->handleRequest(NULL, Object(Config\Cache), false)
#10 C:\xampp\htdocs\apps\gestion_expedientes\index.php(79): CodeIgniter\CodeIgniter->run()
#11 {main}
CRITICAL - 2026-02-27 12:32:55 --> Table 'gest_exp.doc_files' doesn't exist
in SYSTEMPATH\Database\BaseConnection.php on line 646.
 1 SYSTEMPATH\Database\BaseBuilder.php(1615): CodeIgniter\Database\BaseConnection->query('SELECT *
FROM `doc_files`', [], false)
 2 SYSTEMPATH\Model.php(237): CodeIgniter\Database\BaseBuilder->get()
 3 SYSTEMPATH\BaseModel.php(624): CodeIgniter\Model->doFindAll(0, 0)
 4 APPPATH\Controllers\FileController.php(28): CodeIgniter\BaseModel->findAll()
 5 SYSTEMPATH\CodeIgniter.php(919): App\Controllers\FileController->files_backend()
 6 SYSTEMPATH\CodeIgniter.php(494): CodeIgniter\CodeIgniter->runController(Object(App\Controllers\FileController))
 7 SYSTEMPATH\CodeIgniter.php(353): CodeIgniter\CodeIgniter->handleRequest(null, Object(Config\Cache), false)
 8 FCPATH\index.php(79): CodeIgniter\CodeIgniter->run()
ERROR - 2026-02-27 13:17:33 --> mysqli_sql_exception: Table 'gest_exp.doc_files' doesn't exist in C:\xampp\htdocs\apps\gestion_expedientes\system\Database\MySQLi\Connection.php:306
Stack trace:
#0 C:\xampp\htdocs\apps\gestion_expedientes\system\Database\MySQLi\Connection.php(306): mysqli->query('SELECT *\nFROM `...', 0)
#1 C:\xampp\htdocs\apps\gestion_expedientes\system\Database\BaseConnection.php(692): CodeIgniter\Database\MySQLi\Connection->execute('SELECT *\nFROM `...')
#2 C:\xampp\htdocs\apps\gestion_expedientes\system\Database\BaseConnection.php(606): CodeIgniter\Database\BaseConnection->simpleQuery('SELECT *\nFROM `...')
#3 C:\xampp\htdocs\apps\gestion_expedientes\system\Database\BaseBuilder.php(1615): CodeIgniter\Database\BaseConnection->query('SELECT *\nFROM `...', Array, false)
#4 C:\xampp\htdocs\apps\gestion_expedientes\system\Model.php(237): CodeIgniter\Database\BaseBuilder->get()
#5 C:\xampp\htdocs\apps\gestion_expedientes\system\BaseModel.php(624): CodeIgniter\Model->doFindAll(0, 0)
#6 C:\xampp\htdocs\apps\gestion_expedientes\app\Controllers\FileController.php(28): CodeIgniter\BaseModel->findAll()
#7 C:\xampp\htdocs\apps\gestion_expedientes\system\CodeIgniter.php(919): App\Controllers\FileController->files_backend()
#8 C:\xampp\htdocs\apps\gestion_expedientes\system\CodeIgniter.php(494): CodeIgniter\CodeIgniter->runController(Object(App\Controllers\FileController))
#9 C:\xampp\htdocs\apps\gestion_expedientes\system\CodeIgniter.php(353): CodeIgniter\CodeIgniter->handleRequest(NULL, Object(Config\Cache), false)
#10 C:\xampp\htdocs\apps\gestion_expedientes\index.php(79): CodeIgniter\CodeIgniter->run()
#11 {main}
CRITICAL - 2026-02-27 13:17:33 --> Table 'gest_exp.doc_files' doesn't exist
in SYSTEMPATH\Database\BaseConnection.php on line 646.
 1 SYSTEMPATH\Database\BaseBuilder.php(1615): CodeIgniter\Database\BaseConnection->query('SELECT *
FROM `doc_files`', [], false)
 2 SYSTEMPATH\Model.php(237): CodeIgniter\Database\BaseBuilder->get()
 3 SYSTEMPATH\BaseModel.php(624): CodeIgniter\Model->doFindAll(0, 0)
 4 APPPATH\Controllers\FileController.php(28): CodeIgniter\BaseModel->findAll()
 5 SYSTEMPATH\CodeIgniter.php(919): App\Controllers\FileController->files_backend()
 6 SYSTEMPATH\CodeIgniter.php(494): CodeIgniter\CodeIgniter->runController(Object(App\Controllers\FileController))
 7 SYSTEMPATH\CodeIgniter.php(353): CodeIgniter\CodeIgniter->handleRequest(null, Object(Config\Cache), false)
 8 FCPATH\index.php(79): CodeIgniter\CodeIgniter->run()
