CRITICAL - 2026-03-26 07:31:06 --> Undefined array key "created_atg"
in APPPATH\Views\app\notification.php on line 41.
 1 APPPATH\Views\app\notification.php(41): CodeIgniter\Debug\Exceptions->errorHandler(2, 'Undefined array key "created_atg"', 'C:\\xampp\\htdocs\\apps\\gestion_expedientes\\app\\Views\\app\\notification.php', 41)
 2 SYSTEMPATH\View\View.php(226): include('C:\\xampp\\htdocs\\apps\\gestion_expedientes\\app\\Views\\app\\notification.php')
 3 SYSTEMPATH\View\View.php(229): CodeIgniter\View\View->CodeIgniter\View\{closure}()
 4 SYSTEMPATH\View\View.php(467): CodeIgniter\View\View->render('app/notification', null, true)
 5 APPPATH\Views\app\header.php(95): CodeIgniter\View\View->include('app/notification')
 6 SYSTEMPATH\View\View.php(226): include('C:\\xampp\\htdocs\\apps\\gestion_expedientes\\app\\Views\\app\\header.php')
 7 SYSTEMPATH\View\View.php(229): CodeIgniter\View\View->CodeIgniter\View\{closure}()
 8 SYSTEMPATH\View\View.php(467): CodeIgniter\View\View->render('app/header', null, true)
 9 APPPATH\Views\dossier\index.php(1): CodeIgniter\View\View->include('app/header')
10 SYSTEMPATH\View\View.php(226): include('C:\\xampp\\htdocs\\apps\\gestion_expedientes\\app\\Views\\dossier\\index.php')
11 SYSTEMPATH\View\View.php(229): CodeIgniter\View\View->CodeIgniter\View\{closure}()
12 SYSTEMPATH\Common.php(1188): CodeIgniter\View\View->render('dossier/index', [], true)
13 APPPATH\Controllers\Dossiers.php(92): view('dossier/index', [...])
14 SYSTEMPATH\CodeIgniter.php(919): App\Controllers\Dossiers->index()
15 SYSTEMPATH\CodeIgniter.php(494): CodeIgniter\CodeIgniter->runController(Object(App\Controllers\Dossiers))
16 SYSTEMPATH\CodeIgniter.php(353): CodeIgniter\CodeIgniter->handleRequest(null, Object(Config\Cache), false)
17 FCPATH\index.php(79): CodeIgniter\CodeIgniter->run()
CRITICAL - 2026-03-26 07:58:36 --> Invalid file: "layouts/main.php"
in SYSTEMPATH\Exceptions\FrameworkException.php on line 39.
 1 SYSTEMPATH\View\View.php(214): CodeIgniter\Exceptions\FrameworkException::forInvalidFile('layouts/main.php')
 2 SYSTEMPATH\View\View.php(242): CodeIgniter\View\View->render('layouts/main', null, true)
 3 SYSTEMPATH\View\View.php(467): CodeIgniter\View\View->render('app/notification', null, true)
 4 APPPATH\Views\app\header.php(95): CodeIgniter\View\View->include('app/notification')
 5 SYSTEMPATH\View\View.php(226): include('C:\\xampp\\htdocs\\apps\\gestion_expedientes\\app\\Views\\app\\header.php')
 6 SYSTEMPATH\View\View.php(229): CodeIgniter\View\View->CodeIgniter\View\{closure}()
 7 SYSTEMPATH\View\View.php(467): CodeIgniter\View\View->render('app/header', null, true)
 8 APPPATH\Views\dossier\index.php(1): CodeIgniter\View\View->include('app/header')
 9 SYSTEMPATH\View\View.php(226): include('C:\\xampp\\htdocs\\apps\\gestion_expedientes\\app\\Views\\dossier\\index.php')
10 SYSTEMPATH\View\View.php(229): CodeIgniter\View\View->CodeIgniter\View\{closure}()
11 SYSTEMPATH\Common.php(1188): CodeIgniter\View\View->render('dossier/index', [], true)
12 APPPATH\Controllers\Dossiers.php(92): view('dossier/index', [...])
13 SYSTEMPATH\CodeIgniter.php(919): App\Controllers\Dossiers->index()
14 SYSTEMPATH\CodeIgniter.php(494): CodeIgniter\CodeIgniter->runController(Object(App\Controllers\Dossiers))
15 SYSTEMPATH\CodeIgniter.php(353): CodeIgniter\CodeIgniter->handleRequest(null, Object(Config\Cache), false)
16 FCPATH\index.php(79): CodeIgniter\CodeIgniter->run()
CRITICAL - 2026-03-26 08:00:39 --> Invalid file: "layouts/main.php"
in SYSTEMPATH\Exceptions\FrameworkException.php on line 39.
 1 SYSTEMPATH\View\View.php(214): CodeIgniter\Exceptions\FrameworkException::forInvalidFile('layouts/main.php')
 2 SYSTEMPATH\View\View.php(242): CodeIgniter\View\View->render('layouts/main', null, true)
 3 SYSTEMPATH\View\View.php(467): CodeIgniter\View\View->render('app/notification', null, true)
 4 APPPATH\Views\app\header.php(95): CodeIgniter\View\View->include('app/notification')
 5 SYSTEMPATH\View\View.php(226): include('C:\\xampp\\htdocs\\apps\\gestion_expedientes\\app\\Views\\app\\header.php')
 6 SYSTEMPATH\View\View.php(229): CodeIgniter\View\View->CodeIgniter\View\{closure}()
 7 SYSTEMPATH\View\View.php(467): CodeIgniter\View\View->render('app/header', null, true)
 8 APPPATH\Views\dossier\index.php(1): CodeIgniter\View\View->include('app/header')
 9 SYSTEMPATH\View\View.php(226): include('C:\\xampp\\htdocs\\apps\\gestion_expedientes\\app\\Views\\dossier\\index.php')
10 SYSTEMPATH\View\View.php(229): CodeIgniter\View\View->CodeIgniter\View\{closure}()
11 SYSTEMPATH\Common.php(1188): CodeIgniter\View\View->render('dossier/index', [], true)
12 APPPATH\Controllers\Dossiers.php(92): view('dossier/index', [...])
13 SYSTEMPATH\CodeIgniter.php(919): App\Controllers\Dossiers->index()
14 SYSTEMPATH\CodeIgniter.php(494): CodeIgniter\CodeIgniter->runController(Object(App\Controllers\Dossiers))
15 SYSTEMPATH\CodeIgniter.php(353): CodeIgniter\CodeIgniter->handleRequest(null, Object(Config\Cache), false)
16 FCPATH\index.php(79): CodeIgniter\CodeIgniter->run()
CRITICAL - 2026-03-26 08:00:43 --> Invalid file: "layouts/main.php"
in SYSTEMPATH\Exceptions\FrameworkException.php on line 39.
 1 SYSTEMPATH\View\View.php(214): CodeIgniter\Exceptions\FrameworkException::forInvalidFile('layouts/main.php')
 2 SYSTEMPATH\View\View.php(242): CodeIgniter\View\View->render('layouts/main', null, true)
 3 SYSTEMPATH\View\View.php(467): CodeIgniter\View\View->render('app/notification', null, true)
 4 APPPATH\Views\app\header.php(95): CodeIgniter\View\View->include('app/notification')
 5 SYSTEMPATH\View\View.php(226): include('C:\\xampp\\htdocs\\apps\\gestion_expedientes\\app\\Views\\app\\header.php')
 6 SYSTEMPATH\View\View.php(229): CodeIgniter\View\View->CodeIgniter\View\{closure}()
 7 SYSTEMPATH\View\View.php(467): CodeIgniter\View\View->render('app/header', null, true)
 8 APPPATH\Views\dossier\index.php(1): CodeIgniter\View\View->include('app/header')
 9 SYSTEMPATH\View\View.php(226): include('C:\\xampp\\htdocs\\apps\\gestion_expedientes\\app\\Views\\dossier\\index.php')
10 SYSTEMPATH\View\View.php(229): CodeIgniter\View\View->CodeIgniter\View\{closure}()
11 SYSTEMPATH\Common.php(1188): CodeIgniter\View\View->render('dossier/index', [], true)
12 APPPATH\Controllers\Dossiers.php(92): view('dossier/index', [...])
13 SYSTEMPATH\CodeIgniter.php(919): App\Controllers\Dossiers->index()
14 SYSTEMPATH\CodeIgniter.php(494): CodeIgniter\CodeIgniter->runController(Object(App\Controllers\Dossiers))
15 SYSTEMPATH\CodeIgniter.php(353): CodeIgniter\CodeIgniter->handleRequest(null, Object(Config\Cache), false)
16 FCPATH\index.php(79): CodeIgniter\CodeIgniter->run()
CRITICAL - 2026-03-26 08:01:15 --> Allowed memory size of 1073741824 bytes exhausted (tried to allocate 32768 bytes)
in APPPATH\Views\app\notification.php on line 1.
 1 [internal function]: CodeIgniter\Debug\Exceptions->shutdownHandler()
CRITICAL - 2026-03-26 08:01:35 --> Allowed memory size of 1073741824 bytes exhausted (tried to allocate 32768 bytes)
in APPPATH\Views\app\header.php on line 1.
 1 [internal function]: CodeIgniter\Debug\Exceptions->shutdownHandler()
CRITICAL - 2026-03-26 08:05:58 --> Allowed memory size of 1073741824 bytes exhausted (tried to allocate 32768 bytes)
in APPPATH\Views\app\notification.php on line 1.
 1 [internal function]: CodeIgniter\Debug\Exceptions->shutdownHandler()
CRITICAL - 2026-03-26 08:06:43 --> Allowed memory size of 1073741824 bytes exhausted (tried to allocate 32768 bytes)
in APPPATH\Views\app\notification.php on line 1.
 1 [internal function]: CodeIgniter\Debug\Exceptions->shutdownHandler()
CRITICAL - 2026-03-26 08:08:45 --> Allowed memory size of 1073741824 bytes exhausted (tried to allocate 32768 bytes)
in APPPATH\Views\app\header.php on line 1.
 1 [internal function]: CodeIgniter\Debug\Exceptions->shutdownHandler()
CRITICAL - 2026-03-26 08:09:56 --> Allowed memory size of 1073741824 bytes exhausted (tried to allocate 32768 bytes)
in APPPATH\Views\app\header.php on line 1.
 1 [internal function]: CodeIgniter\Debug\Exceptions->shutdownHandler()
CRITICAL - 2026-03-26 08:10:17 --> Allowed memory size of 1073741824 bytes exhausted (tried to allocate 32768 bytes)
in APPPATH\Views\app\header.php on line 1.
 1 [internal function]: CodeIgniter\Debug\Exceptions->shutdownHandler()
CRITICAL - 2026-03-26 08:20:21 --> Invalid file: "notifications/index.php"
in SYSTEMPATH\Exceptions\FrameworkException.php on line 39.
 1 SYSTEMPATH\View\View.php(214): CodeIgniter\Exceptions\FrameworkException::forInvalidFile('notifications/index.php')
 2 SYSTEMPATH\Common.php(1188): CodeIgniter\View\View->render('notifications/index', [], true)
 3 APPPATH\Controllers\Notifications.php(29): view('notifications/index', [...])
 4 SYSTEMPATH\CodeIgniter.php(919): App\Controllers\Notifications->index()
 5 SYSTEMPATH\CodeIgniter.php(494): CodeIgniter\CodeIgniter->runController(Object(App\Controllers\Notifications))
 6 SYSTEMPATH\CodeIgniter.php(353): CodeIgniter\CodeIgniter->handleRequest(null, Object(Config\Cache), false)
 7 FCPATH\index.php(79): CodeIgniter\CodeIgniter->run()
CRITICAL - 2026-03-26 08:21:37 --> Invalid file: "notifications/index.php"
in SYSTEMPATH\Exceptions\FrameworkException.php on line 39.
 1 SYSTEMPATH\View\View.php(214): CodeIgniter\Exceptions\FrameworkException::forInvalidFile('notifications/index.php')
 2 SYSTEMPATH\Common.php(1188): CodeIgniter\View\View->render('notifications/index', [], true)
 3 APPPATH\Controllers\Notifications.php(29): view('notifications/index', [...])
 4 SYSTEMPATH\CodeIgniter.php(919): App\Controllers\Notifications->index()
 5 SYSTEMPATH\CodeIgniter.php(494): CodeIgniter\CodeIgniter->runController(Object(App\Controllers\Notifications))
 6 SYSTEMPATH\CodeIgniter.php(353): CodeIgniter\CodeIgniter->handleRequest(null, Object(Config\Cache), false)
 7 FCPATH\index.php(79): CodeIgniter\CodeIgniter->run()
CRITICAL - 2026-03-26 08:21:39 --> Invalid file: "notifications/index.php"
in SYSTEMPATH\Exceptions\FrameworkException.php on line 39.
 1 SYSTEMPATH\View\View.php(214): CodeIgniter\Exceptions\FrameworkException::forInvalidFile('notifications/index.php')
 2 SYSTEMPATH\Common.php(1188): CodeIgniter\View\View->render('notifications/index', [], true)
 3 APPPATH\Controllers\Notifications.php(29): view('notifications/index', [...])
 4 SYSTEMPATH\CodeIgniter.php(919): App\Controllers\Notifications->index()
 5 SYSTEMPATH\CodeIgniter.php(494): CodeIgniter\CodeIgniter->runController(Object(App\Controllers\Notifications))
 6 SYSTEMPATH\CodeIgniter.php(353): CodeIgniter\CodeIgniter->handleRequest(null, Object(Config\Cache), false)
 7 FCPATH\index.php(79): CodeIgniter\CodeIgniter->run()
CRITICAL - 2026-03-26 08:23:53 --> Undefined variable $unreadCount
in APPPATH\Views\app\notification.php on line 16.
 1 APPPATH\Views\app\notification.php(16): CodeIgniter\Debug\Exceptions->errorHandler(2, 'Undefined variable $unreadCount', 'C:\\xampp\\htdocs\\apps\\gestion_expedientes\\app\\Views\\app\\notification.php', 16)
 2 SYSTEMPATH\View\View.php(226): include('C:\\xampp\\htdocs\\apps\\gestion_expedientes\\app\\Views\\app\\notification.php')
 3 SYSTEMPATH\View\View.php(229): CodeIgniter\View\View->CodeIgniter\View\{closure}()
 4 SYSTEMPATH\View\View.php(467): CodeIgniter\View\View->render('app/notification', null, true)
 5 APPPATH\Views\app\header.php(95): CodeIgniter\View\View->include('app/notification')
 6 SYSTEMPATH\View\View.php(226): include('C:\\xampp\\htdocs\\apps\\gestion_expedientes\\app\\Views\\app\\header.php')
 7 SYSTEMPATH\View\View.php(229): CodeIgniter\View\View->CodeIgniter\View\{closure}()
 8 SYSTEMPATH\View\View.php(467): CodeIgniter\View\View->render('app/header', null, true)
 9 APPPATH\Views\notifications\index.php(1): CodeIgniter\View\View->include('app/header')
10 SYSTEMPATH\View\View.php(226): include('C:\\xampp\\htdocs\\apps\\gestion_expedientes\\app\\Views\\notifications\\index.php')
11 SYSTEMPATH\View\View.php(229): CodeIgniter\View\View->CodeIgniter\View\{closure}()
12 SYSTEMPATH\Common.php(1188): CodeIgniter\View\View->render('notifications/index', [], true)
13 APPPATH\Controllers\Notifications.php(29): view('notifications/index', [...])
14 SYSTEMPATH\CodeIgniter.php(919): App\Controllers\Notifications->index()
15 SYSTEMPATH\CodeIgniter.php(494): CodeIgniter\CodeIgniter->runController(Object(App\Controllers\Notifications))
16 SYSTEMPATH\CodeIgniter.php(353): CodeIgniter\CodeIgniter->handleRequest(null, Object(Config\Cache), false)
17 FCPATH\index.php(79): CodeIgniter\CodeIgniter->run()
CRITICAL - 2026-03-26 08:34:31 --> Object of type CodeIgniter\Session\Session is not callable
in APPPATH\Controllers\Notifications.php on line 25.
 1 APPPATH\Controllers\Notifications.php(53): App\Controllers\Notifications->getNavbarData()
 2 SYSTEMPATH\CodeIgniter.php(919): App\Controllers\Notifications->index()
 3 SYSTEMPATH\CodeIgniter.php(494): CodeIgniter\CodeIgniter->runController(Object(App\Controllers\Notifications))
 4 SYSTEMPATH\CodeIgniter.php(353): CodeIgniter\CodeIgniter->handleRequest(null, Object(Config\Cache), false)
 5 FCPATH\index.php(79): CodeIgniter\CodeIgniter->run()
CRITICAL - 2026-03-26 08:52:31 --> Undefined variable $unreadCount
in APPPATH\Views\app\notification.php on line 16.
 1 APPPATH\Views\app\notification.php(16): CodeIgniter\Debug\Exceptions->errorHandler(2, 'Undefined variable $unreadCount', 'C:\\xampp\\htdocs\\apps\\gestion_expedientes\\app\\Views\\app\\notification.php', 16)
 2 SYSTEMPATH\View\View.php(226): include('C:\\xampp\\htdocs\\apps\\gestion_expedientes\\app\\Views\\app\\notification.php')
 3 SYSTEMPATH\View\View.php(229): CodeIgniter\View\View->CodeIgniter\View\{closure}()
 4 SYSTEMPATH\View\View.php(467): CodeIgniter\View\View->render('app/notification', null, true)
 5 APPPATH\Views\app\header.php(95): CodeIgniter\View\View->include('app/notification')
 6 SYSTEMPATH\View\View.php(226): include('C:\\xampp\\htdocs\\apps\\gestion_expedientes\\app\\Views\\app\\header.php')
 7 SYSTEMPATH\View\View.php(229): CodeIgniter\View\View->CodeIgniter\View\{closure}()
 8 SYSTEMPATH\View\View.php(467): CodeIgniter\View\View->render('app/header', null, true)
 9 APPPATH\Views\dossier\view.php(1): CodeIgniter\View\View->include('app/header')
10 SYSTEMPATH\View\View.php(226): include('C:\\xampp\\htdocs\\apps\\gestion_expedientes\\app\\Views\\dossier\\view.php')
11 SYSTEMPATH\View\View.php(229): CodeIgniter\View\View->CodeIgniter\View\{closure}()
12 SYSTEMPATH\Common.php(1188): CodeIgniter\View\View->render('dossier/view', [], true)
13 APPPATH\Controllers\Dossiers.php(562): view('dossier/view', [...])
14 SYSTEMPATH\CodeIgniter.php(919): App\Controllers\Dossiers->view('8')
15 SYSTEMPATH\CodeIgniter.php(494): CodeIgniter\CodeIgniter->runController(Object(App\Controllers\Dossiers))
16 SYSTEMPATH\CodeIgniter.php(353): CodeIgniter\CodeIgniter->handleRequest(null, Object(Config\Cache), false)
17 FCPATH\index.php(79): CodeIgniter\CodeIgniter->run()
CRITICAL - 2026-03-26 08:53:13 --> Undefined variable $unreadCount
in APPPATH\Views\app\notification.php on line 16.
 1 APPPATH\Views\app\notification.php(16): CodeIgniter\Debug\Exceptions->errorHandler(2, 'Undefined variable $unreadCount', 'C:\\xampp\\htdocs\\apps\\gestion_expedientes\\app\\Views\\app\\notification.php', 16)
 2 SYSTEMPATH\View\View.php(226): include('C:\\xampp\\htdocs\\apps\\gestion_expedientes\\app\\Views\\app\\notification.php')
 3 SYSTEMPATH\View\View.php(229): CodeIgniter\View\View->CodeIgniter\View\{closure}()
 4 SYSTEMPATH\View\View.php(467): CodeIgniter\View\View->render('app/notification', null, true)
 5 APPPATH\Views\app\header.php(95): CodeIgniter\View\View->include('app/notification')
 6 SYSTEMPATH\View\View.php(226): include('C:\\xampp\\htdocs\\apps\\gestion_expedientes\\app\\Views\\app\\header.php')
 7 SYSTEMPATH\View\View.php(229): CodeIgniter\View\View->CodeIgniter\View\{closure}()
 8 SYSTEMPATH\View\View.php(467): CodeIgniter\View\View->render('app/header', null, true)
 9 APPPATH\Views\dossier\view.php(1): CodeIgniter\View\View->include('app/header')
10 SYSTEMPATH\View\View.php(226): include('C:\\xampp\\htdocs\\apps\\gestion_expedientes\\app\\Views\\dossier\\view.php')
11 SYSTEMPATH\View\View.php(229): CodeIgniter\View\View->CodeIgniter\View\{closure}()
12 SYSTEMPATH\Common.php(1188): CodeIgniter\View\View->render('dossier/view', [], true)
13 APPPATH\Controllers\Dossiers.php(562): view('dossier/view', [...])
14 SYSTEMPATH\CodeIgniter.php(919): App\Controllers\Dossiers->view('33')
15 SYSTEMPATH\CodeIgniter.php(494): CodeIgniter\CodeIgniter->runController(Object(App\Controllers\Dossiers))
16 SYSTEMPATH\CodeIgniter.php(353): CodeIgniter\CodeIgniter->handleRequest(null, Object(Config\Cache), false)
17 FCPATH\index.php(79): CodeIgniter\CodeIgniter->run()
CRITICAL - 2026-03-26 08:57:03 --> Undefined variable $unreadCount
in APPPATH\Views\app\notification.php on line 16.
 1 APPPATH\Views\app\notification.php(16): CodeIgniter\Debug\Exceptions->errorHandler(2, 'Undefined variable $unreadCount', 'C:\\xampp\\htdocs\\apps\\gestion_expedientes\\app\\Views\\app\\notification.php', 16)
 2 SYSTEMPATH\View\View.php(226): include('C:\\xampp\\htdocs\\apps\\gestion_expedientes\\app\\Views\\app\\notification.php')
 3 SYSTEMPATH\View\View.php(229): CodeIgniter\View\View->CodeIgniter\View\{closure}()
 4 SYSTEMPATH\View\View.php(467): CodeIgniter\View\View->render('app/notification', null, true)
 5 APPPATH\Views\app\header.php(95): CodeIgniter\View\View->include('app/notification')
 6 SYSTEMPATH\View\View.php(226): include('C:\\xampp\\htdocs\\apps\\gestion_expedientes\\app\\Views\\app\\header.php')
 7 SYSTEMPATH\View\View.php(229): CodeIgniter\View\View->CodeIgniter\View\{closure}()
 8 SYSTEMPATH\View\View.php(467): CodeIgniter\View\View->render('app/header', null, true)
 9 APPPATH\Views\dossier\view.php(1): CodeIgniter\View\View->include('app/header')
10 SYSTEMPATH\View\View.php(226): include('C:\\xampp\\htdocs\\apps\\gestion_expedientes\\app\\Views\\dossier\\view.php')
11 SYSTEMPATH\View\View.php(229): CodeIgniter\View\View->CodeIgniter\View\{closure}()
12 SYSTEMPATH\Common.php(1188): CodeIgniter\View\View->render('dossier/view', [], true)
13 APPPATH\Controllers\Dossiers.php(567): view('dossier/view', [...])
14 SYSTEMPATH\CodeIgniter.php(919): App\Controllers\Dossiers->view('33')
15 SYSTEMPATH\CodeIgniter.php(494): CodeIgniter\CodeIgniter->runController(Object(App\Controllers\Dossiers))
16 SYSTEMPATH\CodeIgniter.php(353): CodeIgniter\CodeIgniter->handleRequest(null, Object(Config\Cache), false)
17 FCPATH\index.php(79): CodeIgniter\CodeIgniter->run()
CRITICAL - 2026-03-26 08:57:06 --> Undefined variable $unreadCount
in APPPATH\Views\app\notification.php on line 16.
 1 APPPATH\Views\app\notification.php(16): CodeIgniter\Debug\Exceptions->errorHandler(2, 'Undefined variable $unreadCount', 'C:\\xampp\\htdocs\\apps\\gestion_expedientes\\app\\Views\\app\\notification.php', 16)
 2 SYSTEMPATH\View\View.php(226): include('C:\\xampp\\htdocs\\apps\\gestion_expedientes\\app\\Views\\app\\notification.php')
 3 SYSTEMPATH\View\View.php(229): CodeIgniter\View\View->CodeIgniter\View\{closure}()
 4 SYSTEMPATH\View\View.php(467): CodeIgniter\View\View->render('app/notification', null, true)
 5 APPPATH\Views\app\header.php(95): CodeIgniter\View\View->include('app/notification')
 6 SYSTEMPATH\View\View.php(226): include('C:\\xampp\\htdocs\\apps\\gestion_expedientes\\app\\Views\\app\\header.php')
 7 SYSTEMPATH\View\View.php(229): CodeIgniter\View\View->CodeIgniter\View\{closure}()
 8 SYSTEMPATH\View\View.php(467): CodeIgniter\View\View->render('app/header', null, true)
 9 APPPATH\Views\dossier\view.php(1): CodeIgniter\View\View->include('app/header')
10 SYSTEMPATH\View\View.php(226): include('C:\\xampp\\htdocs\\apps\\gestion_expedientes\\app\\Views\\dossier\\view.php')
11 SYSTEMPATH\View\View.php(229): CodeIgniter\View\View->CodeIgniter\View\{closure}()
12 SYSTEMPATH\Common.php(1188): CodeIgniter\View\View->render('dossier/view', [], true)
13 APPPATH\Controllers\Dossiers.php(567): view('dossier/view', [...])
14 SYSTEMPATH\CodeIgniter.php(919): App\Controllers\Dossiers->view('33')
15 SYSTEMPATH\CodeIgniter.php(494): CodeIgniter\CodeIgniter->runController(Object(App\Controllers\Dossiers))
16 SYSTEMPATH\CodeIgniter.php(353): CodeIgniter\CodeIgniter->handleRequest(null, Object(Config\Cache), false)
17 FCPATH\index.php(79): CodeIgniter\CodeIgniter->run()
CRITICAL - 2026-03-26 08:59:26 --> Undefined variable $unreadCount
in APPPATH\Views\app\notification.php on line 16.
 1 APPPATH\Views\app\notification.php(16): CodeIgniter\Debug\Exceptions->errorHandler(2, 'Undefined variable $unreadCount', 'C:\\xampp\\htdocs\\apps\\gestion_expedientes\\app\\Views\\app\\notification.php', 16)
 2 SYSTEMPATH\View\View.php(226): include('C:\\xampp\\htdocs\\apps\\gestion_expedientes\\app\\Views\\app\\notification.php')
 3 SYSTEMPATH\View\View.php(229): CodeIgniter\View\View->CodeIgniter\View\{closure}()
 4 SYSTEMPATH\View\View.php(467): CodeIgniter\View\View->render('app/notification', null, true)
 5 APPPATH\Views\app\header.php(95): CodeIgniter\View\View->include('app/notification')
 6 SYSTEMPATH\View\View.php(226): include('C:\\xampp\\htdocs\\apps\\gestion_expedientes\\app\\Views\\app\\header.php')
 7 SYSTEMPATH\View\View.php(229): CodeIgniter\View\View->CodeIgniter\View\{closure}()
 8 SYSTEMPATH\View\View.php(467): CodeIgniter\View\View->render('app/header', null, true)
 9 APPPATH\Views\dossier\view.php(1): CodeIgniter\View\View->include('app/header')
10 SYSTEMPATH\View\View.php(226): include('C:\\xampp\\htdocs\\apps\\gestion_expedientes\\app\\Views\\dossier\\view.php')
11 SYSTEMPATH\View\View.php(229): CodeIgniter\View\View->CodeIgniter\View\{closure}()
12 SYSTEMPATH\Common.php(1188): CodeIgniter\View\View->render('dossier/view', [], true)
13 APPPATH\Controllers\Dossiers.php(558): view('dossier/view', [...])
14 SYSTEMPATH\CodeIgniter.php(919): App\Controllers\Dossiers->view('33')
15 SYSTEMPATH\CodeIgniter.php(494): CodeIgniter\CodeIgniter->runController(Object(App\Controllers\Dossiers))
16 SYSTEMPATH\CodeIgniter.php(353): CodeIgniter\CodeIgniter->handleRequest(null, Object(Config\Cache), false)
17 FCPATH\index.php(79): CodeIgniter\CodeIgniter->run()
CRITICAL - 2026-03-26 09:10:51 --> Undefined variable $unreadCount
in APPPATH\Views\app\notification.php on line 16.
 1 APPPATH\Views\app\notification.php(16): CodeIgniter\Debug\Exceptions->errorHandler(2, 'Undefined variable $unreadCount', 'C:\\xampp\\htdocs\\apps\\gestion_expedientes\\app\\Views\\app\\notification.php', 16)
 2 SYSTEMPATH\View\View.php(226): include('C:\\xampp\\htdocs\\apps\\gestion_expedientes\\app\\Views\\app\\notification.php')
 3 SYSTEMPATH\View\View.php(229): CodeIgniter\View\View->CodeIgniter\View\{closure}()
 4 SYSTEMPATH\View\View.php(467): CodeIgniter\View\View->render('app/notification', null, true)
 5 APPPATH\Views\app\header.php(95): CodeIgniter\View\View->include('app/notification')
 6 SYSTEMPATH\View\View.php(226): include('C:\\xampp\\htdocs\\apps\\gestion_expedientes\\app\\Views\\app\\header.php')
 7 SYSTEMPATH\View\View.php(229): CodeIgniter\View\View->CodeIgniter\View\{closure}()
 8 SYSTEMPATH\View\View.php(467): CodeIgniter\View\View->render('app/header', null, true)
 9 APPPATH\Views\dossier\view.php(1): CodeIgniter\View\View->include('app/header')
10 SYSTEMPATH\View\View.php(226): include('C:\\xampp\\htdocs\\apps\\gestion_expedientes\\app\\Views\\dossier\\view.php')
11 SYSTEMPATH\View\View.php(229): CodeIgniter\View\View->CodeIgniter\View\{closure}()
12 SYSTEMPATH\Common.php(1188): CodeIgniter\View\View->render('dossier/view', [], true)
13 APPPATH\Controllers\Dossiers.php(560): view('dossier/view', [...])
14 SYSTEMPATH\CodeIgniter.php(919): App\Controllers\Dossiers->view('33')
15 SYSTEMPATH\CodeIgniter.php(494): CodeIgniter\CodeIgniter->runController(Object(App\Controllers\Dossiers))
16 SYSTEMPATH\CodeIgniter.php(353): CodeIgniter\CodeIgniter->handleRequest(null, Object(Config\Cache), false)
17 FCPATH\index.php(79): CodeIgniter\CodeIgniter->run()
CRITICAL - 2026-03-26 09:10:52 --> Undefined variable $unreadCount
in APPPATH\Views\app\notification.php on line 16.
 1 APPPATH\Views\app\notification.php(16): CodeIgniter\Debug\Exceptions->errorHandler(2, 'Undefined variable $unreadCount', 'C:\\xampp\\htdocs\\apps\\gestion_expedientes\\app\\Views\\app\\notification.php', 16)
 2 SYSTEMPATH\View\View.php(226): include('C:\\xampp\\htdocs\\apps\\gestion_expedientes\\app\\Views\\app\\notification.php')
 3 SYSTEMPATH\View\View.php(229): CodeIgniter\View\View->CodeIgniter\View\{closure}()
 4 SYSTEMPATH\View\View.php(467): CodeIgniter\View\View->render('app/notification', null, true)
 5 APPPATH\Views\app\header.php(95): CodeIgniter\View\View->include('app/notification')
 6 SYSTEMPATH\View\View.php(226): include('C:\\xampp\\htdocs\\apps\\gestion_expedientes\\app\\Views\\app\\header.php')
 7 SYSTEMPATH\View\View.php(229): CodeIgniter\View\View->CodeIgniter\View\{closure}()
 8 SYSTEMPATH\View\View.php(467): CodeIgniter\View\View->render('app/header', null, true)
 9 APPPATH\Views\dossier\view.php(1): CodeIgniter\View\View->include('app/header')
10 SYSTEMPATH\View\View.php(226): include('C:\\xampp\\htdocs\\apps\\gestion_expedientes\\app\\Views\\dossier\\view.php')
11 SYSTEMPATH\View\View.php(229): CodeIgniter\View\View->CodeIgniter\View\{closure}()
12 SYSTEMPATH\Common.php(1188): CodeIgniter\View\View->render('dossier/view', [], true)
13 APPPATH\Controllers\Dossiers.php(560): view('dossier/view', [...])
14 SYSTEMPATH\CodeIgniter.php(919): App\Controllers\Dossiers->view('33')
15 SYSTEMPATH\CodeIgniter.php(494): CodeIgniter\CodeIgniter->runController(Object(App\Controllers\Dossiers))
16 SYSTEMPATH\CodeIgniter.php(353): CodeIgniter\CodeIgniter->handleRequest(null, Object(Config\Cache), false)
17 FCPATH\index.php(79): CodeIgniter\CodeIgniter->run()
CRITICAL - 2026-03-26 09:10:54 --> Undefined variable $unreadCount
in APPPATH\Views\app\notification.php on line 16.
 1 APPPATH\Views\app\notification.php(16): CodeIgniter\Debug\Exceptions->errorHandler(2, 'Undefined variable $unreadCount', 'C:\\xampp\\htdocs\\apps\\gestion_expedientes\\app\\Views\\app\\notification.php', 16)
 2 SYSTEMPATH\View\View.php(226): include('C:\\xampp\\htdocs\\apps\\gestion_expedientes\\app\\Views\\app\\notification.php')
 3 SYSTEMPATH\View\View.php(229): CodeIgniter\View\View->CodeIgniter\View\{closure}()
 4 SYSTEMPATH\View\View.php(467): CodeIgniter\View\View->render('app/notification', null, true)
 5 APPPATH\Views\app\header.php(95): CodeIgniter\View\View->include('app/notification')
 6 SYSTEMPATH\View\View.php(226): include('C:\\xampp\\htdocs\\apps\\gestion_expedientes\\app\\Views\\app\\header.php')
 7 SYSTEMPATH\View\View.php(229): CodeIgniter\View\View->CodeIgniter\View\{closure}()
 8 SYSTEMPATH\View\View.php(467): CodeIgniter\View\View->render('app/header', null, true)
 9 APPPATH\Views\dossier\view.php(1): CodeIgniter\View\View->include('app/header')
10 SYSTEMPATH\View\View.php(226): include('C:\\xampp\\htdocs\\apps\\gestion_expedientes\\app\\Views\\dossier\\view.php')
11 SYSTEMPATH\View\View.php(229): CodeIgniter\View\View->CodeIgniter\View\{closure}()
12 SYSTEMPATH\Common.php(1188): CodeIgniter\View\View->render('dossier/view', [], true)
13 APPPATH\Controllers\Dossiers.php(560): view('dossier/view', [...])
14 SYSTEMPATH\CodeIgniter.php(919): App\Controllers\Dossiers->view('33')
15 SYSTEMPATH\CodeIgniter.php(494): CodeIgniter\CodeIgniter->runController(Object(App\Controllers\Dossiers))
16 SYSTEMPATH\CodeIgniter.php(353): CodeIgniter\CodeIgniter->handleRequest(null, Object(Config\Cache), false)
17 FCPATH\index.php(79): CodeIgniter\CodeIgniter->run()
CRITICAL - 2026-03-26 09:12:44 --> Undefined variable $unreadCount
in APPPATH\Views\app\notification.php on line 16.
 1 APPPATH\Views\app\notification.php(16): CodeIgniter\Debug\Exceptions->errorHandler(2, 'Undefined variable $unreadCount', 'C:\\xampp\\htdocs\\apps\\gestion_expedientes\\app\\Views\\app\\notification.php', 16)
 2 SYSTEMPATH\View\View.php(226): include('C:\\xampp\\htdocs\\apps\\gestion_expedientes\\app\\Views\\app\\notification.php')
 3 SYSTEMPATH\View\View.php(229): CodeIgniter\View\View->CodeIgniter\View\{closure}()
 4 SYSTEMPATH\View\View.php(467): CodeIgniter\View\View->render('app/notification', null, true)
 5 APPPATH\Views\app\header.php(95): CodeIgniter\View\View->include('app/notification')
 6 SYSTEMPATH\View\View.php(226): include('C:\\xampp\\htdocs\\apps\\gestion_expedientes\\app\\Views\\app\\header.php')
 7 SYSTEMPATH\View\View.php(229): CodeIgniter\View\View->CodeIgniter\View\{closure}()
 8 SYSTEMPATH\View\View.php(467): CodeIgniter\View\View->render('app/header', null, true)
 9 APPPATH\Views\dossier\view.php(1): CodeIgniter\View\View->include('app/header')
10 SYSTEMPATH\View\View.php(226): include('C:\\xampp\\htdocs\\apps\\gestion_expedientes\\app\\Views\\dossier\\view.php')
11 SYSTEMPATH\View\View.php(229): CodeIgniter\View\View->CodeIgniter\View\{closure}()
12 SYSTEMPATH\Common.php(1188): CodeIgniter\View\View->render('dossier/view', [], true)
13 APPPATH\Controllers\Dossiers.php(560): view('dossier/view', [...])
14 SYSTEMPATH\CodeIgniter.php(919): App\Controllers\Dossiers->view('33')
15 SYSTEMPATH\CodeIgniter.php(494): CodeIgniter\CodeIgniter->runController(Object(App\Controllers\Dossiers))
16 SYSTEMPATH\CodeIgniter.php(353): CodeIgniter\CodeIgniter->handleRequest(null, Object(Config\Cache), false)
17 FCPATH\index.php(79): CodeIgniter\CodeIgniter->run()
CRITICAL - 2026-03-26 09:12:46 --> Undefined variable $unreadCount
in APPPATH\Views\app\notification.php on line 16.
 1 APPPATH\Views\app\notification.php(16): CodeIgniter\Debug\Exceptions->errorHandler(2, 'Undefined variable $unreadCount', 'C:\\xampp\\htdocs\\apps\\gestion_expedientes\\app\\Views\\app\\notification.php', 16)
 2 SYSTEMPATH\View\View.php(226): include('C:\\xampp\\htdocs\\apps\\gestion_expedientes\\app\\Views\\app\\notification.php')
 3 SYSTEMPATH\View\View.php(229): CodeIgniter\View\View->CodeIgniter\View\{closure}()
 4 SYSTEMPATH\View\View.php(467): CodeIgniter\View\View->render('app/notification', null, true)
 5 APPPATH\Views\app\header.php(95): CodeIgniter\View\View->include('app/notification')
 6 SYSTEMPATH\View\View.php(226): include('C:\\xampp\\htdocs\\apps\\gestion_expedientes\\app\\Views\\app\\header.php')
 7 SYSTEMPATH\View\View.php(229): CodeIgniter\View\View->CodeIgniter\View\{closure}()
 8 SYSTEMPATH\View\View.php(467): CodeIgniter\View\View->render('app/header', null, true)
 9 APPPATH\Views\dossier\view.php(1): CodeIgniter\View\View->include('app/header')
10 SYSTEMPATH\View\View.php(226): include('C:\\xampp\\htdocs\\apps\\gestion_expedientes\\app\\Views\\dossier\\view.php')
11 SYSTEMPATH\View\View.php(229): CodeIgniter\View\View->CodeIgniter\View\{closure}()
12 SYSTEMPATH\Common.php(1188): CodeIgniter\View\View->render('dossier/view', [], true)
13 APPPATH\Controllers\Dossiers.php(560): view('dossier/view', [...])
14 SYSTEMPATH\CodeIgniter.php(919): App\Controllers\Dossiers->view('33')
15 SYSTEMPATH\CodeIgniter.php(494): CodeIgniter\CodeIgniter->runController(Object(App\Controllers\Dossiers))
16 SYSTEMPATH\CodeIgniter.php(353): CodeIgniter\CodeIgniter->handleRequest(null, Object(Config\Cache), false)
17 FCPATH\index.php(79): CodeIgniter\CodeIgniter->run()
CRITICAL - 2026-03-26 09:12:51 --> Undefined variable $unreadCount
in APPPATH\Views\app\notification.php on line 16.
 1 APPPATH\Views\app\notification.php(16): CodeIgniter\Debug\Exceptions->errorHandler(2, 'Undefined variable $unreadCount', 'C:\\xampp\\htdocs\\apps\\gestion_expedientes\\app\\Views\\app\\notification.php', 16)
 2 SYSTEMPATH\View\View.php(226): include('C:\\xampp\\htdocs\\apps\\gestion_expedientes\\app\\Views\\app\\notification.php')
 3 SYSTEMPATH\View\View.php(229): CodeIgniter\View\View->CodeIgniter\View\{closure}()
 4 SYSTEMPATH\View\View.php(467): CodeIgniter\View\View->render('app/notification', null, true)
 5 APPPATH\Views\app\header.php(95): CodeIgniter\View\View->include('app/notification')
 6 SYSTEMPATH\View\View.php(226): include('C:\\xampp\\htdocs\\apps\\gestion_expedientes\\app\\Views\\app\\header.php')
 7 SYSTEMPATH\View\View.php(229): CodeIgniter\View\View->CodeIgniter\View\{closure}()
 8 SYSTEMPATH\View\View.php(467): CodeIgniter\View\View->render('app/header', null, true)
 9 APPPATH\Views\dossier\view.php(1): CodeIgniter\View\View->include('app/header')
10 SYSTEMPATH\View\View.php(226): include('C:\\xampp\\htdocs\\apps\\gestion_expedientes\\app\\Views\\dossier\\view.php')
11 SYSTEMPATH\View\View.php(229): CodeIgniter\View\View->CodeIgniter\View\{closure}()
12 SYSTEMPATH\Common.php(1188): CodeIgniter\View\View->render('dossier/view', [], true)
13 APPPATH\Controllers\Dossiers.php(560): view('dossier/view', [...])
14 SYSTEMPATH\CodeIgniter.php(919): App\Controllers\Dossiers->view('33')
15 SYSTEMPATH\CodeIgniter.php(494): CodeIgniter\CodeIgniter->runController(Object(App\Controllers\Dossiers))
16 SYSTEMPATH\CodeIgniter.php(353): CodeIgniter\CodeIgniter->handleRequest(null, Object(Config\Cache), false)
17 FCPATH\index.php(79): CodeIgniter\CodeIgniter->run()
CRITICAL - 2026-03-26 09:17:49 --> Undefined variable $unreadCount
in APPPATH\Views\app\notification.php on line 16.
 1 APPPATH\Views\app\notification.php(16): CodeIgniter\Debug\Exceptions->errorHandler(2, 'Undefined variable $unreadCount', 'C:\\xampp\\htdocs\\apps\\gestion_expedientes\\app\\Views\\app\\notification.php', 16)
 2 SYSTEMPATH\View\View.php(226): include('C:\\xampp\\htdocs\\apps\\gestion_expedientes\\app\\Views\\app\\notification.php')
 3 SYSTEMPATH\View\View.php(229): CodeIgniter\View\View->CodeIgniter\View\{closure}()
 4 SYSTEMPATH\View\View.php(467): CodeIgniter\View\View->render('app/notification', null, true)
 5 APPPATH\Views\app\header.php(95): CodeIgniter\View\View->include('app/notification')
 6 SYSTEMPATH\View\View.php(226): include('C:\\xampp\\htdocs\\apps\\gestion_expedientes\\app\\Views\\app\\header.php')
 7 SYSTEMPATH\View\View.php(229): CodeIgniter\View\View->CodeIgniter\View\{closure}()
 8 SYSTEMPATH\View\View.php(467): CodeIgniter\View\View->render('app/header', null, true)
 9 APPPATH\Views\dossier\view.php(1): CodeIgniter\View\View->include('app/header')
10 SYSTEMPATH\View\View.php(226): include('C:\\xampp\\htdocs\\apps\\gestion_expedientes\\app\\Views\\dossier\\view.php')
11 SYSTEMPATH\View\View.php(229): CodeIgniter\View\View->CodeIgniter\View\{closure}()
12 SYSTEMPATH\Common.php(1188): CodeIgniter\View\View->render('dossier/view', [], true)
13 APPPATH\Controllers\Dossiers.php(560): view('dossier/view', [...])
14 SYSTEMPATH\CodeIgniter.php(919): App\Controllers\Dossiers->view('33')
15 SYSTEMPATH\CodeIgniter.php(494): CodeIgniter\CodeIgniter->runController(Object(App\Controllers\Dossiers))
16 SYSTEMPATH\CodeIgniter.php(353): CodeIgniter\CodeIgniter->handleRequest(null, Object(Config\Cache), false)
17 FCPATH\index.php(79): CodeIgniter\CodeIgniter->run()
CRITICAL - 2026-03-26 09:17:52 --> Undefined variable $unreadCount
in APPPATH\Views\app\notification.php on line 16.
 1 APPPATH\Views\app\notification.php(16): CodeIgniter\Debug\Exceptions->errorHandler(2, 'Undefined variable $unreadCount', 'C:\\xampp\\htdocs\\apps\\gestion_expedientes\\app\\Views\\app\\notification.php', 16)
 2 SYSTEMPATH\View\View.php(226): include('C:\\xampp\\htdocs\\apps\\gestion_expedientes\\app\\Views\\app\\notification.php')
 3 SYSTEMPATH\View\View.php(229): CodeIgniter\View\View->CodeIgniter\View\{closure}()
 4 SYSTEMPATH\View\View.php(467): CodeIgniter\View\View->render('app/notification', null, true)
 5 APPPATH\Views\app\header.php(95): CodeIgniter\View\View->include('app/notification')
 6 SYSTEMPATH\View\View.php(226): include('C:\\xampp\\htdocs\\apps\\gestion_expedientes\\app\\Views\\app\\header.php')
 7 SYSTEMPATH\View\View.php(229): CodeIgniter\View\View->CodeIgniter\View\{closure}()
 8 SYSTEMPATH\View\View.php(467): CodeIgniter\View\View->render('app/header', null, true)
 9 APPPATH\Views\dossier\view.php(1): CodeIgniter\View\View->include('app/header')
10 SYSTEMPATH\View\View.php(226): include('C:\\xampp\\htdocs\\apps\\gestion_expedientes\\app\\Views\\dossier\\view.php')
11 SYSTEMPATH\View\View.php(229): CodeIgniter\View\View->CodeIgniter\View\{closure}()
12 SYSTEMPATH\Common.php(1188): CodeIgniter\View\View->render('dossier/view', [], true)
13 APPPATH\Controllers\Dossiers.php(560): view('dossier/view', [...])
14 SYSTEMPATH\CodeIgniter.php(919): App\Controllers\Dossiers->view('33')
15 SYSTEMPATH\CodeIgniter.php(494): CodeIgniter\CodeIgniter->runController(Object(App\Controllers\Dossiers))
16 SYSTEMPATH\CodeIgniter.php(353): CodeIgniter\CodeIgniter->handleRequest(null, Object(Config\Cache), false)
17 FCPATH\index.php(79): CodeIgniter\CodeIgniter->run()
CRITICAL - 2026-03-26 09:19:24 --> Undefined variable $unreadCount
in APPPATH\Views\app\notification.php on line 16.
 1 APPPATH\Views\app\notification.php(16): CodeIgniter\Debug\Exceptions->errorHandler(2, 'Undefined variable $unreadCount', 'C:\\xampp\\htdocs\\apps\\gestion_expedientes\\app\\Views\\app\\notification.php', 16)
 2 SYSTEMPATH\View\View.php(226): include('C:\\xampp\\htdocs\\apps\\gestion_expedientes\\app\\Views\\app\\notification.php')
 3 SYSTEMPATH\View\View.php(229): CodeIgniter\View\View->CodeIgniter\View\{closure}()
 4 SYSTEMPATH\View\View.php(467): CodeIgniter\View\View->render('app/notification', null, true)
 5 APPPATH\Views\app\header.php(95): CodeIgniter\View\View->include('app/notification')
 6 SYSTEMPATH\View\View.php(226): include('C:\\xampp\\htdocs\\apps\\gestion_expedientes\\app\\Views\\app\\header.php')
 7 SYSTEMPATH\View\View.php(229): CodeIgniter\View\View->CodeIgniter\View\{closure}()
 8 SYSTEMPATH\View\View.php(467): CodeIgniter\View\View->render('app/header', null, true)
 9 APPPATH\Views\dossier\view.php(1): CodeIgniter\View\View->include('app/header')
10 SYSTEMPATH\View\View.php(226): include('C:\\xampp\\htdocs\\apps\\gestion_expedientes\\app\\Views\\dossier\\view.php')
11 SYSTEMPATH\View\View.php(229): CodeIgniter\View\View->CodeIgniter\View\{closure}()
12 SYSTEMPATH\Common.php(1188): CodeIgniter\View\View->render('dossier/view', [], true)
13 APPPATH\Controllers\Dossiers.php(560): view('dossier/view', [...])
14 SYSTEMPATH\CodeIgniter.php(919): App\Controllers\Dossiers->view('33')
15 SYSTEMPATH\CodeIgniter.php(494): CodeIgniter\CodeIgniter->runController(Object(App\Controllers\Dossiers))
16 SYSTEMPATH\CodeIgniter.php(353): CodeIgniter\CodeIgniter->handleRequest(null, Object(Config\Cache), false)
17 FCPATH\index.php(79): CodeIgniter\CodeIgniter->run()
CRITICAL - 2026-03-26 09:19:35 --> Undefined variable $unreadCount
in APPPATH\Views\app\notification.php on line 16.
 1 APPPATH\Views\app\notification.php(16): CodeIgniter\Debug\Exceptions->errorHandler(2, 'Undefined variable $unreadCount', 'C:\\xampp\\htdocs\\apps\\gestion_expedientes\\app\\Views\\app\\notification.php', 16)
 2 SYSTEMPATH\View\View.php(226): include('C:\\xampp\\htdocs\\apps\\gestion_expedientes\\app\\Views\\app\\notification.php')
 3 SYSTEMPATH\View\View.php(229): CodeIgniter\View\View->CodeIgniter\View\{closure}()
 4 SYSTEMPATH\View\View.php(467): CodeIgniter\View\View->render('app/notification', null, true)
 5 APPPATH\Views\app\header.php(95): CodeIgniter\View\View->include('app/notification')
 6 SYSTEMPATH\View\View.php(226): include('C:\\xampp\\htdocs\\apps\\gestion_expedientes\\app\\Views\\app\\header.php')
 7 SYSTEMPATH\View\View.php(229): CodeIgniter\View\View->CodeIgniter\View\{closure}()
 8 SYSTEMPATH\View\View.php(467): CodeIgniter\View\View->render('app/header', null, true)
 9 APPPATH\Views\dossier\view.php(1): CodeIgniter\View\View->include('app/header')
10 SYSTEMPATH\View\View.php(226): include('C:\\xampp\\htdocs\\apps\\gestion_expedientes\\app\\Views\\dossier\\view.php')
11 SYSTEMPATH\View\View.php(229): CodeIgniter\View\View->CodeIgniter\View\{closure}()
12 SYSTEMPATH\Common.php(1188): CodeIgniter\View\View->render('dossier/view', [], true)
13 APPPATH\Controllers\Dossiers.php(560): view('dossier/view', [...])
14 SYSTEMPATH\CodeIgniter.php(919): App\Controllers\Dossiers->view('33')
15 SYSTEMPATH\CodeIgniter.php(494): CodeIgniter\CodeIgniter->runController(Object(App\Controllers\Dossiers))
16 SYSTEMPATH\CodeIgniter.php(353): CodeIgniter\CodeIgniter->handleRequest(null, Object(Config\Cache), false)
17 FCPATH\index.php(79): CodeIgniter\CodeIgniter->run()
CRITICAL - 2026-03-26 09:20:05 --> Undefined variable $unreadCount
in APPPATH\Views\app\notification.php on line 2.
 1 APPPATH\Views\app\notification.php(2): CodeIgniter\Debug\Exceptions->errorHandler(2, 'Undefined variable $unreadCount', 'C:\\xampp\\htdocs\\apps\\gestion_expedientes\\app\\Views\\app\\notification.php', 2)
 2 SYSTEMPATH\View\View.php(226): include('C:\\xampp\\htdocs\\apps\\gestion_expedientes\\app\\Views\\app\\notification.php')
 3 SYSTEMPATH\View\View.php(229): CodeIgniter\View\View->CodeIgniter\View\{closure}()
 4 SYSTEMPATH\View\View.php(467): CodeIgniter\View\View->render('app/notification', null, true)
 5 APPPATH\Views\app\header.php(95): CodeIgniter\View\View->include('app/notification')
 6 SYSTEMPATH\View\View.php(226): include('C:\\xampp\\htdocs\\apps\\gestion_expedientes\\app\\Views\\app\\header.php')
 7 SYSTEMPATH\View\View.php(229): CodeIgniter\View\View->CodeIgniter\View\{closure}()
 8 SYSTEMPATH\View\View.php(467): CodeIgniter\View\View->render('app/header', null, true)
 9 APPPATH\Views\dossier\view.php(1): CodeIgniter\View\View->include('app/header')
10 SYSTEMPATH\View\View.php(226): include('C:\\xampp\\htdocs\\apps\\gestion_expedientes\\app\\Views\\dossier\\view.php')
11 SYSTEMPATH\View\View.php(229): CodeIgniter\View\View->CodeIgniter\View\{closure}()
12 SYSTEMPATH\Common.php(1188): CodeIgniter\View\View->render('dossier/view', [], true)
13 APPPATH\Controllers\Dossiers.php(560): view('dossier/view', [...])
14 SYSTEMPATH\CodeIgniter.php(919): App\Controllers\Dossiers->view('33')
15 SYSTEMPATH\CodeIgniter.php(494): CodeIgniter\CodeIgniter->runController(Object(App\Controllers\Dossiers))
16 SYSTEMPATH\CodeIgniter.php(353): CodeIgniter\CodeIgniter->handleRequest(null, Object(Config\Cache), false)
17 FCPATH\index.php(79): CodeIgniter\CodeIgniter->run()
CRITICAL - 2026-03-26 09:20:22 --> Undefined variable $unreadCount
in APPPATH\Views\app\notification.php on line 11.
 1 APPPATH\Views\app\notification.php(11): CodeIgniter\Debug\Exceptions->errorHandler(2, 'Undefined variable $unreadCount', 'C:\\xampp\\htdocs\\apps\\gestion_expedientes\\app\\Views\\app\\notification.php', 11)
 2 SYSTEMPATH\View\View.php(226): include('C:\\xampp\\htdocs\\apps\\gestion_expedientes\\app\\Views\\app\\notification.php')
 3 SYSTEMPATH\View\View.php(229): CodeIgniter\View\View->CodeIgniter\View\{closure}()
 4 SYSTEMPATH\View\View.php(467): CodeIgniter\View\View->render('app/notification', null, true)
 5 APPPATH\Views\app\header.php(95): CodeIgniter\View\View->include('app/notification')
 6 SYSTEMPATH\View\View.php(226): include('C:\\xampp\\htdocs\\apps\\gestion_expedientes\\app\\Views\\app\\header.php')
 7 SYSTEMPATH\View\View.php(229): CodeIgniter\View\View->CodeIgniter\View\{closure}()
 8 SYSTEMPATH\View\View.php(467): CodeIgniter\View\View->render('app/header', null, true)
 9 APPPATH\Views\dossier\view.php(1): CodeIgniter\View\View->include('app/header')
10 SYSTEMPATH\View\View.php(226): include('C:\\xampp\\htdocs\\apps\\gestion_expedientes\\app\\Views\\dossier\\view.php')
11 SYSTEMPATH\View\View.php(229): CodeIgniter\View\View->CodeIgniter\View\{closure}()
12 SYSTEMPATH\Common.php(1188): CodeIgniter\View\View->render('dossier/view', [], true)
13 APPPATH\Controllers\Dossiers.php(560): view('dossier/view', [...])
14 SYSTEMPATH\CodeIgniter.php(919): App\Controllers\Dossiers->view('33')
15 SYSTEMPATH\CodeIgniter.php(494): CodeIgniter\CodeIgniter->runController(Object(App\Controllers\Dossiers))
16 SYSTEMPATH\CodeIgniter.php(353): CodeIgniter\CodeIgniter->handleRequest(null, Object(Config\Cache), false)
17 FCPATH\index.php(79): CodeIgniter\CodeIgniter->run()
CRITICAL - 2026-03-26 09:55:48 --> Undefined variable $usuarios
in APPPATH\Views\dossier\edit.php on line 62.
 1 APPPATH\Views\dossier\edit.php(62): CodeIgniter\Debug\Exceptions->errorHandler(2, 'Undefined variable $usuarios', 'C:\\xampp\\htdocs\\apps\\gestion_expedientes\\app\\Views\\dossier\\edit.php', 62)
 2 SYSTEMPATH\View\View.php(226): include('C:\\xampp\\htdocs\\apps\\gestion_expedientes\\app\\Views\\dossier\\edit.php')
 3 SYSTEMPATH\View\View.php(229): CodeIgniter\View\View->CodeIgniter\View\{closure}()
 4 SYSTEMPATH\Common.php(1188): CodeIgniter\View\View->render('dossier/edit', [], true)
 5 APPPATH\Controllers\Dossiers.php(278): view('dossier/edit', [...])
 6 SYSTEMPATH\CodeIgniter.php(919): App\Controllers\Dossiers->edit('33')
 7 SYSTEMPATH\CodeIgniter.php(494): CodeIgniter\CodeIgniter->runController(Object(App\Controllers\Dossiers))
 8 SYSTEMPATH\CodeIgniter.php(353): CodeIgniter\CodeIgniter->handleRequest(null, Object(Config\Cache), false)
 9 FCPATH\index.php(79): CodeIgniter\CodeIgniter->run()
CRITICAL - 2026-03-26 09:57:11 --> Undefined variable $usuarios
in APPPATH\Views\dossier\edit.php on line 78.
 1 APPPATH\Views\dossier\edit.php(78): CodeIgniter\Debug\Exceptions->errorHandler(2, 'Undefined variable $usuarios', 'C:\\xampp\\htdocs\\apps\\gestion_expedientes\\app\\Views\\dossier\\edit.php', 78)
 2 SYSTEMPATH\View\View.php(226): include('C:\\xampp\\htdocs\\apps\\gestion_expedientes\\app\\Views\\dossier\\edit.php')
 3 SYSTEMPATH\View\View.php(229): CodeIgniter\View\View->CodeIgniter\View\{closure}()
 4 SYSTEMPATH\Common.php(1188): CodeIgniter\View\View->render('dossier/edit', [], true)
 5 APPPATH\Controllers\Dossiers.php(278): view('dossier/edit', [...])
 6 SYSTEMPATH\CodeIgniter.php(919): App\Controllers\Dossiers->edit('33')
 7 SYSTEMPATH\CodeIgniter.php(494): CodeIgniter\CodeIgniter->runController(Object(App\Controllers\Dossiers))
 8 SYSTEMPATH\CodeIgniter.php(353): CodeIgniter\CodeIgniter->handleRequest(null, Object(Config\Cache), false)
 9 FCPATH\index.php(79): CodeIgniter\CodeIgniter->run()
CRITICAL - 2026-03-26 09:58:48 --> Undefined variable $usuarios
in APPPATH\Views\dossier\edit.php on line 78.
 1 APPPATH\Views\dossier\edit.php(78): CodeIgniter\Debug\Exceptions->errorHandler(2, 'Undefined variable $usuarios', 'C:\\xampp\\htdocs\\apps\\gestion_expedientes\\app\\Views\\dossier\\edit.php', 78)
 2 SYSTEMPATH\View\View.php(226): include('C:\\xampp\\htdocs\\apps\\gestion_expedientes\\app\\Views\\dossier\\edit.php')
 3 SYSTEMPATH\View\View.php(229): CodeIgniter\View\View->CodeIgniter\View\{closure}()
 4 SYSTEMPATH\Common.php(1188): CodeIgniter\View\View->render('dossier/edit', [], true)
 5 APPPATH\Controllers\Dossiers.php(280): view('dossier/edit', [...])
 6 SYSTEMPATH\CodeIgniter.php(919): App\Controllers\Dossiers->edit('33')
 7 SYSTEMPATH\CodeIgniter.php(494): CodeIgniter\CodeIgniter->runController(Object(App\Controllers\Dossiers))
 8 SYSTEMPATH\CodeIgniter.php(353): CodeIgniter\CodeIgniter->handleRequest(null, Object(Config\Cache), false)
 9 FCPATH\index.php(79): CodeIgniter\CodeIgniter->run()
CRITICAL - 2026-03-26 10:00:00 --> Call to undefined method App\Models\UserModel::getAllUsuarios
in SYSTEMPATH\Model.php on line 873.
 1 APPPATH\Controllers\Dossiers.php(279): CodeIgniter\Model->__call('getAllUsuarios', [])
 2 SYSTEMPATH\CodeIgniter.php(919): App\Controllers\Dossiers->edit('33')
 3 SYSTEMPATH\CodeIgniter.php(494): CodeIgniter\CodeIgniter->runController(Object(App\Controllers\Dossiers))
 4 SYSTEMPATH\CodeIgniter.php(353): CodeIgniter\CodeIgniter->handleRequest(null, Object(Config\Cache), false)
 5 FCPATH\index.php(79): CodeIgniter\CodeIgniter->run()
ERROR - 2026-03-26 10:02:51 --> mysqli_sql_exception: Unknown column 'status' in 'where clause' in C:\xampp\htdocs\apps\gestion_expedientes\system\Database\MySQLi\Connection.php:306
Stack trace:
#0 C:\xampp\htdocs\apps\gestion_expedientes\system\Database\MySQLi\Connection.php(306): mysqli->query('SELECT *\nFROM `...', 0)
#1 C:\xampp\htdocs\apps\gestion_expedientes\system\Database\BaseConnection.php(692): CodeIgniter\Database\MySQLi\Connection->execute('SELECT *\nFROM `...')
#2 C:\xampp\htdocs\apps\gestion_expedientes\system\Database\BaseConnection.php(606): CodeIgniter\Database\BaseConnection->simpleQuery('SELECT *\nFROM `...')
#3 C:\xampp\htdocs\apps\gestion_expedientes\system\Database\BaseBuilder.php(1615): CodeIgniter\Database\BaseConnection->query('SELECT *\nFROM `...', Array, false)
#4 C:\xampp\htdocs\apps\gestion_expedientes\system\Model.php(237): CodeIgniter\Database\BaseBuilder->get()
#5 C:\xampp\htdocs\apps\gestion_expedientes\system\BaseModel.php(624): CodeIgniter\Model->doFindAll(0, 0)
#6 C:\xampp\htdocs\apps\gestion_expedientes\app\Controllers\Dossiers.php(285): CodeIgniter\BaseModel->findAll()
#7 C:\xampp\htdocs\apps\gestion_expedientes\system\CodeIgniter.php(919): App\Controllers\Dossiers->edit('33')
#8 C:\xampp\htdocs\apps\gestion_expedientes\system\CodeIgniter.php(494): CodeIgniter\CodeIgniter->runController(Object(App\Controllers\Dossiers))
#9 C:\xampp\htdocs\apps\gestion_expedientes\system\CodeIgniter.php(353): CodeIgniter\CodeIgniter->handleRequest(NULL, Object(Config\Cache), false)
#10 C:\xampp\htdocs\apps\gestion_expedientes\index.php(79): CodeIgniter\CodeIgniter->run()
#11 {main}
CRITICAL - 2026-03-26 10:02:51 --> Unknown column 'status' in 'where clause'
in SYSTEMPATH\Database\BaseConnection.php on line 646.
 1 SYSTEMPATH\Database\BaseBuilder.php(1615): CodeIgniter\Database\BaseConnection->query('SELECT *
FROM `usuarios`
WHERE `status` = :status:
ORDER BY `nombre` ASC', [...], false)
 2 SYSTEMPATH\Model.php(237): CodeIgniter\Database\BaseBuilder->get()
 3 SYSTEMPATH\BaseModel.php(624): CodeIgniter\Model->doFindAll(0, 0)
 4 APPPATH\Controllers\Dossiers.php(285): CodeIgniter\BaseModel->findAll()
 5 SYSTEMPATH\CodeIgniter.php(919): App\Controllers\Dossiers->edit('33')
 6 SYSTEMPATH\CodeIgniter.php(494): CodeIgniter\CodeIgniter->runController(Object(App\Controllers\Dossiers))
 7 SYSTEMPATH\CodeIgniter.php(353): CodeIgniter\CodeIgniter->handleRequest(null, Object(Config\Cache), false)
 8 FCPATH\index.php(79): CodeIgniter\CodeIgniter->run()
CRITICAL - 2026-03-26 10:04:54 --> Call to undefined method App\Models\UserModel::getAllUsuarios
in SYSTEMPATH\Model.php on line 873.
 1 APPPATH\Controllers\Dossiers.php(279): CodeIgniter\Model->__call('getAllUsuarios', [])
 2 SYSTEMPATH\CodeIgniter.php(919): App\Controllers\Dossiers->edit('33')
 3 SYSTEMPATH\CodeIgniter.php(494): CodeIgniter\CodeIgniter->runController(Object(App\Controllers\Dossiers))
 4 SYSTEMPATH\CodeIgniter.php(353): CodeIgniter\CodeIgniter->handleRequest(null, Object(Config\Cache), false)
 5 FCPATH\index.php(79): CodeIgniter\CodeIgniter->run()
CRITICAL - 2026-03-26 10:05:08 --> Call to undefined method App\Models\UserModel::getAllUsuarios
in SYSTEMPATH\Model.php on line 873.
 1 APPPATH\Controllers\Dossiers.php(279): CodeIgniter\Model->__call('getAllUsuarios', [])
 2 SYSTEMPATH\CodeIgniter.php(919): App\Controllers\Dossiers->edit('33')
 3 SYSTEMPATH\CodeIgniter.php(494): CodeIgniter\CodeIgniter->runController(Object(App\Controllers\Dossiers))
 4 SYSTEMPATH\CodeIgniter.php(353): CodeIgniter\CodeIgniter->handleRequest(null, Object(Config\Cache), false)
 5 FCPATH\index.php(79): CodeIgniter\CodeIgniter->run()
