CRITICAL - 2024-10-25 05:19:39 --> Undefined variable $emails
in APPPATH\Views\reports\index.php on line 29.
 1 APPPATH\Views\reports\index.php(29): CodeIgniter\Debug\Exceptions->errorHandler(2, 'Undefined variable $emails', 'C:\\xampp\\htdocs\\apps\\gestor_denuncias\\app\\Views\\reports\\index.php', 29)
 2 SYSTEMPATH\View\View.php(226): include('C:\\xampp\\htdocs\\apps\\gestor_denuncias\\app\\Views\\reports\\index.php')
 3 SYSTEMPATH\View\View.php(229): CodeIgniter\View\View->CodeIgniter\View\{closure}()
 4 SYSTEMPATH\Common.php(1188): CodeIgniter\View\View->render('reports/index', [], true)
 5 APPPATH\Controllers\Reports.php(13): view('reports/index', [...])
 6 SYSTEMPATH\CodeIgniter.php(919): App\Controllers\Reports->index()
 7 SYSTEMPATH\CodeIgniter.php(494): CodeIgniter\CodeIgniter->runController(Object(App\Controllers\Reports))
 8 SYSTEMPATH\CodeIgniter.php(353): CodeIgniter\CodeIgniter->handleRequest(null, Object(Config\Cache), false)
 9 FCPATH\index.php(79): CodeIgniter\CodeIgniter->run()
CRITICAL - 2024-10-25 05:20:42 --> Undefined variable $emails
in APPPATH\Views\reports\index.php on line 29.
 1 APPPATH\Views\reports\index.php(29): CodeIgniter\Debug\Exceptions->errorHandler(2, 'Undefined variable $emails', 'C:\\xampp\\htdocs\\apps\\gestor_denuncias\\app\\Views\\reports\\index.php', 29)
 2 SYSTEMPATH\View\View.php(226): include('C:\\xampp\\htdocs\\apps\\gestor_denuncias\\app\\Views\\reports\\index.php')
 3 SYSTEMPATH\View\View.php(229): CodeIgniter\View\View->CodeIgniter\View\{closure}()
 4 SYSTEMPATH\Common.php(1188): CodeIgniter\View\View->render('reports/index', [], true)
 5 APPPATH\Controllers\Reports.php(13): view('reports/index', [...])
 6 SYSTEMPATH\CodeIgniter.php(919): App\Controllers\Reports->index()
 7 SYSTEMPATH\CodeIgniter.php(494): CodeIgniter\CodeIgniter->runController(Object(App\Controllers\Reports))
 8 SYSTEMPATH\CodeIgniter.php(353): CodeIgniter\CodeIgniter->handleRequest(null, Object(Config\Cache), false)
 9 FCPATH\index.php(79): CodeIgniter\CodeIgniter->run()
ERROR - 2024-10-25 05:48:49 --> mysqli_sql_exception: Unknown column 'r.name' in 'field list' in C:\xampp\htdocs\apps\gestor_denuncias\system\Database\MySQLi\Connection.php:306
Stack trace:
#0 C:\xampp\htdocs\apps\gestor_denuncias\system\Database\MySQLi\Connection.php(306): mysqli->query('SELECT  u.id, u...', 0)
#1 C:\xampp\htdocs\apps\gestor_denuncias\system\Database\BaseConnection.php(692): CodeIgniter\Database\MySQLi\Connection->execute('SELECT  u.id, u...')
#2 C:\xampp\htdocs\apps\gestor_denuncias\system\Database\BaseConnection.php(606): CodeIgniter\Database\BaseConnection->simpleQuery('SELECT  u.id, u...')
#3 C:\xampp\htdocs\apps\gestor_denuncias\app\Models\UserModel.php(23): CodeIgniter\Database\BaseConnection->query('SELECT  u.id, u...')
#4 C:\xampp\htdocs\apps\gestor_denuncias\app\Controllers\Users.php(16): App\Models\UserModel->getuserinfo()
#5 C:\xampp\htdocs\apps\gestor_denuncias\system\CodeIgniter.php(919): App\Controllers\Users->index()
#6 C:\xampp\htdocs\apps\gestor_denuncias\system\CodeIgniter.php(494): CodeIgniter\CodeIgniter->runController(Object(App\Controllers\Users))
#7 C:\xampp\htdocs\apps\gestor_denuncias\system\CodeIgniter.php(353): CodeIgniter\CodeIgniter->handleRequest(NULL, Object(Config\Cache), false)
#8 C:\xampp\htdocs\apps\gestor_denuncias\public\index.php(79): CodeIgniter\CodeIgniter->run()
#9 {main}
CRITICAL - 2024-10-25 05:48:49 --> Unknown column 'r.name' in 'field list'
in SYSTEMPATH\Database\BaseConnection.php on line 646.
 1 APPPATH\Models\UserModel.php(23): CodeIgniter\Database\BaseConnection->query('SELECT  u.id, u.username as uname , u.email,  r.name FROM users u JOIN roles r ON u.role_id = r.id ')
 2 APPPATH\Controllers\Users.php(16): App\Models\UserModel->getuserinfo()
 3 SYSTEMPATH\CodeIgniter.php(919): App\Controllers\Users->index()
 4 SYSTEMPATH\CodeIgniter.php(494): CodeIgniter\CodeIgniter->runController(Object(App\Controllers\Users))
 5 SYSTEMPATH\CodeIgniter.php(353): CodeIgniter\CodeIgniter->handleRequest(null, Object(Config\Cache), false)
 6 FCPATH\index.php(79): CodeIgniter\CodeIgniter->run()
CRITICAL - 2024-10-25 05:55:09 --> Class "BaseController" not found
in APPPATH\Controllers\EmailsController.php on line 3.
 1 SYSTEMPATH\Autoloader\Autoloader.php(306): include_once()
 2 SYSTEMPATH\Autoloader\Autoloader.php(285): CodeIgniter\Autoloader\Autoloader->includeFile('C:\\xampp\\htdocs\\apps\\gestor_denuncias\\app\\Controllers\\EmailsController.php')
 3 SYSTEMPATH\Autoloader\Autoloader.php(263): CodeIgniter\Autoloader\Autoloader->loadInNamespace('App\\Controllers\\EmailsController')
 4 [internal function]: CodeIgniter\Autoloader\Autoloader->loadClass('App\\Controllers\\EmailsController')
 5 SYSTEMPATH\CodeIgniter.php(877): class_exists('\\App\\Controllers\\EmailsController', true)
 6 SYSTEMPATH\CodeIgniter.php(481): CodeIgniter\CodeIgniter->startController()
 7 SYSTEMPATH\CodeIgniter.php(353): CodeIgniter\CodeIgniter->handleRequest(null, Object(Config\Cache), false)
 8 FCPATH\index.php(79): CodeIgniter\CodeIgniter->run()
CRITICAL - 2024-10-25 05:57:51 --> Undefined property: App\Controllers\EmailsController::$db
in APPPATH\Controllers\EmailsController.php on line 25.
 1 APPPATH\Controllers\EmailsController.php(25): CodeIgniter\Debug\Exceptions->errorHandler(2, 'Undefined property: App\\Controllers\\EmailsController::$db', 'C:\\xampp\\htdocs\\apps\\gestor_denuncias\\app\\Controllers\\EmailsController.php', 25)
 2 SYSTEMPATH\CodeIgniter.php(919): App\Controllers\EmailsController->view_emails()
 3 SYSTEMPATH\CodeIgniter.php(494): CodeIgniter\CodeIgniter->runController(Object(App\Controllers\EmailsController))
 4 SYSTEMPATH\CodeIgniter.php(353): CodeIgniter\CodeIgniter->handleRequest(null, Object(Config\Cache), false)
 5 FCPATH\index.php(79): CodeIgniter\CodeIgniter->run()
CRITICAL - 2024-10-25 05:58:44 --> Undefined property: App\Controllers\EmailsController::$db
in APPPATH\Controllers\EmailsController.php on line 25.
 1 APPPATH\Controllers\EmailsController.php(25): CodeIgniter\Debug\Exceptions->errorHandler(2, 'Undefined property: App\\Controllers\\EmailsController::$db', 'C:\\xampp\\htdocs\\apps\\gestor_denuncias\\app\\Controllers\\EmailsController.php', 25)
 2 SYSTEMPATH\CodeIgniter.php(919): App\Controllers\EmailsController->view_emails()
 3 SYSTEMPATH\CodeIgniter.php(494): CodeIgniter\CodeIgniter->runController(Object(App\Controllers\EmailsController))
 4 SYSTEMPATH\CodeIgniter.php(353): CodeIgniter\CodeIgniter->handleRequest(null, Object(Config\Cache), false)
 5 FCPATH\index.php(79): CodeIgniter\CodeIgniter->run()
CRITICAL - 2024-10-25 05:58:45 --> Undefined property: App\Controllers\EmailsController::$db
in APPPATH\Controllers\EmailsController.php on line 25.
 1 APPPATH\Controllers\EmailsController.php(25): CodeIgniter\Debug\Exceptions->errorHandler(2, 'Undefined property: App\\Controllers\\EmailsController::$db', 'C:\\xampp\\htdocs\\apps\\gestor_denuncias\\app\\Controllers\\EmailsController.php', 25)
 2 SYSTEMPATH\CodeIgniter.php(919): App\Controllers\EmailsController->view_emails()
 3 SYSTEMPATH\CodeIgniter.php(494): CodeIgniter\CodeIgniter->runController(Object(App\Controllers\EmailsController))
 4 SYSTEMPATH\CodeIgniter.php(353): CodeIgniter\CodeIgniter->handleRequest(null, Object(Config\Cache), false)
 5 FCPATH\index.php(79): CodeIgniter\CodeIgniter->run()
CRITICAL - 2024-10-25 06:03:37 --> Undefined property: App\Controllers\EmailsController::$db
in APPPATH\Controllers\EmailsController.php on line 25.
 1 APPPATH\Controllers\EmailsController.php(25): CodeIgniter\Debug\Exceptions->errorHandler(2, 'Undefined property: App\\Controllers\\EmailsController::$db', 'C:\\xampp\\htdocs\\apps\\gestor_denuncias\\app\\Controllers\\EmailsController.php', 25)
 2 SYSTEMPATH\CodeIgniter.php(919): App\Controllers\EmailsController->view_emails()
 3 SYSTEMPATH\CodeIgniter.php(494): CodeIgniter\CodeIgniter->runController(Object(App\Controllers\EmailsController))
 4 SYSTEMPATH\CodeIgniter.php(353): CodeIgniter\CodeIgniter->handleRequest(null, Object(Config\Cache), false)
 5 FCPATH\index.php(79): CodeIgniter\CodeIgniter->run()
CRITICAL - 2024-10-25 06:04:15 --> Undefined property: App\Controllers\EmailsController::$db
in APPPATH\Controllers\EmailsController.php on line 25.
 1 APPPATH\Controllers\EmailsController.php(25): CodeIgniter\Debug\Exceptions->errorHandler(2, 'Undefined property: App\\Controllers\\EmailsController::$db', 'C:\\xampp\\htdocs\\apps\\gestor_denuncias\\app\\Controllers\\EmailsController.php', 25)
 2 SYSTEMPATH\CodeIgniter.php(919): App\Controllers\EmailsController->view_emails()
 3 SYSTEMPATH\CodeIgniter.php(494): CodeIgniter\CodeIgniter->runController(Object(App\Controllers\EmailsController))
 4 SYSTEMPATH\CodeIgniter.php(353): CodeIgniter\CodeIgniter->handleRequest(null, Object(Config\Cache), false)
 5 FCPATH\index.php(79): CodeIgniter\CodeIgniter->run()
CRITICAL - 2024-10-25 06:26:55 --> Undefined property: App\Controllers\EmailsController::$db
in APPPATH\Controllers\EmailsController.php on line 25.
 1 APPPATH\Controllers\EmailsController.php(25): CodeIgniter\Debug\Exceptions->errorHandler(2, 'Undefined property: App\\Controllers\\EmailsController::$db', 'C:\\xampp\\htdocs\\apps\\gestor_denuncias\\app\\Controllers\\EmailsController.php', 25)
 2 SYSTEMPATH\CodeIgniter.php(919): App\Controllers\EmailsController->view_emails()
 3 SYSTEMPATH\CodeIgniter.php(494): CodeIgniter\CodeIgniter->runController(Object(App\Controllers\EmailsController))
 4 SYSTEMPATH\CodeIgniter.php(353): CodeIgniter\CodeIgniter->handleRequest(null, Object(Config\Cache), false)
 5 FCPATH\index.php(79): CodeIgniter\CodeIgniter->run()
CRITICAL - 2024-10-25 06:27:05 --> Undefined property: App\Controllers\EmailsController::$db
in APPPATH\Controllers\EmailsController.php on line 25.
 1 APPPATH\Controllers\EmailsController.php(25): CodeIgniter\Debug\Exceptions->errorHandler(2, 'Undefined property: App\\Controllers\\EmailsController::$db', 'C:\\xampp\\htdocs\\apps\\gestor_denuncias\\app\\Controllers\\EmailsController.php', 25)
 2 SYSTEMPATH\CodeIgniter.php(919): App\Controllers\EmailsController->view_emails()
 3 SYSTEMPATH\CodeIgniter.php(494): CodeIgniter\CodeIgniter->runController(Object(App\Controllers\EmailsController))
 4 SYSTEMPATH\CodeIgniter.php(353): CodeIgniter\CodeIgniter->handleRequest(null, Object(Config\Cache), false)
 5 FCPATH\index.php(79): CodeIgniter\CodeIgniter->run()
CRITICAL - 2024-10-25 07:05:36 --> Undefined property: App\Controllers\EmailsController::$db
in APPPATH\Controllers\EmailsController.php on line 25.
 1 APPPATH\Controllers\EmailsController.php(25): CodeIgniter\Debug\Exceptions->errorHandler(2, 'Undefined property: App\\Controllers\\EmailsController::$db', 'C:\\xampp\\htdocs\\apps\\gestor_denuncias\\app\\Controllers\\EmailsController.php', 25)
 2 SYSTEMPATH\CodeIgniter.php(919): App\Controllers\EmailsController->view_emails()
 3 SYSTEMPATH\CodeIgniter.php(494): CodeIgniter\CodeIgniter->runController(Object(App\Controllers\EmailsController))
 4 SYSTEMPATH\CodeIgniter.php(353): CodeIgniter\CodeIgniter->handleRequest(null, Object(Config\Cache), false)
 5 FCPATH\index.php(79): CodeIgniter\CodeIgniter->run()
ERROR - 2024-10-25 07:14:14 --> mysqli_sql_exception: Unknown column 'subject' in 'field list' in C:\xampp\htdocs\apps\gestor_denuncias\system\Database\MySQLi\Connection.php:306
Stack trace:
#0 C:\xampp\htdocs\apps\gestor_denuncias\system\Database\MySQLi\Connection.php(306): mysqli->query('INSERT INTO `de...', 0)
#1 C:\xampp\htdocs\apps\gestor_denuncias\system\Database\BaseConnection.php(692): CodeIgniter\Database\MySQLi\Connection->execute('INSERT INTO `de...')
#2 C:\xampp\htdocs\apps\gestor_denuncias\system\Database\BaseConnection.php(606): CodeIgniter\Database\BaseConnection->simpleQuery('INSERT INTO `de...')
#3 C:\xampp\htdocs\apps\gestor_denuncias\system\Database\BaseBuilder.php(2308): CodeIgniter\Database\BaseConnection->query('INSERT INTO `de...', Array, false)
#4 C:\xampp\htdocs\apps\gestor_denuncias\app\Controllers\DataTransfer.php(40): CodeIgniter\Database\BaseBuilder->insert(Array)
#5 C:\xampp\htdocs\apps\gestor_denuncias\system\CodeIgniter.php(919): App\Controllers\DataTransfer->transfer()
#6 C:\xampp\htdocs\apps\gestor_denuncias\system\CodeIgniter.php(494): CodeIgniter\CodeIgniter->runController(Object(App\Controllers\DataTransfer))
#7 C:\xampp\htdocs\apps\gestor_denuncias\system\CodeIgniter.php(353): CodeIgniter\CodeIgniter->handleRequest(NULL, Object(Config\Cache), false)
#8 C:\xampp\htdocs\apps\gestor_denuncias\public\index.php(79): CodeIgniter\CodeIgniter->run()
#9 {main}
CRITICAL - 2024-10-25 07:14:14 --> Unknown column 'subject' in 'field list'
in SYSTEMPATH\Database\BaseConnection.php on line 646.
 1 SYSTEMPATH\Database\BaseBuilder.php(2308): CodeIgniter\Database\BaseConnection->query('INSERT INTO `denuncias` (`subject`, `message_id`, `headers`, `content_plain`, `attachments`) VALUES (:subject:, :message_id:, :headers:, :content_plain:, :attachments:)', [...], false)
 2 APPPATH\Controllers\DataTransfer.php(40): CodeIgniter\Database\BaseBuilder->insert([...])
 3 SYSTEMPATH\CodeIgniter.php(919): App\Controllers\DataTransfer->transfer()
 4 SYSTEMPATH\CodeIgniter.php(494): CodeIgniter\CodeIgniter->runController(Object(App\Controllers\DataTransfer))
 5 SYSTEMPATH\CodeIgniter.php(353): CodeIgniter\CodeIgniter->handleRequest(null, Object(Config\Cache), false)
 6 FCPATH\index.php(79): CodeIgniter\CodeIgniter->run()
ERROR - 2024-10-25 07:14:20 --> mysqli_sql_exception: Unknown column 'subject' in 'field list' in C:\xampp\htdocs\apps\gestor_denuncias\system\Database\MySQLi\Connection.php:306
Stack trace:
#0 C:\xampp\htdocs\apps\gestor_denuncias\system\Database\MySQLi\Connection.php(306): mysqli->query('INSERT INTO `de...', 0)
#1 C:\xampp\htdocs\apps\gestor_denuncias\system\Database\BaseConnection.php(692): CodeIgniter\Database\MySQLi\Connection->execute('INSERT INTO `de...')
#2 C:\xampp\htdocs\apps\gestor_denuncias\system\Database\BaseConnection.php(606): CodeIgniter\Database\BaseConnection->simpleQuery('INSERT INTO `de...')
#3 C:\xampp\htdocs\apps\gestor_denuncias\system\Database\BaseBuilder.php(2308): CodeIgniter\Database\BaseConnection->query('INSERT INTO `de...', Array, false)
#4 C:\xampp\htdocs\apps\gestor_denuncias\app\Controllers\DataTransfer.php(40): CodeIgniter\Database\BaseBuilder->insert(Array)
#5 C:\xampp\htdocs\apps\gestor_denuncias\system\CodeIgniter.php(919): App\Controllers\DataTransfer->transfer()
#6 C:\xampp\htdocs\apps\gestor_denuncias\system\CodeIgniter.php(494): CodeIgniter\CodeIgniter->runController(Object(App\Controllers\DataTransfer))
#7 C:\xampp\htdocs\apps\gestor_denuncias\system\CodeIgniter.php(353): CodeIgniter\CodeIgniter->handleRequest(NULL, Object(Config\Cache), false)
#8 C:\xampp\htdocs\apps\gestor_denuncias\public\index.php(79): CodeIgniter\CodeIgniter->run()
#9 {main}
CRITICAL - 2024-10-25 07:14:20 --> Unknown column 'subject' in 'field list'
in SYSTEMPATH\Database\BaseConnection.php on line 646.
 1 SYSTEMPATH\Database\BaseBuilder.php(2308): CodeIgniter\Database\BaseConnection->query('INSERT INTO `denuncias` (`subject`, `message_id`, `headers`, `content_plain`, `attachments`) VALUES (:subject:, :message_id:, :headers:, :content_plain:, :attachments:)', [...], false)
 2 APPPATH\Controllers\DataTransfer.php(40): CodeIgniter\Database\BaseBuilder->insert([...])
 3 SYSTEMPATH\CodeIgniter.php(919): App\Controllers\DataTransfer->transfer()
 4 SYSTEMPATH\CodeIgniter.php(494): CodeIgniter\CodeIgniter->runController(Object(App\Controllers\DataTransfer))
 5 SYSTEMPATH\CodeIgniter.php(353): CodeIgniter\CodeIgniter->handleRequest(null, Object(Config\Cache), false)
 6 FCPATH\index.php(79): CodeIgniter\CodeIgniter->run()
ERROR - 2024-10-25 17:31:55 --> mysqli_sql_exception: Unknown column 'subject' in 'field list' in C:\xampp\htdocs\apps\gestor_denuncias\system\Database\MySQLi\Connection.php:306
Stack trace:
#0 C:\xampp\htdocs\apps\gestor_denuncias\system\Database\MySQLi\Connection.php(306): mysqli->query('INSERT INTO `de...', 0)
#1 C:\xampp\htdocs\apps\gestor_denuncias\system\Database\BaseConnection.php(692): CodeIgniter\Database\MySQLi\Connection->execute('INSERT INTO `de...')
#2 C:\xampp\htdocs\apps\gestor_denuncias\system\Database\BaseConnection.php(606): CodeIgniter\Database\BaseConnection->simpleQuery('INSERT INTO `de...')
#3 C:\xampp\htdocs\apps\gestor_denuncias\system\Database\BaseBuilder.php(2308): CodeIgniter\Database\BaseConnection->query('INSERT INTO `de...', Array, false)
#4 C:\xampp\htdocs\apps\gestor_denuncias\app\Controllers\DataTransfer.php(40): CodeIgniter\Database\BaseBuilder->insert(Array)
#5 C:\xampp\htdocs\apps\gestor_denuncias\system\CodeIgniter.php(919): App\Controllers\DataTransfer->transfer()
#6 C:\xampp\htdocs\apps\gestor_denuncias\system\CodeIgniter.php(494): CodeIgniter\CodeIgniter->runController(Object(App\Controllers\DataTransfer))
#7 C:\xampp\htdocs\apps\gestor_denuncias\system\CodeIgniter.php(353): CodeIgniter\CodeIgniter->handleRequest(NULL, Object(Config\Cache), false)
#8 C:\xampp\htdocs\apps\gestor_denuncias\public\index.php(79): CodeIgniter\CodeIgniter->run()
#9 {main}
CRITICAL - 2024-10-25 17:31:55 --> Unknown column 'subject' in 'field list'
in SYSTEMPATH\Database\BaseConnection.php on line 646.
 1 SYSTEMPATH\Database\BaseBuilder.php(2308): CodeIgniter\Database\BaseConnection->query('INSERT INTO `denuncias` (`subject`, `message_id`, `headers`, `content_plain`, `attachments`) VALUES (:subject:, :message_id:, :headers:, :content_plain:, :attachments:)', [...], false)
 2 APPPATH\Controllers\DataTransfer.php(40): CodeIgniter\Database\BaseBuilder->insert([...])
 3 SYSTEMPATH\CodeIgniter.php(919): App\Controllers\DataTransfer->transfer()
 4 SYSTEMPATH\CodeIgniter.php(494): CodeIgniter\CodeIgniter->runController(Object(App\Controllers\DataTransfer))
 5 SYSTEMPATH\CodeIgniter.php(353): CodeIgniter\CodeIgniter->handleRequest(null, Object(Config\Cache), false)
 6 FCPATH\index.php(79): CodeIgniter\CodeIgniter->run()
ERROR - 2024-10-25 17:32:35 --> mysqli_sql_exception: Unknown column 'subject' in 'field list' in C:\xampp\htdocs\apps\gestor_denuncias\system\Database\MySQLi\Connection.php:306
Stack trace:
#0 C:\xampp\htdocs\apps\gestor_denuncias\system\Database\MySQLi\Connection.php(306): mysqli->query('INSERT INTO `de...', 0)
#1 C:\xampp\htdocs\apps\gestor_denuncias\system\Database\BaseConnection.php(692): CodeIgniter\Database\MySQLi\Connection->execute('INSERT INTO `de...')
#2 C:\xampp\htdocs\apps\gestor_denuncias\system\Database\BaseConnection.php(606): CodeIgniter\Database\BaseConnection->simpleQuery('INSERT INTO `de...')
#3 C:\xampp\htdocs\apps\gestor_denuncias\system\Database\BaseBuilder.php(2308): CodeIgniter\Database\BaseConnection->query('INSERT INTO `de...', Array, false)
#4 C:\xampp\htdocs\apps\gestor_denuncias\app\Controllers\DataTransfer.php(40): CodeIgniter\Database\BaseBuilder->insert(Array)
#5 C:\xampp\htdocs\apps\gestor_denuncias\system\CodeIgniter.php(919): App\Controllers\DataTransfer->transfer()
#6 C:\xampp\htdocs\apps\gestor_denuncias\system\CodeIgniter.php(494): CodeIgniter\CodeIgniter->runController(Object(App\Controllers\DataTransfer))
#7 C:\xampp\htdocs\apps\gestor_denuncias\system\CodeIgniter.php(353): CodeIgniter\CodeIgniter->handleRequest(NULL, Object(Config\Cache), false)
#8 C:\xampp\htdocs\apps\gestor_denuncias\public\index.php(79): CodeIgniter\CodeIgniter->run()
#9 {main}
CRITICAL - 2024-10-25 17:32:35 --> Unknown column 'subject' in 'field list'
in SYSTEMPATH\Database\BaseConnection.php on line 646.
 1 SYSTEMPATH\Database\BaseBuilder.php(2308): CodeIgniter\Database\BaseConnection->query('INSERT INTO `denuncias` (`subject`, `message_id`, `headers`, `content_plain`, `attachments`) VALUES (:subject:, :message_id:, :headers:, :content_plain:, :attachments:)', [...], false)
 2 APPPATH\Controllers\DataTransfer.php(40): CodeIgniter\Database\BaseBuilder->insert([...])
 3 SYSTEMPATH\CodeIgniter.php(919): App\Controllers\DataTransfer->transfer()
 4 SYSTEMPATH\CodeIgniter.php(494): CodeIgniter\CodeIgniter->runController(Object(App\Controllers\DataTransfer))
 5 SYSTEMPATH\CodeIgniter.php(353): CodeIgniter\CodeIgniter->handleRequest(null, Object(Config\Cache), false)
 6 FCPATH\index.php(79): CodeIgniter\CodeIgniter->run()
ERROR - 2024-10-25 17:32:38 --> mysqli_sql_exception: Unknown column 'subject' in 'field list' in C:\xampp\htdocs\apps\gestor_denuncias\system\Database\MySQLi\Connection.php:306
Stack trace:
#0 C:\xampp\htdocs\apps\gestor_denuncias\system\Database\MySQLi\Connection.php(306): mysqli->query('INSERT INTO `de...', 0)
#1 C:\xampp\htdocs\apps\gestor_denuncias\system\Database\BaseConnection.php(692): CodeIgniter\Database\MySQLi\Connection->execute('INSERT INTO `de...')
#2 C:\xampp\htdocs\apps\gestor_denuncias\system\Database\BaseConnection.php(606): CodeIgniter\Database\BaseConnection->simpleQuery('INSERT INTO `de...')
#3 C:\xampp\htdocs\apps\gestor_denuncias\system\Database\BaseBuilder.php(2308): CodeIgniter\Database\BaseConnection->query('INSERT INTO `de...', Array, false)
#4 C:\xampp\htdocs\apps\gestor_denuncias\app\Controllers\DataTransfer.php(40): CodeIgniter\Database\BaseBuilder->insert(Array)
#5 C:\xampp\htdocs\apps\gestor_denuncias\system\CodeIgniter.php(919): App\Controllers\DataTransfer->transfer()
#6 C:\xampp\htdocs\apps\gestor_denuncias\system\CodeIgniter.php(494): CodeIgniter\CodeIgniter->runController(Object(App\Controllers\DataTransfer))
#7 C:\xampp\htdocs\apps\gestor_denuncias\system\CodeIgniter.php(353): CodeIgniter\CodeIgniter->handleRequest(NULL, Object(Config\Cache), false)
#8 C:\xampp\htdocs\apps\gestor_denuncias\public\index.php(79): CodeIgniter\CodeIgniter->run()
#9 {main}
CRITICAL - 2024-10-25 17:32:38 --> Unknown column 'subject' in 'field list'
in SYSTEMPATH\Database\BaseConnection.php on line 646.
 1 SYSTEMPATH\Database\BaseBuilder.php(2308): CodeIgniter\Database\BaseConnection->query('INSERT INTO `denuncias` (`subject`, `message_id`, `headers`, `content_plain`, `attachments`) VALUES (:subject:, :message_id:, :headers:, :content_plain:, :attachments:)', [...], false)
 2 APPPATH\Controllers\DataTransfer.php(40): CodeIgniter\Database\BaseBuilder->insert([...])
 3 SYSTEMPATH\CodeIgniter.php(919): App\Controllers\DataTransfer->transfer()
 4 SYSTEMPATH\CodeIgniter.php(494): CodeIgniter\CodeIgniter->runController(Object(App\Controllers\DataTransfer))
 5 SYSTEMPATH\CodeIgniter.php(353): CodeIgniter\CodeIgniter->handleRequest(null, Object(Config\Cache), false)
 6 FCPATH\index.php(79): CodeIgniter\CodeIgniter->run()
ERROR - 2024-10-25 17:32:57 --> mysqli_sql_exception: Unknown column 'message_id' in 'field list' in C:\xampp\htdocs\apps\gestor_denuncias\system\Database\MySQLi\Connection.php:306
Stack trace:
#0 C:\xampp\htdocs\apps\gestor_denuncias\system\Database\MySQLi\Connection.php(306): mysqli->query('INSERT INTO `de...', 0)
#1 C:\xampp\htdocs\apps\gestor_denuncias\system\Database\BaseConnection.php(692): CodeIgniter\Database\MySQLi\Connection->execute('INSERT INTO `de...')
#2 C:\xampp\htdocs\apps\gestor_denuncias\system\Database\BaseConnection.php(606): CodeIgniter\Database\BaseConnection->simpleQuery('INSERT INTO `de...')
#3 C:\xampp\htdocs\apps\gestor_denuncias\system\Database\BaseBuilder.php(2308): CodeIgniter\Database\BaseConnection->query('INSERT INTO `de...', Array, false)
#4 C:\xampp\htdocs\apps\gestor_denuncias\app\Controllers\DataTransfer.php(40): CodeIgniter\Database\BaseBuilder->insert(Array)
#5 C:\xampp\htdocs\apps\gestor_denuncias\system\CodeIgniter.php(919): App\Controllers\DataTransfer->transfer()
#6 C:\xampp\htdocs\apps\gestor_denuncias\system\CodeIgniter.php(494): CodeIgniter\CodeIgniter->runController(Object(App\Controllers\DataTransfer))
#7 C:\xampp\htdocs\apps\gestor_denuncias\system\CodeIgniter.php(353): CodeIgniter\CodeIgniter->handleRequest(NULL, Object(Config\Cache), false)
#8 C:\xampp\htdocs\apps\gestor_denuncias\public\index.php(79): CodeIgniter\CodeIgniter->run()
#9 {main}
CRITICAL - 2024-10-25 17:32:57 --> Unknown column 'message_id' in 'field list'
in SYSTEMPATH\Database\BaseConnection.php on line 646.
 1 SYSTEMPATH\Database\BaseBuilder.php(2308): CodeIgniter\Database\BaseConnection->query('INSERT INTO `denuncias` (`message_id`, `headers`, `content_plain`, `attachments`) VALUES (:message_id:, :headers:, :content_plain:, :attachments:)', [...], false)
 2 APPPATH\Controllers\DataTransfer.php(40): CodeIgniter\Database\BaseBuilder->insert([...])
 3 SYSTEMPATH\CodeIgniter.php(919): App\Controllers\DataTransfer->transfer()
 4 SYSTEMPATH\CodeIgniter.php(494): CodeIgniter\CodeIgniter->runController(Object(App\Controllers\DataTransfer))
 5 SYSTEMPATH\CodeIgniter.php(353): CodeIgniter\CodeIgniter->handleRequest(null, Object(Config\Cache), false)
 6 FCPATH\index.php(79): CodeIgniter\CodeIgniter->run()
ERROR - 2024-10-25 17:33:33 --> mysqli_sql_exception: Unknown column 'subject' in 'field list' in C:\xampp\htdocs\apps\gestor_denuncias\system\Database\MySQLi\Connection.php:306
Stack trace:
#0 C:\xampp\htdocs\apps\gestor_denuncias\system\Database\MySQLi\Connection.php(306): mysqli->query('INSERT INTO `de...', 0)
#1 C:\xampp\htdocs\apps\gestor_denuncias\system\Database\BaseConnection.php(692): CodeIgniter\Database\MySQLi\Connection->execute('INSERT INTO `de...')
#2 C:\xampp\htdocs\apps\gestor_denuncias\system\Database\BaseConnection.php(606): CodeIgniter\Database\BaseConnection->simpleQuery('INSERT INTO `de...')
#3 C:\xampp\htdocs\apps\gestor_denuncias\system\Database\BaseBuilder.php(2308): CodeIgniter\Database\BaseConnection->query('INSERT INTO `de...', Array, false)
#4 C:\xampp\htdocs\apps\gestor_denuncias\app\Controllers\DataTransfer.php(40): CodeIgniter\Database\BaseBuilder->insert(Array)
#5 C:\xampp\htdocs\apps\gestor_denuncias\system\CodeIgniter.php(919): App\Controllers\DataTransfer->transfer()
#6 C:\xampp\htdocs\apps\gestor_denuncias\system\CodeIgniter.php(494): CodeIgniter\CodeIgniter->runController(Object(App\Controllers\DataTransfer))
#7 C:\xampp\htdocs\apps\gestor_denuncias\system\CodeIgniter.php(353): CodeIgniter\CodeIgniter->handleRequest(NULL, Object(Config\Cache), false)
#8 C:\xampp\htdocs\apps\gestor_denuncias\public\index.php(79): CodeIgniter\CodeIgniter->run()
#9 {main}
CRITICAL - 2024-10-25 17:33:33 --> Unknown column 'subject' in 'field list'
in SYSTEMPATH\Database\BaseConnection.php on line 646.
 1 SYSTEMPATH\Database\BaseBuilder.php(2308): CodeIgniter\Database\BaseConnection->query('INSERT INTO `denuncias` (`subject`, `message_id`, `headers`, `content_plain`, `attachments`) VALUES (:subject:, :message_id:, :headers:, :content_plain:, :attachments:)', [...], false)
 2 APPPATH\Controllers\DataTransfer.php(40): CodeIgniter\Database\BaseBuilder->insert([...])
 3 SYSTEMPATH\CodeIgniter.php(919): App\Controllers\DataTransfer->transfer()
 4 SYSTEMPATH\CodeIgniter.php(494): CodeIgniter\CodeIgniter->runController(Object(App\Controllers\DataTransfer))
 5 SYSTEMPATH\CodeIgniter.php(353): CodeIgniter\CodeIgniter->handleRequest(null, Object(Config\Cache), false)
 6 FCPATH\index.php(79): CodeIgniter\CodeIgniter->run()
ERROR - 2024-10-25 17:42:40 --> mysqli_sql_exception: Unknown column 'subject' in 'field list' in C:\xampp\htdocs\apps\gestor_denuncias\system\Database\MySQLi\Connection.php:306
Stack trace:
#0 C:\xampp\htdocs\apps\gestor_denuncias\system\Database\MySQLi\Connection.php(306): mysqli->query('INSERT INTO `de...', 0)
#1 C:\xampp\htdocs\apps\gestor_denuncias\system\Database\BaseConnection.php(692): CodeIgniter\Database\MySQLi\Connection->execute('INSERT INTO `de...')
#2 C:\xampp\htdocs\apps\gestor_denuncias\system\Database\BaseConnection.php(606): CodeIgniter\Database\BaseConnection->simpleQuery('INSERT INTO `de...')
#3 C:\xampp\htdocs\apps\gestor_denuncias\system\Database\BaseBuilder.php(2308): CodeIgniter\Database\BaseConnection->query('INSERT INTO `de...', Array, false)
#4 C:\xampp\htdocs\apps\gestor_denuncias\app\Controllers\DataTransfer.php(40): CodeIgniter\Database\BaseBuilder->insert(Array)
#5 C:\xampp\htdocs\apps\gestor_denuncias\system\CodeIgniter.php(919): App\Controllers\DataTransfer->transfer()
#6 C:\xampp\htdocs\apps\gestor_denuncias\system\CodeIgniter.php(494): CodeIgniter\CodeIgniter->runController(Object(App\Controllers\DataTransfer))
#7 C:\xampp\htdocs\apps\gestor_denuncias\system\CodeIgniter.php(353): CodeIgniter\CodeIgniter->handleRequest(NULL, Object(Config\Cache), false)
#8 C:\xampp\htdocs\apps\gestor_denuncias\public\index.php(79): CodeIgniter\CodeIgniter->run()
#9 {main}
CRITICAL - 2024-10-25 17:42:40 --> Unknown column 'subject' in 'field list'
in SYSTEMPATH\Database\BaseConnection.php on line 646.
 1 SYSTEMPATH\Database\BaseBuilder.php(2308): CodeIgniter\Database\BaseConnection->query('INSERT INTO `denuncias` (`subject`, `message_id`, `headers`, `content_plain`, `attachments`) VALUES (:subject:, :message_id:, :headers:, :content_plain:, :attachments:)', [...], false)
 2 APPPATH\Controllers\DataTransfer.php(40): CodeIgniter\Database\BaseBuilder->insert([...])
 3 SYSTEMPATH\CodeIgniter.php(919): App\Controllers\DataTransfer->transfer()
 4 SYSTEMPATH\CodeIgniter.php(494): CodeIgniter\CodeIgniter->runController(Object(App\Controllers\DataTransfer))
 5 SYSTEMPATH\CodeIgniter.php(353): CodeIgniter\CodeIgniter->handleRequest(null, Object(Config\Cache), false)
 6 FCPATH\index.php(79): CodeIgniter\CodeIgniter->run()
ERROR - 2024-10-25 19:26:34 --> mysqli_sql_exception: Table 'app_anticorupcion.denuncias' doesn't exist in C:\xampp\htdocs\apps\gestor_denuncias\system\Database\MySQLi\Connection.php:306
Stack trace:
#0 C:\xampp\htdocs\apps\gestor_denuncias\system\Database\MySQLi\Connection.php(306): mysqli->query('INSERT INTO `de...', 0)
#1 C:\xampp\htdocs\apps\gestor_denuncias\system\Database\BaseConnection.php(692): CodeIgniter\Database\MySQLi\Connection->execute('INSERT INTO `de...')
#2 C:\xampp\htdocs\apps\gestor_denuncias\system\Database\BaseConnection.php(606): CodeIgniter\Database\BaseConnection->simpleQuery('INSERT INTO `de...')
#3 C:\xampp\htdocs\apps\gestor_denuncias\system\Database\BaseBuilder.php(2308): CodeIgniter\Database\BaseConnection->query('INSERT INTO `de...', Array, false)
#4 C:\xampp\htdocs\apps\gestor_denuncias\app\Controllers\DataTransfer.php(40): CodeIgniter\Database\BaseBuilder->insert(Array)
#5 C:\xampp\htdocs\apps\gestor_denuncias\system\CodeIgniter.php(919): App\Controllers\DataTransfer->transfer()
#6 C:\xampp\htdocs\apps\gestor_denuncias\system\CodeIgniter.php(494): CodeIgniter\CodeIgniter->runController(Object(App\Controllers\DataTransfer))
#7 C:\xampp\htdocs\apps\gestor_denuncias\system\CodeIgniter.php(353): CodeIgniter\CodeIgniter->handleRequest(NULL, Object(Config\Cache), false)
#8 C:\xampp\htdocs\apps\gestor_denuncias\public\index.php(79): CodeIgniter\CodeIgniter->run()
#9 {main}
CRITICAL - 2024-10-25 19:26:34 --> Table 'app_anticorupcion.denuncias' doesn't exist
in SYSTEMPATH\Database\BaseConnection.php on line 646.
 1 SYSTEMPATH\Database\BaseBuilder.php(2308): CodeIgniter\Database\BaseConnection->query('INSERT INTO `denuncias` (`subject`, `message_id`, `headers`, `content_plain`, `attachments`) VALUES (:subject:, :message_id:, :headers:, :content_plain:, :attachments:)', [...], false)
 2 APPPATH\Controllers\DataTransfer.php(40): CodeIgniter\Database\BaseBuilder->insert([...])
 3 SYSTEMPATH\CodeIgniter.php(919): App\Controllers\DataTransfer->transfer()
 4 SYSTEMPATH\CodeIgniter.php(494): CodeIgniter\CodeIgniter->runController(Object(App\Controllers\DataTransfer))
 5 SYSTEMPATH\CodeIgniter.php(353): CodeIgniter\CodeIgniter->handleRequest(null, Object(Config\Cache), false)
 6 FCPATH\index.php(79): CodeIgniter\CodeIgniter->run()
ERROR - 2024-10-25 19:30:29 --> mysqli_sql_exception: Unknown column 'id' in 'where clause' in C:\xampp\htdocs\apps\gestor_denuncias\system\Database\MySQLi\Connection.php:306
Stack trace:
#0 C:\xampp\htdocs\apps\gestor_denuncias\system\Database\MySQLi\Connection.php(306): mysqli->query('SELECT form_val...', 0)
#1 C:\xampp\htdocs\apps\gestor_denuncias\system\Database\BaseConnection.php(692): CodeIgniter\Database\MySQLi\Connection->execute('SELECT form_val...')
#2 C:\xampp\htdocs\apps\gestor_denuncias\system\Database\BaseConnection.php(606): CodeIgniter\Database\BaseConnection->simpleQuery('SELECT form_val...')
#3 C:\xampp\htdocs\apps\gestor_denuncias\app\Controllers\DataTransferController.php(16): CodeIgniter\Database\BaseConnection->query('SELECT form_val...')
#4 C:\xampp\htdocs\apps\gestor_denuncias\system\CodeIgniter.php(919): App\Controllers\DataTransferController->transferData()
#5 C:\xampp\htdocs\apps\gestor_denuncias\system\CodeIgniter.php(494): CodeIgniter\CodeIgniter->runController(Object(App\Controllers\DataTransferController))
#6 C:\xampp\htdocs\apps\gestor_denuncias\system\CodeIgniter.php(353): CodeIgniter\CodeIgniter->handleRequest(NULL, Object(Config\Cache), false)
#7 C:\xampp\htdocs\apps\gestor_denuncias\public\index.php(79): CodeIgniter\CodeIgniter->run()
#8 {main}
CRITICAL - 2024-10-25 19:30:29 --> Unknown column 'id' in 'where clause'
in SYSTEMPATH\Database\BaseConnection.php on line 646.
 1 APPPATH\Controllers\DataTransferController.php(16): CodeIgniter\Database\BaseConnection->query('SELECT form_value FROM wp_db7_forms WHERE id = 1')
 2 SYSTEMPATH\CodeIgniter.php(919): App\Controllers\DataTransferController->transferData()
 3 SYSTEMPATH\CodeIgniter.php(494): CodeIgniter\CodeIgniter->runController(Object(App\Controllers\DataTransferController))
 4 SYSTEMPATH\CodeIgniter.php(353): CodeIgniter\CodeIgniter->handleRequest(null, Object(Config\Cache), false)
 5 FCPATH\index.php(79): CodeIgniter\CodeIgniter->run()
ERROR - 2024-10-25 19:31:38 --> mysqli_sql_exception: Unknown column 'id' in 'where clause' in C:\xampp\htdocs\apps\gestor_denuncias\system\Database\MySQLi\Connection.php:306
Stack trace:
#0 C:\xampp\htdocs\apps\gestor_denuncias\system\Database\MySQLi\Connection.php(306): mysqli->query('SELECT form_val...', 0)
#1 C:\xampp\htdocs\apps\gestor_denuncias\system\Database\BaseConnection.php(692): CodeIgniter\Database\MySQLi\Connection->execute('SELECT form_val...')
#2 C:\xampp\htdocs\apps\gestor_denuncias\system\Database\BaseConnection.php(606): CodeIgniter\Database\BaseConnection->simpleQuery('SELECT form_val...')
#3 C:\xampp\htdocs\apps\gestor_denuncias\app\Controllers\DataTransferController.php(16): CodeIgniter\Database\BaseConnection->query('SELECT form_val...')
#4 C:\xampp\htdocs\apps\gestor_denuncias\system\CodeIgniter.php(919): App\Controllers\DataTransferController->transferData()
#5 C:\xampp\htdocs\apps\gestor_denuncias\system\CodeIgniter.php(494): CodeIgniter\CodeIgniter->runController(Object(App\Controllers\DataTransferController))
#6 C:\xampp\htdocs\apps\gestor_denuncias\system\CodeIgniter.php(353): CodeIgniter\CodeIgniter->handleRequest(NULL, Object(Config\Cache), false)
#7 C:\xampp\htdocs\apps\gestor_denuncias\public\index.php(79): CodeIgniter\CodeIgniter->run()
#8 {main}
CRITICAL - 2024-10-25 19:31:38 --> Unknown column 'id' in 'where clause'
in SYSTEMPATH\Database\BaseConnection.php on line 646.
 1 APPPATH\Controllers\DataTransferController.php(16): CodeIgniter\Database\BaseConnection->query('SELECT form_value FROM wp_db7_forms WHERE id = 1')
 2 SYSTEMPATH\CodeIgniter.php(919): App\Controllers\DataTransferController->transferData()
 3 SYSTEMPATH\CodeIgniter.php(494): CodeIgniter\CodeIgniter->runController(Object(App\Controllers\DataTransferController))
 4 SYSTEMPATH\CodeIgniter.php(353): CodeIgniter\CodeIgniter->handleRequest(null, Object(Config\Cache), false)
 5 FCPATH\index.php(79): CodeIgniter\CodeIgniter->run()
ERROR - 2024-10-25 19:31:42 --> mysqli_sql_exception: Unknown column 'id' in 'where clause' in C:\xampp\htdocs\apps\gestor_denuncias\system\Database\MySQLi\Connection.php:306
Stack trace:
#0 C:\xampp\htdocs\apps\gestor_denuncias\system\Database\MySQLi\Connection.php(306): mysqli->query('SELECT form_val...', 0)
#1 C:\xampp\htdocs\apps\gestor_denuncias\system\Database\BaseConnection.php(692): CodeIgniter\Database\MySQLi\Connection->execute('SELECT form_val...')
#2 C:\xampp\htdocs\apps\gestor_denuncias\system\Database\BaseConnection.php(606): CodeIgniter\Database\BaseConnection->simpleQuery('SELECT form_val...')
#3 C:\xampp\htdocs\apps\gestor_denuncias\app\Controllers\DataTransferController.php(16): CodeIgniter\Database\BaseConnection->query('SELECT form_val...')
#4 C:\xampp\htdocs\apps\gestor_denuncias\system\CodeIgniter.php(919): App\Controllers\DataTransferController->transferData()
#5 C:\xampp\htdocs\apps\gestor_denuncias\system\CodeIgniter.php(494): CodeIgniter\CodeIgniter->runController(Object(App\Controllers\DataTransferController))
#6 C:\xampp\htdocs\apps\gestor_denuncias\system\CodeIgniter.php(353): CodeIgniter\CodeIgniter->handleRequest(NULL, Object(Config\Cache), false)
#7 C:\xampp\htdocs\apps\gestor_denuncias\public\index.php(79): CodeIgniter\CodeIgniter->run()
#8 {main}
CRITICAL - 2024-10-25 19:31:42 --> Unknown column 'id' in 'where clause'
in SYSTEMPATH\Database\BaseConnection.php on line 646.
 1 APPPATH\Controllers\DataTransferController.php(16): CodeIgniter\Database\BaseConnection->query('SELECT form_value FROM wp_db7_forms WHERE id = 1')
 2 SYSTEMPATH\CodeIgniter.php(919): App\Controllers\DataTransferController->transferData()
 3 SYSTEMPATH\CodeIgniter.php(494): CodeIgniter\CodeIgniter->runController(Object(App\Controllers\DataTransferController))
 4 SYSTEMPATH\CodeIgniter.php(353): CodeIgniter\CodeIgniter->handleRequest(null, Object(Config\Cache), false)
 5 FCPATH\index.php(79): CodeIgniter\CodeIgniter->run()
ERROR - 2024-10-25 19:31:42 --> mysqli_sql_exception: Unknown column 'id' in 'where clause' in C:\xampp\htdocs\apps\gestor_denuncias\system\Database\MySQLi\Connection.php:306
Stack trace:
#0 C:\xampp\htdocs\apps\gestor_denuncias\system\Database\MySQLi\Connection.php(306): mysqli->query('SELECT form_val...', 0)
#1 C:\xampp\htdocs\apps\gestor_denuncias\system\Database\BaseConnection.php(692): CodeIgniter\Database\MySQLi\Connection->execute('SELECT form_val...')
#2 C:\xampp\htdocs\apps\gestor_denuncias\system\Database\BaseConnection.php(606): CodeIgniter\Database\BaseConnection->simpleQuery('SELECT form_val...')
#3 C:\xampp\htdocs\apps\gestor_denuncias\app\Controllers\DataTransferController.php(16): CodeIgniter\Database\BaseConnection->query('SELECT form_val...')
#4 C:\xampp\htdocs\apps\gestor_denuncias\system\CodeIgniter.php(919): App\Controllers\DataTransferController->transferData()
#5 C:\xampp\htdocs\apps\gestor_denuncias\system\CodeIgniter.php(494): CodeIgniter\CodeIgniter->runController(Object(App\Controllers\DataTransferController))
#6 C:\xampp\htdocs\apps\gestor_denuncias\system\CodeIgniter.php(353): CodeIgniter\CodeIgniter->handleRequest(NULL, Object(Config\Cache), false)
#7 C:\xampp\htdocs\apps\gestor_denuncias\public\index.php(79): CodeIgniter\CodeIgniter->run()
#8 {main}
CRITICAL - 2024-10-25 19:31:42 --> Unknown column 'id' in 'where clause'
in SYSTEMPATH\Database\BaseConnection.php on line 646.
 1 APPPATH\Controllers\DataTransferController.php(16): CodeIgniter\Database\BaseConnection->query('SELECT form_value FROM wp_db7_forms WHERE id = 1')
 2 SYSTEMPATH\CodeIgniter.php(919): App\Controllers\DataTransferController->transferData()
 3 SYSTEMPATH\CodeIgniter.php(494): CodeIgniter\CodeIgniter->runController(Object(App\Controllers\DataTransferController))
 4 SYSTEMPATH\CodeIgniter.php(353): CodeIgniter\CodeIgniter->handleRequest(null, Object(Config\Cache), false)
 5 FCPATH\index.php(79): CodeIgniter\CodeIgniter->run()
ERROR - 2024-10-25 19:31:43 --> mysqli_sql_exception: Unknown column 'id' in 'where clause' in C:\xampp\htdocs\apps\gestor_denuncias\system\Database\MySQLi\Connection.php:306
Stack trace:
#0 C:\xampp\htdocs\apps\gestor_denuncias\system\Database\MySQLi\Connection.php(306): mysqli->query('SELECT form_val...', 0)
#1 C:\xampp\htdocs\apps\gestor_denuncias\system\Database\BaseConnection.php(692): CodeIgniter\Database\MySQLi\Connection->execute('SELECT form_val...')
#2 C:\xampp\htdocs\apps\gestor_denuncias\system\Database\BaseConnection.php(606): CodeIgniter\Database\BaseConnection->simpleQuery('SELECT form_val...')
#3 C:\xampp\htdocs\apps\gestor_denuncias\app\Controllers\DataTransferController.php(16): CodeIgniter\Database\BaseConnection->query('SELECT form_val...')
#4 C:\xampp\htdocs\apps\gestor_denuncias\system\CodeIgniter.php(919): App\Controllers\DataTransferController->transferData()
#5 C:\xampp\htdocs\apps\gestor_denuncias\system\CodeIgniter.php(494): CodeIgniter\CodeIgniter->runController(Object(App\Controllers\DataTransferController))
#6 C:\xampp\htdocs\apps\gestor_denuncias\system\CodeIgniter.php(353): CodeIgniter\CodeIgniter->handleRequest(NULL, Object(Config\Cache), false)
#7 C:\xampp\htdocs\apps\gestor_denuncias\public\index.php(79): CodeIgniter\CodeIgniter->run()
#8 {main}
CRITICAL - 2024-10-25 19:31:43 --> Unknown column 'id' in 'where clause'
in SYSTEMPATH\Database\BaseConnection.php on line 646.
 1 APPPATH\Controllers\DataTransferController.php(16): CodeIgniter\Database\BaseConnection->query('SELECT form_value FROM wp_db7_forms WHERE id = 1')
 2 SYSTEMPATH\CodeIgniter.php(919): App\Controllers\DataTransferController->transferData()
 3 SYSTEMPATH\CodeIgniter.php(494): CodeIgniter\CodeIgniter->runController(Object(App\Controllers\DataTransferController))
 4 SYSTEMPATH\CodeIgniter.php(353): CodeIgniter\CodeIgniter->handleRequest(null, Object(Config\Cache), false)
 5 FCPATH\index.php(79): CodeIgniter\CodeIgniter->run()
ERROR - 2024-10-25 19:32:05 --> mysqli_sql_exception: Unknown column 'id' in 'where clause' in C:\xampp\htdocs\apps\gestor_denuncias\system\Database\MySQLi\Connection.php:306
Stack trace:
#0 C:\xampp\htdocs\apps\gestor_denuncias\system\Database\MySQLi\Connection.php(306): mysqli->query('SELECT form_val...', 0)
#1 C:\xampp\htdocs\apps\gestor_denuncias\system\Database\BaseConnection.php(692): CodeIgniter\Database\MySQLi\Connection->execute('SELECT form_val...')
#2 C:\xampp\htdocs\apps\gestor_denuncias\system\Database\BaseConnection.php(606): CodeIgniter\Database\BaseConnection->simpleQuery('SELECT form_val...')
#3 C:\xampp\htdocs\apps\gestor_denuncias\app\Controllers\DataTransferController.php(16): CodeIgniter\Database\BaseConnection->query('SELECT form_val...')
#4 C:\xampp\htdocs\apps\gestor_denuncias\system\CodeIgniter.php(919): App\Controllers\DataTransferController->transferData()
#5 C:\xampp\htdocs\apps\gestor_denuncias\system\CodeIgniter.php(494): CodeIgniter\CodeIgniter->runController(Object(App\Controllers\DataTransferController))
#6 C:\xampp\htdocs\apps\gestor_denuncias\system\CodeIgniter.php(353): CodeIgniter\CodeIgniter->handleRequest(NULL, Object(Config\Cache), false)
#7 C:\xampp\htdocs\apps\gestor_denuncias\public\index.php(79): CodeIgniter\CodeIgniter->run()
#8 {main}
CRITICAL - 2024-10-25 19:32:05 --> Unknown column 'id' in 'where clause'
in SYSTEMPATH\Database\BaseConnection.php on line 646.
 1 APPPATH\Controllers\DataTransferController.php(16): CodeIgniter\Database\BaseConnection->query('SELECT form_value FROM wp_db7_forms WHERE id = 1')
 2 SYSTEMPATH\CodeIgniter.php(919): App\Controllers\DataTransferController->transferData()
 3 SYSTEMPATH\CodeIgniter.php(494): CodeIgniter\CodeIgniter->runController(Object(App\Controllers\DataTransferController))
 4 SYSTEMPATH\CodeIgniter.php(353): CodeIgniter\CodeIgniter->handleRequest(null, Object(Config\Cache), false)
 5 FCPATH\index.php(79): CodeIgniter\CodeIgniter->run()
ERROR - 2024-10-25 19:33:55 --> mysqli_sql_exception: Unknown column 'id' in 'where clause' in C:\xampp\htdocs\apps\gestor_denuncias\system\Database\MySQLi\Connection.php:306
Stack trace:
#0 C:\xampp\htdocs\apps\gestor_denuncias\system\Database\MySQLi\Connection.php(306): mysqli->query('SELECT form_val...', 0)
#1 C:\xampp\htdocs\apps\gestor_denuncias\system\Database\BaseConnection.php(692): CodeIgniter\Database\MySQLi\Connection->execute('SELECT form_val...')
#2 C:\xampp\htdocs\apps\gestor_denuncias\system\Database\BaseConnection.php(606): CodeIgniter\Database\BaseConnection->simpleQuery('SELECT form_val...')
#3 C:\xampp\htdocs\apps\gestor_denuncias\app\Controllers\DataTransferController.php(16): CodeIgniter\Database\BaseConnection->query('SELECT form_val...')
#4 C:\xampp\htdocs\apps\gestor_denuncias\system\CodeIgniter.php(919): App\Controllers\DataTransferController->transferData()
#5 C:\xampp\htdocs\apps\gestor_denuncias\system\CodeIgniter.php(494): CodeIgniter\CodeIgniter->runController(Object(App\Controllers\DataTransferController))
#6 C:\xampp\htdocs\apps\gestor_denuncias\system\CodeIgniter.php(353): CodeIgniter\CodeIgniter->handleRequest(NULL, Object(Config\Cache), false)
#7 C:\xampp\htdocs\apps\gestor_denuncias\public\index.php(79): CodeIgniter\CodeIgniter->run()
#8 {main}
CRITICAL - 2024-10-25 19:33:55 --> Unknown column 'id' in 'where clause'
in SYSTEMPATH\Database\BaseConnection.php on line 646.
 1 APPPATH\Controllers\DataTransferController.php(16): CodeIgniter\Database\BaseConnection->query('SELECT form_value FROM wp_db7_forms WHERE id = 1')
 2 SYSTEMPATH\CodeIgniter.php(919): App\Controllers\DataTransferController->transferData()
 3 SYSTEMPATH\CodeIgniter.php(494): CodeIgniter\CodeIgniter->runController(Object(App\Controllers\DataTransferController))
 4 SYSTEMPATH\CodeIgniter.php(353): CodeIgniter\CodeIgniter->handleRequest(null, Object(Config\Cache), false)
 5 FCPATH\index.php(79): CodeIgniter\CodeIgniter->run()
