CRITICAL - 2024-11-07 10:07:46 --> Undefined array key "name"
in APPPATH\Views\roles\edit.php on line 20.
 1 APPPATH\Views\roles\edit.php(20): CodeIgniter\Debug\Exceptions->errorHandler(2, 'Undefined array key "name"', 'C:\\xampp\\htdocs\\apps\\gestor_denuncias\\app\\Views\\roles\\edit.php', 20)
 2 SYSTEMPATH\View\View.php(226): include('C:\\xampp\\htdocs\\apps\\gestor_denuncias\\app\\Views\\roles\\edit.php')
 3 SYSTEMPATH\View\View.php(229): CodeIgniter\View\View->CodeIgniter\View\{closure}()
 4 SYSTEMPATH\Common.php(1188): CodeIgniter\View\View->render('roles/edit', [], true)
 5 APPPATH\Controllers\Roles.php(76): view('roles/edit', [...])
 6 SYSTEMPATH\CodeIgniter.php(919): App\Controllers\Roles->edit('1')
 7 SYSTEMPATH\CodeIgniter.php(494): CodeIgniter\CodeIgniter->runController(Object(App\Controllers\Roles))
 8 SYSTEMPATH\CodeIgniter.php(353): CodeIgniter\CodeIgniter->handleRequest(null, Object(Config\Cache), false)
 9 FCPATH\index.php(79): CodeIgniter\CodeIgniter->run()
CRITICAL - 2024-11-07 10:07:50 --> Undefined array key "name"
in APPPATH\Views\roles\edit.php on line 20.
 1 APPPATH\Views\roles\edit.php(20): CodeIgniter\Debug\Exceptions->errorHandler(2, 'Undefined array key "name"', 'C:\\xampp\\htdocs\\apps\\gestor_denuncias\\app\\Views\\roles\\edit.php', 20)
 2 SYSTEMPATH\View\View.php(226): include('C:\\xampp\\htdocs\\apps\\gestor_denuncias\\app\\Views\\roles\\edit.php')
 3 SYSTEMPATH\View\View.php(229): CodeIgniter\View\View->CodeIgniter\View\{closure}()
 4 SYSTEMPATH\Common.php(1188): CodeIgniter\View\View->render('roles/edit', [], true)
 5 APPPATH\Controllers\Roles.php(76): view('roles/edit', [...])
 6 SYSTEMPATH\CodeIgniter.php(919): App\Controllers\Roles->edit('1')
 7 SYSTEMPATH\CodeIgniter.php(494): CodeIgniter\CodeIgniter->runController(Object(App\Controllers\Roles))
 8 SYSTEMPATH\CodeIgniter.php(353): CodeIgniter\CodeIgniter->handleRequest(null, Object(Config\Cache), false)
 9 FCPATH\index.php(79): CodeIgniter\CodeIgniter->run()
ERROR - 2024-11-07 10:28:05 --> mysqli_sql_exception: Unknown column 'assigne_role_id' in 'where clause' in C:\xampp\htdocs\apps\gestor_denuncias\system\Database\MySQLi\Connection.php:306
Stack trace:
#0 C:\xampp\htdocs\apps\gestor_denuncias\system\Database\MySQLi\Connection.php(306): mysqli->query('SELECT *\nFROM `...', 0)
#1 C:\xampp\htdocs\apps\gestor_denuncias\system\Database\BaseConnection.php(692): CodeIgniter\Database\MySQLi\Connection->execute('SELECT *\nFROM `...')
#2 C:\xampp\htdocs\apps\gestor_denuncias\system\Database\BaseConnection.php(606): CodeIgniter\Database\BaseConnection->simpleQuery('SELECT *\nFROM `...')
#3 C:\xampp\htdocs\apps\gestor_denuncias\system\Database\BaseBuilder.php(1615): CodeIgniter\Database\BaseConnection->query('SELECT *\nFROM `...', Array, false)
#4 C:\xampp\htdocs\apps\gestor_denuncias\system\Model.php(237): CodeIgniter\Database\BaseBuilder->get()
#5 C:\xampp\htdocs\apps\gestor_denuncias\system\BaseModel.php(624): CodeIgniter\Model->doFindAll(0, 0)
#6 C:\xampp\htdocs\apps\gestor_denuncias\app\Controllers\DataTransferController.php(132): CodeIgniter\BaseModel->findAll()
#7 C:\xampp\htdocs\apps\gestor_denuncias\system\CodeIgniter.php(919): App\Controllers\DataTransferController->reports()
#8 C:\xampp\htdocs\apps\gestor_denuncias\system\CodeIgniter.php(494): CodeIgniter\CodeIgniter->runController(Object(App\Controllers\DataTransferController))
#9 C:\xampp\htdocs\apps\gestor_denuncias\system\CodeIgniter.php(353): CodeIgniter\CodeIgniter->handleRequest(NULL, Object(Config\Cache), false)
#10 C:\xampp\htdocs\apps\gestor_denuncias\public\index.php(79): CodeIgniter\CodeIgniter->run()
#11 {main}
CRITICAL - 2024-11-07 10:28:05 --> Unknown column 'assigne_role_id' in 'where clause'
in SYSTEMPATH\Database\BaseConnection.php on line 646.
 1 SYSTEMPATH\Database\BaseBuilder.php(1615): CodeIgniter\Database\BaseConnection->query('SELECT *
FROM `denuncias`
WHERE `assigne_role_id` = :assigne_role_id:
AND `tipo_denuncia` = :tipo_denuncia:
AND `menu_instituciones` = :menu_instituciones:
AND `estado` = :estado:', [...], false)
 2 SYSTEMPATH\Model.php(237): CodeIgniter\Database\BaseBuilder->get()
 3 SYSTEMPATH\BaseModel.php(624): CodeIgniter\Model->doFindAll(0, 0)
 4 APPPATH\Controllers\DataTransferController.php(132): CodeIgniter\BaseModel->findAll()
 5 SYSTEMPATH\CodeIgniter.php(919): App\Controllers\DataTransferController->reports()
 6 SYSTEMPATH\CodeIgniter.php(494): CodeIgniter\CodeIgniter->runController(Object(App\Controllers\DataTransferController))
 7 SYSTEMPATH\CodeIgniter.php(353): CodeIgniter\CodeIgniter->handleRequest(null, Object(Config\Cache), false)
 8 FCPATH\index.php(79): CodeIgniter\CodeIgniter->run()
ERROR - 2024-11-07 10:29:04 --> mysqli_sql_exception: Unknown column 'estado' in 'where clause' in C:\xampp\htdocs\apps\gestor_denuncias\system\Database\MySQLi\Connection.php:306
Stack trace:
#0 C:\xampp\htdocs\apps\gestor_denuncias\system\Database\MySQLi\Connection.php(306): mysqli->query('SELECT *\nFROM `...', 0)
#1 C:\xampp\htdocs\apps\gestor_denuncias\system\Database\BaseConnection.php(692): CodeIgniter\Database\MySQLi\Connection->execute('SELECT *\nFROM `...')
#2 C:\xampp\htdocs\apps\gestor_denuncias\system\Database\BaseConnection.php(606): CodeIgniter\Database\BaseConnection->simpleQuery('SELECT *\nFROM `...')
#3 C:\xampp\htdocs\apps\gestor_denuncias\system\Database\BaseBuilder.php(1615): CodeIgniter\Database\BaseConnection->query('SELECT *\nFROM `...', Array, false)
#4 C:\xampp\htdocs\apps\gestor_denuncias\system\Model.php(237): CodeIgniter\Database\BaseBuilder->get()
#5 C:\xampp\htdocs\apps\gestor_denuncias\system\BaseModel.php(624): CodeIgniter\Model->doFindAll(0, 0)
#6 C:\xampp\htdocs\apps\gestor_denuncias\app\Controllers\DataTransferController.php(132): CodeIgniter\BaseModel->findAll()
#7 C:\xampp\htdocs\apps\gestor_denuncias\system\CodeIgniter.php(919): App\Controllers\DataTransferController->reports()
#8 C:\xampp\htdocs\apps\gestor_denuncias\system\CodeIgniter.php(494): CodeIgniter\CodeIgniter->runController(Object(App\Controllers\DataTransferController))
#9 C:\xampp\htdocs\apps\gestor_denuncias\system\CodeIgniter.php(353): CodeIgniter\CodeIgniter->handleRequest(NULL, Object(Config\Cache), false)
#10 C:\xampp\htdocs\apps\gestor_denuncias\public\index.php(79): CodeIgniter\CodeIgniter->run()
#11 {main}
CRITICAL - 2024-11-07 10:29:04 --> Unknown column 'estado' in 'where clause'
in SYSTEMPATH\Database\BaseConnection.php on line 646.
 1 SYSTEMPATH\Database\BaseBuilder.php(1615): CodeIgniter\Database\BaseConnection->query('SELECT *
FROM `denuncias`
WHERE `assigned_role_id` = :assigned_role_id:
AND `tipo_denuncia` = :tipo_denuncia:
AND `menu_instituciones` = :menu_instituciones:
AND `estado` = :estado:', [...], false)
 2 SYSTEMPATH\Model.php(237): CodeIgniter\Database\BaseBuilder->get()
 3 SYSTEMPATH\BaseModel.php(624): CodeIgniter\Model->doFindAll(0, 0)
 4 APPPATH\Controllers\DataTransferController.php(132): CodeIgniter\BaseModel->findAll()
 5 SYSTEMPATH\CodeIgniter.php(919): App\Controllers\DataTransferController->reports()
 6 SYSTEMPATH\CodeIgniter.php(494): CodeIgniter\CodeIgniter->runController(Object(App\Controllers\DataTransferController))
 7 SYSTEMPATH\CodeIgniter.php(353): CodeIgniter\CodeIgniter->handleRequest(null, Object(Config\Cache), false)
 8 FCPATH\index.php(79): CodeIgniter\CodeIgniter->run()
CRITICAL - 2024-11-07 10:31:07 --> Array to string conversion
in SYSTEMPATH\Database\Query.php on line 327.
 1 [internal function]: CodeIgniter\Debug\Exceptions->errorHandler(2, 'Array to string conversion', 'C:\\xampp\\htdocs\\apps\\gestor_denuncias\\system\\Database\\Query.php', 327)
 2 SYSTEMPATH\Database\Query.php(327): implode(',', [...])
 3 SYSTEMPATH\Database\Query.php(308): CodeIgniter\Database\Query->matchNamedBinds('SELECT *
FROM `denuncias`
WHERE `assigned_role_id` = :assigned_role_id:
AND `tipo_denuncia` = :tipo_denuncia:
AND `menu_instituciones` = :menu_instituciones:
AND `estado` = :estado:', [...])
 4 SYSTEMPATH\Database\Query.php(159): CodeIgniter\Database\Query->compileBinds()
 5 SYSTEMPATH\Database\BaseConnection.php(606): CodeIgniter\Database\Query->getQuery()
 6 SYSTEMPATH\Database\BaseBuilder.php(1615): CodeIgniter\Database\BaseConnection->query('SELECT *
FROM `denuncias`
WHERE `assigned_role_id` = :assigned_role_id:
AND `tipo_denuncia` = :tipo_denuncia:
AND `menu_instituciones` = :menu_instituciones:
AND `estado` = :estado:', [...], false)
 7 SYSTEMPATH\Model.php(237): CodeIgniter\Database\BaseBuilder->get()
 8 SYSTEMPATH\BaseModel.php(624): CodeIgniter\Model->doFindAll(0, 0)
 9 APPPATH\Controllers\DataTransferController.php(132): CodeIgniter\BaseModel->findAll()
10 SYSTEMPATH\CodeIgniter.php(919): App\Controllers\DataTransferController->reports()
11 SYSTEMPATH\CodeIgniter.php(494): CodeIgniter\CodeIgniter->runController(Object(App\Controllers\DataTransferController))
12 SYSTEMPATH\CodeIgniter.php(353): CodeIgniter\CodeIgniter->handleRequest(null, Object(Config\Cache), false)
13 FCPATH\index.php(79): CodeIgniter\CodeIgniter->run()
CRITICAL - 2024-11-07 10:31:13 --> Array to string conversion
in SYSTEMPATH\Database\Query.php on line 327.
 1 [internal function]: CodeIgniter\Debug\Exceptions->errorHandler(2, 'Array to string conversion', 'C:\\xampp\\htdocs\\apps\\gestor_denuncias\\system\\Database\\Query.php', 327)
 2 SYSTEMPATH\Database\Query.php(327): implode(',', [...])
 3 SYSTEMPATH\Database\Query.php(308): CodeIgniter\Database\Query->matchNamedBinds('SELECT *
FROM `denuncias`
WHERE `assigned_role_id` = :assigned_role_id:
AND `tipo_denuncia` = :tipo_denuncia:
AND `menu_instituciones` = :menu_instituciones:
AND `estado` = :estado:', [...])
 4 SYSTEMPATH\Database\Query.php(159): CodeIgniter\Database\Query->compileBinds()
 5 SYSTEMPATH\Database\BaseConnection.php(606): CodeIgniter\Database\Query->getQuery()
 6 SYSTEMPATH\Database\BaseBuilder.php(1615): CodeIgniter\Database\BaseConnection->query('SELECT *
FROM `denuncias`
WHERE `assigned_role_id` = :assigned_role_id:
AND `tipo_denuncia` = :tipo_denuncia:
AND `menu_instituciones` = :menu_instituciones:
AND `estado` = :estado:', [...], false)
 7 SYSTEMPATH\Model.php(237): CodeIgniter\Database\BaseBuilder->get()
 8 SYSTEMPATH\BaseModel.php(624): CodeIgniter\Model->doFindAll(0, 0)
 9 APPPATH\Controllers\DataTransferController.php(132): CodeIgniter\BaseModel->findAll()
10 SYSTEMPATH\CodeIgniter.php(919): App\Controllers\DataTransferController->reports()
11 SYSTEMPATH\CodeIgniter.php(494): CodeIgniter\CodeIgniter->runController(Object(App\Controllers\DataTransferController))
12 SYSTEMPATH\CodeIgniter.php(353): CodeIgniter\CodeIgniter->handleRequest(null, Object(Config\Cache), false)
13 FCPATH\index.php(79): CodeIgniter\CodeIgniter->run()
ERROR - 2024-11-07 10:33:15 --> mysqli_sql_exception: Unknown column 'assigne_role_id' in 'where clause' in C:\xampp\htdocs\apps\gestor_denuncias\system\Database\MySQLi\Connection.php:306
Stack trace:
#0 C:\xampp\htdocs\apps\gestor_denuncias\system\Database\MySQLi\Connection.php(306): mysqli->query('SELECT *\nFROM `...', 0)
#1 C:\xampp\htdocs\apps\gestor_denuncias\system\Database\BaseConnection.php(692): CodeIgniter\Database\MySQLi\Connection->execute('SELECT *\nFROM `...')
#2 C:\xampp\htdocs\apps\gestor_denuncias\system\Database\BaseConnection.php(606): CodeIgniter\Database\BaseConnection->simpleQuery('SELECT *\nFROM `...')
#3 C:\xampp\htdocs\apps\gestor_denuncias\system\Database\BaseBuilder.php(1615): CodeIgniter\Database\BaseConnection->query('SELECT *\nFROM `...', Array, false)
#4 C:\xampp\htdocs\apps\gestor_denuncias\system\Model.php(237): CodeIgniter\Database\BaseBuilder->get()
#5 C:\xampp\htdocs\apps\gestor_denuncias\system\BaseModel.php(624): CodeIgniter\Model->doFindAll(0, 0)
#6 C:\xampp\htdocs\apps\gestor_denuncias\app\Controllers\DataTransferController.php(142): CodeIgniter\BaseModel->findAll()
#7 C:\xampp\htdocs\apps\gestor_denuncias\system\CodeIgniter.php(919): App\Controllers\DataTransferController->reports()
#8 C:\xampp\htdocs\apps\gestor_denuncias\system\CodeIgniter.php(494): CodeIgniter\CodeIgniter->runController(Object(App\Controllers\DataTransferController))
#9 C:\xampp\htdocs\apps\gestor_denuncias\system\CodeIgniter.php(353): CodeIgniter\CodeIgniter->handleRequest(NULL, Object(Config\Cache), false)
#10 C:\xampp\htdocs\apps\gestor_denuncias\public\index.php(79): CodeIgniter\CodeIgniter->run()
#11 {main}
CRITICAL - 2024-11-07 10:33:15 --> Unknown column 'assigne_role_id' in 'where clause'
in SYSTEMPATH\Database\BaseConnection.php on line 646.
 1 SYSTEMPATH\Database\BaseBuilder.php(1615): CodeIgniter\Database\BaseConnection->query('SELECT *
FROM `denuncias`
WHERE `assigne_role_id` = :assigne_role_id:', [...], false)
 2 SYSTEMPATH\Model.php(237): CodeIgniter\Database\BaseBuilder->get()
 3 SYSTEMPATH\BaseModel.php(624): CodeIgniter\Model->doFindAll(0, 0)
 4 APPPATH\Controllers\DataTransferController.php(142): CodeIgniter\BaseModel->findAll()
 5 SYSTEMPATH\CodeIgniter.php(919): App\Controllers\DataTransferController->reports()
 6 SYSTEMPATH\CodeIgniter.php(494): CodeIgniter\CodeIgniter->runController(Object(App\Controllers\DataTransferController))
 7 SYSTEMPATH\CodeIgniter.php(353): CodeIgniter\CodeIgniter->handleRequest(null, Object(Config\Cache), false)
 8 FCPATH\index.php(79): CodeIgniter\CodeIgniter->run()
CRITICAL - 2024-11-07 10:33:59 --> Undefined array key "dname"
in APPPATH\Views\reports\index.php on line 70.
 1 APPPATH\Views\reports\index.php(70): CodeIgniter\Debug\Exceptions->errorHandler(2, 'Undefined array key "dname"', 'C:\\xampp\\htdocs\\apps\\gestor_denuncias\\app\\Views\\reports\\index.php', 70)
 2 SYSTEMPATH\View\View.php(226): include('C:\\xampp\\htdocs\\apps\\gestor_denuncias\\app\\Views\\reports\\index.php')
 3 SYSTEMPATH\View\View.php(229): CodeIgniter\View\View->CodeIgniter\View\{closure}()
 4 SYSTEMPATH\Common.php(1188): CodeIgniter\View\View->render('reports/index', [], true)
 5 APPPATH\Controllers\DataTransferController.php(150): view('reports/index', [...])
 6 SYSTEMPATH\CodeIgniter.php(919): App\Controllers\DataTransferController->reports()
 7 SYSTEMPATH\CodeIgniter.php(494): CodeIgniter\CodeIgniter->runController(Object(App\Controllers\DataTransferController))
 8 SYSTEMPATH\CodeIgniter.php(353): CodeIgniter\CodeIgniter->handleRequest(null, Object(Config\Cache), false)
 9 FCPATH\index.php(79): CodeIgniter\CodeIgniter->run()
CRITICAL - 2024-11-07 10:34:21 --> Undefined array key "dname"
in APPPATH\Views\reports\index.php on line 70.
 1 APPPATH\Views\reports\index.php(70): CodeIgniter\Debug\Exceptions->errorHandler(2, 'Undefined array key "dname"', 'C:\\xampp\\htdocs\\apps\\gestor_denuncias\\app\\Views\\reports\\index.php', 70)
 2 SYSTEMPATH\View\View.php(226): include('C:\\xampp\\htdocs\\apps\\gestor_denuncias\\app\\Views\\reports\\index.php')
 3 SYSTEMPATH\View\View.php(229): CodeIgniter\View\View->CodeIgniter\View\{closure}()
 4 SYSTEMPATH\Common.php(1188): CodeIgniter\View\View->render('reports/index', [], true)
 5 APPPATH\Controllers\DataTransferController.php(150): view('reports/index', [...])
 6 SYSTEMPATH\CodeIgniter.php(919): App\Controllers\DataTransferController->reports()
 7 SYSTEMPATH\CodeIgniter.php(494): CodeIgniter\CodeIgniter->runController(Object(App\Controllers\DataTransferController))
 8 SYSTEMPATH\CodeIgniter.php(353): CodeIgniter\CodeIgniter->handleRequest(null, Object(Config\Cache), false)
 9 FCPATH\index.php(79): CodeIgniter\CodeIgniter->run()
CRITICAL - 2024-11-07 10:35:43 --> Undefined array key "status_name"
in APPPATH\Views\reports\index.php on line 82.
 1 APPPATH\Views\reports\index.php(82): CodeIgniter\Debug\Exceptions->errorHandler(2, 'Undefined array key "status_name"', 'C:\\xampp\\htdocs\\apps\\gestor_denuncias\\app\\Views\\reports\\index.php', 82)
 2 SYSTEMPATH\View\View.php(226): include('C:\\xampp\\htdocs\\apps\\gestor_denuncias\\app\\Views\\reports\\index.php')
 3 SYSTEMPATH\View\View.php(229): CodeIgniter\View\View->CodeIgniter\View\{closure}()
 4 SYSTEMPATH\Common.php(1188): CodeIgniter\View\View->render('reports/index', [], true)
 5 APPPATH\Controllers\DataTransferController.php(150): view('reports/index', [...])
 6 SYSTEMPATH\CodeIgniter.php(919): App\Controllers\DataTransferController->reports()
 7 SYSTEMPATH\CodeIgniter.php(494): CodeIgniter\CodeIgniter->runController(Object(App\Controllers\DataTransferController))
 8 SYSTEMPATH\CodeIgniter.php(353): CodeIgniter\CodeIgniter->handleRequest(null, Object(Config\Cache), false)
 9 FCPATH\index.php(79): CodeIgniter\CodeIgniter->run()
CRITICAL - 2024-11-07 10:40:30 --> Undefined variable $emails
in APPPATH\Views\reports\index.php on line 68.
 1 APPPATH\Views\reports\index.php(68): CodeIgniter\Debug\Exceptions->errorHandler(2, 'Undefined variable $emails', 'C:\\xampp\\htdocs\\apps\\gestor_denuncias\\app\\Views\\reports\\index.php', 68)
 2 SYSTEMPATH\View\View.php(226): include('C:\\xampp\\htdocs\\apps\\gestor_denuncias\\app\\Views\\reports\\index.php')
 3 SYSTEMPATH\View\View.php(229): CodeIgniter\View\View->CodeIgniter\View\{closure}()
 4 SYSTEMPATH\Common.php(1188): CodeIgniter\View\View->render('reports/index', [], true)
 5 APPPATH\Controllers\DataTransferController.php(148): view('reports/index', [...])
 6 SYSTEMPATH\CodeIgniter.php(919): App\Controllers\DataTransferController->reports()
 7 SYSTEMPATH\CodeIgniter.php(494): CodeIgniter\CodeIgniter->runController(Object(App\Controllers\DataTransferController))
 8 SYSTEMPATH\CodeIgniter.php(353): CodeIgniter\CodeIgniter->handleRequest(null, Object(Config\Cache), false)
 9 FCPATH\index.php(79): CodeIgniter\CodeIgniter->run()
CRITICAL - 2024-11-07 10:41:07 --> Undefined array key "dname"
in APPPATH\Views\reports\index.php on line 70.
 1 APPPATH\Views\reports\index.php(70): CodeIgniter\Debug\Exceptions->errorHandler(2, 'Undefined array key "dname"', 'C:\\xampp\\htdocs\\apps\\gestor_denuncias\\app\\Views\\reports\\index.php', 70)
 2 SYSTEMPATH\View\View.php(226): include('C:\\xampp\\htdocs\\apps\\gestor_denuncias\\app\\Views\\reports\\index.php')
 3 SYSTEMPATH\View\View.php(229): CodeIgniter\View\View->CodeIgniter\View\{closure}()
 4 SYSTEMPATH\Common.php(1188): CodeIgniter\View\View->render('reports/index', [], true)
 5 APPPATH\Controllers\DataTransferController.php(150): view('reports/index', [...])
 6 SYSTEMPATH\CodeIgniter.php(919): App\Controllers\DataTransferController->reports()
 7 SYSTEMPATH\CodeIgniter.php(494): CodeIgniter\CodeIgniter->runController(Object(App\Controllers\DataTransferController))
 8 SYSTEMPATH\CodeIgniter.php(353): CodeIgniter\CodeIgniter->handleRequest(null, Object(Config\Cache), false)
 9 FCPATH\index.php(79): CodeIgniter\CodeIgniter->run()
CRITICAL - 2024-11-07 10:43:25 --> Undefined array key "dname"
in APPPATH\Views\reports\index.php on line 70.
 1 APPPATH\Views\reports\index.php(70): CodeIgniter\Debug\Exceptions->errorHandler(2, 'Undefined array key "dname"', 'C:\\xampp\\htdocs\\apps\\gestor_denuncias\\app\\Views\\reports\\index.php', 70)
 2 SYSTEMPATH\View\View.php(226): include('C:\\xampp\\htdocs\\apps\\gestor_denuncias\\app\\Views\\reports\\index.php')
 3 SYSTEMPATH\View\View.php(229): CodeIgniter\View\View->CodeIgniter\View\{closure}()
 4 SYSTEMPATH\Common.php(1188): CodeIgniter\View\View->render('reports/index', [], true)
 5 APPPATH\Controllers\DataTransferController.php(150): view('reports/index', [...])
 6 SYSTEMPATH\CodeIgniter.php(919): App\Controllers\DataTransferController->reports()
 7 SYSTEMPATH\CodeIgniter.php(494): CodeIgniter\CodeIgniter->runController(Object(App\Controllers\DataTransferController))
 8 SYSTEMPATH\CodeIgniter.php(353): CodeIgniter\CodeIgniter->handleRequest(null, Object(Config\Cache), false)
 9 FCPATH\index.php(79): CodeIgniter\CodeIgniter->run()
CRITICAL - 2024-11-07 10:43:26 --> Undefined array key "dname"
in APPPATH\Views\reports\index.php on line 70.
 1 APPPATH\Views\reports\index.php(70): CodeIgniter\Debug\Exceptions->errorHandler(2, 'Undefined array key "dname"', 'C:\\xampp\\htdocs\\apps\\gestor_denuncias\\app\\Views\\reports\\index.php', 70)
 2 SYSTEMPATH\View\View.php(226): include('C:\\xampp\\htdocs\\apps\\gestor_denuncias\\app\\Views\\reports\\index.php')
 3 SYSTEMPATH\View\View.php(229): CodeIgniter\View\View->CodeIgniter\View\{closure}()
 4 SYSTEMPATH\Common.php(1188): CodeIgniter\View\View->render('reports/index', [], true)
 5 APPPATH\Controllers\DataTransferController.php(150): view('reports/index', [...])
 6 SYSTEMPATH\CodeIgniter.php(919): App\Controllers\DataTransferController->reports()
 7 SYSTEMPATH\CodeIgniter.php(494): CodeIgniter\CodeIgniter->runController(Object(App\Controllers\DataTransferController))
 8 SYSTEMPATH\CodeIgniter.php(353): CodeIgniter\CodeIgniter->handleRequest(null, Object(Config\Cache), false)
 9 FCPATH\index.php(79): CodeIgniter\CodeIgniter->run()
CRITICAL - 2024-11-07 10:44:47 --> Undefined array key "status_name"
in APPPATH\Views\reports\index.php on line 82.
 1 APPPATH\Views\reports\index.php(82): CodeIgniter\Debug\Exceptions->errorHandler(2, 'Undefined array key "status_name"', 'C:\\xampp\\htdocs\\apps\\gestor_denuncias\\app\\Views\\reports\\index.php', 82)
 2 SYSTEMPATH\View\View.php(226): include('C:\\xampp\\htdocs\\apps\\gestor_denuncias\\app\\Views\\reports\\index.php')
 3 SYSTEMPATH\View\View.php(229): CodeIgniter\View\View->CodeIgniter\View\{closure}()
 4 SYSTEMPATH\Common.php(1188): CodeIgniter\View\View->render('reports/index', [], true)
 5 APPPATH\Controllers\DataTransferController.php(150): view('reports/index', [...])
 6 SYSTEMPATH\CodeIgniter.php(919): App\Controllers\DataTransferController->reports()
 7 SYSTEMPATH\CodeIgniter.php(494): CodeIgniter\CodeIgniter->runController(Object(App\Controllers\DataTransferController))
 8 SYSTEMPATH\CodeIgniter.php(353): CodeIgniter\CodeIgniter->handleRequest(null, Object(Config\Cache), false)
 9 FCPATH\index.php(79): CodeIgniter\CodeIgniter->run()
CRITICAL - 2024-11-07 10:45:19 --> Undefined array key "status_name"
in APPPATH\Views\reports\index.php on line 82.
 1 APPPATH\Views\reports\index.php(82): CodeIgniter\Debug\Exceptions->errorHandler(2, 'Undefined array key "status_name"', 'C:\\xampp\\htdocs\\apps\\gestor_denuncias\\app\\Views\\reports\\index.php', 82)
 2 SYSTEMPATH\View\View.php(226): include('C:\\xampp\\htdocs\\apps\\gestor_denuncias\\app\\Views\\reports\\index.php')
 3 SYSTEMPATH\View\View.php(229): CodeIgniter\View\View->CodeIgniter\View\{closure}()
 4 SYSTEMPATH\Common.php(1188): CodeIgniter\View\View->render('reports/index', [], true)
 5 APPPATH\Controllers\DataTransferController.php(150): view('reports/index', [...])
 6 SYSTEMPATH\CodeIgniter.php(919): App\Controllers\DataTransferController->reports()
 7 SYSTEMPATH\CodeIgniter.php(494): CodeIgniter\CodeIgniter->runController(Object(App\Controllers\DataTransferController))
 8 SYSTEMPATH\CodeIgniter.php(353): CodeIgniter\CodeIgniter->handleRequest(null, Object(Config\Cache), false)
 9 FCPATH\index.php(79): CodeIgniter\CodeIgniter->run()
CRITICAL - 2024-11-07 10:45:24 --> Undefined array key "dname"
in APPPATH\Views\reports\index.php on line 70.
 1 APPPATH\Views\reports\index.php(70): CodeIgniter\Debug\Exceptions->errorHandler(2, 'Undefined array key "dname"', 'C:\\xampp\\htdocs\\apps\\gestor_denuncias\\app\\Views\\reports\\index.php', 70)
 2 SYSTEMPATH\View\View.php(226): include('C:\\xampp\\htdocs\\apps\\gestor_denuncias\\app\\Views\\reports\\index.php')
 3 SYSTEMPATH\View\View.php(229): CodeIgniter\View\View->CodeIgniter\View\{closure}()
 4 SYSTEMPATH\Common.php(1188): CodeIgniter\View\View->render('reports/index', [], true)
 5 APPPATH\Controllers\DataTransferController.php(150): view('reports/index', [...])
 6 SYSTEMPATH\CodeIgniter.php(919): App\Controllers\DataTransferController->reports()
 7 SYSTEMPATH\CodeIgniter.php(494): CodeIgniter\CodeIgniter->runController(Object(App\Controllers\DataTransferController))
 8 SYSTEMPATH\CodeIgniter.php(353): CodeIgniter\CodeIgniter->handleRequest(null, Object(Config\Cache), false)
 9 FCPATH\index.php(79): CodeIgniter\CodeIgniter->run()
CRITICAL - 2024-11-07 10:46:27 --> Undefined array key "dname"
in APPPATH\Views\reports\index.php on line 70.
 1 APPPATH\Views\reports\index.php(70): CodeIgniter\Debug\Exceptions->errorHandler(2, 'Undefined array key "dname"', 'C:\\xampp\\htdocs\\apps\\gestor_denuncias\\app\\Views\\reports\\index.php', 70)
 2 SYSTEMPATH\View\View.php(226): include('C:\\xampp\\htdocs\\apps\\gestor_denuncias\\app\\Views\\reports\\index.php')
 3 SYSTEMPATH\View\View.php(229): CodeIgniter\View\View->CodeIgniter\View\{closure}()
 4 SYSTEMPATH\Common.php(1188): CodeIgniter\View\View->render('reports/index', [], true)
 5 APPPATH\Controllers\DataTransferController.php(150): view('reports/index', [...])
 6 SYSTEMPATH\CodeIgniter.php(919): App\Controllers\DataTransferController->reports()
 7 SYSTEMPATH\CodeIgniter.php(494): CodeIgniter\CodeIgniter->runController(Object(App\Controllers\DataTransferController))
 8 SYSTEMPATH\CodeIgniter.php(353): CodeIgniter\CodeIgniter->handleRequest(null, Object(Config\Cache), false)
 9 FCPATH\index.php(79): CodeIgniter\CodeIgniter->run()
CRITICAL - 2024-11-07 10:46:28 --> Undefined array key "dname"
in APPPATH\Views\reports\index.php on line 70.
 1 APPPATH\Views\reports\index.php(70): CodeIgniter\Debug\Exceptions->errorHandler(2, 'Undefined array key "dname"', 'C:\\xampp\\htdocs\\apps\\gestor_denuncias\\app\\Views\\reports\\index.php', 70)
 2 SYSTEMPATH\View\View.php(226): include('C:\\xampp\\htdocs\\apps\\gestor_denuncias\\app\\Views\\reports\\index.php')
 3 SYSTEMPATH\View\View.php(229): CodeIgniter\View\View->CodeIgniter\View\{closure}()
 4 SYSTEMPATH\Common.php(1188): CodeIgniter\View\View->render('reports/index', [], true)
 5 APPPATH\Controllers\DataTransferController.php(150): view('reports/index', [...])
 6 SYSTEMPATH\CodeIgniter.php(919): App\Controllers\DataTransferController->reports()
 7 SYSTEMPATH\CodeIgniter.php(494): CodeIgniter\CodeIgniter->runController(Object(App\Controllers\DataTransferController))
 8 SYSTEMPATH\CodeIgniter.php(353): CodeIgniter\CodeIgniter->handleRequest(null, Object(Config\Cache), false)
 9 FCPATH\index.php(79): CodeIgniter\CodeIgniter->run()
CRITICAL - 2024-11-07 10:46:29 --> Undefined array key "dname"
in APPPATH\Views\reports\index.php on line 70.
 1 APPPATH\Views\reports\index.php(70): CodeIgniter\Debug\Exceptions->errorHandler(2, 'Undefined array key "dname"', 'C:\\xampp\\htdocs\\apps\\gestor_denuncias\\app\\Views\\reports\\index.php', 70)
 2 SYSTEMPATH\View\View.php(226): include('C:\\xampp\\htdocs\\apps\\gestor_denuncias\\app\\Views\\reports\\index.php')
 3 SYSTEMPATH\View\View.php(229): CodeIgniter\View\View->CodeIgniter\View\{closure}()
 4 SYSTEMPATH\Common.php(1188): CodeIgniter\View\View->render('reports/index', [], true)
 5 APPPATH\Controllers\DataTransferController.php(150): view('reports/index', [...])
 6 SYSTEMPATH\CodeIgniter.php(919): App\Controllers\DataTransferController->reports()
 7 SYSTEMPATH\CodeIgniter.php(494): CodeIgniter\CodeIgniter->runController(Object(App\Controllers\DataTransferController))
 8 SYSTEMPATH\CodeIgniter.php(353): CodeIgniter\CodeIgniter->handleRequest(null, Object(Config\Cache), false)
 9 FCPATH\index.php(79): CodeIgniter\CodeIgniter->run()
CRITICAL - 2024-11-07 10:47:08 --> Undefined array key "dname"
in APPPATH\Views\reports\index.php on line 70.
 1 APPPATH\Views\reports\index.php(70): CodeIgniter\Debug\Exceptions->errorHandler(2, 'Undefined array key "dname"', 'C:\\xampp\\htdocs\\apps\\gestor_denuncias\\app\\Views\\reports\\index.php', 70)
 2 SYSTEMPATH\View\View.php(226): include('C:\\xampp\\htdocs\\apps\\gestor_denuncias\\app\\Views\\reports\\index.php')
 3 SYSTEMPATH\View\View.php(229): CodeIgniter\View\View->CodeIgniter\View\{closure}()
 4 SYSTEMPATH\Common.php(1188): CodeIgniter\View\View->render('reports/index', [], true)
 5 APPPATH\Controllers\DataTransferController.php(150): view('reports/index', [...])
 6 SYSTEMPATH\CodeIgniter.php(919): App\Controllers\DataTransferController->reports()
 7 SYSTEMPATH\CodeIgniter.php(494): CodeIgniter\CodeIgniter->runController(Object(App\Controllers\DataTransferController))
 8 SYSTEMPATH\CodeIgniter.php(353): CodeIgniter\CodeIgniter->handleRequest(null, Object(Config\Cache), false)
 9 FCPATH\index.php(79): CodeIgniter\CodeIgniter->run()
CRITICAL - 2024-11-07 10:47:21 --> Undefined array key "status_name"
in APPPATH\Views\reports\index.php on line 82.
 1 APPPATH\Views\reports\index.php(82): CodeIgniter\Debug\Exceptions->errorHandler(2, 'Undefined array key "status_name"', 'C:\\xampp\\htdocs\\apps\\gestor_denuncias\\app\\Views\\reports\\index.php', 82)
 2 SYSTEMPATH\View\View.php(226): include('C:\\xampp\\htdocs\\apps\\gestor_denuncias\\app\\Views\\reports\\index.php')
 3 SYSTEMPATH\View\View.php(229): CodeIgniter\View\View->CodeIgniter\View\{closure}()
 4 SYSTEMPATH\Common.php(1188): CodeIgniter\View\View->render('reports/index', [], true)
 5 APPPATH\Controllers\DataTransferController.php(150): view('reports/index', [...])
 6 SYSTEMPATH\CodeIgniter.php(919): App\Controllers\DataTransferController->reports()
 7 SYSTEMPATH\CodeIgniter.php(494): CodeIgniter\CodeIgniter->runController(Object(App\Controllers\DataTransferController))
 8 SYSTEMPATH\CodeIgniter.php(353): CodeIgniter\CodeIgniter->handleRequest(null, Object(Config\Cache), false)
 9 FCPATH\index.php(79): CodeIgniter\CodeIgniter->run()
CRITICAL - 2024-11-07 10:47:53 --> Undefined array key "dname"
in APPPATH\Views\reports\index.php on line 70.
 1 APPPATH\Views\reports\index.php(70): CodeIgniter\Debug\Exceptions->errorHandler(2, 'Undefined array key "dname"', 'C:\\xampp\\htdocs\\apps\\gestor_denuncias\\app\\Views\\reports\\index.php', 70)
 2 SYSTEMPATH\View\View.php(226): include('C:\\xampp\\htdocs\\apps\\gestor_denuncias\\app\\Views\\reports\\index.php')
 3 SYSTEMPATH\View\View.php(229): CodeIgniter\View\View->CodeIgniter\View\{closure}()
 4 SYSTEMPATH\Common.php(1188): CodeIgniter\View\View->render('reports/index', [], true)
 5 APPPATH\Controllers\DataTransferController.php(150): view('reports/index', [...])
 6 SYSTEMPATH\CodeIgniter.php(919): App\Controllers\DataTransferController->reports()
 7 SYSTEMPATH\CodeIgniter.php(494): CodeIgniter\CodeIgniter->runController(Object(App\Controllers\DataTransferController))
 8 SYSTEMPATH\CodeIgniter.php(353): CodeIgniter\CodeIgniter->handleRequest(null, Object(Config\Cache), false)
 9 FCPATH\index.php(79): CodeIgniter\CodeIgniter->run()
CRITICAL - 2024-11-07 10:48:05 --> Undefined array key "status_name"
in APPPATH\Views\reports\index.php on line 82.
 1 APPPATH\Views\reports\index.php(82): CodeIgniter\Debug\Exceptions->errorHandler(2, 'Undefined array key "status_name"', 'C:\\xampp\\htdocs\\apps\\gestor_denuncias\\app\\Views\\reports\\index.php', 82)
 2 SYSTEMPATH\View\View.php(226): include('C:\\xampp\\htdocs\\apps\\gestor_denuncias\\app\\Views\\reports\\index.php')
 3 SYSTEMPATH\View\View.php(229): CodeIgniter\View\View->CodeIgniter\View\{closure}()
 4 SYSTEMPATH\Common.php(1188): CodeIgniter\View\View->render('reports/index', [], true)
 5 APPPATH\Controllers\DataTransferController.php(150): view('reports/index', [...])
 6 SYSTEMPATH\CodeIgniter.php(919): App\Controllers\DataTransferController->reports()
 7 SYSTEMPATH\CodeIgniter.php(494): CodeIgniter\CodeIgniter->runController(Object(App\Controllers\DataTransferController))
 8 SYSTEMPATH\CodeIgniter.php(353): CodeIgniter\CodeIgniter->handleRequest(null, Object(Config\Cache), false)
 9 FCPATH\index.php(79): CodeIgniter\CodeIgniter->run()
CRITICAL - 2024-11-07 10:51:12 --> Undefined array key "name"
in APPPATH\Views\reports\index.php on line 82.
 1 APPPATH\Views\reports\index.php(82): CodeIgniter\Debug\Exceptions->errorHandler(2, 'Undefined array key "name"', 'C:\\xampp\\htdocs\\apps\\gestor_denuncias\\app\\Views\\reports\\index.php', 82)
 2 SYSTEMPATH\View\View.php(226): include('C:\\xampp\\htdocs\\apps\\gestor_denuncias\\app\\Views\\reports\\index.php')
 3 SYSTEMPATH\View\View.php(229): CodeIgniter\View\View->CodeIgniter\View\{closure}()
 4 SYSTEMPATH\Common.php(1188): CodeIgniter\View\View->render('reports/index', [], true)
 5 APPPATH\Controllers\DataTransferController.php(150): view('reports/index', [...])
 6 SYSTEMPATH\CodeIgniter.php(919): App\Controllers\DataTransferController->reports()
 7 SYSTEMPATH\CodeIgniter.php(494): CodeIgniter\CodeIgniter->runController(Object(App\Controllers\DataTransferController))
 8 SYSTEMPATH\CodeIgniter.php(353): CodeIgniter\CodeIgniter->handleRequest(null, Object(Config\Cache), false)
 9 FCPATH\index.php(79): CodeIgniter\CodeIgniter->run()
CRITICAL - 2024-11-07 10:54:12 --> Undefined array key "name"
in APPPATH\Views\reports\index.php on line 82.
 1 APPPATH\Views\reports\index.php(82): CodeIgniter\Debug\Exceptions->errorHandler(2, 'Undefined array key "name"', 'C:\\xampp\\htdocs\\apps\\gestor_denuncias\\app\\Views\\reports\\index.php', 82)
 2 SYSTEMPATH\View\View.php(226): include('C:\\xampp\\htdocs\\apps\\gestor_denuncias\\app\\Views\\reports\\index.php')
 3 SYSTEMPATH\View\View.php(229): CodeIgniter\View\View->CodeIgniter\View\{closure}()
 4 SYSTEMPATH\Common.php(1188): CodeIgniter\View\View->render('reports/index', [], true)
 5 APPPATH\Controllers\DataTransferController.php(150): view('reports/index', [...])
 6 SYSTEMPATH\CodeIgniter.php(919): App\Controllers\DataTransferController->reports()
 7 SYSTEMPATH\CodeIgniter.php(494): CodeIgniter\CodeIgniter->runController(Object(App\Controllers\DataTransferController))
 8 SYSTEMPATH\CodeIgniter.php(353): CodeIgniter\CodeIgniter->handleRequest(null, Object(Config\Cache), false)
 9 FCPATH\index.php(79): CodeIgniter\CodeIgniter->run()
CRITICAL - 2024-11-07 10:54:13 --> Undefined array key "name"
in APPPATH\Views\reports\index.php on line 82.
 1 APPPATH\Views\reports\index.php(82): CodeIgniter\Debug\Exceptions->errorHandler(2, 'Undefined array key "name"', 'C:\\xampp\\htdocs\\apps\\gestor_denuncias\\app\\Views\\reports\\index.php', 82)
 2 SYSTEMPATH\View\View.php(226): include('C:\\xampp\\htdocs\\apps\\gestor_denuncias\\app\\Views\\reports\\index.php')
 3 SYSTEMPATH\View\View.php(229): CodeIgniter\View\View->CodeIgniter\View\{closure}()
 4 SYSTEMPATH\Common.php(1188): CodeIgniter\View\View->render('reports/index', [], true)
 5 APPPATH\Controllers\DataTransferController.php(150): view('reports/index', [...])
 6 SYSTEMPATH\CodeIgniter.php(919): App\Controllers\DataTransferController->reports()
 7 SYSTEMPATH\CodeIgniter.php(494): CodeIgniter\CodeIgniter->runController(Object(App\Controllers\DataTransferController))
 8 SYSTEMPATH\CodeIgniter.php(353): CodeIgniter\CodeIgniter->handleRequest(null, Object(Config\Cache), false)
 9 FCPATH\index.php(79): CodeIgniter\CodeIgniter->run()
CRITICAL - 2024-11-07 10:58:47 --> Undefined array key "name"
in APPPATH\Views\reports\index.php on line 82.
 1 APPPATH\Views\reports\index.php(82): CodeIgniter\Debug\Exceptions->errorHandler(2, 'Undefined array key "name"', 'C:\\xampp\\htdocs\\apps\\gestor_denuncias\\app\\Views\\reports\\index.php', 82)
 2 SYSTEMPATH\View\View.php(226): include('C:\\xampp\\htdocs\\apps\\gestor_denuncias\\app\\Views\\reports\\index.php')
 3 SYSTEMPATH\View\View.php(229): CodeIgniter\View\View->CodeIgniter\View\{closure}()
 4 SYSTEMPATH\Common.php(1188): CodeIgniter\View\View->render('reports/index', [], true)
 5 APPPATH\Controllers\DataTransferController.php(150): view('reports/index', [...])
 6 SYSTEMPATH\CodeIgniter.php(919): App\Controllers\DataTransferController->reports()
 7 SYSTEMPATH\CodeIgniter.php(494): CodeIgniter\CodeIgniter->runController(Object(App\Controllers\DataTransferController))
 8 SYSTEMPATH\CodeIgniter.php(353): CodeIgniter\CodeIgniter->handleRequest(null, Object(Config\Cache), false)
 9 FCPATH\index.php(79): CodeIgniter\CodeIgniter->run()
CRITICAL - 2024-11-07 10:59:34 --> Undefined array key "estado"
in APPPATH\Views\reports\index.php on line 82.
 1 APPPATH\Views\reports\index.php(82): CodeIgniter\Debug\Exceptions->errorHandler(2, 'Undefined array key "estado"', 'C:\\xampp\\htdocs\\apps\\gestor_denuncias\\app\\Views\\reports\\index.php', 82)
 2 SYSTEMPATH\View\View.php(226): include('C:\\xampp\\htdocs\\apps\\gestor_denuncias\\app\\Views\\reports\\index.php')
 3 SYSTEMPATH\View\View.php(229): CodeIgniter\View\View->CodeIgniter\View\{closure}()
 4 SYSTEMPATH\Common.php(1188): CodeIgniter\View\View->render('reports/index', [], true)
 5 APPPATH\Controllers\DataTransferController.php(150): view('reports/index', [...])
 6 SYSTEMPATH\CodeIgniter.php(919): App\Controllers\DataTransferController->reports()
 7 SYSTEMPATH\CodeIgniter.php(494): CodeIgniter\CodeIgniter->runController(Object(App\Controllers\DataTransferController))
 8 SYSTEMPATH\CodeIgniter.php(353): CodeIgniter\CodeIgniter->handleRequest(null, Object(Config\Cache), false)
 9 FCPATH\index.php(79): CodeIgniter\CodeIgniter->run()
CRITICAL - 2024-11-07 11:04:18 --> Undefined array key "estado"
in APPPATH\Views\reports\index.php on line 82.
 1 APPPATH\Views\reports\index.php(82): CodeIgniter\Debug\Exceptions->errorHandler(2, 'Undefined array key "estado"', 'C:\\xampp\\htdocs\\apps\\gestor_denuncias\\app\\Views\\reports\\index.php', 82)
 2 SYSTEMPATH\View\View.php(226): include('C:\\xampp\\htdocs\\apps\\gestor_denuncias\\app\\Views\\reports\\index.php')
 3 SYSTEMPATH\View\View.php(229): CodeIgniter\View\View->CodeIgniter\View\{closure}()
 4 SYSTEMPATH\Common.php(1188): CodeIgniter\View\View->render('reports/index', [], true)
 5 APPPATH\Controllers\DataTransferController.php(150): view('reports/index', [...])
 6 SYSTEMPATH\CodeIgniter.php(919): App\Controllers\DataTransferController->reports()
 7 SYSTEMPATH\CodeIgniter.php(494): CodeIgniter\CodeIgniter->runController(Object(App\Controllers\DataTransferController))
 8 SYSTEMPATH\CodeIgniter.php(353): CodeIgniter\CodeIgniter->handleRequest(null, Object(Config\Cache), false)
 9 FCPATH\index.php(79): CodeIgniter\CodeIgniter->run()
CRITICAL - 2024-11-07 15:11:49 --> Undefined array key "name"
in APPPATH\Views\roles\edit.php on line 20.
 1 APPPATH\Views\roles\edit.php(20): CodeIgniter\Debug\Exceptions->errorHandler(2, 'Undefined array key "name"', 'C:\\xampp\\htdocs\\apps\\gestor_denuncias\\app\\Views\\roles\\edit.php', 20)
 2 SYSTEMPATH\View\View.php(226): include('C:\\xampp\\htdocs\\apps\\gestor_denuncias\\app\\Views\\roles\\edit.php')
 3 SYSTEMPATH\View\View.php(229): CodeIgniter\View\View->CodeIgniter\View\{closure}()
 4 SYSTEMPATH\Common.php(1188): CodeIgniter\View\View->render('roles/edit', [], true)
 5 APPPATH\Controllers\Roles.php(76): view('roles/edit', [...])
 6 SYSTEMPATH\CodeIgniter.php(919): App\Controllers\Roles->edit('3')
 7 SYSTEMPATH\CodeIgniter.php(494): CodeIgniter\CodeIgniter->runController(Object(App\Controllers\Roles))
 8 SYSTEMPATH\CodeIgniter.php(353): CodeIgniter\CodeIgniter->handleRequest(null, Object(Config\Cache), false)
 9 FCPATH\index.php(79): CodeIgniter\CodeIgniter->run()
