CRITICAL - 2024-12-21 11:09:13 --> Undefined variable $user
in APPPATH\Views\app\footer.php on line 27.
 1 APPPATH\Views\app\footer.php(27): CodeIgniter\Debug\Exceptions->errorHandler(2, 'Undefined variable $user', 'C:\\xampp\\htdocs\\apps\\app_anticorrupcion\\app\\Views\\app\\footer.php', 27)
 2 SYSTEMPATH\View\View.php(226): include('C:\\xampp\\htdocs\\apps\\app_anticorrupcion\\app\\Views\\app\\footer.php')
 3 SYSTEMPATH\View\View.php(229): CodeIgniter\View\View->CodeIgniter\View\{closure}()
 4 SYSTEMPATH\View\View.php(467): CodeIgniter\View\View->render('app/footer', null, true)
 5 APPPATH\Views\dashboard.php(212): CodeIgniter\View\View->include('app/footer')
 6 SYSTEMPATH\View\View.php(226): include('C:\\xampp\\htdocs\\apps\\app_anticorrupcion\\app\\Views\\dashboard.php')
 7 SYSTEMPATH\View\View.php(229): CodeIgniter\View\View->CodeIgniter\View\{closure}()
 8 SYSTEMPATH\Common.php(1188): CodeIgniter\View\View->render('dashboard', [], true)
 9 APPPATH\Controllers\Dashboard.php(40): view('dashboard', [...])
10 SYSTEMPATH\CodeIgniter.php(919): App\Controllers\Dashboard->index()
11 SYSTEMPATH\CodeIgniter.php(494): CodeIgniter\CodeIgniter->runController(Object(App\Controllers\Dashboard))
12 SYSTEMPATH\CodeIgniter.php(353): CodeIgniter\CodeIgniter->handleRequest(null, Object(Config\Cache), false)
13 FCPATH\index.php(79): CodeIgniter\CodeIgniter->run()
CRITICAL - 2024-12-21 11:09:39 --> Undefined variable $imageUrl
in APPPATH\Views\app\footer.php on line 32.
 1 APPPATH\Views\app\footer.php(32): CodeIgniter\Debug\Exceptions->errorHandler(2, 'Undefined variable $imageUrl', 'C:\\xampp\\htdocs\\apps\\app_anticorrupcion\\app\\Views\\app\\footer.php', 32)
 2 SYSTEMPATH\View\View.php(226): include('C:\\xampp\\htdocs\\apps\\app_anticorrupcion\\app\\Views\\app\\footer.php')
 3 SYSTEMPATH\View\View.php(229): CodeIgniter\View\View->CodeIgniter\View\{closure}()
 4 SYSTEMPATH\View\View.php(467): CodeIgniter\View\View->render('app/footer', null, true)
 5 APPPATH\Views\dashboard.php(212): CodeIgniter\View\View->include('app/footer')
 6 SYSTEMPATH\View\View.php(226): include('C:\\xampp\\htdocs\\apps\\app_anticorrupcion\\app\\Views\\dashboard.php')
 7 SYSTEMPATH\View\View.php(229): CodeIgniter\View\View->CodeIgniter\View\{closure}()
 8 SYSTEMPATH\Common.php(1188): CodeIgniter\View\View->render('dashboard', [], true)
 9 APPPATH\Controllers\Dashboard.php(40): view('dashboard', [...])
10 SYSTEMPATH\CodeIgniter.php(919): App\Controllers\Dashboard->index()
11 SYSTEMPATH\CodeIgniter.php(494): CodeIgniter\CodeIgniter->runController(Object(App\Controllers\Dashboard))
12 SYSTEMPATH\CodeIgniter.php(353): CodeIgniter\CodeIgniter->handleRequest(null, Object(Config\Cache), false)
13 FCPATH\index.php(79): CodeIgniter\CodeIgniter->run()
CRITICAL - 2024-12-21 11:16:02 --> Undefined array key "profile_image"
in APPPATH\Views\users\index.php on line 80.
 1 APPPATH\Views\users\index.php(80): CodeIgniter\Debug\Exceptions->errorHandler(2, 'Undefined array key "profile_image"', 'C:\\xampp\\htdocs\\apps\\app_anticorrupcion\\app\\Views\\users\\index.php', 80)
 2 SYSTEMPATH\View\View.php(226): include('C:\\xampp\\htdocs\\apps\\app_anticorrupcion\\app\\Views\\users\\index.php')
 3 SYSTEMPATH\View\View.php(229): CodeIgniter\View\View->CodeIgniter\View\{closure}()
 4 SYSTEMPATH\Common.php(1188): CodeIgniter\View\View->render('users/index', [], true)
 5 APPPATH\Controllers\Users.php(29): view('users/index', [...])
 6 SYSTEMPATH\CodeIgniter.php(919): App\Controllers\Users->index()
 7 SYSTEMPATH\CodeIgniter.php(494): CodeIgniter\CodeIgniter->runController(Object(App\Controllers\Users))
 8 SYSTEMPATH\CodeIgniter.php(353): CodeIgniter\CodeIgniter->handleRequest(null, Object(Config\Cache), false)
 9 FCPATH\index.php(79): CodeIgniter\CodeIgniter->run()
CRITICAL - 2024-12-21 11:16:09 --> Undefined array key "profile_image"
in APPPATH\Views\users\index.php on line 80.
 1 APPPATH\Views\users\index.php(80): CodeIgniter\Debug\Exceptions->errorHandler(2, 'Undefined array key "profile_image"', 'C:\\xampp\\htdocs\\apps\\app_anticorrupcion\\app\\Views\\users\\index.php', 80)
 2 SYSTEMPATH\View\View.php(226): include('C:\\xampp\\htdocs\\apps\\app_anticorrupcion\\app\\Views\\users\\index.php')
 3 SYSTEMPATH\View\View.php(229): CodeIgniter\View\View->CodeIgniter\View\{closure}()
 4 SYSTEMPATH\Common.php(1188): CodeIgniter\View\View->render('users/index', [], true)
 5 APPPATH\Controllers\Users.php(29): view('users/index', [...])
 6 SYSTEMPATH\CodeIgniter.php(919): App\Controllers\Users->index()
 7 SYSTEMPATH\CodeIgniter.php(494): CodeIgniter\CodeIgniter->runController(Object(App\Controllers\Users))
 8 SYSTEMPATH\CodeIgniter.php(353): CodeIgniter\CodeIgniter->handleRequest(null, Object(Config\Cache), false)
 9 FCPATH\index.php(79): CodeIgniter\CodeIgniter->run()
CRITICAL - 2024-12-21 11:18:11 --> Undefined array key "profile"
in APPPATH\Views\users\index.php on line 80.
 1 APPPATH\Views\users\index.php(80): CodeIgniter\Debug\Exceptions->errorHandler(2, 'Undefined array key "profile"', 'C:\\xampp\\htdocs\\apps\\app_anticorrupcion\\app\\Views\\users\\index.php', 80)
 2 SYSTEMPATH\View\View.php(226): include('C:\\xampp\\htdocs\\apps\\app_anticorrupcion\\app\\Views\\users\\index.php')
 3 SYSTEMPATH\View\View.php(229): CodeIgniter\View\View->CodeIgniter\View\{closure}()
 4 SYSTEMPATH\Common.php(1188): CodeIgniter\View\View->render('users/index', [], true)
 5 APPPATH\Controllers\Users.php(29): view('users/index', [...])
 6 SYSTEMPATH\CodeIgniter.php(919): App\Controllers\Users->index()
 7 SYSTEMPATH\CodeIgniter.php(494): CodeIgniter\CodeIgniter->runController(Object(App\Controllers\Users))
 8 SYSTEMPATH\CodeIgniter.php(353): CodeIgniter\CodeIgniter->handleRequest(null, Object(Config\Cache), false)
 9 FCPATH\index.php(79): CodeIgniter\CodeIgniter->run()
CRITICAL - 2024-12-21 11:31:45 --> Undefined variable $userId
in APPPATH\Views\app\footer.php on line 59.
 1 APPPATH\Views\app\footer.php(59): CodeIgniter\Debug\Exceptions->errorHandler(2, 'Undefined variable $userId', 'C:\\xampp\\htdocs\\apps\\app_anticorrupcion\\app\\Views\\app\\footer.php', 59)
 2 SYSTEMPATH\View\View.php(226): include('C:\\xampp\\htdocs\\apps\\app_anticorrupcion\\app\\Views\\app\\footer.php')
 3 SYSTEMPATH\View\View.php(229): CodeIgniter\View\View->CodeIgniter\View\{closure}()
 4 SYSTEMPATH\View\View.php(467): CodeIgniter\View\View->render('app/footer', null, true)
 5 APPPATH\Views\users\index.php(123): CodeIgniter\View\View->include('app/footer')
 6 SYSTEMPATH\View\View.php(226): include('C:\\xampp\\htdocs\\apps\\app_anticorrupcion\\app\\Views\\users\\index.php')
 7 SYSTEMPATH\View\View.php(229): CodeIgniter\View\View->CodeIgniter\View\{closure}()
 8 SYSTEMPATH\Common.php(1188): CodeIgniter\View\View->render('users/index', [], true)
 9 APPPATH\Controllers\Users.php(29): view('users/index', [...])
10 SYSTEMPATH\CodeIgniter.php(919): App\Controllers\Users->index()
11 SYSTEMPATH\CodeIgniter.php(494): CodeIgniter\CodeIgniter->runController(Object(App\Controllers\Users))
12 SYSTEMPATH\CodeIgniter.php(353): CodeIgniter\CodeIgniter->handleRequest(null, Object(Config\Cache), false)
13 FCPATH\index.php(79): CodeIgniter\CodeIgniter->run()
CRITICAL - 2024-12-21 11:32:12 --> Undefined variable $UserModel
in APPPATH\Views\app\footer.php on line 59.
 1 APPPATH\Views\app\footer.php(59): CodeIgniter\Debug\Exceptions->errorHandler(2, 'Undefined variable $UserModel', 'C:\\xampp\\htdocs\\apps\\app_anticorrupcion\\app\\Views\\app\\footer.php', 59)
 2 SYSTEMPATH\View\View.php(226): include('C:\\xampp\\htdocs\\apps\\app_anticorrupcion\\app\\Views\\app\\footer.php')
 3 SYSTEMPATH\View\View.php(229): CodeIgniter\View\View->CodeIgniter\View\{closure}()
 4 SYSTEMPATH\View\View.php(467): CodeIgniter\View\View->render('app/footer', null, true)
 5 APPPATH\Views\users\index.php(123): CodeIgniter\View\View->include('app/footer')
 6 SYSTEMPATH\View\View.php(226): include('C:\\xampp\\htdocs\\apps\\app_anticorrupcion\\app\\Views\\users\\index.php')
 7 SYSTEMPATH\View\View.php(229): CodeIgniter\View\View->CodeIgniter\View\{closure}()
 8 SYSTEMPATH\Common.php(1188): CodeIgniter\View\View->render('users/index', [], true)
 9 APPPATH\Controllers\Users.php(29): view('users/index', [...])
10 SYSTEMPATH\CodeIgniter.php(919): App\Controllers\Users->index()
11 SYSTEMPATH\CodeIgniter.php(494): CodeIgniter\CodeIgniter->runController(Object(App\Controllers\Users))
12 SYSTEMPATH\CodeIgniter.php(353): CodeIgniter\CodeIgniter->handleRequest(null, Object(Config\Cache), false)
13 FCPATH\index.php(79): CodeIgniter\CodeIgniter->run()
CRITICAL - 2024-12-21 11:36:20 --> Undefined variable $UserModel
in APPPATH\Views\app\footer.php on line 59.
 1 APPPATH\Views\app\footer.php(59): CodeIgniter\Debug\Exceptions->errorHandler(2, 'Undefined variable $UserModel', 'C:\\xampp\\htdocs\\apps\\app_anticorrupcion\\app\\Views\\app\\footer.php', 59)
 2 SYSTEMPATH\View\View.php(226): include('C:\\xampp\\htdocs\\apps\\app_anticorrupcion\\app\\Views\\app\\footer.php')
 3 SYSTEMPATH\View\View.php(229): CodeIgniter\View\View->CodeIgniter\View\{closure}()
 4 SYSTEMPATH\View\View.php(467): CodeIgniter\View\View->render('app/footer', null, true)
 5 APPPATH\Views\users\index.php(123): CodeIgniter\View\View->include('app/footer')
 6 SYSTEMPATH\View\View.php(226): include('C:\\xampp\\htdocs\\apps\\app_anticorrupcion\\app\\Views\\users\\index.php')
 7 SYSTEMPATH\View\View.php(229): CodeIgniter\View\View->CodeIgniter\View\{closure}()
 8 SYSTEMPATH\Common.php(1188): CodeIgniter\View\View->render('users/index', [], true)
 9 APPPATH\Controllers\Users.php(29): view('users/index', [...])
10 SYSTEMPATH\CodeIgniter.php(919): App\Controllers\Users->index()
11 SYSTEMPATH\CodeIgniter.php(494): CodeIgniter\CodeIgniter->runController(Object(App\Controllers\Users))
12 SYSTEMPATH\CodeIgniter.php(353): CodeIgniter\CodeIgniter->handleRequest(null, Object(Config\Cache), false)
13 FCPATH\index.php(79): CodeIgniter\CodeIgniter->run()
CRITICAL - 2024-12-21 11:36:54 --> Undefined variable $UserModel
in APPPATH\Views\app\footer.php on line 59.
 1 APPPATH\Views\app\footer.php(59): CodeIgniter\Debug\Exceptions->errorHandler(2, 'Undefined variable $UserModel', 'C:\\xampp\\htdocs\\apps\\app_anticorrupcion\\app\\Views\\app\\footer.php', 59)
 2 SYSTEMPATH\View\View.php(226): include('C:\\xampp\\htdocs\\apps\\app_anticorrupcion\\app\\Views\\app\\footer.php')
 3 SYSTEMPATH\View\View.php(229): CodeIgniter\View\View->CodeIgniter\View\{closure}()
 4 SYSTEMPATH\View\View.php(467): CodeIgniter\View\View->render('app/footer', null, true)
 5 APPPATH\Views\users\index.php(123): CodeIgniter\View\View->include('app/footer')
 6 SYSTEMPATH\View\View.php(226): include('C:\\xampp\\htdocs\\apps\\app_anticorrupcion\\app\\Views\\users\\index.php')
 7 SYSTEMPATH\View\View.php(229): CodeIgniter\View\View->CodeIgniter\View\{closure}()
 8 SYSTEMPATH\Common.php(1188): CodeIgniter\View\View->render('users/index', [], true)
 9 APPPATH\Controllers\Users.php(29): view('users/index', [...])
10 SYSTEMPATH\CodeIgniter.php(919): App\Controllers\Users->index()
11 SYSTEMPATH\CodeIgniter.php(494): CodeIgniter\CodeIgniter->runController(Object(App\Controllers\Users))
12 SYSTEMPATH\CodeIgniter.php(353): CodeIgniter\CodeIgniter->handleRequest(null, Object(Config\Cache), false)
13 FCPATH\index.php(79): CodeIgniter\CodeIgniter->run()
ERROR - 2024-12-21 12:30:43 --> mysqli_sql_exception: You have an error in your SQL syntax; check the manual that corresponds to your MariaDB server version for the right syntax to use near '0, 1, 2, 3, 4, 5, 6, 7, 8, 9) VALUES (:0:, :1:, :2:, :3:, :4:, :5:, :6:, :7:,...' at line 1 in C:\xampp\htdocs\apps\app_anticorrupcion\system\Database\MySQLi\Connection.php:306
Stack trace:
#0 C:\xampp\htdocs\apps\app_anticorrupcion\system\Database\MySQLi\Connection.php(306): mysqli->query('INSERT INTO `de...', 0)
#1 C:\xampp\htdocs\apps\app_anticorrupcion\system\Database\BaseConnection.php(692): CodeIgniter\Database\MySQLi\Connection->execute('INSERT INTO `de...')
#2 C:\xampp\htdocs\apps\app_anticorrupcion\system\Database\BaseConnection.php(606): CodeIgniter\Database\BaseConnection->simpleQuery('INSERT INTO `de...')
#3 C:\xampp\htdocs\apps\app_anticorrupcion\system\Database\BaseBuilder.php(2308): CodeIgniter\Database\BaseConnection->query('INSERT INTO `de...', Array, false)
#4 C:\xampp\htdocs\apps\app_anticorrupcion\app\Controllers\DataTransferController.php(105): CodeIgniter\Database\BaseBuilder->insert(Array)
#5 C:\xampp\htdocs\apps\app_anticorrupcion\system\CodeIgniter.php(919): App\Controllers\DataTransferController->transferData()
#6 C:\xampp\htdocs\apps\app_anticorrupcion\system\CodeIgniter.php(494): CodeIgniter\CodeIgniter->runController(Object(App\Controllers\DataTransferController))
#7 C:\xampp\htdocs\apps\app_anticorrupcion\system\CodeIgniter.php(353): CodeIgniter\CodeIgniter->handleRequest(NULL, Object(Config\Cache), false)
#8 C:\xampp\htdocs\apps\app_anticorrupcion\public\index.php(79): CodeIgniter\CodeIgniter->run()
#9 {main}
CRITICAL - 2024-12-21 12:30:43 --> You have an error in your SQL syntax; check the manual that corresponds to your MariaDB server version for the right syntax to use near '0, 1, 2, 3, 4, 5, 6, 7, 8, 9) VALUES (:0:, :1:, :2:, :3:, :4:, :5:, :6:, :7:,...' at line 1
in SYSTEMPATH\Database\BaseConnection.php on line 646.
 1 SYSTEMPATH\Database\BaseBuilder.php(2308): CodeIgniter\Database\BaseConnection->query('INSERT INTO `denuncias` (0, 1, 2, 3, 4, 5, 6, 7, 8, 9) VALUES (:0:, :1:, :2:, :3:, :4:, :5:, :6:, :7:, :8:, :9:)', [...], false)
 2 APPPATH\Controllers\DataTransferController.php(105): CodeIgniter\Database\BaseBuilder->insert([...])
 3 SYSTEMPATH\CodeIgniter.php(919): App\Controllers\DataTransferController->transferData()
 4 SYSTEMPATH\CodeIgniter.php(494): CodeIgniter\CodeIgniter->runController(Object(App\Controllers\DataTransferController))
 5 SYSTEMPATH\CodeIgniter.php(353): CodeIgniter\CodeIgniter->handleRequest(null, Object(Config\Cache), false)
 6 FCPATH\index.php(79): CodeIgniter\CodeIgniter->run()
CRITICAL - 2024-12-21 12:32:47 --> Undefined variable $finalizado
in APPPATH\Views\app\shortcut.php on line 52.
 1 APPPATH\Views\app\shortcut.php(52): CodeIgniter\Debug\Exceptions->errorHandler(2, 'Undefined variable $finalizado', 'C:\\xampp\\htdocs\\apps\\app_anticorrupcion\\app\\Views\\app\\shortcut.php', 52)
 2 SYSTEMPATH\View\View.php(226): include('C:\\xampp\\htdocs\\apps\\app_anticorrupcion\\app\\Views\\app\\shortcut.php')
 3 SYSTEMPATH\View\View.php(229): CodeIgniter\View\View->CodeIgniter\View\{closure}()
 4 SYSTEMPATH\View\View.php(467): CodeIgniter\View\View->render('app/shortcut', null, true)
 5 APPPATH\Views\reports\statistics.php(29): CodeIgniter\View\View->include('app/shortcut')
 6 SYSTEMPATH\View\View.php(226): include('C:\\xampp\\htdocs\\apps\\app_anticorrupcion\\app\\Views\\reports\\statistics.php')
 7 SYSTEMPATH\View\View.php(229): CodeIgniter\View\View->CodeIgniter\View\{closure}()
 8 SYSTEMPATH\Common.php(1188): CodeIgniter\View\View->render('reports/statistics', [], true)
 9 APPPATH\Controllers\DataTransferController.php(304): view('reports/statistics', [...])
10 SYSTEMPATH\CodeIgniter.php(919): App\Controllers\DataTransferController->statistics()
11 SYSTEMPATH\CodeIgniter.php(494): CodeIgniter\CodeIgniter->runController(Object(App\Controllers\DataTransferController))
12 SYSTEMPATH\CodeIgniter.php(353): CodeIgniter\CodeIgniter->handleRequest(null, Object(Config\Cache), false)
13 FCPATH\index.php(79): CodeIgniter\CodeIgniter->run()
CRITICAL - 2024-12-21 14:15:54 --> syntax error, unexpected variable "$routes"
in APPPATH\Config\Routes.php on line 62.
 1 SYSTEMPATH\CodeIgniter.php(787): CodeIgniter\Router\RouteCollection->loadRoutes()
 2 SYSTEMPATH\CodeIgniter.php(442): CodeIgniter\CodeIgniter->tryToRouteIt(null)
 3 SYSTEMPATH\CodeIgniter.php(353): CodeIgniter\CodeIgniter->handleRequest(null, Object(Config\Cache), false)
 4 FCPATH\index.php(79): CodeIgniter\CodeIgniter->run()
CRITICAL - 2024-12-21 14:32:56 --> Undefined variable $hashedPassword
in APPPATH\Controllers\Users.php on line 302.
 1 APPPATH\Controllers\Users.php(302): CodeIgniter\Debug\Exceptions->errorHandler(2, 'Undefined variable $hashedPassword', 'C:\\xampp\\htdocs\\apps\\app_anticorrupcion\\app\\Controllers\\Users.php', 302)
 2 SYSTEMPATH\CodeIgniter.php(919): App\Controllers\Users->reset_password()
 3 SYSTEMPATH\CodeIgniter.php(494): CodeIgniter\CodeIgniter->runController(Object(App\Controllers\Users))
 4 SYSTEMPATH\CodeIgniter.php(353): CodeIgniter\CodeIgniter->handleRequest(null, Object(Config\Cache), false)
 5 FCPATH\index.php(79): CodeIgniter\CodeIgniter->run()
CRITICAL - 2024-12-21 14:33:01 --> Undefined variable $hashedPassword
in APPPATH\Controllers\Users.php on line 302.
 1 APPPATH\Controllers\Users.php(302): CodeIgniter\Debug\Exceptions->errorHandler(2, 'Undefined variable $hashedPassword', 'C:\\xampp\\htdocs\\apps\\app_anticorrupcion\\app\\Controllers\\Users.php', 302)
 2 SYSTEMPATH\CodeIgniter.php(919): App\Controllers\Users->reset_password()
 3 SYSTEMPATH\CodeIgniter.php(494): CodeIgniter\CodeIgniter->runController(Object(App\Controllers\Users))
 4 SYSTEMPATH\CodeIgniter.php(353): CodeIgniter\CodeIgniter->handleRequest(null, Object(Config\Cache), false)
 5 FCPATH\index.php(79): CodeIgniter\CodeIgniter->run()
CRITICAL - 2024-12-21 14:33:11 --> Undefined variable $hashedPassword
in APPPATH\Controllers\Users.php on line 302.
 1 APPPATH\Controllers\Users.php(302): CodeIgniter\Debug\Exceptions->errorHandler(2, 'Undefined variable $hashedPassword', 'C:\\xampp\\htdocs\\apps\\app_anticorrupcion\\app\\Controllers\\Users.php', 302)
 2 SYSTEMPATH\CodeIgniter.php(919): App\Controllers\Users->reset_password()
 3 SYSTEMPATH\CodeIgniter.php(494): CodeIgniter\CodeIgniter->runController(Object(App\Controllers\Users))
 4 SYSTEMPATH\CodeIgniter.php(353): CodeIgniter\CodeIgniter->handleRequest(null, Object(Config\Cache), false)
 5 FCPATH\index.php(79): CodeIgniter\CodeIgniter->run()
CRITICAL - 2024-12-21 14:34:04 --> Undefined variable $hashedPassword
in APPPATH\Controllers\Users.php on line 302.
 1 APPPATH\Controllers\Users.php(302): CodeIgniter\Debug\Exceptions->errorHandler(2, 'Undefined variable $hashedPassword', 'C:\\xampp\\htdocs\\apps\\app_anticorrupcion\\app\\Controllers\\Users.php', 302)
 2 SYSTEMPATH\CodeIgniter.php(919): App\Controllers\Users->reset_password()
 3 SYSTEMPATH\CodeIgniter.php(494): CodeIgniter\CodeIgniter->runController(Object(App\Controllers\Users))
 4 SYSTEMPATH\CodeIgniter.php(353): CodeIgniter\CodeIgniter->handleRequest(null, Object(Config\Cache), false)
 5 FCPATH\index.php(79): CodeIgniter\CodeIgniter->run()
