CRITICAL - 2025-03-27 12:03:02 --> Call to undefined method App\Models\EmailsModel::denunciaTypes
in SYSTEMPATH/Model.php on line 873.
 1 APPPATH/Controllers/Dashboard.php(14): CodeIgniter\Model->__call()
 2 SYSTEMPATH/CodeIgniter.php(919): App\Controllers\Dashboard->index()
 3 SYSTEMPATH/CodeIgniter.php(494): CodeIgniter\CodeIgniter->runController()
 4 SYSTEMPATH/CodeIgniter.php(353): CodeIgniter\CodeIgniter->handleRequest()
 5 FCPATH/index.php(79): CodeIgniter\CodeIgniter->run()
CRITICAL - 2025-03-27 12:07:23 --> Call to undefined method App\Models\EmailsModel::denunciaTypes
in SYSTEMPATH/Model.php on line 873.
 1 APPPATH/Controllers/Dashboard.php(14): CodeIgniter\Model->__call()
 2 SYSTEMPATH/CodeIgniter.php(919): App\Controllers\Dashboard->index()
 3 SYSTEMPATH/CodeIgniter.php(494): CodeIgniter\CodeIgniter->runController()
 4 SYSTEMPATH/CodeIgniter.php(353): CodeIgniter\CodeIgniter->handleRequest()
 5 FCPATH/index.php(79): CodeIgniter\CodeIgniter->run()
CRITICAL - 2025-03-27 12:07:30 --> Call to undefined method App\Models\EmailsModel::denunciaTypes
in SYSTEMPATH/Model.php on line 873.
 1 APPPATH/Controllers/Dashboard.php(14): CodeIgniter\Model->__call()
 2 SYSTEMPATH/CodeIgniter.php(919): App\Controllers\Dashboard->index()
 3 SYSTEMPATH/CodeIgniter.php(494): CodeIgniter\CodeIgniter->runController()
 4 SYSTEMPATH/CodeIgniter.php(353): CodeIgniter\CodeIgniter->handleRequest()
 5 FCPATH/index.php(79): CodeIgniter\CodeIgniter->run()
CRITICAL - 2025-03-27 12:07:47 --> Call to undefined method App\Models\EmailsModel::denunciaTypes
in SYSTEMPATH/Model.php on line 873.
 1 APPPATH/Controllers/Dashboard.php(14): CodeIgniter\Model->__call()
 2 SYSTEMPATH/CodeIgniter.php(919): App\Controllers\Dashboard->index()
 3 SYSTEMPATH/CodeIgniter.php(494): CodeIgniter\CodeIgniter->runController()
 4 SYSTEMPATH/CodeIgniter.php(353): CodeIgniter\CodeIgniter->handleRequest()
 5 FCPATH/index.php(79): CodeIgniter\CodeIgniter->run()
CRITICAL - 2025-03-27 12:07:50 --> Call to undefined method App\Models\EmailsModel::denunciaTypes
in SYSTEMPATH/Model.php on line 873.
 1 APPPATH/Controllers/Dashboard.php(14): CodeIgniter\Model->__call()
 2 SYSTEMPATH/CodeIgniter.php(919): App\Controllers\Dashboard->index()
 3 SYSTEMPATH/CodeIgniter.php(494): CodeIgniter\CodeIgniter->runController()
 4 SYSTEMPATH/CodeIgniter.php(353): CodeIgniter\CodeIgniter->handleRequest()
 5 FCPATH/index.php(79): CodeIgniter\CodeIgniter->run()
CRITICAL - 2025-03-27 12:13:04 --> Undefined variable $denunciaTypes
in APPPATH/Views/dashboard.php on line 70.
 1 APPPATH/Views/dashboard.php(70): CodeIgniter\Debug\Exceptions->errorHandler()
 2 SYSTEMPATH/View/View.php(226): include('/home/polc18dxi70o/public_html/ademy-groups.com/gestor_denuncias/app/Views/dashboard.php')
 3 SYSTEMPATH/View/View.php(229): CodeIgniter\View\View->CodeIgniter\View\{closure}()
 4 SYSTEMPATH/Common.php(1188): CodeIgniter\View\View->render()
 5 APPPATH/Controllers/Dashboard.php(40): view()
 6 SYSTEMPATH/CodeIgniter.php(919): App\Controllers\Dashboard->index()
 7 SYSTEMPATH/CodeIgniter.php(494): CodeIgniter\CodeIgniter->runController()
 8 SYSTEMPATH/CodeIgniter.php(353): CodeIgniter\CodeIgniter->handleRequest()
 9 FCPATH/index.php(79): CodeIgniter\CodeIgniter->run()
