ERROR - 2025-05-05 13:04:28 --> mysqli_sql_exception: Table 'ademy-site.users' doesn't exist in /home/polc18dxi70o/public_html/ademy-groups.com/gestor_denuncias/system/Database/MySQLi/Connection.php:306
Stack trace:
#0 /home/polc18dxi70o/public_html/ademy-groups.com/gestor_denuncias/system/Database/MySQLi/Connection.php(306): mysqli->query()
#1 /home/polc18dxi70o/public_html/ademy-groups.com/gestor_denuncias/system/Database/BaseConnection.php(692): CodeIgniter\Database\MySQLi\Connection->execute()
#2 /home/polc18dxi70o/public_html/ademy-groups.com/gestor_denuncias/system/Database/BaseConnection.php(606): CodeIgniter\Database\BaseConnection->simpleQuery()
#3 /home/polc18dxi70o/public_html/ademy-groups.com/gestor_denuncias/system/Database/BaseBuilder.php(1615): CodeIgniter\Database\BaseConnection->query()
#4 /home/polc18dxi70o/public_html/ademy-groups.com/gestor_denuncias/system/Model.php(264): CodeIgniter\Database\BaseBuilder->get()
#5 /home/polc18dxi70o/public_html/ademy-groups.com/gestor_denuncias/system/BaseModel.php(662): CodeIgniter\Model->doFirst()
#6 /home/polc18dxi70o/public_html/ademy-groups.com/gestor_denuncias/app/Models/UserModel.php(34): CodeIgniter\BaseModel->first()
#7 /home/polc18dxi70o/public_html/ademy-groups.com/gestor_denuncias/app/Controllers/Login.php(24): App\Models\UserModel->getUserByEmail()
#8 /home/polc18dxi70o/public_html/ademy-groups.com/gestor_denuncias/system/CodeIgniter.php(919): App\Controllers\Login->auth()
#9 /home/polc18dxi70o/public_html/ademy-groups.com/gestor_denuncias/system/CodeIgniter.php(494): CodeIgniter\CodeIgniter->runController()
#10 /home/polc18dxi70o/public_html/ademy-groups.com/gestor_denuncias/system/CodeIgniter.php(353): CodeIgniter\CodeIgniter->handleRequest()
#11 /home/polc18dxi70o/public_html/ademy-groups.com/gestor_denuncias/index.php(79): CodeIgniter\CodeIgniter->run()
#12 {main}
CRITICAL - 2025-05-05 13:04:28 --> Table 'ademy-site.users' doesn't exist
in SYSTEMPATH/Database/BaseConnection.php on line 646.
 1 SYSTEMPATH/Database/BaseBuilder.php(1615): CodeIgniter\Database\BaseConnection->query()
 2 SYSTEMPATH/Model.php(264): CodeIgniter\Database\BaseBuilder->get()
 3 SYSTEMPATH/BaseModel.php(662): CodeIgniter\Model->doFirst()
 4 APPPATH/Models/UserModel.php(34): CodeIgniter\BaseModel->first()
 5 APPPATH/Controllers/Login.php(24): App\Models\UserModel->getUserByEmail()
 6 SYSTEMPATH/CodeIgniter.php(919): App\Controllers\Login->auth()
 7 SYSTEMPATH/CodeIgniter.php(494): CodeIgniter\CodeIgniter->runController()
 8 SYSTEMPATH/CodeIgniter.php(353): CodeIgniter\CodeIgniter->handleRequest()
 9 FCPATH/index.php(79): CodeIgniter\CodeIgniter->run()
ERROR - 2025-05-05 13:04:39 --> mysqli_sql_exception: Table 'ademy-site.users' doesn't exist in /home/polc18dxi70o/public_html/ademy-groups.com/gestor_denuncias/system/Database/MySQLi/Connection.php:306
Stack trace:
#0 /home/polc18dxi70o/public_html/ademy-groups.com/gestor_denuncias/system/Database/MySQLi/Connection.php(306): mysqli->query()
#1 /home/polc18dxi70o/public_html/ademy-groups.com/gestor_denuncias/system/Database/BaseConnection.php(692): CodeIgniter\Database\MySQLi\Connection->execute()
#2 /home/polc18dxi70o/public_html/ademy-groups.com/gestor_denuncias/system/Database/BaseConnection.php(606): CodeIgniter\Database\BaseConnection->simpleQuery()
#3 /home/polc18dxi70o/public_html/ademy-groups.com/gestor_denuncias/system/Database/BaseBuilder.php(1615): CodeIgniter\Database\BaseConnection->query()
#4 /home/polc18dxi70o/public_html/ademy-groups.com/gestor_denuncias/system/Model.php(264): CodeIgniter\Database\BaseBuilder->get()
#5 /home/polc18dxi70o/public_html/ademy-groups.com/gestor_denuncias/system/BaseModel.php(662): CodeIgniter\Model->doFirst()
#6 /home/polc18dxi70o/public_html/ademy-groups.com/gestor_denuncias/app/Models/UserModel.php(34): CodeIgniter\BaseModel->first()
#7 /home/polc18dxi70o/public_html/ademy-groups.com/gestor_denuncias/app/Controllers/Login.php(24): App\Models\UserModel->getUserByEmail()
#8 /home/polc18dxi70o/public_html/ademy-groups.com/gestor_denuncias/system/CodeIgniter.php(919): App\Controllers\Login->auth()
#9 /home/polc18dxi70o/public_html/ademy-groups.com/gestor_denuncias/system/CodeIgniter.php(494): CodeIgniter\CodeIgniter->runController()
#10 /home/polc18dxi70o/public_html/ademy-groups.com/gestor_denuncias/system/CodeIgniter.php(353): CodeIgniter\CodeIgniter->handleRequest()
#11 /home/polc18dxi70o/public_html/ademy-groups.com/gestor_denuncias/index.php(79): CodeIgniter\CodeIgniter->run()
#12 {main}
CRITICAL - 2025-05-05 13:04:39 --> Table 'ademy-site.users' doesn't exist
in SYSTEMPATH/Database/BaseConnection.php on line 646.
 1 SYSTEMPATH/Database/BaseBuilder.php(1615): CodeIgniter\Database\BaseConnection->query()
 2 SYSTEMPATH/Model.php(264): CodeIgniter\Database\BaseBuilder->get()
 3 SYSTEMPATH/BaseModel.php(662): CodeIgniter\Model->doFirst()
 4 APPPATH/Models/UserModel.php(34): CodeIgniter\BaseModel->first()
 5 APPPATH/Controllers/Login.php(24): App\Models\UserModel->getUserByEmail()
 6 SYSTEMPATH/CodeIgniter.php(919): App\Controllers\Login->auth()
 7 SYSTEMPATH/CodeIgniter.php(494): CodeIgniter\CodeIgniter->runController()
 8 SYSTEMPATH/CodeIgniter.php(353): CodeIgniter\CodeIgniter->handleRequest()
 9 FCPATH/index.php(79): CodeIgniter\CodeIgniter->run()
ERROR - 2025-05-05 13:07:22 --> mysqli_sql_exception: Table 'ademy-site.users' doesn't exist in /home/polc18dxi70o/public_html/ademy-groups.com/gestor_denuncias/system/Database/MySQLi/Connection.php:306
Stack trace:
#0 /home/polc18dxi70o/public_html/ademy-groups.com/gestor_denuncias/system/Database/MySQLi/Connection.php(306): mysqli->query()
#1 /home/polc18dxi70o/public_html/ademy-groups.com/gestor_denuncias/system/Database/BaseConnection.php(692): CodeIgniter\Database\MySQLi\Connection->execute()
#2 /home/polc18dxi70o/public_html/ademy-groups.com/gestor_denuncias/system/Database/BaseConnection.php(606): CodeIgniter\Database\BaseConnection->simpleQuery()
#3 /home/polc18dxi70o/public_html/ademy-groups.com/gestor_denuncias/system/Database/BaseBuilder.php(1615): CodeIgniter\Database\BaseConnection->query()
#4 /home/polc18dxi70o/public_html/ademy-groups.com/gestor_denuncias/system/Model.php(264): CodeIgniter\Database\BaseBuilder->get()
#5 /home/polc18dxi70o/public_html/ademy-groups.com/gestor_denuncias/system/BaseModel.php(662): CodeIgniter\Model->doFirst()
#6 /home/polc18dxi70o/public_html/ademy-groups.com/gestor_denuncias/app/Models/UserModel.php(34): CodeIgniter\BaseModel->first()
#7 /home/polc18dxi70o/public_html/ademy-groups.com/gestor_denuncias/app/Controllers/Login.php(24): App\Models\UserModel->getUserByEmail()
#8 /home/polc18dxi70o/public_html/ademy-groups.com/gestor_denuncias/system/CodeIgniter.php(919): App\Controllers\Login->auth()
#9 /home/polc18dxi70o/public_html/ademy-groups.com/gestor_denuncias/system/CodeIgniter.php(494): CodeIgniter\CodeIgniter->runController()
#10 /home/polc18dxi70o/public_html/ademy-groups.com/gestor_denuncias/system/CodeIgniter.php(353): CodeIgniter\CodeIgniter->handleRequest()
#11 /home/polc18dxi70o/public_html/ademy-groups.com/gestor_denuncias/index.php(79): CodeIgniter\CodeIgniter->run()
#12 {main}
CRITICAL - 2025-05-05 13:07:22 --> Table 'ademy-site.users' doesn't exist
in SYSTEMPATH/Database/BaseConnection.php on line 646.
 1 SYSTEMPATH/Database/BaseBuilder.php(1615): CodeIgniter\Database\BaseConnection->query()
 2 SYSTEMPATH/Model.php(264): CodeIgniter\Database\BaseBuilder->get()
 3 SYSTEMPATH/BaseModel.php(662): CodeIgniter\Model->doFirst()
 4 APPPATH/Models/UserModel.php(34): CodeIgniter\BaseModel->first()
 5 APPPATH/Controllers/Login.php(24): App\Models\UserModel->getUserByEmail()
 6 SYSTEMPATH/CodeIgniter.php(919): App\Controllers\Login->auth()
 7 SYSTEMPATH/CodeIgniter.php(494): CodeIgniter\CodeIgniter->runController()
 8 SYSTEMPATH/CodeIgniter.php(353): CodeIgniter\CodeIgniter->handleRequest()
 9 FCPATH/index.php(79): CodeIgniter\CodeIgniter->run()
CRITICAL - 2025-05-05 13:09:17 --> syntax error, unexpected token "*"
in APPPATH/Controllers/DataTransferController.php on line 200.
 1 SYSTEMPATH/Autoloader/Autoloader.php(285): CodeIgniter\Autoloader\Autoloader->includeFile()
 2 SYSTEMPATH/Autoloader/Autoloader.php(263): CodeIgniter\Autoloader\Autoloader->loadInNamespace()
 3 [internal function]: CodeIgniter\Autoloader\Autoloader->loadClass()
 4 SYSTEMPATH/CodeIgniter.php(877): class_exists()
 5 SYSTEMPATH/CodeIgniter.php(481): CodeIgniter\CodeIgniter->startController()
 6 SYSTEMPATH/CodeIgniter.php(353): CodeIgniter\CodeIgniter->handleRequest()
 7 FCPATH/index.php(79): CodeIgniter\CodeIgniter->run()
ERROR - 2025-05-05 13:53:11 --> mysqli_sql_exception: Unknown column 'nombre' in 'INSERT INTO' in /home/polc18dxi70o/public_html/ademy-groups.com/gestor_denuncias/system/Database/MySQLi/Connection.php:306
Stack trace:
#0 /home/polc18dxi70o/public_html/ademy-groups.com/gestor_denuncias/system/Database/MySQLi/Connection.php(306): mysqli->query()
#1 /home/polc18dxi70o/public_html/ademy-groups.com/gestor_denuncias/system/Database/BaseConnection.php(692): CodeIgniter\Database\MySQLi\Connection->execute()
#2 /home/polc18dxi70o/public_html/ademy-groups.com/gestor_denuncias/system/Database/BaseConnection.php(606): CodeIgniter\Database\BaseConnection->simpleQuery()
#3 /home/polc18dxi70o/public_html/ademy-groups.com/gestor_denuncias/system/Database/BaseBuilder.php(2308): CodeIgniter\Database\BaseConnection->query()
#4 /home/polc18dxi70o/public_html/ademy-groups.com/gestor_denuncias/app/Controllers/DataTransferController.php(98): CodeIgniter\Database\BaseBuilder->insert()
#5 /home/polc18dxi70o/public_html/ademy-groups.com/gestor_denuncias/system/CodeIgniter.php(919): App\Controllers\DataTransferController->transferData()
#6 /home/polc18dxi70o/public_html/ademy-groups.com/gestor_denuncias/system/CodeIgniter.php(494): CodeIgniter\CodeIgniter->runController()
#7 /home/polc18dxi70o/public_html/ademy-groups.com/gestor_denuncias/system/CodeIgniter.php(353): CodeIgniter\CodeIgniter->handleRequest()
#8 /home/polc18dxi70o/public_html/ademy-groups.com/gestor_denuncias/index.php(79): CodeIgniter\CodeIgniter->run()
#9 {main}
CRITICAL - 2025-05-05 13:53:11 --> Unknown column 'nombre' in 'INSERT INTO'
in SYSTEMPATH/Database/BaseConnection.php on line 646.
 1 SYSTEMPATH/Database/BaseBuilder.php(2308): CodeIgniter\Database\BaseConnection->query()
 2 APPPATH/Controllers/DataTransferController.php(98): CodeIgniter\Database\BaseBuilder->insert()
 3 SYSTEMPATH/CodeIgniter.php(919): App\Controllers\DataTransferController->transferData()
 4 SYSTEMPATH/CodeIgniter.php(494): CodeIgniter\CodeIgniter->runController()
 5 SYSTEMPATH/CodeIgniter.php(353): CodeIgniter\CodeIgniter->handleRequest()
 6 FCPATH/index.php(79): CodeIgniter\CodeIgniter->run()
ERROR - 2025-05-05 14:46:10 --> mysqli_sql_exception: Unknown column 'nombre' in 'INSERT INTO' in /home/polc18dxi70o/public_html/ademy-groups.com/gestor_denuncias/system/Database/MySQLi/Connection.php:306
Stack trace:
#0 /home/polc18dxi70o/public_html/ademy-groups.com/gestor_denuncias/system/Database/MySQLi/Connection.php(306): mysqli->query()
#1 /home/polc18dxi70o/public_html/ademy-groups.com/gestor_denuncias/system/Database/BaseConnection.php(692): CodeIgniter\Database\MySQLi\Connection->execute()
#2 /home/polc18dxi70o/public_html/ademy-groups.com/gestor_denuncias/system/Database/BaseConnection.php(606): CodeIgniter\Database\BaseConnection->simpleQuery()
#3 /home/polc18dxi70o/public_html/ademy-groups.com/gestor_denuncias/system/Database/BaseBuilder.php(2308): CodeIgniter\Database\BaseConnection->query()
#4 /home/polc18dxi70o/public_html/ademy-groups.com/gestor_denuncias/app/Controllers/DataTransferController.php(98): CodeIgniter\Database\BaseBuilder->insert()
#5 /home/polc18dxi70o/public_html/ademy-groups.com/gestor_denuncias/system/CodeIgniter.php(919): App\Controllers\DataTransferController->transferData()
#6 /home/polc18dxi70o/public_html/ademy-groups.com/gestor_denuncias/system/CodeIgniter.php(494): CodeIgniter\CodeIgniter->runController()
#7 /home/polc18dxi70o/public_html/ademy-groups.com/gestor_denuncias/system/CodeIgniter.php(353): CodeIgniter\CodeIgniter->handleRequest()
#8 /home/polc18dxi70o/public_html/ademy-groups.com/gestor_denuncias/index.php(79): CodeIgniter\CodeIgniter->run()
#9 {main}
CRITICAL - 2025-05-05 14:46:10 --> Unknown column 'nombre' in 'INSERT INTO'
in SYSTEMPATH/Database/BaseConnection.php on line 646.
 1 SYSTEMPATH/Database/BaseBuilder.php(2308): CodeIgniter\Database\BaseConnection->query()
 2 APPPATH/Controllers/DataTransferController.php(98): CodeIgniter\Database\BaseBuilder->insert()
 3 SYSTEMPATH/CodeIgniter.php(919): App\Controllers\DataTransferController->transferData()
 4 SYSTEMPATH/CodeIgniter.php(494): CodeIgniter\CodeIgniter->runController()
 5 SYSTEMPATH/CodeIgniter.php(353): CodeIgniter\CodeIgniter->handleRequest()
 6 FCPATH/index.php(79): CodeIgniter\CodeIgniter->run()
ERROR - 2025-05-05 14:48:13 --> mysqli_sql_exception: Unknown column 'your-name' in 'INSERT INTO' in /home/polc18dxi70o/public_html/ademy-groups.com/gestor_denuncias/system/Database/MySQLi/Connection.php:306
Stack trace:
#0 /home/polc18dxi70o/public_html/ademy-groups.com/gestor_denuncias/system/Database/MySQLi/Connection.php(306): mysqli->query()
#1 /home/polc18dxi70o/public_html/ademy-groups.com/gestor_denuncias/system/Database/BaseConnection.php(692): CodeIgniter\Database\MySQLi\Connection->execute()
#2 /home/polc18dxi70o/public_html/ademy-groups.com/gestor_denuncias/system/Database/BaseConnection.php(606): CodeIgniter\Database\BaseConnection->simpleQuery()
#3 /home/polc18dxi70o/public_html/ademy-groups.com/gestor_denuncias/system/Database/BaseBuilder.php(2308): CodeIgniter\Database\BaseConnection->query()
#4 /home/polc18dxi70o/public_html/ademy-groups.com/gestor_denuncias/app/Controllers/DataTransferController.php(98): CodeIgniter\Database\BaseBuilder->insert()
#5 /home/polc18dxi70o/public_html/ademy-groups.com/gestor_denuncias/system/CodeIgniter.php(919): App\Controllers\DataTransferController->transferData()
#6 /home/polc18dxi70o/public_html/ademy-groups.com/gestor_denuncias/system/CodeIgniter.php(494): CodeIgniter\CodeIgniter->runController()
#7 /home/polc18dxi70o/public_html/ademy-groups.com/gestor_denuncias/system/CodeIgniter.php(353): CodeIgniter\CodeIgniter->handleRequest()
#8 /home/polc18dxi70o/public_html/ademy-groups.com/gestor_denuncias/index.php(79): CodeIgniter\CodeIgniter->run()
#9 {main}
CRITICAL - 2025-05-05 14:48:13 --> Unknown column 'your-name' in 'INSERT INTO'
in SYSTEMPATH/Database/BaseConnection.php on line 646.
 1 SYSTEMPATH/Database/BaseBuilder.php(2308): CodeIgniter\Database\BaseConnection->query()
 2 APPPATH/Controllers/DataTransferController.php(98): CodeIgniter\Database\BaseBuilder->insert()
 3 SYSTEMPATH/CodeIgniter.php(919): App\Controllers\DataTransferController->transferData()
 4 SYSTEMPATH/CodeIgniter.php(494): CodeIgniter\CodeIgniter->runController()
 5 SYSTEMPATH/CodeIgniter.php(353): CodeIgniter\CodeIgniter->handleRequest()
 6 FCPATH/index.php(79): CodeIgniter\CodeIgniter->run()
ERROR - 2025-05-05 14:51:41 --> mysqli_sql_exception: Unknown column 'email' in 'INSERT INTO' in /home/polc18dxi70o/public_html/ademy-groups.com/gestor_denuncias/system/Database/MySQLi/Connection.php:306
Stack trace:
#0 /home/polc18dxi70o/public_html/ademy-groups.com/gestor_denuncias/system/Database/MySQLi/Connection.php(306): mysqli->query()
#1 /home/polc18dxi70o/public_html/ademy-groups.com/gestor_denuncias/system/Database/BaseConnection.php(692): CodeIgniter\Database\MySQLi\Connection->execute()
#2 /home/polc18dxi70o/public_html/ademy-groups.com/gestor_denuncias/system/Database/BaseConnection.php(606): CodeIgniter\Database\BaseConnection->simpleQuery()
#3 /home/polc18dxi70o/public_html/ademy-groups.com/gestor_denuncias/system/Database/BaseBuilder.php(2308): CodeIgniter\Database\BaseConnection->query()
#4 /home/polc18dxi70o/public_html/ademy-groups.com/gestor_denuncias/app/Controllers/DataTransferController.php(98): CodeIgniter\Database\BaseBuilder->insert()
#5 /home/polc18dxi70o/public_html/ademy-groups.com/gestor_denuncias/system/CodeIgniter.php(919): App\Controllers\DataTransferController->transferData()
#6 /home/polc18dxi70o/public_html/ademy-groups.com/gestor_denuncias/system/CodeIgniter.php(494): CodeIgniter\CodeIgniter->runController()
#7 /home/polc18dxi70o/public_html/ademy-groups.com/gestor_denuncias/system/CodeIgniter.php(353): CodeIgniter\CodeIgniter->handleRequest()
#8 /home/polc18dxi70o/public_html/ademy-groups.com/gestor_denuncias/index.php(79): CodeIgniter\CodeIgniter->run()
#9 {main}
CRITICAL - 2025-05-05 14:51:41 --> Unknown column 'email' in 'INSERT INTO'
in SYSTEMPATH/Database/BaseConnection.php on line 646.
 1 SYSTEMPATH/Database/BaseBuilder.php(2308): CodeIgniter\Database\BaseConnection->query()
 2 APPPATH/Controllers/DataTransferController.php(98): CodeIgniter\Database\BaseBuilder->insert()
 3 SYSTEMPATH/CodeIgniter.php(919): App\Controllers\DataTransferController->transferData()
 4 SYSTEMPATH/CodeIgniter.php(494): CodeIgniter\CodeIgniter->runController()
 5 SYSTEMPATH/CodeIgniter.php(353): CodeIgniter\CodeIgniter->handleRequest()
 6 FCPATH/index.php(79): CodeIgniter\CodeIgniter->run()
ERROR - 2025-05-05 14:52:39 --> mysqli_sql_exception: Unknown column 'your-emai' in 'INSERT INTO' in /home/polc18dxi70o/public_html/ademy-groups.com/gestor_denuncias/system/Database/MySQLi/Connection.php:306
Stack trace:
#0 /home/polc18dxi70o/public_html/ademy-groups.com/gestor_denuncias/system/Database/MySQLi/Connection.php(306): mysqli->query()
#1 /home/polc18dxi70o/public_html/ademy-groups.com/gestor_denuncias/system/Database/BaseConnection.php(692): CodeIgniter\Database\MySQLi\Connection->execute()
#2 /home/polc18dxi70o/public_html/ademy-groups.com/gestor_denuncias/system/Database/BaseConnection.php(606): CodeIgniter\Database\BaseConnection->simpleQuery()
#3 /home/polc18dxi70o/public_html/ademy-groups.com/gestor_denuncias/system/Database/BaseBuilder.php(2308): CodeIgniter\Database\BaseConnection->query()
#4 /home/polc18dxi70o/public_html/ademy-groups.com/gestor_denuncias/app/Controllers/DataTransferController.php(98): CodeIgniter\Database\BaseBuilder->insert()
#5 /home/polc18dxi70o/public_html/ademy-groups.com/gestor_denuncias/system/CodeIgniter.php(919): App\Controllers\DataTransferController->transferData()
#6 /home/polc18dxi70o/public_html/ademy-groups.com/gestor_denuncias/system/CodeIgniter.php(494): CodeIgniter\CodeIgniter->runController()
#7 /home/polc18dxi70o/public_html/ademy-groups.com/gestor_denuncias/system/CodeIgniter.php(353): CodeIgniter\CodeIgniter->handleRequest()
#8 /home/polc18dxi70o/public_html/ademy-groups.com/gestor_denuncias/index.php(79): CodeIgniter\CodeIgniter->run()
#9 {main}
CRITICAL - 2025-05-05 14:52:39 --> Unknown column 'your-emai' in 'INSERT INTO'
in SYSTEMPATH/Database/BaseConnection.php on line 646.
 1 SYSTEMPATH/Database/BaseBuilder.php(2308): CodeIgniter\Database\BaseConnection->query()
 2 APPPATH/Controllers/DataTransferController.php(98): CodeIgniter\Database\BaseBuilder->insert()
 3 SYSTEMPATH/CodeIgniter.php(919): App\Controllers\DataTransferController->transferData()
 4 SYSTEMPATH/CodeIgniter.php(494): CodeIgniter\CodeIgniter->runController()
 5 SYSTEMPATH/CodeIgniter.php(353): CodeIgniter\CodeIgniter->handleRequest()
 6 FCPATH/index.php(79): CodeIgniter\CodeIgniter->run()
