ERROR - 2023-10-09 09:55:07 --> mysqli_sql_exception: Column 'name' cannot be null in C:\xampp\htdocs\apps\gestion_denuncias\system\Database\MySQLi\Connection.php:306
Stack trace:
#0 C:\xampp\htdocs\apps\gestion_denuncias\system\Database\MySQLi\Connection.php(306): mysqli->query('INSERT INTO `us...', 0)
#1 C:\xampp\htdocs\apps\gestion_denuncias\system\Database\BaseConnection.php(692): CodeIgniter\Database\MySQLi\Connection->execute('INSERT INTO `us...')
#2 C:\xampp\htdocs\apps\gestion_denuncias\system\Database\BaseConnection.php(606): CodeIgniter\Database\BaseConnection->simpleQuery('INSERT INTO `us...')
#3 C:\xampp\htdocs\apps\gestion_denuncias\system\Database\BaseBuilder.php(2308): CodeIgniter\Database\BaseConnection->query('INSERT INTO `us...', Array, false)
#4 C:\xampp\htdocs\apps\gestion_denuncias\system\Model.php(319): CodeIgniter\Database\BaseBuilder->insert()
#5 C:\xampp\htdocs\apps\gestion_denuncias\system\BaseModel.php(788): CodeIgniter\Model->doInsert(Array)
#6 C:\xampp\htdocs\apps\gestion_denuncias\system\Model.php(715): CodeIgniter\BaseModel->insert(Array, true)
#7 C:\xampp\htdocs\apps\gestion_denuncias\app\Controllers\Users.php(43): CodeIgniter\Model->insert(Array)
#8 C:\xampp\htdocs\apps\gestion_denuncias\system\CodeIgniter.php(919): App\Controllers\Users->insert()
#9 C:\xampp\htdocs\apps\gestion_denuncias\system\CodeIgniter.php(494): CodeIgniter\CodeIgniter->runController(Object(App\Controllers\Users))
#10 C:\xampp\htdocs\apps\gestion_denuncias\system\CodeIgniter.php(353): CodeIgniter\CodeIgniter->handleRequest(NULL, Object(Config\Cache), false)
#11 C:\xampp\htdocs\apps\gestion_denuncias\public\index.php(79): CodeIgniter\CodeIgniter->run()
#12 {main}
CRITICAL - 2023-10-09 09:55:07 --> Column 'name' cannot be null
in SYSTEMPATH\Database\BaseConnection.php on line 646.
 1 SYSTEMPATH\Database\BaseBuilder.php(2308): CodeIgniter\Database\BaseConnection->query('INSERT INTO `users` (`name`, `surname`, `email`, `contacto`, `password`) VALUES (:name:, :surname:, :email:, :contacto:, :password:)', [...], false)
 2 SYSTEMPATH\Model.php(319): CodeIgniter\Database\BaseBuilder->insert()
 3 SYSTEMPATH\BaseModel.php(788): CodeIgniter\Model->doInsert([...])
 4 SYSTEMPATH\Model.php(715): CodeIgniter\BaseModel->insert([...], true)
 5 APPPATH\Controllers\Users.php(43): CodeIgniter\Model->insert([...])
 6 SYSTEMPATH\CodeIgniter.php(919): App\Controllers\Users->insert()
 7 SYSTEMPATH\CodeIgniter.php(494): CodeIgniter\CodeIgniter->runController(Object(App\Controllers\Users))
 8 SYSTEMPATH\CodeIgniter.php(353): CodeIgniter\CodeIgniter->handleRequest(null, Object(Config\Cache), false)
 9 FCPATH\index.php(79): CodeIgniter\CodeIgniter->run()
ERROR - 2023-10-09 09:55:10 --> mysqli_sql_exception: Column 'name' cannot be null in C:\xampp\htdocs\apps\gestion_denuncias\system\Database\MySQLi\Connection.php:306
Stack trace:
#0 C:\xampp\htdocs\apps\gestion_denuncias\system\Database\MySQLi\Connection.php(306): mysqli->query('INSERT INTO `us...', 0)
#1 C:\xampp\htdocs\apps\gestion_denuncias\system\Database\BaseConnection.php(692): CodeIgniter\Database\MySQLi\Connection->execute('INSERT INTO `us...')
#2 C:\xampp\htdocs\apps\gestion_denuncias\system\Database\BaseConnection.php(606): CodeIgniter\Database\BaseConnection->simpleQuery('INSERT INTO `us...')
#3 C:\xampp\htdocs\apps\gestion_denuncias\system\Database\BaseBuilder.php(2308): CodeIgniter\Database\BaseConnection->query('INSERT INTO `us...', Array, false)
#4 C:\xampp\htdocs\apps\gestion_denuncias\system\Model.php(319): CodeIgniter\Database\BaseBuilder->insert()
#5 C:\xampp\htdocs\apps\gestion_denuncias\system\BaseModel.php(788): CodeIgniter\Model->doInsert(Array)
#6 C:\xampp\htdocs\apps\gestion_denuncias\system\Model.php(715): CodeIgniter\BaseModel->insert(Array, true)
#7 C:\xampp\htdocs\apps\gestion_denuncias\app\Controllers\Users.php(43): CodeIgniter\Model->insert(Array)
#8 C:\xampp\htdocs\apps\gestion_denuncias\system\CodeIgniter.php(919): App\Controllers\Users->insert()
#9 C:\xampp\htdocs\apps\gestion_denuncias\system\CodeIgniter.php(494): CodeIgniter\CodeIgniter->runController(Object(App\Controllers\Users))
#10 C:\xampp\htdocs\apps\gestion_denuncias\system\CodeIgniter.php(353): CodeIgniter\CodeIgniter->handleRequest(NULL, Object(Config\Cache), false)
#11 C:\xampp\htdocs\apps\gestion_denuncias\public\index.php(79): CodeIgniter\CodeIgniter->run()
#12 {main}
CRITICAL - 2023-10-09 09:55:10 --> Column 'name' cannot be null
in SYSTEMPATH\Database\BaseConnection.php on line 646.
 1 SYSTEMPATH\Database\BaseBuilder.php(2308): CodeIgniter\Database\BaseConnection->query('INSERT INTO `users` (`name`, `surname`, `email`, `contacto`, `password`) VALUES (:name:, :surname:, :email:, :contacto:, :password:)', [...], false)
 2 SYSTEMPATH\Model.php(319): CodeIgniter\Database\BaseBuilder->insert()
 3 SYSTEMPATH\BaseModel.php(788): CodeIgniter\Model->doInsert([...])
 4 SYSTEMPATH\Model.php(715): CodeIgniter\BaseModel->insert([...], true)
 5 APPPATH\Controllers\Users.php(43): CodeIgniter\Model->insert([...])
 6 SYSTEMPATH\CodeIgniter.php(919): App\Controllers\Users->insert()
 7 SYSTEMPATH\CodeIgniter.php(494): CodeIgniter\CodeIgniter->runController(Object(App\Controllers\Users))
 8 SYSTEMPATH\CodeIgniter.php(353): CodeIgniter\CodeIgniter->handleRequest(null, Object(Config\Cache), false)
 9 FCPATH\index.php(79): CodeIgniter\CodeIgniter->run()
ERROR - 2023-10-09 09:55:49 --> mysqli_sql_exception: Column 'name' cannot be null in C:\xampp\htdocs\apps\gestion_denuncias\system\Database\MySQLi\Connection.php:306
Stack trace:
#0 C:\xampp\htdocs\apps\gestion_denuncias\system\Database\MySQLi\Connection.php(306): mysqli->query('INSERT INTO `us...', 0)
#1 C:\xampp\htdocs\apps\gestion_denuncias\system\Database\BaseConnection.php(692): CodeIgniter\Database\MySQLi\Connection->execute('INSERT INTO `us...')
#2 C:\xampp\htdocs\apps\gestion_denuncias\system\Database\BaseConnection.php(606): CodeIgniter\Database\BaseConnection->simpleQuery('INSERT INTO `us...')
#3 C:\xampp\htdocs\apps\gestion_denuncias\system\Database\BaseBuilder.php(2308): CodeIgniter\Database\BaseConnection->query('INSERT INTO `us...', Array, false)
#4 C:\xampp\htdocs\apps\gestion_denuncias\system\Model.php(319): CodeIgniter\Database\BaseBuilder->insert()
#5 C:\xampp\htdocs\apps\gestion_denuncias\system\BaseModel.php(788): CodeIgniter\Model->doInsert(Array)
#6 C:\xampp\htdocs\apps\gestion_denuncias\system\Model.php(715): CodeIgniter\BaseModel->insert(Array, true)
#7 C:\xampp\htdocs\apps\gestion_denuncias\app\Controllers\Users.php(43): CodeIgniter\Model->insert(Array)
#8 C:\xampp\htdocs\apps\gestion_denuncias\system\CodeIgniter.php(919): App\Controllers\Users->insert()
#9 C:\xampp\htdocs\apps\gestion_denuncias\system\CodeIgniter.php(494): CodeIgniter\CodeIgniter->runController(Object(App\Controllers\Users))
#10 C:\xampp\htdocs\apps\gestion_denuncias\system\CodeIgniter.php(353): CodeIgniter\CodeIgniter->handleRequest(NULL, Object(Config\Cache), false)
#11 C:\xampp\htdocs\apps\gestion_denuncias\public\index.php(79): CodeIgniter\CodeIgniter->run()
#12 {main}
CRITICAL - 2023-10-09 09:55:49 --> Column 'name' cannot be null
in SYSTEMPATH\Database\BaseConnection.php on line 646.
 1 SYSTEMPATH\Database\BaseBuilder.php(2308): CodeIgniter\Database\BaseConnection->query('INSERT INTO `users` (`name`, `surname`, `email`, `contacto`, `password`) VALUES (:name:, :surname:, :email:, :contacto:, :password:)', [...], false)
 2 SYSTEMPATH\Model.php(319): CodeIgniter\Database\BaseBuilder->insert()
 3 SYSTEMPATH\BaseModel.php(788): CodeIgniter\Model->doInsert([...])
 4 SYSTEMPATH\Model.php(715): CodeIgniter\BaseModel->insert([...], true)
 5 APPPATH\Controllers\Users.php(43): CodeIgniter\Model->insert([...])
 6 SYSTEMPATH\CodeIgniter.php(919): App\Controllers\Users->insert()
 7 SYSTEMPATH\CodeIgniter.php(494): CodeIgniter\CodeIgniter->runController(Object(App\Controllers\Users))
 8 SYSTEMPATH\CodeIgniter.php(353): CodeIgniter\CodeIgniter->handleRequest(null, Object(Config\Cache), false)
 9 FCPATH\index.php(79): CodeIgniter\CodeIgniter->run()
ERROR - 2023-10-09 09:58:03 --> mysqli_sql_exception: Column 'name' cannot be null in C:\xampp\htdocs\apps\gestion_denuncias\system\Database\MySQLi\Connection.php:306
Stack trace:
#0 C:\xampp\htdocs\apps\gestion_denuncias\system\Database\MySQLi\Connection.php(306): mysqli->query('INSERT INTO `us...', 0)
#1 C:\xampp\htdocs\apps\gestion_denuncias\system\Database\BaseConnection.php(692): CodeIgniter\Database\MySQLi\Connection->execute('INSERT INTO `us...')
#2 C:\xampp\htdocs\apps\gestion_denuncias\system\Database\BaseConnection.php(606): CodeIgniter\Database\BaseConnection->simpleQuery('INSERT INTO `us...')
#3 C:\xampp\htdocs\apps\gestion_denuncias\system\Database\BaseBuilder.php(2308): CodeIgniter\Database\BaseConnection->query('INSERT INTO `us...', Array, false)
#4 C:\xampp\htdocs\apps\gestion_denuncias\system\Model.php(319): CodeIgniter\Database\BaseBuilder->insert()
#5 C:\xampp\htdocs\apps\gestion_denuncias\system\BaseModel.php(788): CodeIgniter\Model->doInsert(Array)
#6 C:\xampp\htdocs\apps\gestion_denuncias\system\Model.php(715): CodeIgniter\BaseModel->insert(Array, true)
#7 C:\xampp\htdocs\apps\gestion_denuncias\app\Controllers\Users.php(43): CodeIgniter\Model->insert(Array)
#8 C:\xampp\htdocs\apps\gestion_denuncias\system\CodeIgniter.php(919): App\Controllers\Users->insert()
#9 C:\xampp\htdocs\apps\gestion_denuncias\system\CodeIgniter.php(494): CodeIgniter\CodeIgniter->runController(Object(App\Controllers\Users))
#10 C:\xampp\htdocs\apps\gestion_denuncias\system\CodeIgniter.php(353): CodeIgniter\CodeIgniter->handleRequest(NULL, Object(Config\Cache), false)
#11 C:\xampp\htdocs\apps\gestion_denuncias\public\index.php(79): CodeIgniter\CodeIgniter->run()
#12 {main}
CRITICAL - 2023-10-09 09:58:03 --> Column 'name' cannot be null
in SYSTEMPATH\Database\BaseConnection.php on line 646.
 1 SYSTEMPATH\Database\BaseBuilder.php(2308): CodeIgniter\Database\BaseConnection->query('INSERT INTO `users` (`name`, `surname`, `email`, `contacto`, `password`) VALUES (:name:, :surname:, :email:, :contacto:, :password:)', [...], false)
 2 SYSTEMPATH\Model.php(319): CodeIgniter\Database\BaseBuilder->insert()
 3 SYSTEMPATH\BaseModel.php(788): CodeIgniter\Model->doInsert([...])
 4 SYSTEMPATH\Model.php(715): CodeIgniter\BaseModel->insert([...], true)
 5 APPPATH\Controllers\Users.php(43): CodeIgniter\Model->insert([...])
 6 SYSTEMPATH\CodeIgniter.php(919): App\Controllers\Users->insert()
 7 SYSTEMPATH\CodeIgniter.php(494): CodeIgniter\CodeIgniter->runController(Object(App\Controllers\Users))
 8 SYSTEMPATH\CodeIgniter.php(353): CodeIgniter\CodeIgniter->handleRequest(null, Object(Config\Cache), false)
 9 FCPATH\index.php(79): CodeIgniter\CodeIgniter->run()
ERROR - 2023-10-09 09:59:19 --> mysqli_sql_exception: Column 'surname' cannot be null in C:\xampp\htdocs\apps\gestion_denuncias\system\Database\MySQLi\Connection.php:306
Stack trace:
#0 C:\xampp\htdocs\apps\gestion_denuncias\system\Database\MySQLi\Connection.php(306): mysqli->query('INSERT INTO `us...', 0)
#1 C:\xampp\htdocs\apps\gestion_denuncias\system\Database\BaseConnection.php(692): CodeIgniter\Database\MySQLi\Connection->execute('INSERT INTO `us...')
#2 C:\xampp\htdocs\apps\gestion_denuncias\system\Database\BaseConnection.php(606): CodeIgniter\Database\BaseConnection->simpleQuery('INSERT INTO `us...')
#3 C:\xampp\htdocs\apps\gestion_denuncias\system\Database\BaseBuilder.php(2308): CodeIgniter\Database\BaseConnection->query('INSERT INTO `us...', Array, false)
#4 C:\xampp\htdocs\apps\gestion_denuncias\system\Model.php(319): CodeIgniter\Database\BaseBuilder->insert()
#5 C:\xampp\htdocs\apps\gestion_denuncias\system\BaseModel.php(788): CodeIgniter\Model->doInsert(Array)
#6 C:\xampp\htdocs\apps\gestion_denuncias\system\Model.php(715): CodeIgniter\BaseModel->insert(Array, true)
#7 C:\xampp\htdocs\apps\gestion_denuncias\app\Controllers\Users.php(43): CodeIgniter\Model->insert(Array)
#8 C:\xampp\htdocs\apps\gestion_denuncias\system\CodeIgniter.php(919): App\Controllers\Users->insert()
#9 C:\xampp\htdocs\apps\gestion_denuncias\system\CodeIgniter.php(494): CodeIgniter\CodeIgniter->runController(Object(App\Controllers\Users))
#10 C:\xampp\htdocs\apps\gestion_denuncias\system\CodeIgniter.php(353): CodeIgniter\CodeIgniter->handleRequest(NULL, Object(Config\Cache), false)
#11 C:\xampp\htdocs\apps\gestion_denuncias\public\index.php(79): CodeIgniter\CodeIgniter->run()
#12 {main}
CRITICAL - 2023-10-09 09:59:19 --> Column 'surname' cannot be null
in SYSTEMPATH\Database\BaseConnection.php on line 646.
 1 SYSTEMPATH\Database\BaseBuilder.php(2308): CodeIgniter\Database\BaseConnection->query('INSERT INTO `users` (`surname`, `email`, `contacto`, `password`) VALUES (:surname:, :email:, :contacto:, :password:)', [...], false)
 2 SYSTEMPATH\Model.php(319): CodeIgniter\Database\BaseBuilder->insert()
 3 SYSTEMPATH\BaseModel.php(788): CodeIgniter\Model->doInsert([...])
 4 SYSTEMPATH\Model.php(715): CodeIgniter\BaseModel->insert([...], true)
 5 APPPATH\Controllers\Users.php(43): CodeIgniter\Model->insert([...])
 6 SYSTEMPATH\CodeIgniter.php(919): App\Controllers\Users->insert()
 7 SYSTEMPATH\CodeIgniter.php(494): CodeIgniter\CodeIgniter->runController(Object(App\Controllers\Users))
 8 SYSTEMPATH\CodeIgniter.php(353): CodeIgniter\CodeIgniter->handleRequest(null, Object(Config\Cache), false)
 9 FCPATH\index.php(79): CodeIgniter\CodeIgniter->run()
CRITICAL - 2023-10-09 10:20:38 --> The action you requested is not allowed.
in SYSTEMPATH\Security\Security.php on line 298.
 1 SYSTEMPATH\Security\Security.php(298): CodeIgniter\Security\Exceptions\SecurityException::forDisallowedAction()
 2 SYSTEMPATH\Filters\CSRF.php(55): CodeIgniter\Security\Security->verify(Object(CodeIgniter\HTTP\IncomingRequest))
 3 SYSTEMPATH\Filters\Filters.php(180): CodeIgniter\Filters\CSRF->before(Object(CodeIgniter\HTTP\IncomingRequest), null)
 4 SYSTEMPATH\CodeIgniter.php(466): CodeIgniter\Filters\Filters->run('roles-insert', 'before')
 5 SYSTEMPATH\CodeIgniter.php(353): CodeIgniter\CodeIgniter->handleRequest(null, Object(Config\Cache), false)
 6 FCPATH\index.php(79): CodeIgniter\CodeIgniter->run()
ERROR - 2023-10-09 10:26:47 --> mysqli_sql_exception: Column 'surname' cannot be null in C:\xampp\htdocs\apps\gestion_denuncias\system\Database\MySQLi\Connection.php:306
Stack trace:
#0 C:\xampp\htdocs\apps\gestion_denuncias\system\Database\MySQLi\Connection.php(306): mysqli->query('INSERT INTO `us...', 0)
#1 C:\xampp\htdocs\apps\gestion_denuncias\system\Database\BaseConnection.php(692): CodeIgniter\Database\MySQLi\Connection->execute('INSERT INTO `us...')
#2 C:\xampp\htdocs\apps\gestion_denuncias\system\Database\BaseConnection.php(606): CodeIgniter\Database\BaseConnection->simpleQuery('INSERT INTO `us...')
#3 C:\xampp\htdocs\apps\gestion_denuncias\system\Database\BaseBuilder.php(2308): CodeIgniter\Database\BaseConnection->query('INSERT INTO `us...', Array, false)
#4 C:\xampp\htdocs\apps\gestion_denuncias\system\Model.php(319): CodeIgniter\Database\BaseBuilder->insert()
#5 C:\xampp\htdocs\apps\gestion_denuncias\system\BaseModel.php(788): CodeIgniter\Model->doInsert(Array)
#6 C:\xampp\htdocs\apps\gestion_denuncias\system\Model.php(715): CodeIgniter\BaseModel->insert(Array, true)
#7 C:\xampp\htdocs\apps\gestion_denuncias\app\Controllers\Users.php(45): CodeIgniter\Model->insert(Array)
#8 C:\xampp\htdocs\apps\gestion_denuncias\system\CodeIgniter.php(919): App\Controllers\Users->insert()
#9 C:\xampp\htdocs\apps\gestion_denuncias\system\CodeIgniter.php(494): CodeIgniter\CodeIgniter->runController(Object(App\Controllers\Users))
#10 C:\xampp\htdocs\apps\gestion_denuncias\system\CodeIgniter.php(353): CodeIgniter\CodeIgniter->handleRequest(NULL, Object(Config\Cache), false)
#11 C:\xampp\htdocs\apps\gestion_denuncias\public\index.php(79): CodeIgniter\CodeIgniter->run()
#12 {main}
CRITICAL - 2023-10-09 10:26:47 --> Column 'surname' cannot be null
in SYSTEMPATH\Database\BaseConnection.php on line 646.
 1 SYSTEMPATH\Database\BaseBuilder.php(2308): CodeIgniter\Database\BaseConnection->query('INSERT INTO `users` (`name`, `surname`, `email`, `contacto`, `password`) VALUES (:name:, :surname:, :email:, :contacto:, :password:)', [...], false)
 2 SYSTEMPATH\Model.php(319): CodeIgniter\Database\BaseBuilder->insert()
 3 SYSTEMPATH\BaseModel.php(788): CodeIgniter\Model->doInsert([...])
 4 SYSTEMPATH\Model.php(715): CodeIgniter\BaseModel->insert([...], true)
 5 APPPATH\Controllers\Users.php(45): CodeIgniter\Model->insert([...])
 6 SYSTEMPATH\CodeIgniter.php(919): App\Controllers\Users->insert()
 7 SYSTEMPATH\CodeIgniter.php(494): CodeIgniter\CodeIgniter->runController(Object(App\Controllers\Users))
 8 SYSTEMPATH\CodeIgniter.php(353): CodeIgniter\CodeIgniter->handleRequest(null, Object(Config\Cache), false)
 9 FCPATH\index.php(79): CodeIgniter\CodeIgniter->run()
ERROR - 2023-10-09 10:27:17 --> mysqli_sql_exception: Column 'surname' cannot be null in C:\xampp\htdocs\apps\gestion_denuncias\system\Database\MySQLi\Connection.php:306
Stack trace:
#0 C:\xampp\htdocs\apps\gestion_denuncias\system\Database\MySQLi\Connection.php(306): mysqli->query('INSERT INTO `us...', 0)
#1 C:\xampp\htdocs\apps\gestion_denuncias\system\Database\BaseConnection.php(692): CodeIgniter\Database\MySQLi\Connection->execute('INSERT INTO `us...')
#2 C:\xampp\htdocs\apps\gestion_denuncias\system\Database\BaseConnection.php(606): CodeIgniter\Database\BaseConnection->simpleQuery('INSERT INTO `us...')
#3 C:\xampp\htdocs\apps\gestion_denuncias\system\Database\BaseBuilder.php(2308): CodeIgniter\Database\BaseConnection->query('INSERT INTO `us...', Array, false)
#4 C:\xampp\htdocs\apps\gestion_denuncias\system\Model.php(319): CodeIgniter\Database\BaseBuilder->insert()
#5 C:\xampp\htdocs\apps\gestion_denuncias\system\BaseModel.php(788): CodeIgniter\Model->doInsert(Array)
#6 C:\xampp\htdocs\apps\gestion_denuncias\system\Model.php(715): CodeIgniter\BaseModel->insert(Array, true)
#7 C:\xampp\htdocs\apps\gestion_denuncias\app\Controllers\Users.php(45): CodeIgniter\Model->insert(Array)
#8 C:\xampp\htdocs\apps\gestion_denuncias\system\CodeIgniter.php(919): App\Controllers\Users->insert()
#9 C:\xampp\htdocs\apps\gestion_denuncias\system\CodeIgniter.php(494): CodeIgniter\CodeIgniter->runController(Object(App\Controllers\Users))
#10 C:\xampp\htdocs\apps\gestion_denuncias\system\CodeIgniter.php(353): CodeIgniter\CodeIgniter->handleRequest(NULL, Object(Config\Cache), false)
#11 C:\xampp\htdocs\apps\gestion_denuncias\public\index.php(79): CodeIgniter\CodeIgniter->run()
#12 {main}
CRITICAL - 2023-10-09 10:27:17 --> Column 'surname' cannot be null
in SYSTEMPATH\Database\BaseConnection.php on line 646.
 1 SYSTEMPATH\Database\BaseBuilder.php(2308): CodeIgniter\Database\BaseConnection->query('INSERT INTO `users` (`name`, `surname`, `email`, `contacto`, `password`) VALUES (:name:, :surname:, :email:, :contacto:, :password:)', [...], false)
 2 SYSTEMPATH\Model.php(319): CodeIgniter\Database\BaseBuilder->insert()
 3 SYSTEMPATH\BaseModel.php(788): CodeIgniter\Model->doInsert([...])
 4 SYSTEMPATH\Model.php(715): CodeIgniter\BaseModel->insert([...], true)
 5 APPPATH\Controllers\Users.php(45): CodeIgniter\Model->insert([...])
 6 SYSTEMPATH\CodeIgniter.php(919): App\Controllers\Users->insert()
 7 SYSTEMPATH\CodeIgniter.php(494): CodeIgniter\CodeIgniter->runController(Object(App\Controllers\Users))
 8 SYSTEMPATH\CodeIgniter.php(353): CodeIgniter\CodeIgniter->handleRequest(null, Object(Config\Cache), false)
 9 FCPATH\index.php(79): CodeIgniter\CodeIgniter->run()
ERROR - 2023-10-09 10:27:48 --> mysqli_sql_exception: Column 'surname' cannot be null in C:\xampp\htdocs\apps\gestion_denuncias\system\Database\MySQLi\Connection.php:306
Stack trace:
#0 C:\xampp\htdocs\apps\gestion_denuncias\system\Database\MySQLi\Connection.php(306): mysqli->query('INSERT INTO `us...', 0)
#1 C:\xampp\htdocs\apps\gestion_denuncias\system\Database\BaseConnection.php(692): CodeIgniter\Database\MySQLi\Connection->execute('INSERT INTO `us...')
#2 C:\xampp\htdocs\apps\gestion_denuncias\system\Database\BaseConnection.php(606): CodeIgniter\Database\BaseConnection->simpleQuery('INSERT INTO `us...')
#3 C:\xampp\htdocs\apps\gestion_denuncias\system\Database\BaseBuilder.php(2308): CodeIgniter\Database\BaseConnection->query('INSERT INTO `us...', Array, false)
#4 C:\xampp\htdocs\apps\gestion_denuncias\system\Model.php(319): CodeIgniter\Database\BaseBuilder->insert()
#5 C:\xampp\htdocs\apps\gestion_denuncias\system\BaseModel.php(788): CodeIgniter\Model->doInsert(Array)
#6 C:\xampp\htdocs\apps\gestion_denuncias\system\Model.php(715): CodeIgniter\BaseModel->insert(Array, true)
#7 C:\xampp\htdocs\apps\gestion_denuncias\app\Controllers\Users.php(45): CodeIgniter\Model->insert(Array)
#8 C:\xampp\htdocs\apps\gestion_denuncias\system\CodeIgniter.php(919): App\Controllers\Users->insert()
#9 C:\xampp\htdocs\apps\gestion_denuncias\system\CodeIgniter.php(494): CodeIgniter\CodeIgniter->runController(Object(App\Controllers\Users))
#10 C:\xampp\htdocs\apps\gestion_denuncias\system\CodeIgniter.php(353): CodeIgniter\CodeIgniter->handleRequest(NULL, Object(Config\Cache), false)
#11 C:\xampp\htdocs\apps\gestion_denuncias\public\index.php(79): CodeIgniter\CodeIgniter->run()
#12 {main}
CRITICAL - 2023-10-09 10:27:48 --> Column 'surname' cannot be null
in SYSTEMPATH\Database\BaseConnection.php on line 646.
 1 SYSTEMPATH\Database\BaseBuilder.php(2308): CodeIgniter\Database\BaseConnection->query('INSERT INTO `users` (`name`, `surname`, `email`, `contacto`, `password`) VALUES (:name:, :surname:, :email:, :contacto:, :password:)', [...], false)
 2 SYSTEMPATH\Model.php(319): CodeIgniter\Database\BaseBuilder->insert()
 3 SYSTEMPATH\BaseModel.php(788): CodeIgniter\Model->doInsert([...])
 4 SYSTEMPATH\Model.php(715): CodeIgniter\BaseModel->insert([...], true)
 5 APPPATH\Controllers\Users.php(45): CodeIgniter\Model->insert([...])
 6 SYSTEMPATH\CodeIgniter.php(919): App\Controllers\Users->insert()
 7 SYSTEMPATH\CodeIgniter.php(494): CodeIgniter\CodeIgniter->runController(Object(App\Controllers\Users))
 8 SYSTEMPATH\CodeIgniter.php(353): CodeIgniter\CodeIgniter->handleRequest(null, Object(Config\Cache), false)
 9 FCPATH\index.php(79): CodeIgniter\CodeIgniter->run()
ERROR - 2023-10-09 10:28:24 --> mysqli_sql_exception: Column 'surname' cannot be null in C:\xampp\htdocs\apps\gestion_denuncias\system\Database\MySQLi\Connection.php:306
Stack trace:
#0 C:\xampp\htdocs\apps\gestion_denuncias\system\Database\MySQLi\Connection.php(306): mysqli->query('INSERT INTO `us...', 0)
#1 C:\xampp\htdocs\apps\gestion_denuncias\system\Database\BaseConnection.php(692): CodeIgniter\Database\MySQLi\Connection->execute('INSERT INTO `us...')
#2 C:\xampp\htdocs\apps\gestion_denuncias\system\Database\BaseConnection.php(606): CodeIgniter\Database\BaseConnection->simpleQuery('INSERT INTO `us...')
#3 C:\xampp\htdocs\apps\gestion_denuncias\system\Database\BaseBuilder.php(2308): CodeIgniter\Database\BaseConnection->query('INSERT INTO `us...', Array, false)
#4 C:\xampp\htdocs\apps\gestion_denuncias\system\Model.php(319): CodeIgniter\Database\BaseBuilder->insert()
#5 C:\xampp\htdocs\apps\gestion_denuncias\system\BaseModel.php(788): CodeIgniter\Model->doInsert(Array)
#6 C:\xampp\htdocs\apps\gestion_denuncias\system\Model.php(715): CodeIgniter\BaseModel->insert(Array, true)
#7 C:\xampp\htdocs\apps\gestion_denuncias\app\Controllers\Users.php(45): CodeIgniter\Model->insert(Array)
#8 C:\xampp\htdocs\apps\gestion_denuncias\system\CodeIgniter.php(919): App\Controllers\Users->insert()
#9 C:\xampp\htdocs\apps\gestion_denuncias\system\CodeIgniter.php(494): CodeIgniter\CodeIgniter->runController(Object(App\Controllers\Users))
#10 C:\xampp\htdocs\apps\gestion_denuncias\system\CodeIgniter.php(353): CodeIgniter\CodeIgniter->handleRequest(NULL, Object(Config\Cache), false)
#11 C:\xampp\htdocs\apps\gestion_denuncias\public\index.php(79): CodeIgniter\CodeIgniter->run()
#12 {main}
CRITICAL - 2023-10-09 10:28:24 --> Column 'surname' cannot be null
in SYSTEMPATH\Database\BaseConnection.php on line 646.
 1 SYSTEMPATH\Database\BaseBuilder.php(2308): CodeIgniter\Database\BaseConnection->query('INSERT INTO `users` (`name`, `surname`, `email`, `contacto`, `password`) VALUES (:name:, :surname:, :email:, :contacto:, :password:)', [...], false)
 2 SYSTEMPATH\Model.php(319): CodeIgniter\Database\BaseBuilder->insert()
 3 SYSTEMPATH\BaseModel.php(788): CodeIgniter\Model->doInsert([...])
 4 SYSTEMPATH\Model.php(715): CodeIgniter\BaseModel->insert([...], true)
 5 APPPATH\Controllers\Users.php(45): CodeIgniter\Model->insert([...])
 6 SYSTEMPATH\CodeIgniter.php(919): App\Controllers\Users->insert()
 7 SYSTEMPATH\CodeIgniter.php(494): CodeIgniter\CodeIgniter->runController(Object(App\Controllers\Users))
 8 SYSTEMPATH\CodeIgniter.php(353): CodeIgniter\CodeIgniter->handleRequest(null, Object(Config\Cache), false)
 9 FCPATH\index.php(79): CodeIgniter\CodeIgniter->run()
ERROR - 2023-10-09 10:28:56 --> mysqli_sql_exception: Column 'email' cannot be null in C:\xampp\htdocs\apps\gestion_denuncias\system\Database\MySQLi\Connection.php:306
Stack trace:
#0 C:\xampp\htdocs\apps\gestion_denuncias\system\Database\MySQLi\Connection.php(306): mysqli->query('INSERT INTO `us...', 0)
#1 C:\xampp\htdocs\apps\gestion_denuncias\system\Database\BaseConnection.php(692): CodeIgniter\Database\MySQLi\Connection->execute('INSERT INTO `us...')
#2 C:\xampp\htdocs\apps\gestion_denuncias\system\Database\BaseConnection.php(606): CodeIgniter\Database\BaseConnection->simpleQuery('INSERT INTO `us...')
#3 C:\xampp\htdocs\apps\gestion_denuncias\system\Database\BaseBuilder.php(2308): CodeIgniter\Database\BaseConnection->query('INSERT INTO `us...', Array, false)
#4 C:\xampp\htdocs\apps\gestion_denuncias\system\Model.php(319): CodeIgniter\Database\BaseBuilder->insert()
#5 C:\xampp\htdocs\apps\gestion_denuncias\system\BaseModel.php(788): CodeIgniter\Model->doInsert(Array)
#6 C:\xampp\htdocs\apps\gestion_denuncias\system\Model.php(715): CodeIgniter\BaseModel->insert(Array, true)
#7 C:\xampp\htdocs\apps\gestion_denuncias\app\Controllers\Users.php(45): CodeIgniter\Model->insert(Array)
#8 C:\xampp\htdocs\apps\gestion_denuncias\system\CodeIgniter.php(919): App\Controllers\Users->insert()
#9 C:\xampp\htdocs\apps\gestion_denuncias\system\CodeIgniter.php(494): CodeIgniter\CodeIgniter->runController(Object(App\Controllers\Users))
#10 C:\xampp\htdocs\apps\gestion_denuncias\system\CodeIgniter.php(353): CodeIgniter\CodeIgniter->handleRequest(NULL, Object(Config\Cache), false)
#11 C:\xampp\htdocs\apps\gestion_denuncias\public\index.php(79): CodeIgniter\CodeIgniter->run()
#12 {main}
CRITICAL - 2023-10-09 10:28:56 --> Column 'email' cannot be null
in SYSTEMPATH\Database\BaseConnection.php on line 646.
 1 SYSTEMPATH\Database\BaseBuilder.php(2308): CodeIgniter\Database\BaseConnection->query('INSERT INTO `users` (`name`, `email`, `contacto`, `password`) VALUES (:name:, :email:, :contacto:, :password:)', [...], false)
 2 SYSTEMPATH\Model.php(319): CodeIgniter\Database\BaseBuilder->insert()
 3 SYSTEMPATH\BaseModel.php(788): CodeIgniter\Model->doInsert([...])
 4 SYSTEMPATH\Model.php(715): CodeIgniter\BaseModel->insert([...], true)
 5 APPPATH\Controllers\Users.php(45): CodeIgniter\Model->insert([...])
 6 SYSTEMPATH\CodeIgniter.php(919): App\Controllers\Users->insert()
 7 SYSTEMPATH\CodeIgniter.php(494): CodeIgniter\CodeIgniter->runController(Object(App\Controllers\Users))
 8 SYSTEMPATH\CodeIgniter.php(353): CodeIgniter\CodeIgniter->handleRequest(null, Object(Config\Cache), false)
 9 FCPATH\index.php(79): CodeIgniter\CodeIgniter->run()
ERROR - 2023-10-09 10:29:06 --> mysqli_sql_exception: Column 'surname' cannot be null in C:\xampp\htdocs\apps\gestion_denuncias\system\Database\MySQLi\Connection.php:306
Stack trace:
#0 C:\xampp\htdocs\apps\gestion_denuncias\system\Database\MySQLi\Connection.php(306): mysqli->query('INSERT INTO `us...', 0)
#1 C:\xampp\htdocs\apps\gestion_denuncias\system\Database\BaseConnection.php(692): CodeIgniter\Database\MySQLi\Connection->execute('INSERT INTO `us...')
#2 C:\xampp\htdocs\apps\gestion_denuncias\system\Database\BaseConnection.php(606): CodeIgniter\Database\BaseConnection->simpleQuery('INSERT INTO `us...')
#3 C:\xampp\htdocs\apps\gestion_denuncias\system\Database\BaseBuilder.php(2308): CodeIgniter\Database\BaseConnection->query('INSERT INTO `us...', Array, false)
#4 C:\xampp\htdocs\apps\gestion_denuncias\system\Model.php(319): CodeIgniter\Database\BaseBuilder->insert()
#5 C:\xampp\htdocs\apps\gestion_denuncias\system\BaseModel.php(788): CodeIgniter\Model->doInsert(Array)
#6 C:\xampp\htdocs\apps\gestion_denuncias\system\Model.php(715): CodeIgniter\BaseModel->insert(Array, true)
#7 C:\xampp\htdocs\apps\gestion_denuncias\app\Controllers\Users.php(45): CodeIgniter\Model->insert(Array)
#8 C:\xampp\htdocs\apps\gestion_denuncias\system\CodeIgniter.php(919): App\Controllers\Users->insert()
#9 C:\xampp\htdocs\apps\gestion_denuncias\system\CodeIgniter.php(494): CodeIgniter\CodeIgniter->runController(Object(App\Controllers\Users))
#10 C:\xampp\htdocs\apps\gestion_denuncias\system\CodeIgniter.php(353): CodeIgniter\CodeIgniter->handleRequest(NULL, Object(Config\Cache), false)
#11 C:\xampp\htdocs\apps\gestion_denuncias\public\index.php(79): CodeIgniter\CodeIgniter->run()
#12 {main}
CRITICAL - 2023-10-09 10:29:06 --> Column 'surname' cannot be null
in SYSTEMPATH\Database\BaseConnection.php on line 646.
 1 SYSTEMPATH\Database\BaseBuilder.php(2308): CodeIgniter\Database\BaseConnection->query('INSERT INTO `users` (`name`, `surname`, `email`, `contacto`, `password`) VALUES (:name:, :surname:, :email:, :contacto:, :password:)', [...], false)
 2 SYSTEMPATH\Model.php(319): CodeIgniter\Database\BaseBuilder->insert()
 3 SYSTEMPATH\BaseModel.php(788): CodeIgniter\Model->doInsert([...])
 4 SYSTEMPATH\Model.php(715): CodeIgniter\BaseModel->insert([...], true)
 5 APPPATH\Controllers\Users.php(45): CodeIgniter\Model->insert([...])
 6 SYSTEMPATH\CodeIgniter.php(919): App\Controllers\Users->insert()
 7 SYSTEMPATH\CodeIgniter.php(494): CodeIgniter\CodeIgniter->runController(Object(App\Controllers\Users))
 8 SYSTEMPATH\CodeIgniter.php(353): CodeIgniter\CodeIgniter->handleRequest(null, Object(Config\Cache), false)
 9 FCPATH\index.php(79): CodeIgniter\CodeIgniter->run()
ERROR - 2023-10-09 10:30:39 --> mysqli_sql_exception: Column 'surname' cannot be null in C:\xampp\htdocs\apps\gestion_denuncias\system\Database\MySQLi\Connection.php:306
Stack trace:
#0 C:\xampp\htdocs\apps\gestion_denuncias\system\Database\MySQLi\Connection.php(306): mysqli->query('INSERT INTO `us...', 0)
#1 C:\xampp\htdocs\apps\gestion_denuncias\system\Database\BaseConnection.php(692): CodeIgniter\Database\MySQLi\Connection->execute('INSERT INTO `us...')
#2 C:\xampp\htdocs\apps\gestion_denuncias\system\Database\BaseConnection.php(606): CodeIgniter\Database\BaseConnection->simpleQuery('INSERT INTO `us...')
#3 C:\xampp\htdocs\apps\gestion_denuncias\system\Database\BaseBuilder.php(2308): CodeIgniter\Database\BaseConnection->query('INSERT INTO `us...', Array, false)
#4 C:\xampp\htdocs\apps\gestion_denuncias\system\Model.php(319): CodeIgniter\Database\BaseBuilder->insert()
#5 C:\xampp\htdocs\apps\gestion_denuncias\system\BaseModel.php(788): CodeIgniter\Model->doInsert(Array)
#6 C:\xampp\htdocs\apps\gestion_denuncias\system\Model.php(715): CodeIgniter\BaseModel->insert(Array, true)
#7 C:\xampp\htdocs\apps\gestion_denuncias\app\Controllers\Users.php(45): CodeIgniter\Model->insert(Array)
#8 C:\xampp\htdocs\apps\gestion_denuncias\system\CodeIgniter.php(919): App\Controllers\Users->insert()
#9 C:\xampp\htdocs\apps\gestion_denuncias\system\CodeIgniter.php(494): CodeIgniter\CodeIgniter->runController(Object(App\Controllers\Users))
#10 C:\xampp\htdocs\apps\gestion_denuncias\system\CodeIgniter.php(353): CodeIgniter\CodeIgniter->handleRequest(NULL, Object(Config\Cache), false)
#11 C:\xampp\htdocs\apps\gestion_denuncias\public\index.php(79): CodeIgniter\CodeIgniter->run()
#12 {main}
CRITICAL - 2023-10-09 10:30:39 --> Column 'surname' cannot be null
in SYSTEMPATH\Database\BaseConnection.php on line 646.
 1 SYSTEMPATH\Database\BaseBuilder.php(2308): CodeIgniter\Database\BaseConnection->query('INSERT INTO `users` (`name`, `surname`, `email`, `contacto`, `password`) VALUES (:name:, :surname:, :email:, :contacto:, :password:)', [...], false)
 2 SYSTEMPATH\Model.php(319): CodeIgniter\Database\BaseBuilder->insert()
 3 SYSTEMPATH\BaseModel.php(788): CodeIgniter\Model->doInsert([...])
 4 SYSTEMPATH\Model.php(715): CodeIgniter\BaseModel->insert([...], true)
 5 APPPATH\Controllers\Users.php(45): CodeIgniter\Model->insert([...])
 6 SYSTEMPATH\CodeIgniter.php(919): App\Controllers\Users->insert()
 7 SYSTEMPATH\CodeIgniter.php(494): CodeIgniter\CodeIgniter->runController(Object(App\Controllers\Users))
 8 SYSTEMPATH\CodeIgniter.php(353): CodeIgniter\CodeIgniter->handleRequest(null, Object(Config\Cache), false)
 9 FCPATH\index.php(79): CodeIgniter\CodeIgniter->run()
ERROR - 2023-10-09 10:33:12 --> mysqli_sql_exception: Column 'surname' cannot be null in C:\xampp\htdocs\apps\gestion_denuncias\system\Database\MySQLi\Connection.php:306
Stack trace:
#0 C:\xampp\htdocs\apps\gestion_denuncias\system\Database\MySQLi\Connection.php(306): mysqli->query('INSERT INTO `us...', 0)
#1 C:\xampp\htdocs\apps\gestion_denuncias\system\Database\BaseConnection.php(692): CodeIgniter\Database\MySQLi\Connection->execute('INSERT INTO `us...')
#2 C:\xampp\htdocs\apps\gestion_denuncias\system\Database\BaseConnection.php(606): CodeIgniter\Database\BaseConnection->simpleQuery('INSERT INTO `us...')
#3 C:\xampp\htdocs\apps\gestion_denuncias\system\Database\BaseBuilder.php(2308): CodeIgniter\Database\BaseConnection->query('INSERT INTO `us...', Array, false)
#4 C:\xampp\htdocs\apps\gestion_denuncias\system\Model.php(319): CodeIgniter\Database\BaseBuilder->insert()
#5 C:\xampp\htdocs\apps\gestion_denuncias\system\BaseModel.php(788): CodeIgniter\Model->doInsert(Array)
#6 C:\xampp\htdocs\apps\gestion_denuncias\system\Model.php(715): CodeIgniter\BaseModel->insert(Array, true)
#7 C:\xampp\htdocs\apps\gestion_denuncias\app\Controllers\Users.php(45): CodeIgniter\Model->insert(Array)
#8 C:\xampp\htdocs\apps\gestion_denuncias\system\CodeIgniter.php(919): App\Controllers\Users->insert()
#9 C:\xampp\htdocs\apps\gestion_denuncias\system\CodeIgniter.php(494): CodeIgniter\CodeIgniter->runController(Object(App\Controllers\Users))
#10 C:\xampp\htdocs\apps\gestion_denuncias\system\CodeIgniter.php(353): CodeIgniter\CodeIgniter->handleRequest(NULL, Object(Config\Cache), false)
#11 C:\xampp\htdocs\apps\gestion_denuncias\public\index.php(79): CodeIgniter\CodeIgniter->run()
#12 {main}
CRITICAL - 2023-10-09 10:33:12 --> Column 'surname' cannot be null
in SYSTEMPATH\Database\BaseConnection.php on line 646.
 1 SYSTEMPATH\Database\BaseBuilder.php(2308): CodeIgniter\Database\BaseConnection->query('INSERT INTO `users` (`name`, `surname`, `email`, `contacto`, `password`) VALUES (:name:, :surname:, :email:, :contacto:, :password:)', [...], false)
 2 SYSTEMPATH\Model.php(319): CodeIgniter\Database\BaseBuilder->insert()
 3 SYSTEMPATH\BaseModel.php(788): CodeIgniter\Model->doInsert([...])
 4 SYSTEMPATH\Model.php(715): CodeIgniter\BaseModel->insert([...], true)
 5 APPPATH\Controllers\Users.php(45): CodeIgniter\Model->insert([...])
 6 SYSTEMPATH\CodeIgniter.php(919): App\Controllers\Users->insert()
 7 SYSTEMPATH\CodeIgniter.php(494): CodeIgniter\CodeIgniter->runController(Object(App\Controllers\Users))
 8 SYSTEMPATH\CodeIgniter.php(353): CodeIgniter\CodeIgniter->handleRequest(null, Object(Config\Cache), false)
 9 FCPATH\index.php(79): CodeIgniter\CodeIgniter->run()
ERROR - 2023-10-09 10:34:43 --> mysqli_sql_exception: Column 'surname' cannot be null in C:\xampp\htdocs\apps\gestion_denuncias\system\Database\MySQLi\Connection.php:306
Stack trace:
#0 C:\xampp\htdocs\apps\gestion_denuncias\system\Database\MySQLi\Connection.php(306): mysqli->query('INSERT INTO `us...', 0)
#1 C:\xampp\htdocs\apps\gestion_denuncias\system\Database\BaseConnection.php(692): CodeIgniter\Database\MySQLi\Connection->execute('INSERT INTO `us...')
#2 C:\xampp\htdocs\apps\gestion_denuncias\system\Database\BaseConnection.php(606): CodeIgniter\Database\BaseConnection->simpleQuery('INSERT INTO `us...')
#3 C:\xampp\htdocs\apps\gestion_denuncias\system\Database\BaseBuilder.php(2308): CodeIgniter\Database\BaseConnection->query('INSERT INTO `us...', Array, false)
#4 C:\xampp\htdocs\apps\gestion_denuncias\system\Model.php(319): CodeIgniter\Database\BaseBuilder->insert()
#5 C:\xampp\htdocs\apps\gestion_denuncias\system\BaseModel.php(788): CodeIgniter\Model->doInsert(Array)
#6 C:\xampp\htdocs\apps\gestion_denuncias\system\Model.php(715): CodeIgniter\BaseModel->insert(Array, true)
#7 C:\xampp\htdocs\apps\gestion_denuncias\app\Controllers\Users.php(43): CodeIgniter\Model->insert(Array)
#8 C:\xampp\htdocs\apps\gestion_denuncias\system\CodeIgniter.php(919): App\Controllers\Users->insert()
#9 C:\xampp\htdocs\apps\gestion_denuncias\system\CodeIgniter.php(494): CodeIgniter\CodeIgniter->runController(Object(App\Controllers\Users))
#10 C:\xampp\htdocs\apps\gestion_denuncias\system\CodeIgniter.php(353): CodeIgniter\CodeIgniter->handleRequest(NULL, Object(Config\Cache), false)
#11 C:\xampp\htdocs\apps\gestion_denuncias\public\index.php(79): CodeIgniter\CodeIgniter->run()
#12 {main}
CRITICAL - 2023-10-09 10:34:43 --> Column 'surname' cannot be null
in SYSTEMPATH\Database\BaseConnection.php on line 646.
 1 SYSTEMPATH\Database\BaseBuilder.php(2308): CodeIgniter\Database\BaseConnection->query('INSERT INTO `users` (`name`, `surname`, `email`, `contacto`, `password`) VALUES (:name:, :surname:, :email:, :contacto:, :password:)', [...], false)
 2 SYSTEMPATH\Model.php(319): CodeIgniter\Database\BaseBuilder->insert()
 3 SYSTEMPATH\BaseModel.php(788): CodeIgniter\Model->doInsert([...])
 4 SYSTEMPATH\Model.php(715): CodeIgniter\BaseModel->insert([...], true)
 5 APPPATH\Controllers\Users.php(43): CodeIgniter\Model->insert([...])
 6 SYSTEMPATH\CodeIgniter.php(919): App\Controllers\Users->insert()
 7 SYSTEMPATH\CodeIgniter.php(494): CodeIgniter\CodeIgniter->runController(Object(App\Controllers\Users))
 8 SYSTEMPATH\CodeIgniter.php(353): CodeIgniter\CodeIgniter->handleRequest(null, Object(Config\Cache), false)
 9 FCPATH\index.php(79): CodeIgniter\CodeIgniter->run()
CRITICAL - 2023-10-09 10:46:49 --> Call to undefined method App\Controllers\Users::new()
in APPPATH\Controllers\Users.php on line 41.
 1 SYSTEMPATH\CodeIgniter.php(919): App\Controllers\Users->insert()
 2 SYSTEMPATH\CodeIgniter.php(494): CodeIgniter\CodeIgniter->runController(Object(App\Controllers\Users))
 3 SYSTEMPATH\CodeIgniter.php(353): CodeIgniter\CodeIgniter->handleRequest(null, Object(Config\Cache), false)
 4 FCPATH\index.php(79): CodeIgniter\CodeIgniter->run()
CRITICAL - 2023-10-09 10:51:38 --> Call to undefined method App\Controllers\Users::new()
in APPPATH\Controllers\Users.php on line 41.
 1 SYSTEMPATH\CodeIgniter.php(919): App\Controllers\Users->insert()
 2 SYSTEMPATH\CodeIgniter.php(494): CodeIgniter\CodeIgniter->runController(Object(App\Controllers\Users))
 3 SYSTEMPATH\CodeIgniter.php(353): CodeIgniter\CodeIgniter->handleRequest(null, Object(Config\Cache), false)
 4 FCPATH\index.php(79): CodeIgniter\CodeIgniter->run()
CRITICAL - 2023-10-09 11:04:45 --> Unclosed '{' on line 8
in APPPATH\Controllers\Users.php on line 68.
 1 SYSTEMPATH\Autoloader\Autoloader.php(285): CodeIgniter\Autoloader\Autoloader->includeFile('C:\\xampp\\htdocs\\apps\\gestion_denuncias\\app\\Controllers\\Users.php')
 2 SYSTEMPATH\Autoloader\Autoloader.php(263): CodeIgniter\Autoloader\Autoloader->loadInNamespace('App\\Controllers\\Users')
 3 [internal function]: CodeIgniter\Autoloader\Autoloader->loadClass('App\\Controllers\\Users')
 4 SYSTEMPATH\CodeIgniter.php(877): class_exists('\\App\\Controllers\\Users', true)
 5 SYSTEMPATH\CodeIgniter.php(481): CodeIgniter\CodeIgniter->startController()
 6 SYSTEMPATH\CodeIgniter.php(353): CodeIgniter\CodeIgniter->handleRequest(null, Object(Config\Cache), false)
 7 FCPATH\index.php(79): CodeIgniter\CodeIgniter->run()
CRITICAL - 2023-10-09 11:05:35 --> Undefined property: CodeIgniter\HTTP\Response::$redirect
in APPPATH\Controllers\Users.php on line 43.
 1 APPPATH\Controllers\Users.php(43): CodeIgniter\Debug\Exceptions->errorHandler(2, 'Undefined property: CodeIgniter\\HTTP\\Response::$redirect', 'C:\\xampp\\htdocs\\apps\\gestion_denuncias\\app\\Controllers\\Users.php', 43)
 2 SYSTEMPATH\CodeIgniter.php(919): App\Controllers\Users->insert()
 3 SYSTEMPATH\CodeIgniter.php(494): CodeIgniter\CodeIgniter->runController(Object(App\Controllers\Users))
 4 SYSTEMPATH\CodeIgniter.php(353): CodeIgniter\CodeIgniter->handleRequest(null, Object(Config\Cache), false)
 5 FCPATH\index.php(79): CodeIgniter\CodeIgniter->run()
CRITICAL - 2023-10-09 11:17:48 --> There is no data to update.
in SYSTEMPATH\BaseModel.php on line 1724.
 1 SYSTEMPATH\BaseModel.php(1724): CodeIgniter\Database\Exceptions\DataException::forEmptyDataset('update')
 2 SYSTEMPATH\BaseModel.php(916): CodeIgniter\BaseModel->transformDataToArray(null, 'update')
 3 SYSTEMPATH\Model.php(776): CodeIgniter\BaseModel->update([...], null)
 4 APPPATH\Controllers\Roles.php(64): CodeIgniter\Model->update([...])
 5 SYSTEMPATH\CodeIgniter.php(919): App\Controllers\Roles->update()
 6 SYSTEMPATH\CodeIgniter.php(494): CodeIgniter\CodeIgniter->runController(Object(App\Controllers\Roles))
 7 SYSTEMPATH\CodeIgniter.php(353): CodeIgniter\CodeIgniter->handleRequest(null, Object(Config\Cache), false)
 8 FCPATH\index.php(79): CodeIgniter\CodeIgniter->run()
CRITICAL - 2023-10-09 11:27:41 --> Call to undefined function set_value()
in APPPATH\Views\roles\create.php on line 17.
 1 SYSTEMPATH\View\View.php(226): include()
 2 SYSTEMPATH\View\View.php(229): CodeIgniter\View\View->CodeIgniter\View\{closure}()
 3 SYSTEMPATH\Common.php(1188): CodeIgniter\View\View->render('roles/create', [], true)
 4 APPPATH\Controllers\Roles.php(26): view('roles/create')
 5 SYSTEMPATH\CodeIgniter.php(919): App\Controllers\Roles->create()
 6 SYSTEMPATH\CodeIgniter.php(494): CodeIgniter\CodeIgniter->runController(Object(App\Controllers\Roles))
 7 SYSTEMPATH\CodeIgniter.php(353): CodeIgniter\CodeIgniter->handleRequest(null, Object(Config\Cache), false)
 8 FCPATH\index.php(79): CodeIgniter\CodeIgniter->run()
CRITICAL - 2023-10-09 11:28:46 --> Call to undefined function set_value()
in APPPATH\Views\roles\create.php on line 17.
 1 SYSTEMPATH\View\View.php(226): include()
 2 SYSTEMPATH\View\View.php(229): CodeIgniter\View\View->CodeIgniter\View\{closure}()
 3 SYSTEMPATH\Common.php(1188): CodeIgniter\View\View->render('roles/create', [], true)
 4 APPPATH\Controllers\Roles.php(26): view('roles/create')
 5 SYSTEMPATH\CodeIgniter.php(919): App\Controllers\Roles->create()
 6 SYSTEMPATH\CodeIgniter.php(494): CodeIgniter\CodeIgniter->runController(Object(App\Controllers\Roles))
 7 SYSTEMPATH\CodeIgniter.php(353): CodeIgniter\CodeIgniter->handleRequest(null, Object(Config\Cache), false)
 8 FCPATH\index.php(79): CodeIgniter\CodeIgniter->run()
CRITICAL - 2023-10-09 12:15:49 --> There is no data to update.
in SYSTEMPATH\BaseModel.php on line 1724.
 1 SYSTEMPATH\BaseModel.php(1724): CodeIgniter\Database\Exceptions\DataException::forEmptyDataset('update')
 2 SYSTEMPATH\BaseModel.php(916): CodeIgniter\BaseModel->transformDataToArray(null, 'update')
 3 SYSTEMPATH\Model.php(776): CodeIgniter\BaseModel->update([...], null)
 4 APPPATH\Controllers\Roles.php(82): CodeIgniter\Model->update([...])
 5 SYSTEMPATH\CodeIgniter.php(919): App\Controllers\Roles->update()
 6 SYSTEMPATH\CodeIgniter.php(494): CodeIgniter\CodeIgniter->runController(Object(App\Controllers\Roles))
 7 SYSTEMPATH\CodeIgniter.php(353): CodeIgniter\CodeIgniter->handleRequest(null, Object(Config\Cache), false)
 8 FCPATH\index.php(79): CodeIgniter\CodeIgniter->run()
CRITICAL - 2023-10-09 12:18:38 --> There is no data to update.
in SYSTEMPATH\BaseModel.php on line 1724.
 1 SYSTEMPATH\BaseModel.php(1724): CodeIgniter\Database\Exceptions\DataException::forEmptyDataset('update')
 2 SYSTEMPATH\BaseModel.php(916): CodeIgniter\BaseModel->transformDataToArray(null, 'update')
 3 SYSTEMPATH\Model.php(776): CodeIgniter\BaseModel->update([...], null)
 4 APPPATH\Controllers\Roles.php(68): CodeIgniter\Model->update([...])
 5 SYSTEMPATH\CodeIgniter.php(919): App\Controllers\Roles->update()
 6 SYSTEMPATH\CodeIgniter.php(494): CodeIgniter\CodeIgniter->runController(Object(App\Controllers\Roles))
 7 SYSTEMPATH\CodeIgniter.php(353): CodeIgniter\CodeIgniter->handleRequest(null, Object(Config\Cache), false)
 8 FCPATH\index.php(79): CodeIgniter\CodeIgniter->run()
CRITICAL - 2023-10-09 12:18:47 --> There is no data to insert.
in SYSTEMPATH\BaseModel.php on line 1724.
 1 SYSTEMPATH\BaseModel.php(1724): CodeIgniter\Database\Exceptions\DataException::forEmptyDataset('insert')
 2 SYSTEMPATH\BaseModel.php(748): CodeIgniter\BaseModel->transformDataToArray([], 'insert')
 3 SYSTEMPATH\Model.php(715): CodeIgniter\BaseModel->insert([], true)
 4 APPPATH\Controllers\Roles.php(40): CodeIgniter\Model->insert([])
 5 SYSTEMPATH\CodeIgniter.php(919): App\Controllers\Roles->insert()
 6 SYSTEMPATH\CodeIgniter.php(494): CodeIgniter\CodeIgniter->runController(Object(App\Controllers\Roles))
 7 SYSTEMPATH\CodeIgniter.php(353): CodeIgniter\CodeIgniter->handleRequest(null, Object(Config\Cache), false)
 8 FCPATH\index.php(79): CodeIgniter\CodeIgniter->run()
CRITICAL - 2023-10-09 12:42:47 --> There is no data to insert.
in SYSTEMPATH\BaseModel.php on line 1724.
 1 SYSTEMPATH\BaseModel.php(1724): CodeIgniter\Database\Exceptions\DataException::forEmptyDataset('insert')
 2 SYSTEMPATH\BaseModel.php(748): CodeIgniter\BaseModel->transformDataToArray([], 'insert')
 3 SYSTEMPATH\Model.php(715): CodeIgniter\BaseModel->insert([], true)
 4 APPPATH\Controllers\Roles.php(40): CodeIgniter\Model->insert([])
 5 SYSTEMPATH\CodeIgniter.php(919): App\Controllers\Roles->insert()
 6 SYSTEMPATH\CodeIgniter.php(494): CodeIgniter\CodeIgniter->runController(Object(App\Controllers\Roles))
 7 SYSTEMPATH\CodeIgniter.php(353): CodeIgniter\CodeIgniter->handleRequest(null, Object(Config\Cache), false)
 8 FCPATH\index.php(79): CodeIgniter\CodeIgniter->run()
CRITICAL - 2023-10-09 13:02:19 --> There is no data to update.
in SYSTEMPATH\BaseModel.php on line 1724.
 1 SYSTEMPATH\BaseModel.php(1724): CodeIgniter\Database\Exceptions\DataException::forEmptyDataset('update')
 2 SYSTEMPATH\BaseModel.php(916): CodeIgniter\BaseModel->transformDataToArray(null, 'update')
 3 SYSTEMPATH\Model.php(776): CodeIgniter\BaseModel->update([...], null)
 4 APPPATH\Controllers\Roles.php(94): CodeIgniter\Model->update([...])
 5 SYSTEMPATH\CodeIgniter.php(919): App\Controllers\Roles->update()
 6 SYSTEMPATH\CodeIgniter.php(494): CodeIgniter\CodeIgniter->runController(Object(App\Controllers\Roles))
 7 SYSTEMPATH\CodeIgniter.php(353): CodeIgniter\CodeIgniter->handleRequest(null, Object(Config\Cache), false)
 8 FCPATH\index.php(79): CodeIgniter\CodeIgniter->run()
CRITICAL - 2023-10-09 14:21:35 --> Call to undefined method App\Models\RoleModel::where()
in APPPATH\Controllers\Roles.php on line 99.
 1 SYSTEMPATH\CodeIgniter.php(919): App\Controllers\Roles->update()
 2 SYSTEMPATH\CodeIgniter.php(494): CodeIgniter\CodeIgniter->runController(Object(App\Controllers\Roles))
 3 SYSTEMPATH\CodeIgniter.php(353): CodeIgniter\CodeIgniter->handleRequest(null, Object(Config\Cache), false)
 4 FCPATH\index.php(79): CodeIgniter\CodeIgniter->run()
CRITICAL - 2023-10-09 14:23:59 --> Undefined variable $request
in APPPATH\Controllers\Roles.php on line 100.
 1 APPPATH\Controllers\Roles.php(100): CodeIgniter\Debug\Exceptions->errorHandler(2, 'Undefined variable $request', 'C:\\xampp\\htdocs\\apps\\gestion_denuncias\\app\\Controllers\\Roles.php', 100)
 2 SYSTEMPATH\CodeIgniter.php(919): App\Controllers\Roles->update()
 3 SYSTEMPATH\CodeIgniter.php(494): CodeIgniter\CodeIgniter->runController(Object(App\Controllers\Roles))
 4 SYSTEMPATH\CodeIgniter.php(353): CodeIgniter\CodeIgniter->handleRequest(null, Object(Config\Cache), false)
 5 FCPATH\index.php(79): CodeIgniter\CodeIgniter->run()
CRITICAL - 2023-10-09 14:28:13 --> Call to a member function save() on null
in APPPATH\Controllers\Roles.php on line 106.
 1 SYSTEMPATH\CodeIgniter.php(919): App\Controllers\Roles->update()
 2 SYSTEMPATH\CodeIgniter.php(494): CodeIgniter\CodeIgniter->runController(Object(App\Controllers\Roles))
 3 SYSTEMPATH\CodeIgniter.php(353): CodeIgniter\CodeIgniter->handleRequest(null, Object(Config\Cache), false)
 4 FCPATH\index.php(79): CodeIgniter\CodeIgniter->run()
CRITICAL - 2023-10-09 14:53:55 --> Undefined property: App\Controllers\Roles::$
in APPPATH\Controllers\Roles.php on line 104.
 1 APPPATH\Controllers\Roles.php(104): CodeIgniter\Debug\Exceptions->errorHandler(2, 'Undefined property: App\\Controllers\\Roles::$', 'C:\\xampp\\htdocs\\apps\\gestion_denuncias\\app\\Controllers\\Roles.php', 104)
 2 SYSTEMPATH\CodeIgniter.php(919): App\Controllers\Roles->update()
 3 SYSTEMPATH\CodeIgniter.php(494): CodeIgniter\CodeIgniter->runController(Object(App\Controllers\Roles))
 4 SYSTEMPATH\CodeIgniter.php(353): CodeIgniter\CodeIgniter->handleRequest(null, Object(Config\Cache), false)
 5 FCPATH\index.php(79): CodeIgniter\CodeIgniter->run()
CRITICAL - 2023-10-09 15:02:34 --> Call to a member function save() on null
in APPPATH\Controllers\Roles.php on line 103.
 1 SYSTEMPATH\CodeIgniter.php(919): App\Controllers\Roles->update()
 2 SYSTEMPATH\CodeIgniter.php(494): CodeIgniter\CodeIgniter->runController(Object(App\Controllers\Roles))
 3 SYSTEMPATH\CodeIgniter.php(353): CodeIgniter\CodeIgniter->handleRequest(null, Object(Config\Cache), false)
 4 FCPATH\index.php(79): CodeIgniter\CodeIgniter->run()
CRITICAL - 2023-10-09 15:04:21 --> Undefined variable $id
in APPPATH\Controllers\Roles.php on line 100.
 1 APPPATH\Controllers\Roles.php(100): CodeIgniter\Debug\Exceptions->errorHandler(2, 'Undefined variable $id', 'C:\\xampp\\htdocs\\apps\\gestion_denuncias\\app\\Controllers\\Roles.php', 100)
 2 SYSTEMPATH\CodeIgniter.php(919): App\Controllers\Roles->update()
 3 SYSTEMPATH\CodeIgniter.php(494): CodeIgniter\CodeIgniter->runController(Object(App\Controllers\Roles))
 4 SYSTEMPATH\CodeIgniter.php(353): CodeIgniter\CodeIgniter->handleRequest(null, Object(Config\Cache), false)
 5 FCPATH\index.php(79): CodeIgniter\CodeIgniter->run()
CRITICAL - 2023-10-09 15:20:24 --> Call to a member function save() on null
in APPPATH\Controllers\Roles.php on line 103.
 1 SYSTEMPATH\CodeIgniter.php(919): App\Controllers\Roles->update()
 2 SYSTEMPATH\CodeIgniter.php(494): CodeIgniter\CodeIgniter->runController(Object(App\Controllers\Roles))
 3 SYSTEMPATH\CodeIgniter.php(353): CodeIgniter\CodeIgniter->handleRequest(null, Object(Config\Cache), false)
 4 FCPATH\index.php(79): CodeIgniter\CodeIgniter->run()
CRITICAL - 2023-10-09 15:23:19 --> Undefined variable $id
in APPPATH\Controllers\Roles.php on line 99.
 1 APPPATH\Controllers\Roles.php(99): CodeIgniter\Debug\Exceptions->errorHandler(2, 'Undefined variable $id', 'C:\\xampp\\htdocs\\apps\\gestion_denuncias\\app\\Controllers\\Roles.php', 99)
 2 SYSTEMPATH\CodeIgniter.php(919): App\Controllers\Roles->update()
 3 SYSTEMPATH\CodeIgniter.php(494): CodeIgniter\CodeIgniter->runController(Object(App\Controllers\Roles))
 4 SYSTEMPATH\CodeIgniter.php(353): CodeIgniter\CodeIgniter->handleRequest(null, Object(Config\Cache), false)
 5 FCPATH\index.php(79): CodeIgniter\CodeIgniter->run()
CRITICAL - 2023-10-09 15:29:24 --> Undefined property: App\Controllers\Roles::$input
in APPPATH\Controllers\Roles.php on line 82.
 1 APPPATH\Controllers\Roles.php(82): CodeIgniter\Debug\Exceptions->errorHandler(2, 'Undefined property: App\\Controllers\\Roles::$input', 'C:\\xampp\\htdocs\\apps\\gestion_denuncias\\app\\Controllers\\Roles.php', 82)
 2 SYSTEMPATH\CodeIgniter.php(919): App\Controllers\Roles->update()
 3 SYSTEMPATH\CodeIgniter.php(494): CodeIgniter\CodeIgniter->runController(Object(App\Controllers\Roles))
 4 SYSTEMPATH\CodeIgniter.php(353): CodeIgniter\CodeIgniter->handleRequest(null, Object(Config\Cache), false)
 5 FCPATH\index.php(79): CodeIgniter\CodeIgniter->run()
CRITICAL - 2023-10-09 15:31:08 --> Undefined property: App\Controllers\Roles::$input
in APPPATH\Controllers\Roles.php on line 82.
 1 APPPATH\Controllers\Roles.php(82): CodeIgniter\Debug\Exceptions->errorHandler(2, 'Undefined property: App\\Controllers\\Roles::$input', 'C:\\xampp\\htdocs\\apps\\gestion_denuncias\\app\\Controllers\\Roles.php', 82)
 2 SYSTEMPATH\CodeIgniter.php(919): App\Controllers\Roles->update()
 3 SYSTEMPATH\CodeIgniter.php(494): CodeIgniter\CodeIgniter->runController(Object(App\Controllers\Roles))
 4 SYSTEMPATH\CodeIgniter.php(353): CodeIgniter\CodeIgniter->handleRequest(null, Object(Config\Cache), false)
 5 FCPATH\index.php(79): CodeIgniter\CodeIgniter->run()
CRITICAL - 2023-10-09 15:37:52 --> Undefined property: App\Controllers\Roles::$crud
in APPPATH\Controllers\Roles.php on line 89.
 1 APPPATH\Controllers\Roles.php(89): CodeIgniter\Debug\Exceptions->errorHandler(2, 'Undefined property: App\\Controllers\\Roles::$crud', 'C:\\xampp\\htdocs\\apps\\gestion_denuncias\\app\\Controllers\\Roles.php', 89)
 2 SYSTEMPATH\CodeIgniter.php(919): App\Controllers\Roles->update()
 3 SYSTEMPATH\CodeIgniter.php(494): CodeIgniter\CodeIgniter->runController(Object(App\Controllers\Roles))
 4 SYSTEMPATH\CodeIgniter.php(353): CodeIgniter\CodeIgniter->handleRequest(null, Object(Config\Cache), false)
 5 FCPATH\index.php(79): CodeIgniter\CodeIgniter->run()
CRITICAL - 2023-10-09 15:38:38 --> Object of class App\Models\RoleModel could not be converted to string
in APPPATH\Controllers\Roles.php on line 89.
 1 SYSTEMPATH\CodeIgniter.php(919): App\Controllers\Roles->update()
 2 SYSTEMPATH\CodeIgniter.php(494): CodeIgniter\CodeIgniter->runController(Object(App\Controllers\Roles))
 3 SYSTEMPATH\CodeIgniter.php(353): CodeIgniter\CodeIgniter->handleRequest(null, Object(Config\Cache), false)
 4 FCPATH\index.php(79): CodeIgniter\CodeIgniter->run()
