CRITICAL - 2023-10-25 14:45:05 --> Undefined variable $query
in APPPATH\Views\users\index.php on line 20.
 1 APPPATH\Views\users\index.php(20): CodeIgniter\Debug\Exceptions->errorHandler(2, 'Undefined variable $query', 'C:\\xampp\\htdocs\\apps\\gestion_denuncias\\app\\Views\\users\\index.php', 20)
 2 SYSTEMPATH\View\View.php(226): include('C:\\xampp\\htdocs\\apps\\gestion_denuncias\\app\\Views\\users\\index.php')
 3 SYSTEMPATH\View\View.php(229): CodeIgniter\View\View->CodeIgniter\View\{closure}()
 4 SYSTEMPATH\Common.php(1188): CodeIgniter\View\View->render('users/index', [], true)
 5 APPPATH\Controllers\Users.php(26): view('users/index', [...])
 6 SYSTEMPATH\CodeIgniter.php(919): App\Controllers\Users->index()
 7 SYSTEMPATH\CodeIgniter.php(494): CodeIgniter\CodeIgniter->runController(Object(App\Controllers\Users))
 8 SYSTEMPATH\CodeIgniter.php(353): CodeIgniter\CodeIgniter->handleRequest(null, Object(Config\Cache), false)
 9 FCPATH\index.php(79): CodeIgniter\CodeIgniter->run()
CRITICAL - 2023-10-25 14:45:08 --> Undefined variable $query
in APPPATH\Views\users\index.php on line 20.
 1 APPPATH\Views\users\index.php(20): CodeIgniter\Debug\Exceptions->errorHandler(2, 'Undefined variable $query', 'C:\\xampp\\htdocs\\apps\\gestion_denuncias\\app\\Views\\users\\index.php', 20)
 2 SYSTEMPATH\View\View.php(226): include('C:\\xampp\\htdocs\\apps\\gestion_denuncias\\app\\Views\\users\\index.php')
 3 SYSTEMPATH\View\View.php(229): CodeIgniter\View\View->CodeIgniter\View\{closure}()
 4 SYSTEMPATH\Common.php(1188): CodeIgniter\View\View->render('users/index', [], true)
 5 APPPATH\Controllers\Users.php(26): view('users/index', [...])
 6 SYSTEMPATH\CodeIgniter.php(919): App\Controllers\Users->index()
 7 SYSTEMPATH\CodeIgniter.php(494): CodeIgniter\CodeIgniter->runController(Object(App\Controllers\Users))
 8 SYSTEMPATH\CodeIgniter.php(353): CodeIgniter\CodeIgniter->handleRequest(null, Object(Config\Cache), false)
 9 FCPATH\index.php(79): CodeIgniter\CodeIgniter->run()
CRITICAL - 2023-10-25 14:48:13 --> Undefined variable $userModel
in APPPATH\Controllers\Users.php on line 21.
 1 APPPATH\Controllers\Users.php(21): CodeIgniter\Debug\Exceptions->errorHandler(2, 'Undefined variable $userModel', 'C:\\xampp\\htdocs\\apps\\gestion_denuncias\\app\\Controllers\\Users.php', 21)
 2 SYSTEMPATH\CodeIgniter.php(919): App\Controllers\Users->index()
 3 SYSTEMPATH\CodeIgniter.php(494): CodeIgniter\CodeIgniter->runController(Object(App\Controllers\Users))
 4 SYSTEMPATH\CodeIgniter.php(353): CodeIgniter\CodeIgniter->handleRequest(null, Object(Config\Cache), false)
 5 FCPATH\index.php(79): CodeIgniter\CodeIgniter->run()
CRITICAL - 2023-10-25 14:48:14 --> Undefined variable $userModel
in APPPATH\Controllers\Users.php on line 21.
 1 APPPATH\Controllers\Users.php(21): CodeIgniter\Debug\Exceptions->errorHandler(2, 'Undefined variable $userModel', 'C:\\xampp\\htdocs\\apps\\gestion_denuncias\\app\\Controllers\\Users.php', 21)
 2 SYSTEMPATH\CodeIgniter.php(919): App\Controllers\Users->index()
 3 SYSTEMPATH\CodeIgniter.php(494): CodeIgniter\CodeIgniter->runController(Object(App\Controllers\Users))
 4 SYSTEMPATH\CodeIgniter.php(353): CodeIgniter\CodeIgniter->handleRequest(null, Object(Config\Cache), false)
 5 FCPATH\index.php(79): CodeIgniter\CodeIgniter->run()
CRITICAL - 2023-10-25 14:48:31 --> Call to undefined method CodeIgniter\Database\MySQLi\Connection::select()
in APPPATH\Models\UserModel.php on line 43.
 1 APPPATH\Controllers\Users.php(21): App\Models\UserModel->getusersroles()
 2 SYSTEMPATH\CodeIgniter.php(919): App\Controllers\Users->index()
 3 SYSTEMPATH\CodeIgniter.php(494): CodeIgniter\CodeIgniter->runController(Object(App\Controllers\Users))
 4 SYSTEMPATH\CodeIgniter.php(353): CodeIgniter\CodeIgniter->handleRequest(null, Object(Config\Cache), false)
 5 FCPATH\index.php(79): CodeIgniter\CodeIgniter->run()
CRITICAL - 2023-10-25 14:50:51 --> Call to undefined method CodeIgniter\Database\MySQLi\Connection::select()
in APPPATH\Models\UserModel.php on line 46.
 1 APPPATH\Controllers\Users.php(21): App\Models\UserModel->getusersroles()
 2 SYSTEMPATH\CodeIgniter.php(919): App\Controllers\Users->index()
 3 SYSTEMPATH\CodeIgniter.php(494): CodeIgniter\CodeIgniter->runController(Object(App\Controllers\Users))
 4 SYSTEMPATH\CodeIgniter.php(353): CodeIgniter\CodeIgniter->handleRequest(null, Object(Config\Cache), false)
 5 FCPATH\index.php(79): CodeIgniter\CodeIgniter->run()
