CRITICAL - 2025-06-03 14:06:06 --> Undefined array key "name"
in APPPATH\Views\files\index.php on line 42.
 1 APPPATH\Views\files\index.php(42): CodeIgniter\Debug\Exceptions->errorHandler(2, 'Undefined array key "name"', 'C:\\xampp\\htdocs\\apps\\gestor-denuncias-beta\\app\\Views\\files\\index.php', 42)
 2 SYSTEMPATH\View\View.php(226): include('C:\\xampp\\htdocs\\apps\\gestor-denuncias-beta\\app\\Views\\files\\index.php')
 3 SYSTEMPATH\View\View.php(229): CodeIgniter\View\View->CodeIgniter\View\{closure}()
 4 SYSTEMPATH\Common.php(1188): CodeIgniter\View\View->render('files/index', [], true)
 5 APPPATH\Controllers\FileController.php(19): view('files/index', [...])
 6 SYSTEMPATH\CodeIgniter.php(919): App\Controllers\FileController->index()
 7 SYSTEMPATH\CodeIgniter.php(494): CodeIgniter\CodeIgniter->runController(Object(App\Controllers\FileController))
 8 SYSTEMPATH\CodeIgniter.php(353): CodeIgniter\CodeIgniter->handleRequest(null, Object(Config\Cache), false)
 9 FCPATH\index.php(79): CodeIgniter\CodeIgniter->run()
CRITICAL - 2025-06-03 14:06:18 --> Undefined array key "path"
in APPPATH\Views\files\index.php on line 44.
 1 APPPATH\Views\files\index.php(44): CodeIgniter\Debug\Exceptions->errorHandler(2, 'Undefined array key "path"', 'C:\\xampp\\htdocs\\apps\\gestor-denuncias-beta\\app\\Views\\files\\index.php', 44)
 2 SYSTEMPATH\View\View.php(226): include('C:\\xampp\\htdocs\\apps\\gestor-denuncias-beta\\app\\Views\\files\\index.php')
 3 SYSTEMPATH\View\View.php(229): CodeIgniter\View\View->CodeIgniter\View\{closure}()
 4 SYSTEMPATH\Common.php(1188): CodeIgniter\View\View->render('files/index', [], true)
 5 APPPATH\Controllers\FileController.php(19): view('files/index', [...])
 6 SYSTEMPATH\CodeIgniter.php(919): App\Controllers\FileController->index()
 7 SYSTEMPATH\CodeIgniter.php(494): CodeIgniter\CodeIgniter->runController(Object(App\Controllers\FileController))
 8 SYSTEMPATH\CodeIgniter.php(353): CodeIgniter\CodeIgniter->handleRequest(null, Object(Config\Cache), false)
 9 FCPATH\index.php(79): CodeIgniter\CodeIgniter->run()
CRITICAL - 2025-06-03 14:35:39 --> Undefined variable $total_denuncias
in APPPATH\Views\app\shortcut.php on line 6.
 1 APPPATH\Views\app\shortcut.php(6): CodeIgniter\Debug\Exceptions->errorHandler(2, 'Undefined variable $total_denuncias', 'C:\\xampp\\htdocs\\apps\\gestor-denuncias-beta\\app\\Views\\app\\shortcut.php', 6)
 2 SYSTEMPATH\View\View.php(226): include('C:\\xampp\\htdocs\\apps\\gestor-denuncias-beta\\app\\Views\\app\\shortcut.php')
 3 SYSTEMPATH\View\View.php(229): CodeIgniter\View\View->CodeIgniter\View\{closure}()
 4 SYSTEMPATH\View\View.php(467): CodeIgniter\View\View->render('app/shortcut', null, true)
 5 APPPATH\Views\roles\index.php(29): CodeIgniter\View\View->include('app/shortcut')
 6 SYSTEMPATH\View\View.php(226): include('C:\\xampp\\htdocs\\apps\\gestor-denuncias-beta\\app\\Views\\roles\\index.php')
 7 SYSTEMPATH\View\View.php(229): CodeIgniter\View\View->CodeIgniter\View\{closure}()
 8 SYSTEMPATH\Common.php(1188): CodeIgniter\View\View->render('roles/index', [], true)
 9 APPPATH\Controllers\Roles.php(21): view('roles/index', [...])
10 SYSTEMPATH\CodeIgniter.php(919): App\Controllers\Roles->index()
11 SYSTEMPATH\CodeIgniter.php(494): CodeIgniter\CodeIgniter->runController(Object(App\Controllers\Roles))
12 SYSTEMPATH\CodeIgniter.php(353): CodeIgniter\CodeIgniter->handleRequest(null, Object(Config\Cache), false)
13 FCPATH\index.php(79): CodeIgniter\CodeIgniter->run()
CRITICAL - 2025-06-03 14:47:54 --> Invalid file: "files/create.php"
in SYSTEMPATH\Exceptions\FrameworkException.php on line 39.
 1 SYSTEMPATH\View\View.php(214): CodeIgniter\Exceptions\FrameworkException::forInvalidFile('files/create.php')
 2 SYSTEMPATH\Common.php(1188): CodeIgniter\View\View->render('files/create', [], true)
 3 APPPATH\Controllers\FileController.php(71): view('files/create')
 4 SYSTEMPATH\CodeIgniter.php(919): App\Controllers\FileController->create()
 5 SYSTEMPATH\CodeIgniter.php(494): CodeIgniter\CodeIgniter->runController(Object(App\Controllers\FileController))
 6 SYSTEMPATH\CodeIgniter.php(353): CodeIgniter\CodeIgniter->handleRequest(null, Object(Config\Cache), false)
 7 FCPATH\index.php(79): CodeIgniter\CodeIgniter->run()
CRITICAL - 2025-06-03 14:47:57 --> Invalid file: "files/create.php"
in SYSTEMPATH\Exceptions\FrameworkException.php on line 39.
 1 SYSTEMPATH\View\View.php(214): CodeIgniter\Exceptions\FrameworkException::forInvalidFile('files/create.php')
 2 SYSTEMPATH\Common.php(1188): CodeIgniter\View\View->render('files/create', [], true)
 3 APPPATH\Controllers\FileController.php(71): view('files/create')
 4 SYSTEMPATH\CodeIgniter.php(919): App\Controllers\FileController->create()
 5 SYSTEMPATH\CodeIgniter.php(494): CodeIgniter\CodeIgniter->runController(Object(App\Controllers\FileController))
 6 SYSTEMPATH\CodeIgniter.php(353): CodeIgniter\CodeIgniter->handleRequest(null, Object(Config\Cache), false)
 7 FCPATH\index.php(79): CodeIgniter\CodeIgniter->run()
CRITICAL - 2025-06-03 14:48:22 --> Invalid file: "files/create.php"
in SYSTEMPATH\Exceptions\FrameworkException.php on line 39.
 1 SYSTEMPATH\View\View.php(214): CodeIgniter\Exceptions\FrameworkException::forInvalidFile('files/create.php')
 2 SYSTEMPATH\Common.php(1188): CodeIgniter\View\View->render('files/create', [], true)
 3 APPPATH\Controllers\FileController.php(71): view('files/create')
 4 SYSTEMPATH\CodeIgniter.php(919): App\Controllers\FileController->create()
 5 SYSTEMPATH\CodeIgniter.php(494): CodeIgniter\CodeIgniter->runController(Object(App\Controllers\FileController))
 6 SYSTEMPATH\CodeIgniter.php(353): CodeIgniter\CodeIgniter->handleRequest(null, Object(Config\Cache), false)
 7 FCPATH\index.php(79): CodeIgniter\CodeIgniter->run()
CRITICAL - 2025-06-03 14:48:23 --> Invalid file: "files/create.php"
in SYSTEMPATH\Exceptions\FrameworkException.php on line 39.
 1 SYSTEMPATH\View\View.php(214): CodeIgniter\Exceptions\FrameworkException::forInvalidFile('files/create.php')
 2 SYSTEMPATH\Common.php(1188): CodeIgniter\View\View->render('files/create', [], true)
 3 APPPATH\Controllers\FileController.php(71): view('files/create')
 4 SYSTEMPATH\CodeIgniter.php(919): App\Controllers\FileController->create()
 5 SYSTEMPATH\CodeIgniter.php(494): CodeIgniter\CodeIgniter->runController(Object(App\Controllers\FileController))
 6 SYSTEMPATH\CodeIgniter.php(353): CodeIgniter\CodeIgniter->handleRequest(null, Object(Config\Cache), false)
 7 FCPATH\index.php(79): CodeIgniter\CodeIgniter->run()
CRITICAL - 2025-06-03 14:48:25 --> Invalid file: "files/create.php"
in SYSTEMPATH\Exceptions\FrameworkException.php on line 39.
 1 SYSTEMPATH\View\View.php(214): CodeIgniter\Exceptions\FrameworkException::forInvalidFile('files/create.php')
 2 SYSTEMPATH\Common.php(1188): CodeIgniter\View\View->render('files/create', [], true)
 3 APPPATH\Controllers\FileController.php(71): view('files/create')
 4 SYSTEMPATH\CodeIgniter.php(919): App\Controllers\FileController->create()
 5 SYSTEMPATH\CodeIgniter.php(494): CodeIgniter\CodeIgniter->runController(Object(App\Controllers\FileController))
 6 SYSTEMPATH\CodeIgniter.php(353): CodeIgniter\CodeIgniter->handleRequest(null, Object(Config\Cache), false)
 7 FCPATH\index.php(79): CodeIgniter\CodeIgniter->run()
CRITICAL - 2025-06-03 14:48:43 --> Invalid file: "files/create.php"
in SYSTEMPATH\Exceptions\FrameworkException.php on line 39.
 1 SYSTEMPATH\View\View.php(214): CodeIgniter\Exceptions\FrameworkException::forInvalidFile('files/create.php')
 2 SYSTEMPATH\Common.php(1188): CodeIgniter\View\View->render('files/create', [], true)
 3 APPPATH\Controllers\FileController.php(71): view('files/create')
 4 SYSTEMPATH\CodeIgniter.php(919): App\Controllers\FileController->create()
 5 SYSTEMPATH\CodeIgniter.php(494): CodeIgniter\CodeIgniter->runController(Object(App\Controllers\FileController))
 6 SYSTEMPATH\CodeIgniter.php(353): CodeIgniter\CodeIgniter->handleRequest(null, Object(Config\Cache), false)
 7 FCPATH\index.php(79): CodeIgniter\CodeIgniter->run()
CRITICAL - 2025-06-03 14:48:46 --> Invalid file: "files/create.php"
in SYSTEMPATH\Exceptions\FrameworkException.php on line 39.
 1 SYSTEMPATH\View\View.php(214): CodeIgniter\Exceptions\FrameworkException::forInvalidFile('files/create.php')
 2 SYSTEMPATH\Common.php(1188): CodeIgniter\View\View->render('files/create', [], true)
 3 APPPATH\Controllers\FileController.php(71): view('files/create')
 4 SYSTEMPATH\CodeIgniter.php(919): App\Controllers\FileController->create()
 5 SYSTEMPATH\CodeIgniter.php(494): CodeIgniter\CodeIgniter->runController(Object(App\Controllers\FileController))
 6 SYSTEMPATH\CodeIgniter.php(353): CodeIgniter\CodeIgniter->handleRequest(null, Object(Config\Cache), false)
 7 FCPATH\index.php(79): CodeIgniter\CodeIgniter->run()
CRITICAL - 2025-06-03 14:48:52 --> Invalid file: "files/create.php"
in SYSTEMPATH\Exceptions\FrameworkException.php on line 39.
 1 SYSTEMPATH\View\View.php(214): CodeIgniter\Exceptions\FrameworkException::forInvalidFile('files/create.php')
 2 SYSTEMPATH\Common.php(1188): CodeIgniter\View\View->render('files/create', [], true)
 3 APPPATH\Controllers\FileController.php(71): view('files/create')
 4 SYSTEMPATH\CodeIgniter.php(919): App\Controllers\FileController->create()
 5 SYSTEMPATH\CodeIgniter.php(494): CodeIgniter\CodeIgniter->runController(Object(App\Controllers\FileController))
 6 SYSTEMPATH\CodeIgniter.php(353): CodeIgniter\CodeIgniter->handleRequest(null, Object(Config\Cache), false)
 7 FCPATH\index.php(79): CodeIgniter\CodeIgniter->run()
ERROR - 2025-06-03 14:55:13 --> mysqli_sql_exception: Cannot add or update a child row: a foreign key constraint fails (`app_denunciasv2`.`files`, CONSTRAINT `fk_files_denucnias` FOREIGN KEY (`denuncia_id`) REFERENCES `denuncias` (`id`)) in C:\xampp\htdocs\apps\gestor-denuncias-beta\system\Database\MySQLi\Connection.php:306
Stack trace:
#0 C:\xampp\htdocs\apps\gestor-denuncias-beta\system\Database\MySQLi\Connection.php(306): mysqli->query('INSERT INTO `fi...', 0)
#1 C:\xampp\htdocs\apps\gestor-denuncias-beta\system\Database\BaseConnection.php(692): CodeIgniter\Database\MySQLi\Connection->execute('INSERT INTO `fi...')
#2 C:\xampp\htdocs\apps\gestor-denuncias-beta\system\Database\BaseConnection.php(606): CodeIgniter\Database\BaseConnection->simpleQuery('INSERT INTO `fi...')
#3 C:\xampp\htdocs\apps\gestor-denuncias-beta\system\Database\BaseBuilder.php(2308): CodeIgniter\Database\BaseConnection->query('INSERT INTO `fi...', Array, false)
#4 C:\xampp\htdocs\apps\gestor-denuncias-beta\system\Model.php(319): CodeIgniter\Database\BaseBuilder->insert()
#5 C:\xampp\htdocs\apps\gestor-denuncias-beta\system\BaseModel.php(788): CodeIgniter\Model->doInsert(Array)
#6 C:\xampp\htdocs\apps\gestor-denuncias-beta\system\Model.php(715): CodeIgniter\BaseModel->insert(Array, false)
#7 C:\xampp\htdocs\apps\gestor-denuncias-beta\system\BaseModel.php(698): CodeIgniter\Model->insert(Array, false)
#8 C:\xampp\htdocs\apps\gestor-denuncias-beta\app\Controllers\FileController.php(61): CodeIgniter\BaseModel->save(Array)
#9 C:\xampp\htdocs\apps\gestor-denuncias-beta\system\CodeIgniter.php(919): App\Controllers\FileController->create()
#10 C:\xampp\htdocs\apps\gestor-denuncias-beta\system\CodeIgniter.php(494): CodeIgniter\CodeIgniter->runController(Object(App\Controllers\FileController))
#11 C:\xampp\htdocs\apps\gestor-denuncias-beta\system\CodeIgniter.php(353): CodeIgniter\CodeIgniter->handleRequest(NULL, Object(Config\Cache), false)
#12 C:\xampp\htdocs\apps\gestor-denuncias-beta\index.php(79): CodeIgniter\CodeIgniter->run()
#13 {main}
CRITICAL - 2025-06-03 14:55:13 --> Cannot add or update a child row: a foreign key constraint fails (`app_denunciasv2`.`files`, CONSTRAINT `fk_files_denucnias` FOREIGN KEY (`denuncia_id`) REFERENCES `denuncias` (`id`))
in SYSTEMPATH\Database\BaseConnection.php on line 646.
 1 SYSTEMPATH\Database\BaseBuilder.php(2308): CodeIgniter\Database\BaseConnection->query('INSERT INTO `files` (`file_path`, `created_at`, `updated_at`) VALUES (:file_path:, :created_at:, :updated_at:)', [...], false)
 2 SYSTEMPATH\Model.php(319): CodeIgniter\Database\BaseBuilder->insert()
 3 SYSTEMPATH\BaseModel.php(788): CodeIgniter\Model->doInsert([...])
 4 SYSTEMPATH\Model.php(715): CodeIgniter\BaseModel->insert([...], false)
 5 SYSTEMPATH\BaseModel.php(698): CodeIgniter\Model->insert([...], false)
 6 APPPATH\Controllers\FileController.php(61): CodeIgniter\BaseModel->save([...])
 7 SYSTEMPATH\CodeIgniter.php(919): App\Controllers\FileController->create()
 8 SYSTEMPATH\CodeIgniter.php(494): CodeIgniter\CodeIgniter->runController(Object(App\Controllers\FileController))
 9 SYSTEMPATH\CodeIgniter.php(353): CodeIgniter\CodeIgniter->handleRequest(null, Object(Config\Cache), false)
10 FCPATH\index.php(79): CodeIgniter\CodeIgniter->run()
ERROR - 2025-06-03 14:55:54 --> mysqli_sql_exception: Cannot add or update a child row: a foreign key constraint fails (`app_denunciasv2`.`files`, CONSTRAINT `fk_files_denucnias` FOREIGN KEY (`denuncia_id`) REFERENCES `denuncias` (`id`)) in C:\xampp\htdocs\apps\gestor-denuncias-beta\system\Database\MySQLi\Connection.php:306
Stack trace:
#0 C:\xampp\htdocs\apps\gestor-denuncias-beta\system\Database\MySQLi\Connection.php(306): mysqli->query('INSERT INTO `fi...', 0)
#1 C:\xampp\htdocs\apps\gestor-denuncias-beta\system\Database\BaseConnection.php(692): CodeIgniter\Database\MySQLi\Connection->execute('INSERT INTO `fi...')
#2 C:\xampp\htdocs\apps\gestor-denuncias-beta\system\Database\BaseConnection.php(606): CodeIgniter\Database\BaseConnection->simpleQuery('INSERT INTO `fi...')
#3 C:\xampp\htdocs\apps\gestor-denuncias-beta\system\Database\BaseBuilder.php(2308): CodeIgniter\Database\BaseConnection->query('INSERT INTO `fi...', Array, false)
#4 C:\xampp\htdocs\apps\gestor-denuncias-beta\system\Model.php(319): CodeIgniter\Database\BaseBuilder->insert()
#5 C:\xampp\htdocs\apps\gestor-denuncias-beta\system\BaseModel.php(788): CodeIgniter\Model->doInsert(Array)
#6 C:\xampp\htdocs\apps\gestor-denuncias-beta\system\Model.php(715): CodeIgniter\BaseModel->insert(Array, false)
#7 C:\xampp\htdocs\apps\gestor-denuncias-beta\system\BaseModel.php(698): CodeIgniter\Model->insert(Array, false)
#8 C:\xampp\htdocs\apps\gestor-denuncias-beta\app\Controllers\FileController.php(61): CodeIgniter\BaseModel->save(Array)
#9 C:\xampp\htdocs\apps\gestor-denuncias-beta\system\CodeIgniter.php(919): App\Controllers\FileController->create()
#10 C:\xampp\htdocs\apps\gestor-denuncias-beta\system\CodeIgniter.php(494): CodeIgniter\CodeIgniter->runController(Object(App\Controllers\FileController))
#11 C:\xampp\htdocs\apps\gestor-denuncias-beta\system\CodeIgniter.php(353): CodeIgniter\CodeIgniter->handleRequest(NULL, Object(Config\Cache), false)
#12 C:\xampp\htdocs\apps\gestor-denuncias-beta\index.php(79): CodeIgniter\CodeIgniter->run()
#13 {main}
CRITICAL - 2025-06-03 14:55:54 --> Cannot add or update a child row: a foreign key constraint fails (`app_denunciasv2`.`files`, CONSTRAINT `fk_files_denucnias` FOREIGN KEY (`denuncia_id`) REFERENCES `denuncias` (`id`))
in SYSTEMPATH\Database\BaseConnection.php on line 646.
 1 SYSTEMPATH\Database\BaseBuilder.php(2308): CodeIgniter\Database\BaseConnection->query('INSERT INTO `files` (`file_desc`, `file_path`, `created_at`, `updated_at`) VALUES (:file_desc:, :file_path:, :created_at:, :updated_at:)', [...], false)
 2 SYSTEMPATH\Model.php(319): CodeIgniter\Database\BaseBuilder->insert()
 3 SYSTEMPATH\BaseModel.php(788): CodeIgniter\Model->doInsert([...])
 4 SYSTEMPATH\Model.php(715): CodeIgniter\BaseModel->insert([...], false)
 5 SYSTEMPATH\BaseModel.php(698): CodeIgniter\Model->insert([...], false)
 6 APPPATH\Controllers\FileController.php(61): CodeIgniter\BaseModel->save([...])
 7 SYSTEMPATH\CodeIgniter.php(919): App\Controllers\FileController->create()
 8 SYSTEMPATH\CodeIgniter.php(494): CodeIgniter\CodeIgniter->runController(Object(App\Controllers\FileController))
 9 SYSTEMPATH\CodeIgniter.php(353): CodeIgniter\CodeIgniter->handleRequest(null, Object(Config\Cache), false)
10 FCPATH\index.php(79): CodeIgniter\CodeIgniter->run()
ERROR - 2025-06-03 14:56:06 --> mysqli_sql_exception: Cannot add or update a child row: a foreign key constraint fails (`app_denunciasv2`.`files`, CONSTRAINT `fk_files_denucnias` FOREIGN KEY (`denuncia_id`) REFERENCES `denuncias` (`id`)) in C:\xampp\htdocs\apps\gestor-denuncias-beta\system\Database\MySQLi\Connection.php:306
Stack trace:
#0 C:\xampp\htdocs\apps\gestor-denuncias-beta\system\Database\MySQLi\Connection.php(306): mysqli->query('INSERT INTO `fi...', 0)
#1 C:\xampp\htdocs\apps\gestor-denuncias-beta\system\Database\BaseConnection.php(692): CodeIgniter\Database\MySQLi\Connection->execute('INSERT INTO `fi...')
#2 C:\xampp\htdocs\apps\gestor-denuncias-beta\system\Database\BaseConnection.php(606): CodeIgniter\Database\BaseConnection->simpleQuery('INSERT INTO `fi...')
#3 C:\xampp\htdocs\apps\gestor-denuncias-beta\system\Database\BaseBuilder.php(2308): CodeIgniter\Database\BaseConnection->query('INSERT INTO `fi...', Array, false)
#4 C:\xampp\htdocs\apps\gestor-denuncias-beta\system\Model.php(319): CodeIgniter\Database\BaseBuilder->insert()
#5 C:\xampp\htdocs\apps\gestor-denuncias-beta\system\BaseModel.php(788): CodeIgniter\Model->doInsert(Array)
#6 C:\xampp\htdocs\apps\gestor-denuncias-beta\system\Model.php(715): CodeIgniter\BaseModel->insert(Array, false)
#7 C:\xampp\htdocs\apps\gestor-denuncias-beta\system\BaseModel.php(698): CodeIgniter\Model->insert(Array, false)
#8 C:\xampp\htdocs\apps\gestor-denuncias-beta\app\Controllers\FileController.php(61): CodeIgniter\BaseModel->save(Array)
#9 C:\xampp\htdocs\apps\gestor-denuncias-beta\system\CodeIgniter.php(919): App\Controllers\FileController->create()
#10 C:\xampp\htdocs\apps\gestor-denuncias-beta\system\CodeIgniter.php(494): CodeIgniter\CodeIgniter->runController(Object(App\Controllers\FileController))
#11 C:\xampp\htdocs\apps\gestor-denuncias-beta\system\CodeIgniter.php(353): CodeIgniter\CodeIgniter->handleRequest(NULL, Object(Config\Cache), false)
#12 C:\xampp\htdocs\apps\gestor-denuncias-beta\index.php(79): CodeIgniter\CodeIgniter->run()
#13 {main}
CRITICAL - 2025-06-03 14:56:06 --> Cannot add or update a child row: a foreign key constraint fails (`app_denunciasv2`.`files`, CONSTRAINT `fk_files_denucnias` FOREIGN KEY (`denuncia_id`) REFERENCES `denuncias` (`id`))
in SYSTEMPATH\Database\BaseConnection.php on line 646.
 1 SYSTEMPATH\Database\BaseBuilder.php(2308): CodeIgniter\Database\BaseConnection->query('INSERT INTO `files` (`file_desc`, `file_path`, `created_at`, `updated_at`) VALUES (:file_desc:, :file_path:, :created_at:, :updated_at:)', [...], false)
 2 SYSTEMPATH\Model.php(319): CodeIgniter\Database\BaseBuilder->insert()
 3 SYSTEMPATH\BaseModel.php(788): CodeIgniter\Model->doInsert([...])
 4 SYSTEMPATH\Model.php(715): CodeIgniter\BaseModel->insert([...], false)
 5 SYSTEMPATH\BaseModel.php(698): CodeIgniter\Model->insert([...], false)
 6 APPPATH\Controllers\FileController.php(61): CodeIgniter\BaseModel->save([...])
 7 SYSTEMPATH\CodeIgniter.php(919): App\Controllers\FileController->create()
 8 SYSTEMPATH\CodeIgniter.php(494): CodeIgniter\CodeIgniter->runController(Object(App\Controllers\FileController))
 9 SYSTEMPATH\CodeIgniter.php(353): CodeIgniter\CodeIgniter->handleRequest(null, Object(Config\Cache), false)
10 FCPATH\index.php(79): CodeIgniter\CodeIgniter->run()
ERROR - 2025-06-03 14:56:41 --> mysqli_sql_exception: Cannot add or update a child row: a foreign key constraint fails (`app_denunciasv2`.`files`, CONSTRAINT `fk_files_denucnias` FOREIGN KEY (`denuncia_id`) REFERENCES `denuncias` (`id`)) in C:\xampp\htdocs\apps\gestor-denuncias-beta\system\Database\MySQLi\Connection.php:306
Stack trace:
#0 C:\xampp\htdocs\apps\gestor-denuncias-beta\system\Database\MySQLi\Connection.php(306): mysqli->query('INSERT INTO `fi...', 0)
#1 C:\xampp\htdocs\apps\gestor-denuncias-beta\system\Database\BaseConnection.php(692): CodeIgniter\Database\MySQLi\Connection->execute('INSERT INTO `fi...')
#2 C:\xampp\htdocs\apps\gestor-denuncias-beta\system\Database\BaseConnection.php(606): CodeIgniter\Database\BaseConnection->simpleQuery('INSERT INTO `fi...')
#3 C:\xampp\htdocs\apps\gestor-denuncias-beta\system\Database\BaseBuilder.php(2308): CodeIgniter\Database\BaseConnection->query('INSERT INTO `fi...', Array, false)
#4 C:\xampp\htdocs\apps\gestor-denuncias-beta\system\Model.php(319): CodeIgniter\Database\BaseBuilder->insert()
#5 C:\xampp\htdocs\apps\gestor-denuncias-beta\system\BaseModel.php(788): CodeIgniter\Model->doInsert(Array)
#6 C:\xampp\htdocs\apps\gestor-denuncias-beta\system\Model.php(715): CodeIgniter\BaseModel->insert(Array, false)
#7 C:\xampp\htdocs\apps\gestor-denuncias-beta\system\BaseModel.php(698): CodeIgniter\Model->insert(Array, false)
#8 C:\xampp\htdocs\apps\gestor-denuncias-beta\app\Controllers\FileController.php(61): CodeIgniter\BaseModel->save(Array)
#9 C:\xampp\htdocs\apps\gestor-denuncias-beta\system\CodeIgniter.php(919): App\Controllers\FileController->create()
#10 C:\xampp\htdocs\apps\gestor-denuncias-beta\system\CodeIgniter.php(494): CodeIgniter\CodeIgniter->runController(Object(App\Controllers\FileController))
#11 C:\xampp\htdocs\apps\gestor-denuncias-beta\system\CodeIgniter.php(353): CodeIgniter\CodeIgniter->handleRequest(NULL, Object(Config\Cache), false)
#12 C:\xampp\htdocs\apps\gestor-denuncias-beta\index.php(79): CodeIgniter\CodeIgniter->run()
#13 {main}
CRITICAL - 2025-06-03 14:56:41 --> Cannot add or update a child row: a foreign key constraint fails (`app_denunciasv2`.`files`, CONSTRAINT `fk_files_denucnias` FOREIGN KEY (`denuncia_id`) REFERENCES `denuncias` (`id`))
in SYSTEMPATH\Database\BaseConnection.php on line 646.
 1 SYSTEMPATH\Database\BaseBuilder.php(2308): CodeIgniter\Database\BaseConnection->query('INSERT INTO `files` (`file_desc`, `file_path`, `created_at`, `updated_at`) VALUES (:file_desc:, :file_path:, :created_at:, :updated_at:)', [...], false)
 2 SYSTEMPATH\Model.php(319): CodeIgniter\Database\BaseBuilder->insert()
 3 SYSTEMPATH\BaseModel.php(788): CodeIgniter\Model->doInsert([...])
 4 SYSTEMPATH\Model.php(715): CodeIgniter\BaseModel->insert([...], false)
 5 SYSTEMPATH\BaseModel.php(698): CodeIgniter\Model->insert([...], false)
 6 APPPATH\Controllers\FileController.php(61): CodeIgniter\BaseModel->save([...])
 7 SYSTEMPATH\CodeIgniter.php(919): App\Controllers\FileController->create()
 8 SYSTEMPATH\CodeIgniter.php(494): CodeIgniter\CodeIgniter->runController(Object(App\Controllers\FileController))
 9 SYSTEMPATH\CodeIgniter.php(353): CodeIgniter\CodeIgniter->handleRequest(null, Object(Config\Cache), false)
10 FCPATH\index.php(79): CodeIgniter\CodeIgniter->run()
ERROR - 2025-06-03 14:57:16 --> mysqli_sql_exception: Cannot add or update a child row: a foreign key constraint fails (`app_denunciasv2`.`files`, CONSTRAINT `fk_files_denucnias` FOREIGN KEY (`denuncia_id`) REFERENCES `denuncias` (`id`)) in C:\xampp\htdocs\apps\gestor-denuncias-beta\system\Database\MySQLi\Connection.php:306
Stack trace:
#0 C:\xampp\htdocs\apps\gestor-denuncias-beta\system\Database\MySQLi\Connection.php(306): mysqli->query('INSERT INTO `fi...', 0)
#1 C:\xampp\htdocs\apps\gestor-denuncias-beta\system\Database\BaseConnection.php(692): CodeIgniter\Database\MySQLi\Connection->execute('INSERT INTO `fi...')
#2 C:\xampp\htdocs\apps\gestor-denuncias-beta\system\Database\BaseConnection.php(606): CodeIgniter\Database\BaseConnection->simpleQuery('INSERT INTO `fi...')
#3 C:\xampp\htdocs\apps\gestor-denuncias-beta\system\Database\BaseBuilder.php(2308): CodeIgniter\Database\BaseConnection->query('INSERT INTO `fi...', Array, false)
#4 C:\xampp\htdocs\apps\gestor-denuncias-beta\system\Model.php(319): CodeIgniter\Database\BaseBuilder->insert()
#5 C:\xampp\htdocs\apps\gestor-denuncias-beta\system\BaseModel.php(788): CodeIgniter\Model->doInsert(Array)
#6 C:\xampp\htdocs\apps\gestor-denuncias-beta\system\Model.php(715): CodeIgniter\BaseModel->insert(Array, false)
#7 C:\xampp\htdocs\apps\gestor-denuncias-beta\system\BaseModel.php(698): CodeIgniter\Model->insert(Array, false)
#8 C:\xampp\htdocs\apps\gestor-denuncias-beta\app\Controllers\FileController.php(61): CodeIgniter\BaseModel->save(Array)
#9 C:\xampp\htdocs\apps\gestor-denuncias-beta\system\CodeIgniter.php(919): App\Controllers\FileController->create()
#10 C:\xampp\htdocs\apps\gestor-denuncias-beta\system\CodeIgniter.php(494): CodeIgniter\CodeIgniter->runController(Object(App\Controllers\FileController))
#11 C:\xampp\htdocs\apps\gestor-denuncias-beta\system\CodeIgniter.php(353): CodeIgniter\CodeIgniter->handleRequest(NULL, Object(Config\Cache), false)
#12 C:\xampp\htdocs\apps\gestor-denuncias-beta\index.php(79): CodeIgniter\CodeIgniter->run()
#13 {main}
CRITICAL - 2025-06-03 14:57:16 --> Cannot add or update a child row: a foreign key constraint fails (`app_denunciasv2`.`files`, CONSTRAINT `fk_files_denucnias` FOREIGN KEY (`denuncia_id`) REFERENCES `denuncias` (`id`))
in SYSTEMPATH\Database\BaseConnection.php on line 646.
 1 SYSTEMPATH\Database\BaseBuilder.php(2308): CodeIgniter\Database\BaseConnection->query('INSERT INTO `files` (`file_desc`, `file_path`, `created_at`, `updated_at`) VALUES (:file_desc:, :file_path:, :created_at:, :updated_at:)', [...], false)
 2 SYSTEMPATH\Model.php(319): CodeIgniter\Database\BaseBuilder->insert()
 3 SYSTEMPATH\BaseModel.php(788): CodeIgniter\Model->doInsert([...])
 4 SYSTEMPATH\Model.php(715): CodeIgniter\BaseModel->insert([...], false)
 5 SYSTEMPATH\BaseModel.php(698): CodeIgniter\Model->insert([...], false)
 6 APPPATH\Controllers\FileController.php(61): CodeIgniter\BaseModel->save([...])
 7 SYSTEMPATH\CodeIgniter.php(919): App\Controllers\FileController->create()
 8 SYSTEMPATH\CodeIgniter.php(494): CodeIgniter\CodeIgniter->runController(Object(App\Controllers\FileController))
 9 SYSTEMPATH\CodeIgniter.php(353): CodeIgniter\CodeIgniter->handleRequest(null, Object(Config\Cache), false)
10 FCPATH\index.php(79): CodeIgniter\CodeIgniter->run()
ERROR - 2025-06-03 14:57:32 --> mysqli_sql_exception: Cannot add or update a child row: a foreign key constraint fails (`app_denunciasv2`.`files`, CONSTRAINT `fk_files_denucnias` FOREIGN KEY (`denuncia_id`) REFERENCES `denuncias` (`id`)) in C:\xampp\htdocs\apps\gestor-denuncias-beta\system\Database\MySQLi\Connection.php:306
Stack trace:
#0 C:\xampp\htdocs\apps\gestor-denuncias-beta\system\Database\MySQLi\Connection.php(306): mysqli->query('INSERT INTO `fi...', 0)
#1 C:\xampp\htdocs\apps\gestor-denuncias-beta\system\Database\BaseConnection.php(692): CodeIgniter\Database\MySQLi\Connection->execute('INSERT INTO `fi...')
#2 C:\xampp\htdocs\apps\gestor-denuncias-beta\system\Database\BaseConnection.php(606): CodeIgniter\Database\BaseConnection->simpleQuery('INSERT INTO `fi...')
#3 C:\xampp\htdocs\apps\gestor-denuncias-beta\system\Database\BaseBuilder.php(2308): CodeIgniter\Database\BaseConnection->query('INSERT INTO `fi...', Array, false)
#4 C:\xampp\htdocs\apps\gestor-denuncias-beta\system\Model.php(319): CodeIgniter\Database\BaseBuilder->insert()
#5 C:\xampp\htdocs\apps\gestor-denuncias-beta\system\BaseModel.php(788): CodeIgniter\Model->doInsert(Array)
#6 C:\xampp\htdocs\apps\gestor-denuncias-beta\system\Model.php(715): CodeIgniter\BaseModel->insert(Array, false)
#7 C:\xampp\htdocs\apps\gestor-denuncias-beta\system\BaseModel.php(698): CodeIgniter\Model->insert(Array, false)
#8 C:\xampp\htdocs\apps\gestor-denuncias-beta\app\Controllers\FileController.php(61): CodeIgniter\BaseModel->save(Array)
#9 C:\xampp\htdocs\apps\gestor-denuncias-beta\system\CodeIgniter.php(919): App\Controllers\FileController->create()
#10 C:\xampp\htdocs\apps\gestor-denuncias-beta\system\CodeIgniter.php(494): CodeIgniter\CodeIgniter->runController(Object(App\Controllers\FileController))
#11 C:\xampp\htdocs\apps\gestor-denuncias-beta\system\CodeIgniter.php(353): CodeIgniter\CodeIgniter->handleRequest(NULL, Object(Config\Cache), false)
#12 C:\xampp\htdocs\apps\gestor-denuncias-beta\index.php(79): CodeIgniter\CodeIgniter->run()
#13 {main}
CRITICAL - 2025-06-03 14:57:32 --> Cannot add or update a child row: a foreign key constraint fails (`app_denunciasv2`.`files`, CONSTRAINT `fk_files_denucnias` FOREIGN KEY (`denuncia_id`) REFERENCES `denuncias` (`id`))
in SYSTEMPATH\Database\BaseConnection.php on line 646.
 1 SYSTEMPATH\Database\BaseBuilder.php(2308): CodeIgniter\Database\BaseConnection->query('INSERT INTO `files` (`file_desc`, `file_path`, `created_at`, `updated_at`) VALUES (:file_desc:, :file_path:, :created_at:, :updated_at:)', [...], false)
 2 SYSTEMPATH\Model.php(319): CodeIgniter\Database\BaseBuilder->insert()
 3 SYSTEMPATH\BaseModel.php(788): CodeIgniter\Model->doInsert([...])
 4 SYSTEMPATH\Model.php(715): CodeIgniter\BaseModel->insert([...], false)
 5 SYSTEMPATH\BaseModel.php(698): CodeIgniter\Model->insert([...], false)
 6 APPPATH\Controllers\FileController.php(61): CodeIgniter\BaseModel->save([...])
 7 SYSTEMPATH\CodeIgniter.php(919): App\Controllers\FileController->create()
 8 SYSTEMPATH\CodeIgniter.php(494): CodeIgniter\CodeIgniter->runController(Object(App\Controllers\FileController))
 9 SYSTEMPATH\CodeIgniter.php(353): CodeIgniter\CodeIgniter->handleRequest(null, Object(Config\Cache), false)
10 FCPATH\index.php(79): CodeIgniter\CodeIgniter->run()
CRITICAL - 2025-06-03 15:01:29 --> Class "App\Models\DocsMdel" not found
in APPPATH\Controllers\FileController.php on line 25.
 1 SYSTEMPATH\CodeIgniter.php(919): App\Controllers\FileController->files_backend()
 2 SYSTEMPATH\CodeIgniter.php(494): CodeIgniter\CodeIgniter->runController(Object(App\Controllers\FileController))
 3 SYSTEMPATH\CodeIgniter.php(353): CodeIgniter\CodeIgniter->handleRequest(null, Object(Config\Cache), false)
 4 FCPATH\index.php(79): CodeIgniter\CodeIgniter->run()
CRITICAL - 2025-06-03 15:01:53 --> Cannot use App\Models\DocsModel as DocsModel because the name is already in use
in APPPATH\Controllers\FileController.php on line 6.
 1 [internal function]: CodeIgniter\Debug\Exceptions->shutdownHandler()
ERROR - 2025-06-03 15:04:23 --> mysqli_sql_exception: Table 'app_denunciasv2.docs' doesn't exist in C:\xampp\htdocs\apps\gestor-denuncias-beta\system\Database\MySQLi\Connection.php:306
Stack trace:
#0 C:\xampp\htdocs\apps\gestor-denuncias-beta\system\Database\MySQLi\Connection.php(306): mysqli->query('SELECT *\nFROM `...', 0)
#1 C:\xampp\htdocs\apps\gestor-denuncias-beta\system\Database\BaseConnection.php(692): CodeIgniter\Database\MySQLi\Connection->execute('SELECT *\nFROM `...')
#2 C:\xampp\htdocs\apps\gestor-denuncias-beta\system\Database\BaseConnection.php(606): CodeIgniter\Database\BaseConnection->simpleQuery('SELECT *\nFROM `...')
#3 C:\xampp\htdocs\apps\gestor-denuncias-beta\system\Database\BaseBuilder.php(1615): CodeIgniter\Database\BaseConnection->query('SELECT *\nFROM `...', Array, false)
#4 C:\xampp\htdocs\apps\gestor-denuncias-beta\system\Model.php(237): CodeIgniter\Database\BaseBuilder->get()
#5 C:\xampp\htdocs\apps\gestor-denuncias-beta\system\BaseModel.php(624): CodeIgniter\Model->doFindAll(0, 0)
#6 C:\xampp\htdocs\apps\gestor-denuncias-beta\app\Controllers\FileController.php(27): CodeIgniter\BaseModel->findAll()
#7 C:\xampp\htdocs\apps\gestor-denuncias-beta\system\CodeIgniter.php(919): App\Controllers\FileController->files_backend()
#8 C:\xampp\htdocs\apps\gestor-denuncias-beta\system\CodeIgniter.php(494): CodeIgniter\CodeIgniter->runController(Object(App\Controllers\FileController))
#9 C:\xampp\htdocs\apps\gestor-denuncias-beta\system\CodeIgniter.php(353): CodeIgniter\CodeIgniter->handleRequest(NULL, Object(Config\Cache), false)
#10 C:\xampp\htdocs\apps\gestor-denuncias-beta\index.php(79): CodeIgniter\CodeIgniter->run()
#11 {main}
CRITICAL - 2025-06-03 15:04:23 --> Table 'app_denunciasv2.docs' doesn't exist
in SYSTEMPATH\Database\BaseConnection.php on line 646.
 1 SYSTEMPATH\Database\BaseBuilder.php(1615): CodeIgniter\Database\BaseConnection->query('SELECT *
FROM `Docs`', [], false)
 2 SYSTEMPATH\Model.php(237): CodeIgniter\Database\BaseBuilder->get()
 3 SYSTEMPATH\BaseModel.php(624): CodeIgniter\Model->doFindAll(0, 0)
 4 APPPATH\Controllers\FileController.php(27): CodeIgniter\BaseModel->findAll()
 5 SYSTEMPATH\CodeIgniter.php(919): App\Controllers\FileController->files_backend()
 6 SYSTEMPATH\CodeIgniter.php(494): CodeIgniter\CodeIgniter->runController(Object(App\Controllers\FileController))
 7 SYSTEMPATH\CodeIgniter.php(353): CodeIgniter\CodeIgniter->handleRequest(null, Object(Config\Cache), false)
 8 FCPATH\index.php(79): CodeIgniter\CodeIgniter->run()
ERROR - 2025-06-03 15:04:35 --> mysqli_sql_exception: Table 'app_denunciasv2.docs_files' doesn't exist in C:\xampp\htdocs\apps\gestor-denuncias-beta\system\Database\MySQLi\Connection.php:306
Stack trace:
#0 C:\xampp\htdocs\apps\gestor-denuncias-beta\system\Database\MySQLi\Connection.php(306): mysqli->query('SELECT *\nFROM `...', 0)
#1 C:\xampp\htdocs\apps\gestor-denuncias-beta\system\Database\BaseConnection.php(692): CodeIgniter\Database\MySQLi\Connection->execute('SELECT *\nFROM `...')
#2 C:\xampp\htdocs\apps\gestor-denuncias-beta\system\Database\BaseConnection.php(606): CodeIgniter\Database\BaseConnection->simpleQuery('SELECT *\nFROM `...')
#3 C:\xampp\htdocs\apps\gestor-denuncias-beta\system\Database\BaseBuilder.php(1615): CodeIgniter\Database\BaseConnection->query('SELECT *\nFROM `...', Array, false)
#4 C:\xampp\htdocs\apps\gestor-denuncias-beta\system\Model.php(237): CodeIgniter\Database\BaseBuilder->get()
#5 C:\xampp\htdocs\apps\gestor-denuncias-beta\system\BaseModel.php(624): CodeIgniter\Model->doFindAll(0, 0)
#6 C:\xampp\htdocs\apps\gestor-denuncias-beta\app\Controllers\FileController.php(27): CodeIgniter\BaseModel->findAll()
#7 C:\xampp\htdocs\apps\gestor-denuncias-beta\system\CodeIgniter.php(919): App\Controllers\FileController->files_backend()
#8 C:\xampp\htdocs\apps\gestor-denuncias-beta\system\CodeIgniter.php(494): CodeIgniter\CodeIgniter->runController(Object(App\Controllers\FileController))
#9 C:\xampp\htdocs\apps\gestor-denuncias-beta\system\CodeIgniter.php(353): CodeIgniter\CodeIgniter->handleRequest(NULL, Object(Config\Cache), false)
#10 C:\xampp\htdocs\apps\gestor-denuncias-beta\index.php(79): CodeIgniter\CodeIgniter->run()
#11 {main}
CRITICAL - 2025-06-03 15:04:35 --> Table 'app_denunciasv2.docs_files' doesn't exist
in SYSTEMPATH\Database\BaseConnection.php on line 646.
 1 SYSTEMPATH\Database\BaseBuilder.php(1615): CodeIgniter\Database\BaseConnection->query('SELECT *
FROM `Docs_files`', [], false)
 2 SYSTEMPATH\Model.php(237): CodeIgniter\Database\BaseBuilder->get()
 3 SYSTEMPATH\BaseModel.php(624): CodeIgniter\Model->doFindAll(0, 0)
 4 APPPATH\Controllers\FileController.php(27): CodeIgniter\BaseModel->findAll()
 5 SYSTEMPATH\CodeIgniter.php(919): App\Controllers\FileController->files_backend()
 6 SYSTEMPATH\CodeIgniter.php(494): CodeIgniter\CodeIgniter->runController(Object(App\Controllers\FileController))
 7 SYSTEMPATH\CodeIgniter.php(353): CodeIgniter\CodeIgniter->handleRequest(null, Object(Config\Cache), false)
 8 FCPATH\index.php(79): CodeIgniter\CodeIgniter->run()
