ERROR - 2025-06-12 11:37:21 --> mysqli_sql_exception: Unknown column 'entity_id' in 'field list' in C:\xampp\htdocs\apps\gestor-denuncias-beta\system\Database\MySQLi\Connection.php:306
Stack trace:
#0 C:\xampp\htdocs\apps\gestor-denuncias-beta\system\Database\MySQLi\Connection.php(306): mysqli->query('INSERT INTO `en...', 0)
#1 C:\xampp\htdocs\apps\gestor-denuncias-beta\system\Database\BaseConnection.php(692): CodeIgniter\Database\MySQLi\Connection->execute('INSERT INTO `en...')
#2 C:\xampp\htdocs\apps\gestor-denuncias-beta\system\Database\BaseConnection.php(606): CodeIgniter\Database\BaseConnection->simpleQuery('INSERT INTO `en...')
#3 C:\xampp\htdocs\apps\gestor-denuncias-beta\system\Database\BaseBuilder.php(1800): CodeIgniter\Database\BaseConnection->query('INSERT INTO `en...', NULL, false)
#4 C:\xampp\htdocs\apps\gestor-denuncias-beta\system\Database\BaseBuilder.php(2191): CodeIgniter\Database\BaseBuilder->batchExecute('_insertBatch', 100)
#5 C:\xampp\htdocs\apps\gestor-denuncias-beta\app\Database\Seeds\EntitySeeder.php(30): CodeIgniter\Database\BaseBuilder->insertBatch(Array)
#6 C:\xampp\htdocs\apps\gestor-denuncias-beta\system\Database\Seeder.php(146): App\Database\Seeds\EntitySeeder->run()
#7 C:\xampp\htdocs\apps\gestor-denuncias-beta\system\Commands\Database\Seed.php(77): CodeIgniter\Database\Seeder->call('App\\Database\\Se...')
#8 C:\xampp\htdocs\apps\gestor-denuncias-beta\system\CLI\Commands.php(65): CodeIgniter\Commands\Database\Seed->run(Array)
#9 C:\xampp\htdocs\apps\gestor-denuncias-beta\system\CLI\Console.php(37): CodeIgniter\CLI\Commands->run('db:seed', Array)
#10 C:\xampp\htdocs\apps\gestor-denuncias-beta\spark(102): CodeIgniter\CLI\Console->run()
#11 {main}
ERROR - 2025-06-12 11:38:02 --> mysqli_sql_exception: Column count doesn't match value count at row 1 in C:\xampp\htdocs\apps\gestor-denuncias-beta\system\Database\MySQLi\Connection.php:306
Stack trace:
#0 C:\xampp\htdocs\apps\gestor-denuncias-beta\system\Database\MySQLi\Connection.php(306): mysqli->query('INSERT INTO `en...', 0)
#1 C:\xampp\htdocs\apps\gestor-denuncias-beta\system\Database\BaseConnection.php(692): CodeIgniter\Database\MySQLi\Connection->execute('INSERT INTO `en...')
#2 C:\xampp\htdocs\apps\gestor-denuncias-beta\system\Database\BaseConnection.php(606): CodeIgniter\Database\BaseConnection->simpleQuery('INSERT INTO `en...')
#3 C:\xampp\htdocs\apps\gestor-denuncias-beta\system\Database\BaseBuilder.php(1800): CodeIgniter\Database\BaseConnection->query('INSERT INTO `en...', NULL, false)
#4 C:\xampp\htdocs\apps\gestor-denuncias-beta\system\Database\BaseBuilder.php(2191): CodeIgniter\Database\BaseBuilder->batchExecute('_insertBatch', 100)
#5 C:\xampp\htdocs\apps\gestor-denuncias-beta\app\Database\Seeds\EntitySeeder.php(30): CodeIgniter\Database\BaseBuilder->insertBatch(Array)
#6 C:\xampp\htdocs\apps\gestor-denuncias-beta\system\Database\Seeder.php(146): App\Database\Seeds\EntitySeeder->run()
#7 C:\xampp\htdocs\apps\gestor-denuncias-beta\system\Commands\Database\Seed.php(77): CodeIgniter\Database\Seeder->call('App\\Database\\Se...')
#8 C:\xampp\htdocs\apps\gestor-denuncias-beta\system\CLI\Commands.php(65): CodeIgniter\Commands\Database\Seed->run(Array)
#9 C:\xampp\htdocs\apps\gestor-denuncias-beta\system\CLI\Console.php(37): CodeIgniter\CLI\Commands->run('db:seed', Array)
#10 C:\xampp\htdocs\apps\gestor-denuncias-beta\spark(102): CodeIgniter\CLI\Console->run()
#11 {main}
ERROR - 2025-06-12 12:22:03 --> mysqli_sql_exception: Table 'app_denunciasv2.entity_types' doesn't exist in C:\xampp\htdocs\apps\gestor-denuncias-beta\system\Database\MySQLi\Connection.php:306
Stack trace:
#0 C:\xampp\htdocs\apps\gestor-denuncias-beta\system\Database\MySQLi\Connection.php(306): mysqli->query('SELECT `entitie...', 0)
#1 C:\xampp\htdocs\apps\gestor-denuncias-beta\system\Database\BaseConnection.php(692): CodeIgniter\Database\MySQLi\Connection->execute('SELECT `entitie...')
#2 C:\xampp\htdocs\apps\gestor-denuncias-beta\system\Database\BaseConnection.php(606): CodeIgniter\Database\BaseConnection->simpleQuery('SELECT `entitie...')
#3 C:\xampp\htdocs\apps\gestor-denuncias-beta\system\Database\BaseBuilder.php(1615): CodeIgniter\Database\BaseConnection->query('SELECT `entitie...', Array, false)
#4 C:\xampp\htdocs\apps\gestor-denuncias-beta\system\Model.php(237): CodeIgniter\Database\BaseBuilder->get()
#5 C:\xampp\htdocs\apps\gestor-denuncias-beta\system\BaseModel.php(624): CodeIgniter\Model->doFindAll(0, 0)
#6 C:\xampp\htdocs\apps\gestor-denuncias-beta\app\Models\EntityModel.php(20): CodeIgniter\BaseModel->findAll()
#7 C:\xampp\htdocs\apps\gestor-denuncias-beta\app\Controllers\Home.php(47): App\Models\EntityModel->getEntitiesWithTypes()
#8 C:\xampp\htdocs\apps\gestor-denuncias-beta\system\CodeIgniter.php(919): App\Controllers\Home->report_page()
#9 C:\xampp\htdocs\apps\gestor-denuncias-beta\system\CodeIgniter.php(494): CodeIgniter\CodeIgniter->runController(Object(App\Controllers\Home))
#10 C:\xampp\htdocs\apps\gestor-denuncias-beta\system\CodeIgniter.php(353): CodeIgniter\CodeIgniter->handleRequest(NULL, Object(Config\Cache), false)
#11 C:\xampp\htdocs\apps\gestor-denuncias-beta\index.php(79): CodeIgniter\CodeIgniter->run()
#12 {main}
CRITICAL - 2025-06-12 12:22:03 --> Table 'app_denunciasv2.entity_types' doesn't exist
in SYSTEMPATH\Database\BaseConnection.php on line 646.
 1 SYSTEMPATH\Database\BaseBuilder.php(1615): CodeIgniter\Database\BaseConnection->query('SELECT `entities`.*, `entity_types`.`name` as `type_name`
FROM `entities`
JOIN `entity_types` ON `entity_types`.`id` = `entities`.`entity_type_id`', [], false)
 2 SYSTEMPATH\Model.php(237): CodeIgniter\Database\BaseBuilder->get()
 3 SYSTEMPATH\BaseModel.php(624): CodeIgniter\Model->doFindAll(0, 0)
 4 APPPATH\Models\EntityModel.php(20): CodeIgniter\BaseModel->findAll()
 5 APPPATH\Controllers\Home.php(47): App\Models\EntityModel->getEntitiesWithTypes()
 6 SYSTEMPATH\CodeIgniter.php(919): App\Controllers\Home->report_page()
 7 SYSTEMPATH\CodeIgniter.php(494): CodeIgniter\CodeIgniter->runController(Object(App\Controllers\Home))
 8 SYSTEMPATH\CodeIgniter.php(353): CodeIgniter\CodeIgniter->handleRequest(null, Object(Config\Cache), false)
 9 FCPATH\index.php(79): CodeIgniter\CodeIgniter->run()
CRITICAL - 2025-06-12 12:22:46 --> Undefined variable $entity_types
in APPPATH\Views\portal\report-form.php on line 128.
 1 APPPATH\Views\portal\report-form.php(128): CodeIgniter\Debug\Exceptions->errorHandler(2, 'Undefined variable $entity_types', 'C:\\xampp\\htdocs\\apps\\gestor-denuncias-beta\\app\\Views\\portal\\report-form.php', 128)
 2 SYSTEMPATH\View\View.php(226): include('C:\\xampp\\htdocs\\apps\\gestor-denuncias-beta\\app\\Views\\portal\\report-form.php')
 3 SYSTEMPATH\View\View.php(229): CodeIgniter\View\View->CodeIgniter\View\{closure}()
 4 SYSTEMPATH\Common.php(1188): CodeIgniter\View\View->render('portal/report-form', [], true)
 5 APPPATH\Controllers\Home.php(48): view('portal/report-form', [...])
 6 SYSTEMPATH\CodeIgniter.php(919): App\Controllers\Home->report_page()
 7 SYSTEMPATH\CodeIgniter.php(494): CodeIgniter\CodeIgniter->runController(Object(App\Controllers\Home))
 8 SYSTEMPATH\CodeIgniter.php(353): CodeIgniter\CodeIgniter->handleRequest(null, Object(Config\Cache), false)
 9 FCPATH\index.php(79): CodeIgniter\CodeIgniter->run()
CRITICAL - 2025-06-12 12:22:47 --> Undefined variable $entity_types
in APPPATH\Views\portal\report-form.php on line 128.
 1 APPPATH\Views\portal\report-form.php(128): CodeIgniter\Debug\Exceptions->errorHandler(2, 'Undefined variable $entity_types', 'C:\\xampp\\htdocs\\apps\\gestor-denuncias-beta\\app\\Views\\portal\\report-form.php', 128)
 2 SYSTEMPATH\View\View.php(226): include('C:\\xampp\\htdocs\\apps\\gestor-denuncias-beta\\app\\Views\\portal\\report-form.php')
 3 SYSTEMPATH\View\View.php(229): CodeIgniter\View\View->CodeIgniter\View\{closure}()
 4 SYSTEMPATH\Common.php(1188): CodeIgniter\View\View->render('portal/report-form', [], true)
 5 APPPATH\Controllers\Home.php(48): view('portal/report-form', [...])
 6 SYSTEMPATH\CodeIgniter.php(919): App\Controllers\Home->report_page()
 7 SYSTEMPATH\CodeIgniter.php(494): CodeIgniter\CodeIgniter->runController(Object(App\Controllers\Home))
 8 SYSTEMPATH\CodeIgniter.php(353): CodeIgniter\CodeIgniter->handleRequest(null, Object(Config\Cache), false)
 9 FCPATH\index.php(79): CodeIgniter\CodeIgniter->run()
CRITICAL - 2025-06-12 12:34:15 --> Undefined variable $entities
in APPPATH\Views\portal\report-form.php on line 128.
 1 APPPATH\Views\portal\report-form.php(128): CodeIgniter\Debug\Exceptions->errorHandler(2, 'Undefined variable $entities', 'C:\\xampp\\htdocs\\apps\\gestor-denuncias-beta\\app\\Views\\portal\\report-form.php', 128)
 2 SYSTEMPATH\View\View.php(226): include('C:\\xampp\\htdocs\\apps\\gestor-denuncias-beta\\app\\Views\\portal\\report-form.php')
 3 SYSTEMPATH\View\View.php(229): CodeIgniter\View\View->CodeIgniter\View\{closure}()
 4 SYSTEMPATH\Common.php(1188): CodeIgniter\View\View->render('portal/report-form', [], true)
 5 APPPATH\Controllers\Home.php(50): view('portal/report-form', [...])
 6 SYSTEMPATH\CodeIgniter.php(919): App\Controllers\Home->report_page()
 7 SYSTEMPATH\CodeIgniter.php(494): CodeIgniter\CodeIgniter->runController(Object(App\Controllers\Home))
 8 SYSTEMPATH\CodeIgniter.php(353): CodeIgniter\CodeIgniter->handleRequest(null, Object(Config\Cache), false)
 9 FCPATH\index.php(79): CodeIgniter\CodeIgniter->run()
