CRITICAL - 2026-03-06 07:48:45 --> Attempt to read property "id" on array
in APPPATH\Views\dossier\edit.php on line 47.
 1 APPPATH\Views\dossier\edit.php(47): CodeIgniter\Debug\Exceptions->errorHandler(2, 'Attempt to read property "id" on array', 'C:\\xampp\\htdocs\\apps\\gestion_expedientes\\app\\Views\\dossier\\edit.php', 47)
 2 SYSTEMPATH\View\View.php(226): include('C:\\xampp\\htdocs\\apps\\gestion_expedientes\\app\\Views\\dossier\\edit.php')
 3 SYSTEMPATH\View\View.php(229): CodeIgniter\View\View->CodeIgniter\View\{closure}()
 4 SYSTEMPATH\Common.php(1188): CodeIgniter\View\View->render('dossier/edit', [], true)
 5 APPPATH\Controllers\Dossiers.php(337): view('dossier/edit', [...])
 6 SYSTEMPATH\CodeIgniter.php(919): App\Controllers\Dossiers->edit('8')
 7 SYSTEMPATH\CodeIgniter.php(494): CodeIgniter\CodeIgniter->runController(Object(App\Controllers\Dossiers))
 8 SYSTEMPATH\CodeIgniter.php(353): CodeIgniter\CodeIgniter->handleRequest(null, Object(Config\Cache), false)
 9 FCPATH\index.php(79): CodeIgniter\CodeIgniter->run()
CRITICAL - 2026-03-06 08:04:01 --> Array to string conversion
in APPPATH\Controllers\Dossiers.php on line 338.
 1 APPPATH\Controllers\Dossiers.php(338): CodeIgniter\Debug\Exceptions->errorHandler(2, 'Array to string conversion', 'C:\\xampp\\htdocs\\apps\\gestion_expedientes\\app\\Controllers\\Dossiers.php', 338)
 2 SYSTEMPATH\CodeIgniter.php(919): App\Controllers\Dossiers->edit('8')
 3 SYSTEMPATH\CodeIgniter.php(494): CodeIgniter\CodeIgniter->runController(Object(App\Controllers\Dossiers))
 4 SYSTEMPATH\CodeIgniter.php(353): CodeIgniter\CodeIgniter->handleRequest(null, Object(Config\Cache), false)
 5 FCPATH\index.php(79): CodeIgniter\CodeIgniter->run()
CRITICAL - 2026-03-06 08:06:30 --> Attempt to read property "id" on array
in APPPATH\Views\dossier\edit.php on line 47.
 1 APPPATH\Views\dossier\edit.php(47): CodeIgniter\Debug\Exceptions->errorHandler(2, 'Attempt to read property "id" on array', 'C:\\xampp\\htdocs\\apps\\gestion_expedientes\\app\\Views\\dossier\\edit.php', 47)
 2 SYSTEMPATH\View\View.php(226): include('C:\\xampp\\htdocs\\apps\\gestion_expedientes\\app\\Views\\dossier\\edit.php')
 3 SYSTEMPATH\View\View.php(229): CodeIgniter\View\View->CodeIgniter\View\{closure}()
 4 SYSTEMPATH\Common.php(1188): CodeIgniter\View\View->render('dossier/edit', [], true)
 5 APPPATH\Controllers\Dossiers.php(278): view('dossier/edit', [...])
 6 SYSTEMPATH\CodeIgniter.php(919): App\Controllers\Dossiers->edit('8')
 7 SYSTEMPATH\CodeIgniter.php(494): CodeIgniter\CodeIgniter->runController(Object(App\Controllers\Dossiers))
 8 SYSTEMPATH\CodeIgniter.php(353): CodeIgniter\CodeIgniter->handleRequest(null, Object(Config\Cache), false)
 9 FCPATH\index.php(79): CodeIgniter\CodeIgniter->run()
CRITICAL - 2026-03-06 08:06:37 --> Attempt to read property "id" on array
in APPPATH\Views\dossier\edit.php on line 47.
 1 APPPATH\Views\dossier\edit.php(47): CodeIgniter\Debug\Exceptions->errorHandler(2, 'Attempt to read property "id" on array', 'C:\\xampp\\htdocs\\apps\\gestion_expedientes\\app\\Views\\dossier\\edit.php', 47)
 2 SYSTEMPATH\View\View.php(226): include('C:\\xampp\\htdocs\\apps\\gestion_expedientes\\app\\Views\\dossier\\edit.php')
 3 SYSTEMPATH\View\View.php(229): CodeIgniter\View\View->CodeIgniter\View\{closure}()
 4 SYSTEMPATH\Common.php(1188): CodeIgniter\View\View->render('dossier/edit', [], true)
 5 APPPATH\Controllers\Dossiers.php(278): view('dossier/edit', [...])
 6 SYSTEMPATH\CodeIgniter.php(919): App\Controllers\Dossiers->edit('8')
 7 SYSTEMPATH\CodeIgniter.php(494): CodeIgniter\CodeIgniter->runController(Object(App\Controllers\Dossiers))
 8 SYSTEMPATH\CodeIgniter.php(353): CodeIgniter\CodeIgniter->handleRequest(null, Object(Config\Cache), false)
 9 FCPATH\index.php(79): CodeIgniter\CodeIgniter->run()
CRITICAL - 2026-03-06 08:06:57 --> Attempt to read property "id" on array
in APPPATH\Views\dossier\edit.php on line 47.
 1 APPPATH\Views\dossier\edit.php(47): CodeIgniter\Debug\Exceptions->errorHandler(2, 'Attempt to read property "id" on array', 'C:\\xampp\\htdocs\\apps\\gestion_expedientes\\app\\Views\\dossier\\edit.php', 47)
 2 SYSTEMPATH\View\View.php(226): include('C:\\xampp\\htdocs\\apps\\gestion_expedientes\\app\\Views\\dossier\\edit.php')
 3 SYSTEMPATH\View\View.php(229): CodeIgniter\View\View->CodeIgniter\View\{closure}()
 4 SYSTEMPATH\Common.php(1188): CodeIgniter\View\View->render('dossier/edit', [], true)
 5 APPPATH\Controllers\Dossiers.php(278): view('dossier/edit', [...])
 6 SYSTEMPATH\CodeIgniter.php(919): App\Controllers\Dossiers->edit('8')
 7 SYSTEMPATH\CodeIgniter.php(494): CodeIgniter\CodeIgniter->runController(Object(App\Controllers\Dossiers))
 8 SYSTEMPATH\CodeIgniter.php(353): CodeIgniter\CodeIgniter->handleRequest(null, Object(Config\Cache), false)
 9 FCPATH\index.php(79): CodeIgniter\CodeIgniter->run()
CRITICAL - 2026-03-06 08:07:01 --> Attempt to read property "id" on array
in APPPATH\Views\dossier\edit.php on line 47.
 1 APPPATH\Views\dossier\edit.php(47): CodeIgniter\Debug\Exceptions->errorHandler(2, 'Attempt to read property "id" on array', 'C:\\xampp\\htdocs\\apps\\gestion_expedientes\\app\\Views\\dossier\\edit.php', 47)
 2 SYSTEMPATH\View\View.php(226): include('C:\\xampp\\htdocs\\apps\\gestion_expedientes\\app\\Views\\dossier\\edit.php')
 3 SYSTEMPATH\View\View.php(229): CodeIgniter\View\View->CodeIgniter\View\{closure}()
 4 SYSTEMPATH\Common.php(1188): CodeIgniter\View\View->render('dossier/edit', [], true)
 5 APPPATH\Controllers\Dossiers.php(278): view('dossier/edit', [...])
 6 SYSTEMPATH\CodeIgniter.php(919): App\Controllers\Dossiers->edit('8')
 7 SYSTEMPATH\CodeIgniter.php(494): CodeIgniter\CodeIgniter->runController(Object(App\Controllers\Dossiers))
 8 SYSTEMPATH\CodeIgniter.php(353): CodeIgniter\CodeIgniter->handleRequest(null, Object(Config\Cache), false)
 9 FCPATH\index.php(79): CodeIgniter\CodeIgniter->run()
CRITICAL - 2026-03-06 08:07:02 --> Attempt to read property "id" on array
in APPPATH\Views\dossier\edit.php on line 47.
 1 APPPATH\Views\dossier\edit.php(47): CodeIgniter\Debug\Exceptions->errorHandler(2, 'Attempt to read property "id" on array', 'C:\\xampp\\htdocs\\apps\\gestion_expedientes\\app\\Views\\dossier\\edit.php', 47)
 2 SYSTEMPATH\View\View.php(226): include('C:\\xampp\\htdocs\\apps\\gestion_expedientes\\app\\Views\\dossier\\edit.php')
 3 SYSTEMPATH\View\View.php(229): CodeIgniter\View\View->CodeIgniter\View\{closure}()
 4 SYSTEMPATH\Common.php(1188): CodeIgniter\View\View->render('dossier/edit', [], true)
 5 APPPATH\Controllers\Dossiers.php(278): view('dossier/edit', [...])
 6 SYSTEMPATH\CodeIgniter.php(919): App\Controllers\Dossiers->edit('8')
 7 SYSTEMPATH\CodeIgniter.php(494): CodeIgniter\CodeIgniter->runController(Object(App\Controllers\Dossiers))
 8 SYSTEMPATH\CodeIgniter.php(353): CodeIgniter\CodeIgniter->handleRequest(null, Object(Config\Cache), false)
 9 FCPATH\index.php(79): CodeIgniter\CodeIgniter->run()
CRITICAL - 2026-03-06 08:07:02 --> Attempt to read property "id" on array
in APPPATH\Views\dossier\edit.php on line 47.
 1 APPPATH\Views\dossier\edit.php(47): CodeIgniter\Debug\Exceptions->errorHandler(2, 'Attempt to read property "id" on array', 'C:\\xampp\\htdocs\\apps\\gestion_expedientes\\app\\Views\\dossier\\edit.php', 47)
 2 SYSTEMPATH\View\View.php(226): include('C:\\xampp\\htdocs\\apps\\gestion_expedientes\\app\\Views\\dossier\\edit.php')
 3 SYSTEMPATH\View\View.php(229): CodeIgniter\View\View->CodeIgniter\View\{closure}()
 4 SYSTEMPATH\Common.php(1188): CodeIgniter\View\View->render('dossier/edit', [], true)
 5 APPPATH\Controllers\Dossiers.php(278): view('dossier/edit', [...])
 6 SYSTEMPATH\CodeIgniter.php(919): App\Controllers\Dossiers->edit('8')
 7 SYSTEMPATH\CodeIgniter.php(494): CodeIgniter\CodeIgniter->runController(Object(App\Controllers\Dossiers))
 8 SYSTEMPATH\CodeIgniter.php(353): CodeIgniter\CodeIgniter->handleRequest(null, Object(Config\Cache), false)
 9 FCPATH\index.php(79): CodeIgniter\CodeIgniter->run()
CRITICAL - 2026-03-06 08:13:33 --> Attempt to read property "id" on array
in APPPATH\Views\dossier\edit.php on line 47.
 1 APPPATH\Views\dossier\edit.php(47): CodeIgniter\Debug\Exceptions->errorHandler(2, 'Attempt to read property "id" on array', 'C:\\xampp\\htdocs\\apps\\gestion_expedientes\\app\\Views\\dossier\\edit.php', 47)
 2 SYSTEMPATH\View\View.php(226): include('C:\\xampp\\htdocs\\apps\\gestion_expedientes\\app\\Views\\dossier\\edit.php')
 3 SYSTEMPATH\View\View.php(229): CodeIgniter\View\View->CodeIgniter\View\{closure}()
 4 SYSTEMPATH\Common.php(1188): CodeIgniter\View\View->render('dossier/edit', [], true)
 5 APPPATH\Controllers\Dossiers.php(278): view('dossier/edit', [...])
 6 SYSTEMPATH\CodeIgniter.php(919): App\Controllers\Dossiers->edit('8')
 7 SYSTEMPATH\CodeIgniter.php(494): CodeIgniter\CodeIgniter->runController(Object(App\Controllers\Dossiers))
 8 SYSTEMPATH\CodeIgniter.php(353): CodeIgniter\CodeIgniter->handleRequest(null, Object(Config\Cache), false)
 9 FCPATH\index.php(79): CodeIgniter\CodeIgniter->run()
CRITICAL - 2026-03-06 08:13:34 --> Attempt to read property "id" on array
in APPPATH\Views\dossier\edit.php on line 47.
 1 APPPATH\Views\dossier\edit.php(47): CodeIgniter\Debug\Exceptions->errorHandler(2, 'Attempt to read property "id" on array', 'C:\\xampp\\htdocs\\apps\\gestion_expedientes\\app\\Views\\dossier\\edit.php', 47)
 2 SYSTEMPATH\View\View.php(226): include('C:\\xampp\\htdocs\\apps\\gestion_expedientes\\app\\Views\\dossier\\edit.php')
 3 SYSTEMPATH\View\View.php(229): CodeIgniter\View\View->CodeIgniter\View\{closure}()
 4 SYSTEMPATH\Common.php(1188): CodeIgniter\View\View->render('dossier/edit', [], true)
 5 APPPATH\Controllers\Dossiers.php(278): view('dossier/edit', [...])
 6 SYSTEMPATH\CodeIgniter.php(919): App\Controllers\Dossiers->edit('8')
 7 SYSTEMPATH\CodeIgniter.php(494): CodeIgniter\CodeIgniter->runController(Object(App\Controllers\Dossiers))
 8 SYSTEMPATH\CodeIgniter.php(353): CodeIgniter\CodeIgniter->handleRequest(null, Object(Config\Cache), false)
 9 FCPATH\index.php(79): CodeIgniter\CodeIgniter->run()
CRITICAL - 2026-03-06 08:13:36 --> Attempt to read property "id" on array
in APPPATH\Views\dossier\edit.php on line 47.
 1 APPPATH\Views\dossier\edit.php(47): CodeIgniter\Debug\Exceptions->errorHandler(2, 'Attempt to read property "id" on array', 'C:\\xampp\\htdocs\\apps\\gestion_expedientes\\app\\Views\\dossier\\edit.php', 47)
 2 SYSTEMPATH\View\View.php(226): include('C:\\xampp\\htdocs\\apps\\gestion_expedientes\\app\\Views\\dossier\\edit.php')
 3 SYSTEMPATH\View\View.php(229): CodeIgniter\View\View->CodeIgniter\View\{closure}()
 4 SYSTEMPATH\Common.php(1188): CodeIgniter\View\View->render('dossier/edit', [], true)
 5 APPPATH\Controllers\Dossiers.php(278): view('dossier/edit', [...])
 6 SYSTEMPATH\CodeIgniter.php(919): App\Controllers\Dossiers->edit('8')
 7 SYSTEMPATH\CodeIgniter.php(494): CodeIgniter\CodeIgniter->runController(Object(App\Controllers\Dossiers))
 8 SYSTEMPATH\CodeIgniter.php(353): CodeIgniter\CodeIgniter->handleRequest(null, Object(Config\Cache), false)
 9 FCPATH\index.php(79): CodeIgniter\CodeIgniter->run()
CRITICAL - 2026-03-06 08:14:51 --> Attempt to read property "id" on array
in APPPATH\Views\dossier\edit.php on line 47.
 1 APPPATH\Views\dossier\edit.php(47): CodeIgniter\Debug\Exceptions->errorHandler(2, 'Attempt to read property "id" on array', 'C:\\xampp\\htdocs\\apps\\gestion_expedientes\\app\\Views\\dossier\\edit.php', 47)
 2 SYSTEMPATH\View\View.php(226): include('C:\\xampp\\htdocs\\apps\\gestion_expedientes\\app\\Views\\dossier\\edit.php')
 3 SYSTEMPATH\View\View.php(229): CodeIgniter\View\View->CodeIgniter\View\{closure}()
 4 SYSTEMPATH\Common.php(1188): CodeIgniter\View\View->render('dossier/edit', [], true)
 5 APPPATH\Controllers\Dossiers.php(277): view('dossier/edit', [...])
 6 SYSTEMPATH\CodeIgniter.php(919): App\Controllers\Dossiers->edit('8')
 7 SYSTEMPATH\CodeIgniter.php(494): CodeIgniter\CodeIgniter->runController(Object(App\Controllers\Dossiers))
 8 SYSTEMPATH\CodeIgniter.php(353): CodeIgniter\CodeIgniter->handleRequest(null, Object(Config\Cache), false)
 9 FCPATH\index.php(79): CodeIgniter\CodeIgniter->run()
CRITICAL - 2026-03-06 08:15:33 --> Attempt to read property "id" on array
in APPPATH\Views\dossier\edit.php on line 50.
 1 APPPATH\Views\dossier\edit.php(50): CodeIgniter\Debug\Exceptions->errorHandler(2, 'Attempt to read property "id" on array', 'C:\\xampp\\htdocs\\apps\\gestion_expedientes\\app\\Views\\dossier\\edit.php', 50)
 2 SYSTEMPATH\View\View.php(226): include('C:\\xampp\\htdocs\\apps\\gestion_expedientes\\app\\Views\\dossier\\edit.php')
 3 SYSTEMPATH\View\View.php(229): CodeIgniter\View\View->CodeIgniter\View\{closure}()
 4 SYSTEMPATH\Common.php(1188): CodeIgniter\View\View->render('dossier/edit', [], true)
 5 APPPATH\Controllers\Dossiers.php(277): view('dossier/edit', [...])
 6 SYSTEMPATH\CodeIgniter.php(919): App\Controllers\Dossiers->edit('8')
 7 SYSTEMPATH\CodeIgniter.php(494): CodeIgniter\CodeIgniter->runController(Object(App\Controllers\Dossiers))
 8 SYSTEMPATH\CodeIgniter.php(353): CodeIgniter\CodeIgniter->handleRequest(null, Object(Config\Cache), false)
 9 FCPATH\index.php(79): CodeIgniter\CodeIgniter->run()
CRITICAL - 2026-03-06 08:20:28 --> Attempt to read property "id" on array
in APPPATH\Views\dossier\edit.php on line 47.
 1 APPPATH\Views\dossier\edit.php(47): CodeIgniter\Debug\Exceptions->errorHandler(2, 'Attempt to read property "id" on array', 'C:\\xampp\\htdocs\\apps\\gestion_expedientes\\app\\Views\\dossier\\edit.php', 47)
 2 SYSTEMPATH\View\View.php(226): include('C:\\xampp\\htdocs\\apps\\gestion_expedientes\\app\\Views\\dossier\\edit.php')
 3 SYSTEMPATH\View\View.php(229): CodeIgniter\View\View->CodeIgniter\View\{closure}()
 4 SYSTEMPATH\Common.php(1188): CodeIgniter\View\View->render('dossier/edit', [], true)
 5 APPPATH\Controllers\Dossiers.php(277): view('dossier/edit', [...])
 6 SYSTEMPATH\CodeIgniter.php(919): App\Controllers\Dossiers->edit('8')
 7 SYSTEMPATH\CodeIgniter.php(494): CodeIgniter\CodeIgniter->runController(Object(App\Controllers\Dossiers))
 8 SYSTEMPATH\CodeIgniter.php(353): CodeIgniter\CodeIgniter->handleRequest(null, Object(Config\Cache), false)
 9 FCPATH\index.php(79): CodeIgniter\CodeIgniter->run()
CRITICAL - 2026-03-06 08:20:42 --> Cannot use object of type stdClass as array
in APPPATH\Views\dossier\edit.php on line 42.
 1 SYSTEMPATH\View\View.php(226): include()
 2 SYSTEMPATH\View\View.php(229): CodeIgniter\View\View->CodeIgniter\View\{closure}()
 3 SYSTEMPATH\Common.php(1188): CodeIgniter\View\View->render('dossier/edit', [], true)
 4 APPPATH\Controllers\Dossiers.php(277): view('dossier/edit', [...])
 5 SYSTEMPATH\CodeIgniter.php(919): App\Controllers\Dossiers->edit('8')
 6 SYSTEMPATH\CodeIgniter.php(494): CodeIgniter\CodeIgniter->runController(Object(App\Controllers\Dossiers))
 7 SYSTEMPATH\CodeIgniter.php(353): CodeIgniter\CodeIgniter->handleRequest(null, Object(Config\Cache), false)
 8 FCPATH\index.php(79): CodeIgniter\CodeIgniter->run()
CRITICAL - 2026-03-06 08:21:11 --> Attempt to read property "id" on array
in APPPATH\Views\dossier\edit.php on line 47.
 1 APPPATH\Views\dossier\edit.php(47): CodeIgniter\Debug\Exceptions->errorHandler(2, 'Attempt to read property "id" on array', 'C:\\xampp\\htdocs\\apps\\gestion_expedientes\\app\\Views\\dossier\\edit.php', 47)
 2 SYSTEMPATH\View\View.php(226): include('C:\\xampp\\htdocs\\apps\\gestion_expedientes\\app\\Views\\dossier\\edit.php')
 3 SYSTEMPATH\View\View.php(229): CodeIgniter\View\View->CodeIgniter\View\{closure}()
 4 SYSTEMPATH\Common.php(1188): CodeIgniter\View\View->render('dossier/edit', [], true)
 5 APPPATH\Controllers\Dossiers.php(277): view('dossier/edit', [...])
 6 SYSTEMPATH\CodeIgniter.php(919): App\Controllers\Dossiers->edit('8')
 7 SYSTEMPATH\CodeIgniter.php(494): CodeIgniter\CodeIgniter->runController(Object(App\Controllers\Dossiers))
 8 SYSTEMPATH\CodeIgniter.php(353): CodeIgniter\CodeIgniter->handleRequest(null, Object(Config\Cache), false)
 9 FCPATH\index.php(79): CodeIgniter\CodeIgniter->run()
CRITICAL - 2026-03-06 08:26:11 --> Undefined variable $departamentos
in APPPATH\Views\dossier\edit.php on line 46.
 1 APPPATH\Views\dossier\edit.php(46): CodeIgniter\Debug\Exceptions->errorHandler(2, 'Undefined variable $departamentos', 'C:\\xampp\\htdocs\\apps\\gestion_expedientes\\app\\Views\\dossier\\edit.php', 46)
 2 SYSTEMPATH\View\View.php(226): include('C:\\xampp\\htdocs\\apps\\gestion_expedientes\\app\\Views\\dossier\\edit.php')
 3 SYSTEMPATH\View\View.php(229): CodeIgniter\View\View->CodeIgniter\View\{closure}()
 4 SYSTEMPATH\Common.php(1188): CodeIgniter\View\View->render('dossier/edit', [], true)
 5 APPPATH\Controllers\Dossiers.php(276): view('dossier/edit', [...])
 6 SYSTEMPATH\CodeIgniter.php(919): App\Controllers\Dossiers->edit('8')
 7 SYSTEMPATH\CodeIgniter.php(494): CodeIgniter\CodeIgniter->runController(Object(App\Controllers\Dossiers))
 8 SYSTEMPATH\CodeIgniter.php(353): CodeIgniter\CodeIgniter->handleRequest(null, Object(Config\Cache), false)
 9 FCPATH\index.php(79): CodeIgniter\CodeIgniter->run()
CRITICAL - 2026-03-06 08:30:22 --> Attempt to read property "nombre_original" on array
in APPPATH\Views\dossier\edit.php on line 78.
 1 APPPATH\Views\dossier\edit.php(78): CodeIgniter\Debug\Exceptions->errorHandler(2, 'Attempt to read property "nombre_original" on array', 'C:\\xampp\\htdocs\\apps\\gestion_expedientes\\app\\Views\\dossier\\edit.php', 78)
 2 SYSTEMPATH\View\View.php(226): include('C:\\xampp\\htdocs\\apps\\gestion_expedientes\\app\\Views\\dossier\\edit.php')
 3 SYSTEMPATH\View\View.php(229): CodeIgniter\View\View->CodeIgniter\View\{closure}()
 4 SYSTEMPATH\Common.php(1188): CodeIgniter\View\View->render('dossier/edit', [], true)
 5 APPPATH\Controllers\Dossiers.php(277): view('dossier/edit', [...])
 6 SYSTEMPATH\CodeIgniter.php(919): App\Controllers\Dossiers->edit('30')
 7 SYSTEMPATH\CodeIgniter.php(494): CodeIgniter\CodeIgniter->runController(Object(App\Controllers\Dossiers))
 8 SYSTEMPATH\CodeIgniter.php(353): CodeIgniter\CodeIgniter->handleRequest(null, Object(Config\Cache), false)
 9 FCPATH\index.php(79): CodeIgniter\CodeIgniter->run()
CRITICAL - 2026-03-06 08:35:25 --> Attempt to read property "nombre_original" on array
in APPPATH\Views\dossier\edit.php on line 80.
 1 APPPATH\Views\dossier\edit.php(80): CodeIgniter\Debug\Exceptions->errorHandler(2, 'Attempt to read property "nombre_original" on array', 'C:\\xampp\\htdocs\\apps\\gestion_expedientes\\app\\Views\\dossier\\edit.php', 80)
 2 SYSTEMPATH\View\View.php(226): include('C:\\xampp\\htdocs\\apps\\gestion_expedientes\\app\\Views\\dossier\\edit.php')
 3 SYSTEMPATH\View\View.php(229): CodeIgniter\View\View->CodeIgniter\View\{closure}()
 4 SYSTEMPATH\Common.php(1188): CodeIgniter\View\View->render('dossier/edit', [], true)
 5 APPPATH\Controllers\Dossiers.php(277): view('dossier/edit', [...])
 6 SYSTEMPATH\CodeIgniter.php(919): App\Controllers\Dossiers->edit('30')
 7 SYSTEMPATH\CodeIgniter.php(494): CodeIgniter\CodeIgniter->runController(Object(App\Controllers\Dossiers))
 8 SYSTEMPATH\CodeIgniter.php(353): CodeIgniter\CodeIgniter->handleRequest(null, Object(Config\Cache), false)
 9 FCPATH\index.php(79): CodeIgniter\CodeIgniter->run()
CRITICAL - 2026-03-06 08:44:44 --> Undefined array key "nombre_archivo"
in APPPATH\Views\dossier\edit.php on line 77.
 1 APPPATH\Views\dossier\edit.php(77): CodeIgniter\Debug\Exceptions->errorHandler(2, 'Undefined array key "nombre_archivo"', 'C:\\xampp\\htdocs\\apps\\gestion_expedientes\\app\\Views\\dossier\\edit.php', 77)
 2 SYSTEMPATH\View\View.php(226): include('C:\\xampp\\htdocs\\apps\\gestion_expedientes\\app\\Views\\dossier\\edit.php')
 3 SYSTEMPATH\View\View.php(229): CodeIgniter\View\View->CodeIgniter\View\{closure}()
 4 SYSTEMPATH\Common.php(1188): CodeIgniter\View\View->render('dossier/edit', [], true)
 5 APPPATH\Controllers\Dossiers.php(277): view('dossier/edit', [...])
 6 SYSTEMPATH\CodeIgniter.php(919): App\Controllers\Dossiers->edit('30')
 7 SYSTEMPATH\CodeIgniter.php(494): CodeIgniter\CodeIgniter->runController(Object(App\Controllers\Dossiers))
 8 SYSTEMPATH\CodeIgniter.php(353): CodeIgniter\CodeIgniter->handleRequest(null, Object(Config\Cache), false)
 9 FCPATH\index.php(79): CodeIgniter\CodeIgniter->run()
CRITICAL - 2026-03-06 08:45:33 --> syntax error, unexpected end of file
in APPPATH\Views\dossier\edit.php on line 152.
 1 SYSTEMPATH\View\View.php(229): CodeIgniter\View\View->CodeIgniter\View\{closure}()
 2 SYSTEMPATH\Common.php(1188): CodeIgniter\View\View->render('dossier/edit', [], true)
 3 APPPATH\Controllers\Dossiers.php(277): view('dossier/edit', [...])
 4 SYSTEMPATH\CodeIgniter.php(919): App\Controllers\Dossiers->edit('30')
 5 SYSTEMPATH\CodeIgniter.php(494): CodeIgniter\CodeIgniter->runController(Object(App\Controllers\Dossiers))
 6 SYSTEMPATH\CodeIgniter.php(353): CodeIgniter\CodeIgniter->handleRequest(null, Object(Config\Cache), false)
 7 FCPATH\index.php(79): CodeIgniter\CodeIgniter->run()
CRITICAL - 2026-03-06 08:46:29 --> syntax error, unexpected identifier "_url", expecting "," or ";"
in APPPATH\Views\dossier\edit.php on line 82.
 1 SYSTEMPATH\View\View.php(229): CodeIgniter\View\View->CodeIgniter\View\{closure}()
 2 SYSTEMPATH\Common.php(1188): CodeIgniter\View\View->render('dossier/edit', [], true)
 3 APPPATH\Controllers\Dossiers.php(277): view('dossier/edit', [...])
 4 SYSTEMPATH\CodeIgniter.php(919): App\Controllers\Dossiers->edit('30')
 5 SYSTEMPATH\CodeIgniter.php(494): CodeIgniter\CodeIgniter->runController(Object(App\Controllers\Dossiers))
 6 SYSTEMPATH\CodeIgniter.php(353): CodeIgniter\CodeIgniter->handleRequest(null, Object(Config\Cache), false)
 7 FCPATH\index.php(79): CodeIgniter\CodeIgniter->run()
CRITICAL - 2026-03-06 08:46:40 --> Attempt to read property "nombre_original" on array
in APPPATH\Views\dossier\edit.php on line 75.
 1 APPPATH\Views\dossier\edit.php(75): CodeIgniter\Debug\Exceptions->errorHandler(2, 'Attempt to read property "nombre_original" on array', 'C:\\xampp\\htdocs\\apps\\gestion_expedientes\\app\\Views\\dossier\\edit.php', 75)
 2 SYSTEMPATH\View\View.php(226): include('C:\\xampp\\htdocs\\apps\\gestion_expedientes\\app\\Views\\dossier\\edit.php')
 3 SYSTEMPATH\View\View.php(229): CodeIgniter\View\View->CodeIgniter\View\{closure}()
 4 SYSTEMPATH\Common.php(1188): CodeIgniter\View\View->render('dossier/edit', [], true)
 5 APPPATH\Controllers\Dossiers.php(277): view('dossier/edit', [...])
 6 SYSTEMPATH\CodeIgniter.php(919): App\Controllers\Dossiers->edit('30')
 7 SYSTEMPATH\CodeIgniter.php(494): CodeIgniter\CodeIgniter->runController(Object(App\Controllers\Dossiers))
 8 SYSTEMPATH\CodeIgniter.php(353): CodeIgniter\CodeIgniter->handleRequest(null, Object(Config\Cache), false)
 9 FCPATH\index.php(79): CodeIgniter\CodeIgniter->run()
CRITICAL - 2026-03-06 08:46:57 --> Undefined array key "nombre_archivo"
in APPPATH\Views\dossier\edit.php on line 77.
 1 APPPATH\Views\dossier\edit.php(77): CodeIgniter\Debug\Exceptions->errorHandler(2, 'Undefined array key "nombre_archivo"', 'C:\\xampp\\htdocs\\apps\\gestion_expedientes\\app\\Views\\dossier\\edit.php', 77)
 2 SYSTEMPATH\View\View.php(226): include('C:\\xampp\\htdocs\\apps\\gestion_expedientes\\app\\Views\\dossier\\edit.php')
 3 SYSTEMPATH\View\View.php(229): CodeIgniter\View\View->CodeIgniter\View\{closure}()
 4 SYSTEMPATH\Common.php(1188): CodeIgniter\View\View->render('dossier/edit', [], true)
 5 APPPATH\Controllers\Dossiers.php(277): view('dossier/edit', [...])
 6 SYSTEMPATH\CodeIgniter.php(919): App\Controllers\Dossiers->edit('30')
 7 SYSTEMPATH\CodeIgniter.php(494): CodeIgniter\CodeIgniter->runController(Object(App\Controllers\Dossiers))
 8 SYSTEMPATH\CodeIgniter.php(353): CodeIgniter\CodeIgniter->handleRequest(null, Object(Config\Cache), false)
 9 FCPATH\index.php(79): CodeIgniter\CodeIgniter->run()
CRITICAL - 2026-03-06 08:48:09 --> Attempt to read property "nombre_original" on array
in APPPATH\Views\dossier\edit.php on line 80.
 1 APPPATH\Views\dossier\edit.php(80): CodeIgniter\Debug\Exceptions->errorHandler(2, 'Attempt to read property "nombre_original" on array', 'C:\\xampp\\htdocs\\apps\\gestion_expedientes\\app\\Views\\dossier\\edit.php', 80)
 2 SYSTEMPATH\View\View.php(226): include('C:\\xampp\\htdocs\\apps\\gestion_expedientes\\app\\Views\\dossier\\edit.php')
 3 SYSTEMPATH\View\View.php(229): CodeIgniter\View\View->CodeIgniter\View\{closure}()
 4 SYSTEMPATH\Common.php(1188): CodeIgniter\View\View->render('dossier/edit', [], true)
 5 APPPATH\Controllers\Dossiers.php(277): view('dossier/edit', [...])
 6 SYSTEMPATH\CodeIgniter.php(919): App\Controllers\Dossiers->edit('30')
 7 SYSTEMPATH\CodeIgniter.php(494): CodeIgniter\CodeIgniter->runController(Object(App\Controllers\Dossiers))
 8 SYSTEMPATH\CodeIgniter.php(353): CodeIgniter\CodeIgniter->handleRequest(null, Object(Config\Cache), false)
 9 FCPATH\index.php(79): CodeIgniter\CodeIgniter->run()
CRITICAL - 2026-03-06 08:56:06 --> Undefined array key "nombre_archivo"
in APPPATH\Views\dossier\edit.php on line 88.
 1 APPPATH\Views\dossier\edit.php(88): CodeIgniter\Debug\Exceptions->errorHandler(2, 'Undefined array key "nombre_archivo"', 'C:\\xampp\\htdocs\\apps\\gestion_expedientes\\app\\Views\\dossier\\edit.php', 88)
 2 SYSTEMPATH\View\View.php(226): include('C:\\xampp\\htdocs\\apps\\gestion_expedientes\\app\\Views\\dossier\\edit.php')
 3 SYSTEMPATH\View\View.php(229): CodeIgniter\View\View->CodeIgniter\View\{closure}()
 4 SYSTEMPATH\Common.php(1188): CodeIgniter\View\View->render('dossier/edit', [], true)
 5 APPPATH\Controllers\Dossiers.php(277): view('dossier/edit', [...])
 6 SYSTEMPATH\CodeIgniter.php(919): App\Controllers\Dossiers->edit('30')
 7 SYSTEMPATH\CodeIgniter.php(494): CodeIgniter\CodeIgniter->runController(Object(App\Controllers\Dossiers))
 8 SYSTEMPATH\CodeIgniter.php(353): CodeIgniter\CodeIgniter->handleRequest(null, Object(Config\Cache), false)
 9 FCPATH\index.php(79): CodeIgniter\CodeIgniter->run()
CRITICAL - 2026-03-06 09:02:52 --> Undefined array key "nombre_archivo"
in APPPATH\Views\dossier\edit.php on line 82.
 1 APPPATH\Views\dossier\edit.php(82): CodeIgniter\Debug\Exceptions->errorHandler(2, 'Undefined array key "nombre_archivo"', 'C:\\xampp\\htdocs\\apps\\gestion_expedientes\\app\\Views\\dossier\\edit.php', 82)
 2 SYSTEMPATH\View\View.php(226): include('C:\\xampp\\htdocs\\apps\\gestion_expedientes\\app\\Views\\dossier\\edit.php')
 3 SYSTEMPATH\View\View.php(229): CodeIgniter\View\View->CodeIgniter\View\{closure}()
 4 SYSTEMPATH\Common.php(1188): CodeIgniter\View\View->render('dossier/edit', [], true)
 5 APPPATH\Controllers\Dossiers.php(277): view('dossier/edit', [...])
 6 SYSTEMPATH\CodeIgniter.php(919): App\Controllers\Dossiers->edit('30')
 7 SYSTEMPATH\CodeIgniter.php(494): CodeIgniter\CodeIgniter->runController(Object(App\Controllers\Dossiers))
 8 SYSTEMPATH\CodeIgniter.php(353): CodeIgniter\CodeIgniter->handleRequest(null, Object(Config\Cache), false)
 9 FCPATH\index.php(79): CodeIgniter\CodeIgniter->run()
CRITICAL - 2026-03-06 09:12:53 --> Undefined array key "nombre_archivo"
in APPPATH\Views\dossier\edit.php on line 81.
 1 APPPATH\Views\dossier\edit.php(81): CodeIgniter\Debug\Exceptions->errorHandler(2, 'Undefined array key "nombre_archivo"', 'C:\\xampp\\htdocs\\apps\\gestion_expedientes\\app\\Views\\dossier\\edit.php', 81)
 2 SYSTEMPATH\View\View.php(226): include('C:\\xampp\\htdocs\\apps\\gestion_expedientes\\app\\Views\\dossier\\edit.php')
 3 SYSTEMPATH\View\View.php(229): CodeIgniter\View\View->CodeIgniter\View\{closure}()
 4 SYSTEMPATH\Common.php(1188): CodeIgniter\View\View->render('dossier/edit', [], true)
 5 APPPATH\Controllers\Dossiers.php(277): view('dossier/edit', [...])
 6 SYSTEMPATH\CodeIgniter.php(919): App\Controllers\Dossiers->edit('30')
 7 SYSTEMPATH\CodeIgniter.php(494): CodeIgniter\CodeIgniter->runController(Object(App\Controllers\Dossiers))
 8 SYSTEMPATH\CodeIgniter.php(353): CodeIgniter\CodeIgniter->handleRequest(null, Object(Config\Cache), false)
 9 FCPATH\index.php(79): CodeIgniter\CodeIgniter->run()
CRITICAL - 2026-03-06 09:29:45 --> Undefined array key "nombre_archivo"
in APPPATH\Views\dossier\edit.php on line 82.
 1 APPPATH\Views\dossier\edit.php(82): CodeIgniter\Debug\Exceptions->errorHandler(2, 'Undefined array key "nombre_archivo"', 'C:\\xampp\\htdocs\\apps\\gestion_expedientes\\app\\Views\\dossier\\edit.php', 82)
 2 SYSTEMPATH\View\View.php(226): include('C:\\xampp\\htdocs\\apps\\gestion_expedientes\\app\\Views\\dossier\\edit.php')
 3 SYSTEMPATH\View\View.php(229): CodeIgniter\View\View->CodeIgniter\View\{closure}()
 4 SYSTEMPATH\Common.php(1188): CodeIgniter\View\View->render('dossier/edit', [], true)
 5 APPPATH\Controllers\Dossiers.php(277): view('dossier/edit', [...])
 6 SYSTEMPATH\CodeIgniter.php(919): App\Controllers\Dossiers->edit('30')
 7 SYSTEMPATH\CodeIgniter.php(494): CodeIgniter\CodeIgniter->runController(Object(App\Controllers\Dossiers))
 8 SYSTEMPATH\CodeIgniter.php(353): CodeIgniter\CodeIgniter->handleRequest(null, Object(Config\Cache), false)
 9 FCPATH\index.php(79): CodeIgniter\CodeIgniter->run()
CRITICAL - 2026-03-06 09:30:46 --> Undefined array key "nombreoriginal"
in APPPATH\Views\dossier\edit.php on line 82.
 1 APPPATH\Views\dossier\edit.php(82): CodeIgniter\Debug\Exceptions->errorHandler(2, 'Undefined array key "nombreoriginal"', 'C:\\xampp\\htdocs\\apps\\gestion_expedientes\\app\\Views\\dossier\\edit.php', 82)
 2 SYSTEMPATH\View\View.php(226): include('C:\\xampp\\htdocs\\apps\\gestion_expedientes\\app\\Views\\dossier\\edit.php')
 3 SYSTEMPATH\View\View.php(229): CodeIgniter\View\View->CodeIgniter\View\{closure}()
 4 SYSTEMPATH\Common.php(1188): CodeIgniter\View\View->render('dossier/edit', [], true)
 5 APPPATH\Controllers\Dossiers.php(277): view('dossier/edit', [...])
 6 SYSTEMPATH\CodeIgniter.php(919): App\Controllers\Dossiers->edit('30')
 7 SYSTEMPATH\CodeIgniter.php(494): CodeIgniter\CodeIgniter->runController(Object(App\Controllers\Dossiers))
 8 SYSTEMPATH\CodeIgniter.php(353): CodeIgniter\CodeIgniter->handleRequest(null, Object(Config\Cache), false)
 9 FCPATH\index.php(79): CodeIgniter\CodeIgniter->run()
CRITICAL - 2026-03-06 09:43:46 --> Undefined array key "uname"
in APPPATH\Views\users\index.php on line 80.
 1 APPPATH\Views\users\index.php(80): CodeIgniter\Debug\Exceptions->errorHandler(2, 'Undefined array key "uname"', 'C:\\xampp\\htdocs\\apps\\gestion_expedientes\\app\\Views\\users\\index.php', 80)
 2 SYSTEMPATH\View\View.php(226): include('C:\\xampp\\htdocs\\apps\\gestion_expedientes\\app\\Views\\users\\index.php')
 3 SYSTEMPATH\View\View.php(229): CodeIgniter\View\View->CodeIgniter\View\{closure}()
 4 SYSTEMPATH\Common.php(1188): CodeIgniter\View\View->render('users/index', [], true)
 5 APPPATH\Controllers\Users.php(31): view('users/index', [...])
 6 SYSTEMPATH\CodeIgniter.php(919): App\Controllers\Users->index()
 7 SYSTEMPATH\CodeIgniter.php(494): CodeIgniter\CodeIgniter->runController(Object(App\Controllers\Users))
 8 SYSTEMPATH\CodeIgniter.php(353): CodeIgniter\CodeIgniter->handleRequest(null, Object(Config\Cache), false)
 9 FCPATH\index.php(79): CodeIgniter\CodeIgniter->run()
CRITICAL - 2026-03-06 09:43:54 --> Undefined array key "uname"
in APPPATH\Views\users\index.php on line 80.
 1 APPPATH\Views\users\index.php(80): CodeIgniter\Debug\Exceptions->errorHandler(2, 'Undefined array key "uname"', 'C:\\xampp\\htdocs\\apps\\gestion_expedientes\\app\\Views\\users\\index.php', 80)
 2 SYSTEMPATH\View\View.php(226): include('C:\\xampp\\htdocs\\apps\\gestion_expedientes\\app\\Views\\users\\index.php')
 3 SYSTEMPATH\View\View.php(229): CodeIgniter\View\View->CodeIgniter\View\{closure}()
 4 SYSTEMPATH\Common.php(1188): CodeIgniter\View\View->render('users/index', [], true)
 5 APPPATH\Controllers\Users.php(31): view('users/index', [...])
 6 SYSTEMPATH\CodeIgniter.php(919): App\Controllers\Users->index()
 7 SYSTEMPATH\CodeIgniter.php(494): CodeIgniter\CodeIgniter->runController(Object(App\Controllers\Users))
 8 SYSTEMPATH\CodeIgniter.php(353): CodeIgniter\CodeIgniter->handleRequest(null, Object(Config\Cache), false)
 9 FCPATH\index.php(79): CodeIgniter\CodeIgniter->run()
CRITICAL - 2026-03-06 09:44:05 --> Undefined array key "uname"
in APPPATH\Views\users\index.php on line 80.
 1 APPPATH\Views\users\index.php(80): CodeIgniter\Debug\Exceptions->errorHandler(2, 'Undefined array key "uname"', 'C:\\xampp\\htdocs\\apps\\gestion_expedientes\\app\\Views\\users\\index.php', 80)
 2 SYSTEMPATH\View\View.php(226): include('C:\\xampp\\htdocs\\apps\\gestion_expedientes\\app\\Views\\users\\index.php')
 3 SYSTEMPATH\View\View.php(229): CodeIgniter\View\View->CodeIgniter\View\{closure}()
 4 SYSTEMPATH\Common.php(1188): CodeIgniter\View\View->render('users/index', [], true)
 5 APPPATH\Controllers\Users.php(31): view('users/index', [...])
 6 SYSTEMPATH\CodeIgniter.php(919): App\Controllers\Users->index()
 7 SYSTEMPATH\CodeIgniter.php(494): CodeIgniter\CodeIgniter->runController(Object(App\Controllers\Users))
 8 SYSTEMPATH\CodeIgniter.php(353): CodeIgniter\CodeIgniter->handleRequest(null, Object(Config\Cache), false)
 9 FCPATH\index.php(79): CodeIgniter\CodeIgniter->run()
CRITICAL - 2026-03-06 09:44:22 --> Undefined array key "uname"
in APPPATH\Views\users\index.php on line 80.
 1 APPPATH\Views\users\index.php(80): CodeIgniter\Debug\Exceptions->errorHandler(2, 'Undefined array key "uname"', 'C:\\xampp\\htdocs\\apps\\gestion_expedientes\\app\\Views\\users\\index.php', 80)
 2 SYSTEMPATH\View\View.php(226): include('C:\\xampp\\htdocs\\apps\\gestion_expedientes\\app\\Views\\users\\index.php')
 3 SYSTEMPATH\View\View.php(229): CodeIgniter\View\View->CodeIgniter\View\{closure}()
 4 SYSTEMPATH\Common.php(1188): CodeIgniter\View\View->render('users/index', [], true)
 5 APPPATH\Controllers\Users.php(31): view('users/index', [...])
 6 SYSTEMPATH\CodeIgniter.php(919): App\Controllers\Users->index()
 7 SYSTEMPATH\CodeIgniter.php(494): CodeIgniter\CodeIgniter->runController(Object(App\Controllers\Users))
 8 SYSTEMPATH\CodeIgniter.php(353): CodeIgniter\CodeIgniter->handleRequest(null, Object(Config\Cache), false)
 9 FCPATH\index.php(79): CodeIgniter\CodeIgniter->run()
CRITICAL - 2026-03-06 10:40:28 --> Undefined array key "nombre_archivo"
in APPPATH\Views\dossier\edit.php on line 103.
 1 APPPATH\Views\dossier\edit.php(103): CodeIgniter\Debug\Exceptions->errorHandler(2, 'Undefined array key "nombre_archivo"', 'C:\\xampp\\htdocs\\apps\\gestion_expedientes\\app\\Views\\dossier\\edit.php', 103)
 2 SYSTEMPATH\View\View.php(226): include('C:\\xampp\\htdocs\\apps\\gestion_expedientes\\app\\Views\\dossier\\edit.php')
 3 SYSTEMPATH\View\View.php(229): CodeIgniter\View\View->CodeIgniter\View\{closure}()
 4 SYSTEMPATH\Common.php(1188): CodeIgniter\View\View->render('dossier/edit', [], true)
 5 APPPATH\Controllers\Dossiers.php(277): view('dossier/edit', [...])
 6 SYSTEMPATH\CodeIgniter.php(919): App\Controllers\Dossiers->edit('30')
 7 SYSTEMPATH\CodeIgniter.php(494): CodeIgniter\CodeIgniter->runController(Object(App\Controllers\Dossiers))
 8 SYSTEMPATH\CodeIgniter.php(353): CodeIgniter\CodeIgniter->handleRequest(null, Object(Config\Cache), false)
 9 FCPATH\index.php(79): CodeIgniter\CodeIgniter->run()
ERROR - 2026-03-06 11:46:41 --> mysqli_sql_exception: Cannot add or update a child row: a foreign key constraint fails (`gest_exp`.`expedientes`, CONSTRAINT `fk_expedientes_departamento` FOREIGN KEY (`departamento_actual`) REFERENCES `departamentos` (`id`) ON DELETE SET NULL ON UPDATE CASCADE) in C:\xampp\htdocs\apps\gestion_expedientes\system\Database\MySQLi\Connection.php:306
Stack trace:
#0 C:\xampp\htdocs\apps\gestion_expedientes\system\Database\MySQLi\Connection.php(306): mysqli->query('UPDATE `expedie...', 0)
#1 C:\xampp\htdocs\apps\gestion_expedientes\system\Database\BaseConnection.php(692): CodeIgniter\Database\MySQLi\Connection->execute('UPDATE `expedie...')
#2 C:\xampp\htdocs\apps\gestion_expedientes\system\Database\BaseConnection.php(606): CodeIgniter\Database\BaseConnection->simpleQuery('UPDATE `expedie...')
#3 C:\xampp\htdocs\apps\gestion_expedientes\system\Database\BaseBuilder.php(2475): CodeIgniter\Database\BaseConnection->query('UPDATE `expedie...', Array, false)
#4 C:\xampp\htdocs\apps\gestion_expedientes\system\Model.php(385): CodeIgniter\Database\BaseBuilder->update()
#5 C:\xampp\htdocs\apps\gestion_expedientes\system\BaseModel.php(949): CodeIgniter\Model->doUpdate(Array, Array)
#6 C:\xampp\htdocs\apps\gestion_expedientes\system\Model.php(776): CodeIgniter\BaseModel->update(Array, Array)
#7 C:\xampp\htdocs\apps\gestion_expedientes\app\Controllers\Dossiers.php(319): CodeIgniter\Model->update('30', Array)
#8 C:\xampp\htdocs\apps\gestion_expedientes\system\CodeIgniter.php(919): App\Controllers\Dossiers->update('30')
#9 C:\xampp\htdocs\apps\gestion_expedientes\system\CodeIgniter.php(494): CodeIgniter\CodeIgniter->runController(Object(App\Controllers\Dossiers))
#10 C:\xampp\htdocs\apps\gestion_expedientes\system\CodeIgniter.php(353): CodeIgniter\CodeIgniter->handleRequest(NULL, Object(Config\Cache), false)
#11 C:\xampp\htdocs\apps\gestion_expedientes\index.php(79): CodeIgniter\CodeIgniter->run()
#12 {main}
CRITICAL - 2026-03-06 11:46:41 --> Cannot add or update a child row: a foreign key constraint fails (`gest_exp`.`expedientes`, CONSTRAINT `fk_expedientes_departamento` FOREIGN KEY (`departamento_actual`) REFERENCES `departamentos` (`id`) ON DELETE SET NULL ON UPDATE CASCADE)
in SYSTEMPATH\Database\BaseConnection.php on line 646.
 1 SYSTEMPATH\Database\BaseBuilder.php(2475): CodeIgniter\Database\BaseConnection->query('UPDATE `expedientes` SET `titulo` = :titulo:, `descripcion` = :descripcion:, `departamento_actual` = :departamento_actual:, `estado_id` = :estado_id:, `prioridad` = :prioridad:, `nivel_confidencialidad` = :nivel_confidencialidad:, `fecha_actualizacion` = :fecha_actualizacion:
WHERE `expedientes`.`id` IN :expedientes.id:', [...], false)
 2 SYSTEMPATH\Model.php(385): CodeIgniter\Database\BaseBuilder->update()
 3 SYSTEMPATH\BaseModel.php(949): CodeIgniter\Model->doUpdate([...], [...])
 4 SYSTEMPATH\Model.php(776): CodeIgniter\BaseModel->update([...], [...])
 5 APPPATH\Controllers\Dossiers.php(319): CodeIgniter\Model->update('30', [...])
 6 SYSTEMPATH\CodeIgniter.php(919): App\Controllers\Dossiers->update('30')
 7 SYSTEMPATH\CodeIgniter.php(494): CodeIgniter\CodeIgniter->runController(Object(App\Controllers\Dossiers))
 8 SYSTEMPATH\CodeIgniter.php(353): CodeIgniter\CodeIgniter->handleRequest(null, Object(Config\Cache), false)
 9 FCPATH\index.php(79): CodeIgniter\CodeIgniter->run()
ERROR - 2026-03-06 11:47:31 --> mysqli_sql_exception: Cannot add or update a child row: a foreign key constraint fails (`gest_exp`.`expedientes`, CONSTRAINT `fk_expedientes_estado` FOREIGN KEY (`estado_id`) REFERENCES `estados` (`id`) ON DELETE SET NULL ON UPDATE CASCADE) in C:\xampp\htdocs\apps\gestion_expedientes\system\Database\MySQLi\Connection.php:306
Stack trace:
#0 C:\xampp\htdocs\apps\gestion_expedientes\system\Database\MySQLi\Connection.php(306): mysqli->query('UPDATE `expedie...', 0)
#1 C:\xampp\htdocs\apps\gestion_expedientes\system\Database\BaseConnection.php(692): CodeIgniter\Database\MySQLi\Connection->execute('UPDATE `expedie...')
#2 C:\xampp\htdocs\apps\gestion_expedientes\system\Database\BaseConnection.php(606): CodeIgniter\Database\BaseConnection->simpleQuery('UPDATE `expedie...')
#3 C:\xampp\htdocs\apps\gestion_expedientes\system\Database\BaseBuilder.php(2475): CodeIgniter\Database\BaseConnection->query('UPDATE `expedie...', Array, false)
#4 C:\xampp\htdocs\apps\gestion_expedientes\system\Model.php(385): CodeIgniter\Database\BaseBuilder->update()
#5 C:\xampp\htdocs\apps\gestion_expedientes\system\BaseModel.php(949): CodeIgniter\Model->doUpdate(Array, Array)
#6 C:\xampp\htdocs\apps\gestion_expedientes\system\Model.php(776): CodeIgniter\BaseModel->update(Array, Array)
#7 C:\xampp\htdocs\apps\gestion_expedientes\app\Controllers\Dossiers.php(319): CodeIgniter\Model->update('15', Array)
#8 C:\xampp\htdocs\apps\gestion_expedientes\system\CodeIgniter.php(919): App\Controllers\Dossiers->update('15')
#9 C:\xampp\htdocs\apps\gestion_expedientes\system\CodeIgniter.php(494): CodeIgniter\CodeIgniter->runController(Object(App\Controllers\Dossiers))
#10 C:\xampp\htdocs\apps\gestion_expedientes\system\CodeIgniter.php(353): CodeIgniter\CodeIgniter->handleRequest(NULL, Object(Config\Cache), false)
#11 C:\xampp\htdocs\apps\gestion_expedientes\index.php(79): CodeIgniter\CodeIgniter->run()
#12 {main}
CRITICAL - 2026-03-06 11:47:31 --> Cannot add or update a child row: a foreign key constraint fails (`gest_exp`.`expedientes`, CONSTRAINT `fk_expedientes_estado` FOREIGN KEY (`estado_id`) REFERENCES `estados` (`id`) ON DELETE SET NULL ON UPDATE CASCADE)
in SYSTEMPATH\Database\BaseConnection.php on line 646.
 1 SYSTEMPATH\Database\BaseBuilder.php(2475): CodeIgniter\Database\BaseConnection->query('UPDATE `expedientes` SET `titulo` = :titulo:, `descripcion` = :descripcion:, `departamento_actual` = :departamento_actual:, `estado_id` = :estado_id:, `prioridad` = :prioridad:, `nivel_confidencialidad` = :nivel_confidencialidad:, `fecha_actualizacion` = :fecha_actualizacion:
WHERE `expedientes`.`id` IN :expedientes.id:', [...], false)
 2 SYSTEMPATH\Model.php(385): CodeIgniter\Database\BaseBuilder->update()
 3 SYSTEMPATH\BaseModel.php(949): CodeIgniter\Model->doUpdate([...], [...])
 4 SYSTEMPATH\Model.php(776): CodeIgniter\BaseModel->update([...], [...])
 5 APPPATH\Controllers\Dossiers.php(319): CodeIgniter\Model->update('15', [...])
 6 SYSTEMPATH\CodeIgniter.php(919): App\Controllers\Dossiers->update('15')
 7 SYSTEMPATH\CodeIgniter.php(494): CodeIgniter\CodeIgniter->runController(Object(App\Controllers\Dossiers))
 8 SYSTEMPATH\CodeIgniter.php(353): CodeIgniter\CodeIgniter->handleRequest(null, Object(Config\Cache), false)
 9 FCPATH\index.php(79): CodeIgniter\CodeIgniter->run()
ERROR - 2026-03-06 12:44:50 --> mysqli_sql_exception: Cannot add or update a child row: a foreign key constraint fails (`gest_exp`.`expedientes`, CONSTRAINT `fk_expedientes_estado` FOREIGN KEY (`estado_id`) REFERENCES `estados` (`id`) ON DELETE SET NULL ON UPDATE CASCADE) in C:\xampp\htdocs\apps\gestion_expedientes\system\Database\MySQLi\Connection.php:306
Stack trace:
#0 C:\xampp\htdocs\apps\gestion_expedientes\system\Database\MySQLi\Connection.php(306): mysqli->query('UPDATE `expedie...', 0)
#1 C:\xampp\htdocs\apps\gestion_expedientes\system\Database\BaseConnection.php(692): CodeIgniter\Database\MySQLi\Connection->execute('UPDATE `expedie...')
#2 C:\xampp\htdocs\apps\gestion_expedientes\system\Database\BaseConnection.php(606): CodeIgniter\Database\BaseConnection->simpleQuery('UPDATE `expedie...')
#3 C:\xampp\htdocs\apps\gestion_expedientes\system\Database\BaseBuilder.php(2475): CodeIgniter\Database\BaseConnection->query('UPDATE `expedie...', Array, false)
#4 C:\xampp\htdocs\apps\gestion_expedientes\system\Model.php(385): CodeIgniter\Database\BaseBuilder->update()
#5 C:\xampp\htdocs\apps\gestion_expedientes\system\BaseModel.php(949): CodeIgniter\Model->doUpdate(Array, Array)
#6 C:\xampp\htdocs\apps\gestion_expedientes\system\Model.php(776): CodeIgniter\BaseModel->update(Array, Array)
#7 C:\xampp\htdocs\apps\gestion_expedientes\app\Controllers\Dossiers.php(318): CodeIgniter\Model->update('17', Array)
#8 C:\xampp\htdocs\apps\gestion_expedientes\system\CodeIgniter.php(919): App\Controllers\Dossiers->update('17')
#9 C:\xampp\htdocs\apps\gestion_expedientes\system\CodeIgniter.php(494): CodeIgniter\CodeIgniter->runController(Object(App\Controllers\Dossiers))
#10 C:\xampp\htdocs\apps\gestion_expedientes\system\CodeIgniter.php(353): CodeIgniter\CodeIgniter->handleRequest(NULL, Object(Config\Cache), false)
#11 C:\xampp\htdocs\apps\gestion_expedientes\index.php(79): CodeIgniter\CodeIgniter->run()
#12 {main}
CRITICAL - 2026-03-06 12:44:50 --> Cannot add or update a child row: a foreign key constraint fails (`gest_exp`.`expedientes`, CONSTRAINT `fk_expedientes_estado` FOREIGN KEY (`estado_id`) REFERENCES `estados` (`id`) ON DELETE SET NULL ON UPDATE CASCADE)
in SYSTEMPATH\Database\BaseConnection.php on line 646.
 1 SYSTEMPATH\Database\BaseBuilder.php(2475): CodeIgniter\Database\BaseConnection->query('UPDATE `expedientes` SET `titulo` = :titulo:, `descripcion` = :descripcion:, `estado_id` = :estado_id:, `prioridad` = :prioridad:, `nivel_confidencialidad` = :nivel_confidencialidad:, `fecha_actualizacion` = :fecha_actualizacion:
WHERE `expedientes`.`id` IN :expedientes.id:', [...], false)
 2 SYSTEMPATH\Model.php(385): CodeIgniter\Database\BaseBuilder->update()
 3 SYSTEMPATH\BaseModel.php(949): CodeIgniter\Model->doUpdate([...], [...])
 4 SYSTEMPATH\Model.php(776): CodeIgniter\BaseModel->update([...], [...])
 5 APPPATH\Controllers\Dossiers.php(318): CodeIgniter\Model->update('17', [...])
 6 SYSTEMPATH\CodeIgniter.php(919): App\Controllers\Dossiers->update('17')
 7 SYSTEMPATH\CodeIgniter.php(494): CodeIgniter\CodeIgniter->runController(Object(App\Controllers\Dossiers))
 8 SYSTEMPATH\CodeIgniter.php(353): CodeIgniter\CodeIgniter->handleRequest(null, Object(Config\Cache), false)
 9 FCPATH\index.php(79): CodeIgniter\CodeIgniter->run()
CRITICAL - 2026-03-06 12:46:08 --> Cannot use object of type stdClass as array
in APPPATH\Views\dossier\move.php on line 45.
 1 SYSTEMPATH\View\View.php(226): include()
 2 SYSTEMPATH\View\View.php(229): CodeIgniter\View\View->CodeIgniter\View\{closure}()
 3 SYSTEMPATH\Common.php(1188): CodeIgniter\View\View->render('dossier/move', [], true)
 4 APPPATH\Controllers\Dossiers.php(418): view('dossier/move', [...])
 5 SYSTEMPATH\CodeIgniter.php(919): App\Controllers\Dossiers->mover('8')
 6 SYSTEMPATH\CodeIgniter.php(494): CodeIgniter\CodeIgniter->runController(Object(App\Controllers\Dossiers))
 7 SYSTEMPATH\CodeIgniter.php(353): CodeIgniter\CodeIgniter->handleRequest(null, Object(Config\Cache), false)
 8 FCPATH\index.php(79): CodeIgniter\CodeIgniter->run()
CRITICAL - 2026-03-06 12:50:07 --> Cannot use object of type stdClass as array
in APPPATH\Views\dossier\move.php on line 45.
 1 SYSTEMPATH\View\View.php(226): include()
 2 SYSTEMPATH\View\View.php(229): CodeIgniter\View\View->CodeIgniter\View\{closure}()
 3 SYSTEMPATH\Common.php(1188): CodeIgniter\View\View->render('dossier/move', [], true)
 4 APPPATH\Controllers\Dossiers.php(418): view('dossier/move', [...])
 5 SYSTEMPATH\CodeIgniter.php(919): App\Controllers\Dossiers->mover('8')
 6 SYSTEMPATH\CodeIgniter.php(494): CodeIgniter\CodeIgniter->runController(Object(App\Controllers\Dossiers))
 7 SYSTEMPATH\CodeIgniter.php(353): CodeIgniter\CodeIgniter->handleRequest(null, Object(Config\Cache), false)
 8 FCPATH\index.php(79): CodeIgniter\CodeIgniter->run()
CRITICAL - 2026-03-06 12:51:43 --> Cannot use object of type stdClass as array
in APPPATH\Views\dossier\move.php on line 45.
 1 SYSTEMPATH\View\View.php(226): include()
 2 SYSTEMPATH\View\View.php(229): CodeIgniter\View\View->CodeIgniter\View\{closure}()
 3 SYSTEMPATH\Common.php(1188): CodeIgniter\View\View->render('dossier/move', [], true)
 4 APPPATH\Controllers\Dossiers.php(418): view('dossier/move', [...])
 5 SYSTEMPATH\CodeIgniter.php(919): App\Controllers\Dossiers->mover('8')
 6 SYSTEMPATH\CodeIgniter.php(494): CodeIgniter\CodeIgniter->runController(Object(App\Controllers\Dossiers))
 7 SYSTEMPATH\CodeIgniter.php(353): CodeIgniter\CodeIgniter->handleRequest(null, Object(Config\Cache), false)
 8 FCPATH\index.php(79): CodeIgniter\CodeIgniter->run()
CRITICAL - 2026-03-06 12:53:24 --> Attempt to read property "id" on array
in APPPATH\Views\dossier\move.php on line 41.
 1 APPPATH\Views\dossier\move.php(41): CodeIgniter\Debug\Exceptions->errorHandler(2, 'Attempt to read property "id" on array', 'C:\\xampp\\htdocs\\apps\\gestion_expedientes\\app\\Views\\dossier\\move.php', 41)
 2 SYSTEMPATH\View\View.php(226): include('C:\\xampp\\htdocs\\apps\\gestion_expedientes\\app\\Views\\dossier\\move.php')
 3 SYSTEMPATH\View\View.php(229): CodeIgniter\View\View->CodeIgniter\View\{closure}()
 4 SYSTEMPATH\Common.php(1188): CodeIgniter\View\View->render('dossier/move', [], true)
 5 APPPATH\Controllers\Dossiers.php(418): view('dossier/move', [...])
 6 SYSTEMPATH\CodeIgniter.php(919): App\Controllers\Dossiers->mover('8')
 7 SYSTEMPATH\CodeIgniter.php(494): CodeIgniter\CodeIgniter->runController(Object(App\Controllers\Dossiers))
 8 SYSTEMPATH\CodeIgniter.php(353): CodeIgniter\CodeIgniter->handleRequest(null, Object(Config\Cache), false)
 9 FCPATH\index.php(79): CodeIgniter\CodeIgniter->run()
CRITICAL - 2026-03-06 13:00:05 --> Undefined array key "uname"
in APPPATH\Views\users\index.php on line 80.
 1 APPPATH\Views\users\index.php(80): CodeIgniter\Debug\Exceptions->errorHandler(2, 'Undefined array key "uname"', 'C:\\xampp\\htdocs\\apps\\gestion_expedientes\\app\\Views\\users\\index.php', 80)
 2 SYSTEMPATH\View\View.php(226): include('C:\\xampp\\htdocs\\apps\\gestion_expedientes\\app\\Views\\users\\index.php')
 3 SYSTEMPATH\View\View.php(229): CodeIgniter\View\View->CodeIgniter\View\{closure}()
 4 SYSTEMPATH\Common.php(1188): CodeIgniter\View\View->render('users/index', [], true)
 5 APPPATH\Controllers\Users.php(31): view('users/index', [...])
 6 SYSTEMPATH\CodeIgniter.php(919): App\Controllers\Users->index()
 7 SYSTEMPATH\CodeIgniter.php(494): CodeIgniter\CodeIgniter->runController(Object(App\Controllers\Users))
 8 SYSTEMPATH\CodeIgniter.php(353): CodeIgniter\CodeIgniter->handleRequest(null, Object(Config\Cache), false)
 9 FCPATH\index.php(79): CodeIgniter\CodeIgniter->run()
CRITICAL - 2026-03-06 13:10:27 --> Class "App\Models\MovimientosExpedienteModel" not found
in APPPATH\Controllers\Dossiers.php on line 433.
 1 SYSTEMPATH\CodeIgniter.php(919): App\Controllers\Dossiers->UpdateMovement('10')
 2 SYSTEMPATH\CodeIgniter.php(494): CodeIgniter\CodeIgniter->runController(Object(App\Controllers\Dossiers))
 3 SYSTEMPATH\CodeIgniter.php(353): CodeIgniter\CodeIgniter->handleRequest(null, Object(Config\Cache), false)
 4 FCPATH\index.php(79): CodeIgniter\CodeIgniter->run()
CRITICAL - 2026-03-06 13:10:59 --> Cannot use object of type stdClass as array
in APPPATH\Controllers\Dossiers.php on line 445.
 1 SYSTEMPATH\CodeIgniter.php(919): App\Controllers\Dossiers->UpdateMovement('10')
 2 SYSTEMPATH\CodeIgniter.php(494): CodeIgniter\CodeIgniter->runController(Object(App\Controllers\Dossiers))
 3 SYSTEMPATH\CodeIgniter.php(353): CodeIgniter\CodeIgniter->handleRequest(null, Object(Config\Cache), false)
 4 FCPATH\index.php(79): CodeIgniter\CodeIgniter->run()
ERROR - 2026-03-06 13:12:17 --> mysqli_sql_exception: Unknown column 'fecha_movimiento' in 'field list' in C:\xampp\htdocs\apps\gestion_expedientes\system\Database\MySQLi\Connection.php:306
Stack trace:
#0 C:\xampp\htdocs\apps\gestion_expedientes\system\Database\MySQLi\Connection.php(306): mysqli->query('INSERT INTO `mo...', 0)
#1 C:\xampp\htdocs\apps\gestion_expedientes\system\Database\BaseConnection.php(692): CodeIgniter\Database\MySQLi\Connection->execute('INSERT INTO `mo...')
#2 C:\xampp\htdocs\apps\gestion_expedientes\system\Database\BaseConnection.php(606): CodeIgniter\Database\BaseConnection->simpleQuery('INSERT INTO `mo...')
#3 C:\xampp\htdocs\apps\gestion_expedientes\system\Database\BaseBuilder.php(2308): CodeIgniter\Database\BaseConnection->query('INSERT INTO `mo...', Array, false)
#4 C:\xampp\htdocs\apps\gestion_expedientes\system\Model.php(319): CodeIgniter\Database\BaseBuilder->insert()
#5 C:\xampp\htdocs\apps\gestion_expedientes\system\BaseModel.php(788): CodeIgniter\Model->doInsert(Array)
#6 C:\xampp\htdocs\apps\gestion_expedientes\system\Model.php(715): CodeIgniter\BaseModel->insert(Array, true)
#7 C:\xampp\htdocs\apps\gestion_expedientes\app\Controllers\Dossiers.php(453): CodeIgniter\Model->insert(Array)
#8 C:\xampp\htdocs\apps\gestion_expedientes\system\CodeIgniter.php(919): App\Controllers\Dossiers->UpdateMovement('10')
#9 C:\xampp\htdocs\apps\gestion_expedientes\system\CodeIgniter.php(494): CodeIgniter\CodeIgniter->runController(Object(App\Controllers\Dossiers))
#10 C:\xampp\htdocs\apps\gestion_expedientes\system\CodeIgniter.php(353): CodeIgniter\CodeIgniter->handleRequest(NULL, Object(Config\Cache), false)
#11 C:\xampp\htdocs\apps\gestion_expedientes\index.php(79): CodeIgniter\CodeIgniter->run()
#12 {main}
CRITICAL - 2026-03-06 13:12:17 --> Unknown column 'fecha_movimiento' in 'field list'
in SYSTEMPATH\Database\BaseConnection.php on line 646.
 1 SYSTEMPATH\Database\BaseBuilder.php(2308): CodeIgniter\Database\BaseConnection->query('INSERT INTO `movimientos_expediente` (`expediente_id`, `departamento_origen`, `departamento_destino`, `usuario_id`, `comentario`, `fecha_movimiento`, `created_at`, `updated_at`) VALUES (:expediente_id:, :departamento_origen:, :departamento_destino:, :usuario_id:, :comentario:, :fecha_movimiento:, :created_at:, :updated_at:)', [...], false)
 2 SYSTEMPATH\Model.php(319): CodeIgniter\Database\BaseBuilder->insert()
 3 SYSTEMPATH\BaseModel.php(788): CodeIgniter\Model->doInsert([...])
 4 SYSTEMPATH\Model.php(715): CodeIgniter\BaseModel->insert([...], true)
 5 APPPATH\Controllers\Dossiers.php(453): CodeIgniter\Model->insert([...])
 6 SYSTEMPATH\CodeIgniter.php(919): App\Controllers\Dossiers->UpdateMovement('10')
 7 SYSTEMPATH\CodeIgniter.php(494): CodeIgniter\CodeIgniter->runController(Object(App\Controllers\Dossiers))
 8 SYSTEMPATH\CodeIgniter.php(353): CodeIgniter\CodeIgniter->handleRequest(null, Object(Config\Cache), false)
 9 FCPATH\index.php(79): CodeIgniter\CodeIgniter->run()
ERROR - 2026-03-06 13:12:52 --> mysqli_sql_exception: Unknown column 'created_at' in 'field list' in C:\xampp\htdocs\apps\gestion_expedientes\system\Database\MySQLi\Connection.php:306
Stack trace:
#0 C:\xampp\htdocs\apps\gestion_expedientes\system\Database\MySQLi\Connection.php(306): mysqli->query('INSERT INTO `mo...', 0)
#1 C:\xampp\htdocs\apps\gestion_expedientes\system\Database\BaseConnection.php(692): CodeIgniter\Database\MySQLi\Connection->execute('INSERT INTO `mo...')
#2 C:\xampp\htdocs\apps\gestion_expedientes\system\Database\BaseConnection.php(606): CodeIgniter\Database\BaseConnection->simpleQuery('INSERT INTO `mo...')
#3 C:\xampp\htdocs\apps\gestion_expedientes\system\Database\BaseBuilder.php(2308): CodeIgniter\Database\BaseConnection->query('INSERT INTO `mo...', Array, false)
#4 C:\xampp\htdocs\apps\gestion_expedientes\system\Model.php(319): CodeIgniter\Database\BaseBuilder->insert()
#5 C:\xampp\htdocs\apps\gestion_expedientes\system\BaseModel.php(788): CodeIgniter\Model->doInsert(Array)
#6 C:\xampp\htdocs\apps\gestion_expedientes\system\Model.php(715): CodeIgniter\BaseModel->insert(Array, true)
#7 C:\xampp\htdocs\apps\gestion_expedientes\app\Controllers\Dossiers.php(453): CodeIgniter\Model->insert(Array)
#8 C:\xampp\htdocs\apps\gestion_expedientes\system\CodeIgniter.php(919): App\Controllers\Dossiers->UpdateMovement('10')
#9 C:\xampp\htdocs\apps\gestion_expedientes\system\CodeIgniter.php(494): CodeIgniter\CodeIgniter->runController(Object(App\Controllers\Dossiers))
#10 C:\xampp\htdocs\apps\gestion_expedientes\system\CodeIgniter.php(353): CodeIgniter\CodeIgniter->handleRequest(NULL, Object(Config\Cache), false)
#11 C:\xampp\htdocs\apps\gestion_expedientes\index.php(79): CodeIgniter\CodeIgniter->run()
#12 {main}
CRITICAL - 2026-03-06 13:12:52 --> Unknown column 'created_at' in 'field list'
in SYSTEMPATH\Database\BaseConnection.php on line 646.
 1 SYSTEMPATH\Database\BaseBuilder.php(2308): CodeIgniter\Database\BaseConnection->query('INSERT INTO `movimientos_expediente` (`expediente_id`, `departamento_origen`, `departamento_destino`, `usuario_id`, `comentario`, `created_at`, `updated_at`) VALUES (:expediente_id:, :departamento_origen:, :departamento_destino:, :usuario_id:, :comentario:, :created_at:, :updated_at:)', [...], false)
 2 SYSTEMPATH\Model.php(319): CodeIgniter\Database\BaseBuilder->insert()
 3 SYSTEMPATH\BaseModel.php(788): CodeIgniter\Model->doInsert([...])
 4 SYSTEMPATH\Model.php(715): CodeIgniter\BaseModel->insert([...], true)
 5 APPPATH\Controllers\Dossiers.php(453): CodeIgniter\Model->insert([...])
 6 SYSTEMPATH\CodeIgniter.php(919): App\Controllers\Dossiers->UpdateMovement('10')
 7 SYSTEMPATH\CodeIgniter.php(494): CodeIgniter\CodeIgniter->runController(Object(App\Controllers\Dossiers))
 8 SYSTEMPATH\CodeIgniter.php(353): CodeIgniter\CodeIgniter->handleRequest(null, Object(Config\Cache), false)
 9 FCPATH\index.php(79): CodeIgniter\CodeIgniter->run()
ERROR - 2026-03-06 13:15:20 --> mysqli_sql_exception: Unknown column 'created_at' in 'field list' in C:\xampp\htdocs\apps\gestion_expedientes\system\Database\MySQLi\Connection.php:306
Stack trace:
#0 C:\xampp\htdocs\apps\gestion_expedientes\system\Database\MySQLi\Connection.php(306): mysqli->query('INSERT INTO `mo...', 0)
#1 C:\xampp\htdocs\apps\gestion_expedientes\system\Database\BaseConnection.php(692): CodeIgniter\Database\MySQLi\Connection->execute('INSERT INTO `mo...')
#2 C:\xampp\htdocs\apps\gestion_expedientes\system\Database\BaseConnection.php(606): CodeIgniter\Database\BaseConnection->simpleQuery('INSERT INTO `mo...')
#3 C:\xampp\htdocs\apps\gestion_expedientes\system\Database\BaseBuilder.php(2308): CodeIgniter\Database\BaseConnection->query('INSERT INTO `mo...', Array, false)
#4 C:\xampp\htdocs\apps\gestion_expedientes\system\Model.php(319): CodeIgniter\Database\BaseBuilder->insert()
#5 C:\xampp\htdocs\apps\gestion_expedientes\system\BaseModel.php(788): CodeIgniter\Model->doInsert(Array)
#6 C:\xampp\htdocs\apps\gestion_expedientes\system\Model.php(715): CodeIgniter\BaseModel->insert(Array, true)
#7 C:\xampp\htdocs\apps\gestion_expedientes\app\Controllers\Dossiers.php(453): CodeIgniter\Model->insert(Array)
#8 C:\xampp\htdocs\apps\gestion_expedientes\system\CodeIgniter.php(919): App\Controllers\Dossiers->UpdateMovement('10')
#9 C:\xampp\htdocs\apps\gestion_expedientes\system\CodeIgniter.php(494): CodeIgniter\CodeIgniter->runController(Object(App\Controllers\Dossiers))
#10 C:\xampp\htdocs\apps\gestion_expedientes\system\CodeIgniter.php(353): CodeIgniter\CodeIgniter->handleRequest(NULL, Object(Config\Cache), false)
#11 C:\xampp\htdocs\apps\gestion_expedientes\index.php(79): CodeIgniter\CodeIgniter->run()
#12 {main}
CRITICAL - 2026-03-06 13:15:20 --> Unknown column 'created_at' in 'field list'
in SYSTEMPATH\Database\BaseConnection.php on line 646.
 1 SYSTEMPATH\Database\BaseBuilder.php(2308): CodeIgniter\Database\BaseConnection->query('INSERT INTO `movimientos_expediente` (`expediente_id`, `departamento_origen`, `departamento_destino`, `usuario_id`, `comentario`, `fecha`, `created_at`, `updated_at`) VALUES (:expediente_id:, :departamento_origen:, :departamento_destino:, :usuario_id:, :comentario:, :fecha:, :created_at:, :updated_at:)', [...], false)
 2 SYSTEMPATH\Model.php(319): CodeIgniter\Database\BaseBuilder->insert()
 3 SYSTEMPATH\BaseModel.php(788): CodeIgniter\Model->doInsert([...])
 4 SYSTEMPATH\Model.php(715): CodeIgniter\BaseModel->insert([...], true)
 5 APPPATH\Controllers\Dossiers.php(453): CodeIgniter\Model->insert([...])
 6 SYSTEMPATH\CodeIgniter.php(919): App\Controllers\Dossiers->UpdateMovement('10')
 7 SYSTEMPATH\CodeIgniter.php(494): CodeIgniter\CodeIgniter->runController(Object(App\Controllers\Dossiers))
 8 SYSTEMPATH\CodeIgniter.php(353): CodeIgniter\CodeIgniter->handleRequest(null, Object(Config\Cache), false)
 9 FCPATH\index.php(79): CodeIgniter\CodeIgniter->run()
CRITICAL - 2026-03-06 13:20:07 --> Class "App\Models\MovimientoModel" not found
in APPPATH\Controllers\Dossiers.php on line 433.
 1 SYSTEMPATH\CodeIgniter.php(919): App\Controllers\Dossiers->UpdateMovement('8')
 2 SYSTEMPATH\CodeIgniter.php(494): CodeIgniter\CodeIgniter->runController(Object(App\Controllers\Dossiers))
 3 SYSTEMPATH\CodeIgniter.php(353): CodeIgniter\CodeIgniter->handleRequest(null, Object(Config\Cache), false)
 4 FCPATH\index.php(79): CodeIgniter\CodeIgniter->run()
CRITICAL - 2026-03-06 13:20:40 --> Cannot use object of type stdClass as array
in APPPATH\Controllers\Dossiers.php on line 441.
 1 SYSTEMPATH\CodeIgniter.php(919): App\Controllers\Dossiers->UpdateMovement('8')
 2 SYSTEMPATH\CodeIgniter.php(494): CodeIgniter\CodeIgniter->runController(Object(App\Controllers\Dossiers))
 3 SYSTEMPATH\CodeIgniter.php(353): CodeIgniter\CodeIgniter->handleRequest(null, Object(Config\Cache), false)
 4 FCPATH\index.php(79): CodeIgniter\CodeIgniter->run()
CRITICAL - 2026-03-06 13:20:48 --> Cannot use object of type stdClass as array
in APPPATH\Controllers\Dossiers.php on line 441.
 1 SYSTEMPATH\CodeIgniter.php(919): App\Controllers\Dossiers->UpdateMovement('8')
 2 SYSTEMPATH\CodeIgniter.php(494): CodeIgniter\CodeIgniter->runController(Object(App\Controllers\Dossiers))
 3 SYSTEMPATH\CodeIgniter.php(353): CodeIgniter\CodeIgniter->handleRequest(null, Object(Config\Cache), false)
 4 FCPATH\index.php(79): CodeIgniter\CodeIgniter->run()
ERROR - 2026-03-06 13:40:37 --> mysqli_sql_exception: Cannot delete or update a parent row: a foreign key constraint fails (`gest_exp`.`expedientes`, CONSTRAINT `fk_expedientes_creado_por` FOREIGN KEY (`creado_por`) REFERENCES `usuarios` (`id`) ON UPDATE CASCADE) in C:\xampp\htdocs\apps\gestion_expedientes\system\Database\MySQLi\Connection.php:306
Stack trace:
#0 C:\xampp\htdocs\apps\gestion_expedientes\system\Database\MySQLi\Connection.php(306): mysqli->query('DELETE FROM `us...', 0)
#1 C:\xampp\htdocs\apps\gestion_expedientes\system\Database\BaseConnection.php(692): CodeIgniter\Database\MySQLi\Connection->execute('DELETE FROM `us...')
#2 C:\xampp\htdocs\apps\gestion_expedientes\system\Database\BaseConnection.php(606): CodeIgniter\Database\BaseConnection->simpleQuery('DELETE FROM `us...')
#3 C:\xampp\htdocs\apps\gestion_expedientes\system\Database\BaseBuilder.php(2790): CodeIgniter\Database\BaseConnection->query('DELETE FROM `us...', Array, false)
#4 C:\xampp\htdocs\apps\gestion_expedientes\system\Model.php(445): CodeIgniter\Database\BaseBuilder->delete()
#5 C:\xampp\htdocs\apps\gestion_expedientes\system\BaseModel.php(1080): CodeIgniter\Model->doDelete('0', false)
#6 C:\xampp\htdocs\apps\gestion_expedientes\app\Controllers\Users.php(156): CodeIgniter\BaseModel->delete('0')
#7 C:\xampp\htdocs\apps\gestion_expedientes\system\CodeIgniter.php(919): App\Controllers\Users->delete('0')
#8 C:\xampp\htdocs\apps\gestion_expedientes\system\CodeIgniter.php(494): CodeIgniter\CodeIgniter->runController(Object(App\Controllers\Users))
#9 C:\xampp\htdocs\apps\gestion_expedientes\system\CodeIgniter.php(353): CodeIgniter\CodeIgniter->handleRequest(NULL, Object(Config\Cache), false)
#10 C:\xampp\htdocs\apps\gestion_expedientes\index.php(79): CodeIgniter\CodeIgniter->run()
#11 {main}
CRITICAL - 2026-03-06 13:40:37 --> Cannot delete or update a parent row: a foreign key constraint fails (`gest_exp`.`expedientes`, CONSTRAINT `fk_expedientes_creado_por` FOREIGN KEY (`creado_por`) REFERENCES `usuarios` (`id`) ON UPDATE CASCADE)
in SYSTEMPATH\Database\BaseConnection.php on line 646.
 1 SYSTEMPATH\Database\BaseBuilder.php(2790): CodeIgniter\Database\BaseConnection->query('DELETE FROM `usuarios`
WHERE `id` = :id:', [...], false)
 2 SYSTEMPATH\Model.php(445): CodeIgniter\Database\BaseBuilder->delete()
 3 SYSTEMPATH\BaseModel.php(1080): CodeIgniter\Model->doDelete('0', false)
 4 APPPATH\Controllers\Users.php(156): CodeIgniter\BaseModel->delete('0')
 5 SYSTEMPATH\CodeIgniter.php(919): App\Controllers\Users->delete('0')
 6 SYSTEMPATH\CodeIgniter.php(494): CodeIgniter\CodeIgniter->runController(Object(App\Controllers\Users))
 7 SYSTEMPATH\CodeIgniter.php(353): CodeIgniter\CodeIgniter->handleRequest(null, Object(Config\Cache), false)
 8 FCPATH\index.php(79): CodeIgniter\CodeIgniter->run()
