CRITICAL - 2025-03-23 10:43:17 --> Cannot redeclare App\Models\EmailsModel::GetDenunciaStatistics()
in APPPATH/Models/EmailsModel.php on line 108.
 1 [internal function]: CodeIgniter\Debug\Exceptions->shutdownHandler()
ERROR - 2025-03-23 12:42:26 --> mysqli_sql_exception: Unknown column 'menu_istituzioni' in 'SELECT' in /home/polc18dxi70o/public_html/ademy-groups.com/gestor_denuncias/system/Database/MySQLi/Connection.php:306
Stack trace:
#0 /home/polc18dxi70o/public_html/ademy-groups.com/gestor_denuncias/system/Database/MySQLi/Connection.php(306): mysqli->query()
#1 /home/polc18dxi70o/public_html/ademy-groups.com/gestor_denuncias/system/Database/BaseConnection.php(692): CodeIgniter\Database\MySQLi\Connection->execute()
#2 /home/polc18dxi70o/public_html/ademy-groups.com/gestor_denuncias/system/Database/BaseConnection.php(606): CodeIgniter\Database\BaseConnection->simpleQuery()
#3 /home/polc18dxi70o/public_html/ademy-groups.com/gestor_denuncias/system/Database/BaseBuilder.php(1615): CodeIgniter\Database\BaseConnection->query()
#4 /home/polc18dxi70o/public_html/ademy-groups.com/gestor_denuncias/system/Model.php(237): CodeIgniter\Database\BaseBuilder->get()
#5 /home/polc18dxi70o/public_html/ademy-groups.com/gestor_denuncias/system/BaseModel.php(624): CodeIgniter\Model->doFindAll()
#6 /home/polc18dxi70o/public_html/ademy-groups.com/gestor_denuncias/app/Models/EmailsModel.php(106): CodeIgniter\BaseModel->findAll()
#7 /home/polc18dxi70o/public_html/ademy-groups.com/gestor_denuncias/app/Controllers/Dashboard.php(15): App\Models\EmailsModel->getInstitutions()
#8 /home/polc18dxi70o/public_html/ademy-groups.com/gestor_denuncias/system/CodeIgniter.php(919): App\Controllers\Dashboard->index()
#9 /home/polc18dxi70o/public_html/ademy-groups.com/gestor_denuncias/system/CodeIgniter.php(494): CodeIgniter\CodeIgniter->runController()
#10 /home/polc18dxi70o/public_html/ademy-groups.com/gestor_denuncias/system/CodeIgniter.php(353): CodeIgniter\CodeIgniter->handleRequest()
#11 /home/polc18dxi70o/public_html/ademy-groups.com/gestor_denuncias/index.php(79): CodeIgniter\CodeIgniter->run()
#12 {main}
CRITICAL - 2025-03-23 12:42:26 --> Unknown column 'menu_istituzioni' in 'SELECT'
in SYSTEMPATH/Database/BaseConnection.php on line 646.
 1 SYSTEMPATH/Database/BaseBuilder.php(1615): CodeIgniter\Database\BaseConnection->query()
 2 SYSTEMPATH/Model.php(237): CodeIgniter\Database\BaseBuilder->get()
 3 SYSTEMPATH/BaseModel.php(624): CodeIgniter\Model->doFindAll()
 4 APPPATH/Models/EmailsModel.php(106): CodeIgniter\BaseModel->findAll()
 5 APPPATH/Controllers/Dashboard.php(15): App\Models\EmailsModel->getInstitutions()
 6 SYSTEMPATH/CodeIgniter.php(919): App\Controllers\Dashboard->index()
 7 SYSTEMPATH/CodeIgniter.php(494): CodeIgniter\CodeIgniter->runController()
 8 SYSTEMPATH/CodeIgniter.php(353): CodeIgniter\CodeIgniter->handleRequest()
 9 FCPATH/index.php(79): CodeIgniter\CodeIgniter->run()
CRITICAL - 2025-03-23 12:50:01 --> Undefined variable $total_denuncias
in APPPATH/Views/app/shortcut.php on line 6.
 1 APPPATH/Views/app/shortcut.php(6): CodeIgniter\Debug\Exceptions->errorHandler()
 2 SYSTEMPATH/View/View.php(226): include('/home/polc18dxi70o/public_html/ademy-groups.com/gestor_denuncias/app/Views/app/shortcut.php')
 3 SYSTEMPATH/View/View.php(229): CodeIgniter\View\View->CodeIgniter\View\{closure}()
 4 SYSTEMPATH/View/View.php(467): CodeIgniter\View\View->render()
 5 APPPATH/Views/dashboard.php(26): CodeIgniter\View\View->include()
 6 SYSTEMPATH/View/View.php(226): include('/home/polc18dxi70o/public_html/ademy-groups.com/gestor_denuncias/app/Views/dashboard.php')
 7 SYSTEMPATH/View/View.php(229): CodeIgniter\View\View->CodeIgniter\View\{closure}()
 8 SYSTEMPATH/Common.php(1188): CodeIgniter\View\View->render()
 9 APPPATH/Controllers/Dashboard.php(36): view()
10 SYSTEMPATH/CodeIgniter.php(919): App\Controllers\Dashboard->index()
11 SYSTEMPATH/CodeIgniter.php(494): CodeIgniter\CodeIgniter->runController()
12 SYSTEMPATH/CodeIgniter.php(353): CodeIgniter\CodeIgniter->handleRequest()
13 FCPATH/index.php(79): CodeIgniter\CodeIgniter->run()
CRITICAL - 2025-03-23 12:51:12 --> syntax error, unexpected token ";"
in APPPATH/Views/dashboard.php on line 26.
 1 SYSTEMPATH/View/View.php(229): CodeIgniter\View\View->CodeIgniter\View\{closure}()
 2 SYSTEMPATH/Common.php(1188): CodeIgniter\View\View->render()
 3 APPPATH/Controllers/Dashboard.php(36): view()
 4 SYSTEMPATH/CodeIgniter.php(919): App\Controllers\Dashboard->index()
 5 SYSTEMPATH/CodeIgniter.php(494): CodeIgniter\CodeIgniter->runController()
 6 SYSTEMPATH/CodeIgniter.php(353): CodeIgniter\CodeIgniter->handleRequest()
 7 FCPATH/index.php(79): CodeIgniter\CodeIgniter->run()
CRITICAL - 2025-03-23 12:53:28 --> Undefined variable $emails
in APPPATH/Views/dashboard.php on line 92.
 1 APPPATH/Views/dashboard.php(92): CodeIgniter\Debug\Exceptions->errorHandler()
 2 SYSTEMPATH/View/View.php(226): include('/home/polc18dxi70o/public_html/ademy-groups.com/gestor_denuncias/app/Views/dashboard.php')
 3 SYSTEMPATH/View/View.php(229): CodeIgniter\View\View->CodeIgniter\View\{closure}()
 4 SYSTEMPATH/Common.php(1188): CodeIgniter\View\View->render()
 5 APPPATH/Controllers/Dashboard.php(36): view()
 6 SYSTEMPATH/CodeIgniter.php(919): App\Controllers\Dashboard->index()
 7 SYSTEMPATH/CodeIgniter.php(494): CodeIgniter\CodeIgniter->runController()
 8 SYSTEMPATH/CodeIgniter.php(353): CodeIgniter\CodeIgniter->handleRequest()
 9 FCPATH/index.php(79): CodeIgniter\CodeIgniter->run()
CRITICAL - 2025-03-23 12:55:08 --> Undefined property: CodeIgniter\View\View::$request
in APPPATH/Views/dashboard.php on line 72.
 1 APPPATH/Views/dashboard.php(72): CodeIgniter\Debug\Exceptions->errorHandler()
 2 SYSTEMPATH/View/View.php(226): include('/home/polc18dxi70o/public_html/ademy-groups.com/gestor_denuncias/app/Views/dashboard.php')
 3 SYSTEMPATH/View/View.php(229): CodeIgniter\View\View->CodeIgniter\View\{closure}()
 4 SYSTEMPATH/Common.php(1188): CodeIgniter\View\View->render()
 5 APPPATH/Controllers/Dashboard.php(36): view()
 6 SYSTEMPATH/CodeIgniter.php(919): App\Controllers\Dashboard->index()
 7 SYSTEMPATH/CodeIgniter.php(494): CodeIgniter\CodeIgniter->runController()
 8 SYSTEMPATH/CodeIgniter.php(353): CodeIgniter\CodeIgniter->handleRequest()
 9 FCPATH/index.php(79): CodeIgniter\CodeIgniter->run()
CRITICAL - 2025-03-23 12:59:01 --> Undefined property: CodeIgniter\View\View::$request
in APPPATH/Views/dashboard.php on line 72.
 1 APPPATH/Views/dashboard.php(72): CodeIgniter\Debug\Exceptions->errorHandler()
 2 SYSTEMPATH/View/View.php(226): include('/home/polc18dxi70o/public_html/ademy-groups.com/gestor_denuncias/app/Views/dashboard.php')
 3 SYSTEMPATH/View/View.php(229): CodeIgniter\View\View->CodeIgniter\View\{closure}()
 4 SYSTEMPATH/Common.php(1188): CodeIgniter\View\View->render()
 5 APPPATH/Controllers/Dashboard.php(36): view()
 6 SYSTEMPATH/CodeIgniter.php(919): App\Controllers\Dashboard->index()
 7 SYSTEMPATH/CodeIgniter.php(494): CodeIgniter\CodeIgniter->runController()
 8 SYSTEMPATH/CodeIgniter.php(353): CodeIgniter\CodeIgniter->handleRequest()
 9 FCPATH/index.php(79): CodeIgniter\CodeIgniter->run()
CRITICAL - 2025-03-23 13:00:45 --> Undefined array key "menu_istituzioni"
in APPPATH/Views/dashboard.php on line 82.
 1 APPPATH/Views/dashboard.php(82): CodeIgniter\Debug\Exceptions->errorHandler()
 2 SYSTEMPATH/View/View.php(226): include('/home/polc18dxi70o/public_html/ademy-groups.com/gestor_denuncias/app/Views/dashboard.php')
 3 SYSTEMPATH/View/View.php(229): CodeIgniter\View\View->CodeIgniter\View\{closure}()
 4 SYSTEMPATH/Common.php(1188): CodeIgniter\View\View->render()
 5 APPPATH/Controllers/Dashboard.php(36): view()
 6 SYSTEMPATH/CodeIgniter.php(919): App\Controllers\Dashboard->index()
 7 SYSTEMPATH/CodeIgniter.php(494): CodeIgniter\CodeIgniter->runController()
 8 SYSTEMPATH/CodeIgniter.php(353): CodeIgniter\CodeIgniter->handleRequest()
 9 FCPATH/index.php(79): CodeIgniter\CodeIgniter->run()
CRITICAL - 2025-03-23 13:30:55 --> Call to undefined function App\Controllers\hasRole()
in APPPATH/Controllers/Users.php on line 21.
 1 SYSTEMPATH/CodeIgniter.php(919): App\Controllers\Users->index()
 2 SYSTEMPATH/CodeIgniter.php(494): CodeIgniter\CodeIgniter->runController()
 3 SYSTEMPATH/CodeIgniter.php(353): CodeIgniter\CodeIgniter->handleRequest()
 4 FCPATH/index.php(79): CodeIgniter\CodeIgniter->run()
CRITICAL - 2025-03-23 13:31:10 --> Call to undefined function App\Controllers\hasRole()
in APPPATH/Controllers/Users.php on line 21.
 1 SYSTEMPATH/CodeIgniter.php(919): App\Controllers\Users->index()
 2 SYSTEMPATH/CodeIgniter.php(494): CodeIgniter\CodeIgniter->runController()
 3 SYSTEMPATH/CodeIgniter.php(353): CodeIgniter\CodeIgniter->handleRequest()
 4 FCPATH/index.php(79): CodeIgniter\CodeIgniter->run()
CRITICAL - 2025-03-23 13:31:23 --> Undefined variable $total_denuncias
in APPPATH/Views/app/shortcut.php on line 6.
 1 APPPATH/Views/app/shortcut.php(6): CodeIgniter\Debug\Exceptions->errorHandler()
 2 SYSTEMPATH/View/View.php(226): include('/home/polc18dxi70o/public_html/ademy-groups.com/gestor_denuncias/app/Views/app/shortcut.php')
 3 SYSTEMPATH/View/View.php(229): CodeIgniter\View\View->CodeIgniter\View\{closure}()
 4 SYSTEMPATH/View/View.php(467): CodeIgniter\View\View->render()
 5 APPPATH/Views/roles/index.php(29): CodeIgniter\View\View->include()
 6 SYSTEMPATH/View/View.php(226): include('/home/polc18dxi70o/public_html/ademy-groups.com/gestor_denuncias/app/Views/roles/index.php')
 7 SYSTEMPATH/View/View.php(229): CodeIgniter\View\View->CodeIgniter\View\{closure}()
 8 SYSTEMPATH/Common.php(1188): CodeIgniter\View\View->render()
 9 APPPATH/Controllers/Roles.php(21): view()
10 SYSTEMPATH/CodeIgniter.php(919): App\Controllers\Roles->index()
11 SYSTEMPATH/CodeIgniter.php(494): CodeIgniter\CodeIgniter->runController()
12 SYSTEMPATH/CodeIgniter.php(353): CodeIgniter\CodeIgniter->handleRequest()
13 FCPATH/index.php(79): CodeIgniter\CodeIgniter->run()
CRITICAL - 2025-03-23 13:43:15 --> syntax error, unexpected token "{", expecting "function" or "const"
in APPPATH/Models/EmailsModel.php on line 73.
 1 SYSTEMPATH/Autoloader/Autoloader.php(285): CodeIgniter\Autoloader\Autoloader->includeFile()
 2 SYSTEMPATH/Autoloader/Autoloader.php(263): CodeIgniter\Autoloader\Autoloader->loadInNamespace()
 3 APPPATH/Controllers/DataTransferController.php(317): CodeIgniter\Autoloader\Autoloader->loadClass()
 4 SYSTEMPATH/CodeIgniter.php(919): App\Controllers\DataTransferController->statistics()
 5 SYSTEMPATH/CodeIgniter.php(494): CodeIgniter\CodeIgniter->runController()
 6 SYSTEMPATH/CodeIgniter.php(353): CodeIgniter\CodeIgniter->handleRequest()
 7 FCPATH/index.php(79): CodeIgniter\CodeIgniter->run()
CRITICAL - 2025-03-23 13:43:49 --> syntax error, unexpected token "{", expecting "function" or "const"
in APPPATH/Models/EmailsModel.php on line 73.
 1 SYSTEMPATH/Autoloader/Autoloader.php(285): CodeIgniter\Autoloader\Autoloader->includeFile()
 2 SYSTEMPATH/Autoloader/Autoloader.php(263): CodeIgniter\Autoloader\Autoloader->loadInNamespace()
 3 APPPATH/Controllers/DataTransferController.php(317): CodeIgniter\Autoloader\Autoloader->loadClass()
 4 SYSTEMPATH/CodeIgniter.php(919): App\Controllers\DataTransferController->statistics()
 5 SYSTEMPATH/CodeIgniter.php(494): CodeIgniter\CodeIgniter->runController()
 6 SYSTEMPATH/CodeIgniter.php(353): CodeIgniter\CodeIgniter->handleRequest()
 7 FCPATH/index.php(79): CodeIgniter\CodeIgniter->run()
CRITICAL - 2025-03-23 13:53:41 --> Undefined variable $denunciaTypes
in APPPATH/Views/reports/statistics.php on line 61.
 1 APPPATH/Views/reports/statistics.php(61): CodeIgniter\Debug\Exceptions->errorHandler()
 2 SYSTEMPATH/View/View.php(226): include('/home/polc18dxi70o/public_html/ademy-groups.com/gestor_denuncias/app/Views/reports/statistics.php')
 3 SYSTEMPATH/View/View.php(229): CodeIgniter\View\View->CodeIgniter\View\{closure}()
 4 SYSTEMPATH/Common.php(1188): CodeIgniter\View\View->render()
 5 APPPATH/Controllers/DataTransferController.php(341): view()
 6 SYSTEMPATH/CodeIgniter.php(919): App\Controllers\DataTransferController->statistics()
 7 SYSTEMPATH/CodeIgniter.php(494): CodeIgniter\CodeIgniter->runController()
 8 SYSTEMPATH/CodeIgniter.php(353): CodeIgniter\CodeIgniter->handleRequest()
 9 FCPATH/index.php(79): CodeIgniter\CodeIgniter->run()
CRITICAL - 2025-03-23 13:58:21 --> Undefined property: App\Controllers\DataTransferController::$emailsModel
in APPPATH/Controllers/DataTransferController.php on line 321.
 1 APPPATH/Controllers/DataTransferController.php(321): CodeIgniter\Debug\Exceptions->errorHandler()
 2 SYSTEMPATH/CodeIgniter.php(919): App\Controllers\DataTransferController->statistics()
 3 SYSTEMPATH/CodeIgniter.php(494): CodeIgniter\CodeIgniter->runController()
 4 SYSTEMPATH/CodeIgniter.php(353): CodeIgniter\CodeIgniter->handleRequest()
 5 FCPATH/index.php(79): CodeIgniter\CodeIgniter->run()
CRITICAL - 2025-03-23 14:10:52 --> Undefined property: App\Controllers\DataTransferController::$emailsModel
in APPPATH/Controllers/DataTransferController.php on line 325.
 1 APPPATH/Controllers/DataTransferController.php(325): CodeIgniter\Debug\Exceptions->errorHandler()
 2 SYSTEMPATH/CodeIgniter.php(919): App\Controllers\DataTransferController->statistics()
 3 SYSTEMPATH/CodeIgniter.php(494): CodeIgniter\CodeIgniter->runController()
 4 SYSTEMPATH/CodeIgniter.php(353): CodeIgniter\CodeIgniter->handleRequest()
 5 FCPATH/index.php(79): CodeIgniter\CodeIgniter->run()
CRITICAL - 2025-03-23 14:15:07 --> syntax error, unexpected token "{", expecting "function" or "const"
in APPPATH/Controllers/DataTransferController.php on line 315.
 1 SYSTEMPATH/Autoloader/Autoloader.php(285): CodeIgniter\Autoloader\Autoloader->includeFile()
 2 SYSTEMPATH/Autoloader/Autoloader.php(263): CodeIgniter\Autoloader\Autoloader->loadInNamespace()
 3 [internal function]: CodeIgniter\Autoloader\Autoloader->loadClass()
 4 SYSTEMPATH/CodeIgniter.php(877): class_exists()
 5 SYSTEMPATH/CodeIgniter.php(481): CodeIgniter\CodeIgniter->startController()
 6 SYSTEMPATH/CodeIgniter.php(353): CodeIgniter\CodeIgniter->handleRequest()
 7 FCPATH/index.php(79): CodeIgniter\CodeIgniter->run()
