CRITICAL - 2025-05-15 08:22:29 --> Updates are not allowed unless they contain a "where" or "like" clause.
in SYSTEMPATH/Model.php on line 380.
 1 SYSTEMPATH/BaseModel.php(949): CodeIgniter\Model->doUpdate()
 2 SYSTEMPATH/Model.php(776): CodeIgniter\BaseModel->update()
 3 APPPATH/Controllers/Users.php(263): CodeIgniter\Model->update()
 4 SYSTEMPATH/CodeIgniter.php(919): App\Controllers\Users->update_photo()
 5 SYSTEMPATH/CodeIgniter.php(494): CodeIgniter\CodeIgniter->runController()
 6 SYSTEMPATH/CodeIgniter.php(353): CodeIgniter\CodeIgniter->handleRequest()
 7 FCPATH/index.php(79): CodeIgniter\CodeIgniter->run()
CRITICAL - 2025-05-15 11:03:57 --> syntax error, unexpected identifier "reports", expecting ")"
in APPPATH/Config/Routes.php on line 46.
 1 SYSTEMPATH/CodeIgniter.php(787): CodeIgniter\Router\RouteCollection->loadRoutes()
 2 SYSTEMPATH/CodeIgniter.php(442): CodeIgniter\CodeIgniter->tryToRouteIt()
 3 SYSTEMPATH/CodeIgniter.php(353): CodeIgniter\CodeIgniter->handleRequest()
 4 FCPATH/index.php(79): CodeIgniter\CodeIgniter->run()
CRITICAL - 2025-05-15 11:08:09 --> Invalid file: "reports/pdf_template.php"
in SYSTEMPATH/Exceptions/FrameworkException.php on line 39.
 1 SYSTEMPATH/View/View.php(214): CodeIgniter\Exceptions\FrameworkException::forInvalidFile()
 2 SYSTEMPATH/Common.php(1188): CodeIgniter\View\View->render()
 3 APPPATH/Controllers/DataTransferController.php(370): view()
 4 SYSTEMPATH/CodeIgniter.php(919): App\Controllers\DataTransferController->exportPdf()
 5 SYSTEMPATH/CodeIgniter.php(494): CodeIgniter\CodeIgniter->runController()
 6 SYSTEMPATH/CodeIgniter.php(353): CodeIgniter\CodeIgniter->handleRequest()
 7 FCPATH/index.php(79): CodeIgniter\CodeIgniter->run()
CRITICAL - 2025-05-15 13:37:05 --> Trait "Dompdf\Dompdf\Dompdf" not found
in APPPATH/Controllers/DataTransferController.php on line 14.
 1 [internal function]: CodeIgniter\Debug\Exceptions->shutdownHandler()
CRITICAL - 2025-05-15 13:37:10 --> Trait "Dompdf\Dompdf\Dompdf" not found
in APPPATH/Controllers/DataTransferController.php on line 14.
 1 [internal function]: CodeIgniter\Debug\Exceptions->shutdownHandler()
CRITICAL - 2025-05-15 13:45:24 --> file_put_contents(/home/polc18dxi70o/public_html/ademy-groups.com/gestor_denuncias/writable/temp/denuncia_174.pdf): Failed to open stream: No such file or directory
in APPPATH/Controllers/DataTransferController.php on line 401.
 1 [internal function]: CodeIgniter\Debug\Exceptions->errorHandler()
 2 APPPATH/Controllers/DataTransferController.php(401): file_put_contents()
 3 SYSTEMPATH/CodeIgniter.php(919): App\Controllers\DataTransferController->exportPdf()
 4 SYSTEMPATH/CodeIgniter.php(494): CodeIgniter\CodeIgniter->runController()
 5 SYSTEMPATH/CodeIgniter.php(353): CodeIgniter\CodeIgniter->handleRequest()
 6 FCPATH/index.php(79): CodeIgniter\CodeIgniter->run()
CRITICAL - 2025-05-15 13:48:45 --> file_put_contents(/home/polc18dxi70o/public_html/ademy-groups.com/gestor_denuncias/writable/temp/denuncia_174.pdf): Failed to open stream: No such file or directory
in APPPATH/Controllers/DataTransferController.php on line 401.
 1 [internal function]: CodeIgniter\Debug\Exceptions->errorHandler()
 2 APPPATH/Controllers/DataTransferController.php(401): file_put_contents()
 3 SYSTEMPATH/CodeIgniter.php(919): App\Controllers\DataTransferController->exportPdf()
 4 SYSTEMPATH/CodeIgniter.php(494): CodeIgniter\CodeIgniter->runController()
 5 SYSTEMPATH/CodeIgniter.php(353): CodeIgniter\CodeIgniter->handleRequest()
 6 FCPATH/index.php(79): CodeIgniter\CodeIgniter->run()
CRITICAL - 2025-05-15 13:49:44 --> Trait "Dompdf\Dompdf\Dompdf" not found
in APPPATH/Controllers/DataTransferController.php on line 14.
 1 [internal function]: CodeIgniter\Debug\Exceptions->shutdownHandler()
