CRITICAL - 2024-12-14 10:12:35 --> syntax error, unexpected token ";"
in APPPATH\Views\dashboard.php on line 2.
 1 SYSTEMPATH\View\View.php(229): CodeIgniter\View\View->CodeIgniter\View\{closure}()
 2 SYSTEMPATH\Common.php(1188): CodeIgniter\View\View->render('dashboard', [], true)
 3 APPPATH\Controllers\Dashboard.php(34): view('dashboard', [...])
 4 SYSTEMPATH\CodeIgniter.php(919): App\Controllers\Dashboard->index()
 5 SYSTEMPATH\CodeIgniter.php(494): CodeIgniter\CodeIgniter->runController(Object(App\Controllers\Dashboard))
 6 SYSTEMPATH\CodeIgniter.php(353): CodeIgniter\CodeIgniter->handleRequest(null, Object(Config\Cache), false)
 7 FCPATH\index.php(79): CodeIgniter\CodeIgniter->run()
CRITICAL - 2024-12-14 11:00:21 --> syntax error, unexpected string content "app/footer) ?>"
in APPPATH\Views\app\header.php on line 195.
 1 SYSTEMPATH\View\View.php(229): CodeIgniter\View\View->CodeIgniter\View\{closure}()
 2 SYSTEMPATH\View\View.php(467): CodeIgniter\View\View->render('app/header', null, true)
 3 APPPATH\Views\dashboard.php(1): CodeIgniter\View\View->include('app/header')
 4 SYSTEMPATH\View\View.php(226): include('C:\\xampp\\htdocs\\apps\\app_anticorrupcion\\app\\Views\\dashboard.php')
 5 SYSTEMPATH\View\View.php(229): CodeIgniter\View\View->CodeIgniter\View\{closure}()
 6 SYSTEMPATH\Common.php(1188): CodeIgniter\View\View->render('dashboard', [], true)
 7 APPPATH\Controllers\Dashboard.php(34): view('dashboard', [...])
 8 SYSTEMPATH\CodeIgniter.php(919): App\Controllers\Dashboard->index()
 9 SYSTEMPATH\CodeIgniter.php(494): CodeIgniter\CodeIgniter->runController(Object(App\Controllers\Dashboard))
10 SYSTEMPATH\CodeIgniter.php(353): CodeIgniter\CodeIgniter->handleRequest(null, Object(Config\Cache), false)
11 FCPATH\index.php(79): CodeIgniter\CodeIgniter->run()
CRITICAL - 2024-12-14 11:24:51 --> Invalid file: "app/shortcuts.php"
in SYSTEMPATH\Exceptions\FrameworkException.php on line 39.
 1 SYSTEMPATH\View\View.php(214): CodeIgniter\Exceptions\FrameworkException::forInvalidFile('app/shortcuts.php')
 2 SYSTEMPATH\View\View.php(467): CodeIgniter\View\View->render('app/shortcuts', null, true)
 3 APPPATH\Views\users\index.php(29): CodeIgniter\View\View->include('app/shortcuts')
 4 SYSTEMPATH\View\View.php(226): include('C:\\xampp\\htdocs\\apps\\app_anticorrupcion\\app\\Views\\users\\index.php')
 5 SYSTEMPATH\View\View.php(229): CodeIgniter\View\View->CodeIgniter\View\{closure}()
 6 SYSTEMPATH\Common.php(1188): CodeIgniter\View\View->render('users/index', [], true)
 7 APPPATH\Controllers\Users.php(27): view('users/index', [...])
 8 SYSTEMPATH\CodeIgniter.php(919): App\Controllers\Users->index()
 9 SYSTEMPATH\CodeIgniter.php(494): CodeIgniter\CodeIgniter->runController(Object(App\Controllers\Users))
10 SYSTEMPATH\CodeIgniter.php(353): CodeIgniter\CodeIgniter->handleRequest(null, Object(Config\Cache), false)
11 FCPATH\index.php(79): CodeIgniter\CodeIgniter->run()
CRITICAL - 2024-12-14 12:57:04 --> Undefined array key "desc"
in APPPATH\Views\users\edit.php on line 120.
 1 APPPATH\Views\users\edit.php(120): CodeIgniter\Debug\Exceptions->errorHandler(2, 'Undefined array key "desc"', 'C:\\xampp\\htdocs\\apps\\app_anticorrupcion\\app\\Views\\users\\edit.php', 120)
 2 SYSTEMPATH\View\View.php(226): include('C:\\xampp\\htdocs\\apps\\app_anticorrupcion\\app\\Views\\users\\edit.php')
 3 SYSTEMPATH\View\View.php(229): CodeIgniter\View\View->CodeIgniter\View\{closure}()
 4 SYSTEMPATH\Common.php(1188): CodeIgniter\View\View->render('users/edit', [], true)
 5 APPPATH\Controllers\Users.php(124): view('users/edit', [...])
 6 SYSTEMPATH\CodeIgniter.php(919): App\Controllers\Users->edit('12')
 7 SYSTEMPATH\CodeIgniter.php(494): CodeIgniter\CodeIgniter->runController(Object(App\Controllers\Users))
 8 SYSTEMPATH\CodeIgniter.php(353): CodeIgniter\CodeIgniter->handleRequest(null, Object(Config\Cache), false)
 9 FCPATH\index.php(79): CodeIgniter\CodeIgniter->run()
CRITICAL - 2024-12-14 13:09:07 --> Updates are not allowed unless they contain a "where" or "like" clause.
in SYSTEMPATH\Model.php on line 380.
 1 SYSTEMPATH\BaseModel.php(949): CodeIgniter\Model->doUpdate(null, [...])
 2 SYSTEMPATH\Model.php(776): CodeIgniter\BaseModel->update(null, [...])
 3 APPPATH\Controllers\Users.php(148): CodeIgniter\Model->update(null, [...])
 4 SYSTEMPATH\CodeIgniter.php(919): App\Controllers\Users->update()
 5 SYSTEMPATH\CodeIgniter.php(494): CodeIgniter\CodeIgniter->runController(Object(App\Controllers\Users))
 6 SYSTEMPATH\CodeIgniter.php(353): CodeIgniter\CodeIgniter->handleRequest(null, Object(Config\Cache), false)
 7 FCPATH\index.php(79): CodeIgniter\CodeIgniter->run()
CRITICAL - 2024-12-14 13:26:35 --> Undefined variable $user_obj
in APPPATH\Views\users\create.php on line 49.
 1 APPPATH\Views\users\create.php(49): CodeIgniter\Debug\Exceptions->errorHandler(2, 'Undefined variable $user_obj', 'C:\\xampp\\htdocs\\apps\\app_anticorrupcion\\app\\Views\\users\\create.php', 49)
 2 SYSTEMPATH\View\View.php(226): include('C:\\xampp\\htdocs\\apps\\app_anticorrupcion\\app\\Views\\users\\create.php')
 3 SYSTEMPATH\View\View.php(229): CodeIgniter\View\View->CodeIgniter\View\{closure}()
 4 SYSTEMPATH\Common.php(1188): CodeIgniter\View\View->render('users/create', [], true)
 5 APPPATH\Controllers\Users.php(42): view('users/create', [...])
 6 SYSTEMPATH\CodeIgniter.php(919): App\Controllers\Users->create()
 7 SYSTEMPATH\CodeIgniter.php(494): CodeIgniter\CodeIgniter->runController(Object(App\Controllers\Users))
 8 SYSTEMPATH\CodeIgniter.php(353): CodeIgniter\CodeIgniter->handleRequest(null, Object(Config\Cache), false)
 9 FCPATH\index.php(79): CodeIgniter\CodeIgniter->run()
CRITICAL - 2024-12-14 13:28:37 --> Undefined variable $user_obj
in APPPATH\Views\users\create.php on line 48.
 1 APPPATH\Views\users\create.php(48): CodeIgniter\Debug\Exceptions->errorHandler(2, 'Undefined variable $user_obj', 'C:\\xampp\\htdocs\\apps\\app_anticorrupcion\\app\\Views\\users\\create.php', 48)
 2 SYSTEMPATH\View\View.php(226): include('C:\\xampp\\htdocs\\apps\\app_anticorrupcion\\app\\Views\\users\\create.php')
 3 SYSTEMPATH\View\View.php(229): CodeIgniter\View\View->CodeIgniter\View\{closure}()
 4 SYSTEMPATH\Common.php(1188): CodeIgniter\View\View->render('users/create', [], true)
 5 APPPATH\Controllers\Users.php(42): view('users/create', [...])
 6 SYSTEMPATH\CodeIgniter.php(919): App\Controllers\Users->create()
 7 SYSTEMPATH\CodeIgniter.php(494): CodeIgniter\CodeIgniter->runController(Object(App\Controllers\Users))
 8 SYSTEMPATH\CodeIgniter.php(353): CodeIgniter\CodeIgniter->handleRequest(null, Object(Config\Cache), false)
 9 FCPATH\index.php(79): CodeIgniter\CodeIgniter->run()
CRITICAL - 2024-12-14 13:31:09 --> Undefined variable $user_obj
in APPPATH\Views\users\create.php on line 48.
 1 APPPATH\Views\users\create.php(48): CodeIgniter\Debug\Exceptions->errorHandler(2, 'Undefined variable $user_obj', 'C:\\xampp\\htdocs\\apps\\app_anticorrupcion\\app\\Views\\users\\create.php', 48)
 2 SYSTEMPATH\View\View.php(226): include('C:\\xampp\\htdocs\\apps\\app_anticorrupcion\\app\\Views\\users\\create.php')
 3 SYSTEMPATH\View\View.php(229): CodeIgniter\View\View->CodeIgniter\View\{closure}()
 4 SYSTEMPATH\Common.php(1188): CodeIgniter\View\View->render('users/create', [], true)
 5 APPPATH\Controllers\Users.php(42): view('users/create', [...])
 6 SYSTEMPATH\CodeIgniter.php(919): App\Controllers\Users->create()
 7 SYSTEMPATH\CodeIgniter.php(494): CodeIgniter\CodeIgniter->runController(Object(App\Controllers\Users))
 8 SYSTEMPATH\CodeIgniter.php(353): CodeIgniter\CodeIgniter->handleRequest(null, Object(Config\Cache), false)
 9 FCPATH\index.php(79): CodeIgniter\CodeIgniter->run()
CRITICAL - 2024-12-14 13:38:30 --> Updates are not allowed unless they contain a "where" or "like" clause.
in SYSTEMPATH\Model.php on line 380.
 1 SYSTEMPATH\BaseModel.php(949): CodeIgniter\Model->doUpdate(null, [...])
 2 SYSTEMPATH\Model.php(776): CodeIgniter\BaseModel->update(null, [...])
 3 APPPATH\Controllers\Users.php(148): CodeIgniter\Model->update(null, [...])
 4 SYSTEMPATH\CodeIgniter.php(919): App\Controllers\Users->update()
 5 SYSTEMPATH\CodeIgniter.php(494): CodeIgniter\CodeIgniter->runController(Object(App\Controllers\Users))
 6 SYSTEMPATH\CodeIgniter.php(353): CodeIgniter\CodeIgniter->handleRequest(null, Object(Config\Cache), false)
 7 FCPATH\index.php(79): CodeIgniter\CodeIgniter->run()
CRITICAL - 2024-12-14 13:38:47 --> Updates are not allowed unless they contain a "where" or "like" clause.
in SYSTEMPATH\Model.php on line 380.
 1 SYSTEMPATH\BaseModel.php(949): CodeIgniter\Model->doUpdate(null, [...])
 2 SYSTEMPATH\Model.php(776): CodeIgniter\BaseModel->update(null, [...])
 3 APPPATH\Controllers\Users.php(148): CodeIgniter\Model->update(null, [...])
 4 SYSTEMPATH\CodeIgniter.php(919): App\Controllers\Users->update()
 5 SYSTEMPATH\CodeIgniter.php(494): CodeIgniter\CodeIgniter->runController(Object(App\Controllers\Users))
 6 SYSTEMPATH\CodeIgniter.php(353): CodeIgniter\CodeIgniter->handleRequest(null, Object(Config\Cache), false)
 7 FCPATH\index.php(79): CodeIgniter\CodeIgniter->run()
CRITICAL - 2024-12-14 13:57:39 --> Undefined variable $query
in APPPATH\Views\roles\index.php on line 75.
 1 APPPATH\Views\roles\index.php(75): CodeIgniter\Debug\Exceptions->errorHandler(2, 'Undefined variable $query', 'C:\\xampp\\htdocs\\apps\\app_anticorrupcion\\app\\Views\\roles\\index.php', 75)
 2 SYSTEMPATH\View\View.php(226): include('C:\\xampp\\htdocs\\apps\\app_anticorrupcion\\app\\Views\\roles\\index.php')
 3 SYSTEMPATH\View\View.php(229): CodeIgniter\View\View->CodeIgniter\View\{closure}()
 4 SYSTEMPATH\Common.php(1188): CodeIgniter\View\View->render('roles/index', [], true)
 5 APPPATH\Controllers\Roles.php(21): view('roles/index', [...])
 6 SYSTEMPATH\CodeIgniter.php(919): App\Controllers\Roles->index()
 7 SYSTEMPATH\CodeIgniter.php(494): CodeIgniter\CodeIgniter->runController(Object(App\Controllers\Roles))
 8 SYSTEMPATH\CodeIgniter.php(353): CodeIgniter\CodeIgniter->handleRequest(null, Object(Config\Cache), false)
 9 FCPATH\index.php(79): CodeIgniter\CodeIgniter->run()
CRITICAL - 2024-12-14 13:58:09 --> syntax error, unexpected token "<", expecting end of file
in APPPATH\Views\roles\index.php on line 75.
 1 SYSTEMPATH\View\View.php(229): CodeIgniter\View\View->CodeIgniter\View\{closure}()
 2 SYSTEMPATH\Common.php(1188): CodeIgniter\View\View->render('roles/index', [], true)
 3 APPPATH\Controllers\Roles.php(21): view('roles/index', [...])
 4 SYSTEMPATH\CodeIgniter.php(919): App\Controllers\Roles->index()
 5 SYSTEMPATH\CodeIgniter.php(494): CodeIgniter\CodeIgniter->runController(Object(App\Controllers\Roles))
 6 SYSTEMPATH\CodeIgniter.php(353): CodeIgniter\CodeIgniter->handleRequest(null, Object(Config\Cache), false)
 7 FCPATH\index.php(79): CodeIgniter\CodeIgniter->run()
CRITICAL - 2024-12-14 13:59:27 --> syntax error, unexpected token "<", expecting end of file
in APPPATH\Views\roles\index.php on line 75.
 1 SYSTEMPATH\View\View.php(229): CodeIgniter\View\View->CodeIgniter\View\{closure}()
 2 SYSTEMPATH\Common.php(1188): CodeIgniter\View\View->render('roles/index', [], true)
 3 APPPATH\Controllers\Roles.php(21): view('roles/index', [...])
 4 SYSTEMPATH\CodeIgniter.php(919): App\Controllers\Roles->index()
 5 SYSTEMPATH\CodeIgniter.php(494): CodeIgniter\CodeIgniter->runController(Object(App\Controllers\Roles))
 6 SYSTEMPATH\CodeIgniter.php(353): CodeIgniter\CodeIgniter->handleRequest(null, Object(Config\Cache), false)
 7 FCPATH\index.php(79): CodeIgniter\CodeIgniter->run()
CRITICAL - 2024-12-14 14:05:03 --> Undefined array key "rolename"
in APPPATH\Views\roles\edit.php on line 55.
 1 APPPATH\Views\roles\edit.php(55): CodeIgniter\Debug\Exceptions->errorHandler(2, 'Undefined array key "rolename"', 'C:\\xampp\\htdocs\\apps\\app_anticorrupcion\\app\\Views\\roles\\edit.php', 55)
 2 SYSTEMPATH\View\View.php(226): include('C:\\xampp\\htdocs\\apps\\app_anticorrupcion\\app\\Views\\roles\\edit.php')
 3 SYSTEMPATH\View\View.php(229): CodeIgniter\View\View->CodeIgniter\View\{closure}()
 4 SYSTEMPATH\Common.php(1188): CodeIgniter\View\View->render('roles/edit', [], true)
 5 APPPATH\Controllers\Roles.php(76): view('roles/edit', [...])
 6 SYSTEMPATH\CodeIgniter.php(919): App\Controllers\Roles->edit('4')
 7 SYSTEMPATH\CodeIgniter.php(494): CodeIgniter\CodeIgniter->runController(Object(App\Controllers\Roles))
 8 SYSTEMPATH\CodeIgniter.php(353): CodeIgniter\CodeIgniter->handleRequest(null, Object(Config\Cache), false)
 9 FCPATH\index.php(79): CodeIgniter\CodeIgniter->run()
CRITICAL - 2024-12-14 14:21:40 --> Undefined variable $roles
in APPPATH\Views\roles\create.php on line 88.
 1 APPPATH\Views\roles\create.php(88): CodeIgniter\Debug\Exceptions->errorHandler(2, 'Undefined variable $roles', 'C:\\xampp\\htdocs\\apps\\app_anticorrupcion\\app\\Views\\roles\\create.php', 88)
 2 SYSTEMPATH\View\View.php(226): include('C:\\xampp\\htdocs\\apps\\app_anticorrupcion\\app\\Views\\roles\\create.php')
 3 SYSTEMPATH\View\View.php(229): CodeIgniter\View\View->CodeIgniter\View\{closure}()
 4 SYSTEMPATH\Common.php(1188): CodeIgniter\View\View->render('roles/create', [], true)
 5 APPPATH\Controllers\Roles.php(27): view('roles/create')
 6 SYSTEMPATH\CodeIgniter.php(919): App\Controllers\Roles->create()
 7 SYSTEMPATH\CodeIgniter.php(494): CodeIgniter\CodeIgniter->runController(Object(App\Controllers\Roles))
 8 SYSTEMPATH\CodeIgniter.php(353): CodeIgniter\CodeIgniter->handleRequest(null, Object(Config\Cache), false)
 9 FCPATH\index.php(79): CodeIgniter\CodeIgniter->run()
CRITICAL - 2024-12-14 14:40:52 --> Undefined variable $roles
in APPPATH\Views\reports\index.php on line 75.
 1 APPPATH\Views\reports\index.php(75): CodeIgniter\Debug\Exceptions->errorHandler(2, 'Undefined variable $roles', 'C:\\xampp\\htdocs\\apps\\app_anticorrupcion\\app\\Views\\reports\\index.php', 75)
 2 SYSTEMPATH\View\View.php(226): include('C:\\xampp\\htdocs\\apps\\app_anticorrupcion\\app\\Views\\reports\\index.php')
 3 SYSTEMPATH\View\View.php(229): CodeIgniter\View\View->CodeIgniter\View\{closure}()
 4 SYSTEMPATH\Common.php(1188): CodeIgniter\View\View->render('reports/index', [], true)
 5 APPPATH\Controllers\DataTransferController.php(150): view('reports/index', [...])
 6 SYSTEMPATH\CodeIgniter.php(919): App\Controllers\DataTransferController->reports()
 7 SYSTEMPATH\CodeIgniter.php(494): CodeIgniter\CodeIgniter->runController(Object(App\Controllers\DataTransferController))
 8 SYSTEMPATH\CodeIgniter.php(353): CodeIgniter\CodeIgniter->handleRequest(null, Object(Config\Cache), false)
 9 FCPATH\index.php(79): CodeIgniter\CodeIgniter->run()
CRITICAL - 2024-12-14 14:41:22 --> Undefined variable $roles
in APPPATH\Views\reports\index.php on line 75.
 1 APPPATH\Views\reports\index.php(75): CodeIgniter\Debug\Exceptions->errorHandler(2, 'Undefined variable $roles', 'C:\\xampp\\htdocs\\apps\\app_anticorrupcion\\app\\Views\\reports\\index.php', 75)
 2 SYSTEMPATH\View\View.php(226): include('C:\\xampp\\htdocs\\apps\\app_anticorrupcion\\app\\Views\\reports\\index.php')
 3 SYSTEMPATH\View\View.php(229): CodeIgniter\View\View->CodeIgniter\View\{closure}()
 4 SYSTEMPATH\Common.php(1188): CodeIgniter\View\View->render('reports/index', [], true)
 5 APPPATH\Controllers\DataTransferController.php(150): view('reports/index', [...])
 6 SYSTEMPATH\CodeIgniter.php(919): App\Controllers\DataTransferController->reports()
 7 SYSTEMPATH\CodeIgniter.php(494): CodeIgniter\CodeIgniter->runController(Object(App\Controllers\DataTransferController))
 8 SYSTEMPATH\CodeIgniter.php(353): CodeIgniter\CodeIgniter->handleRequest(null, Object(Config\Cache), false)
 9 FCPATH\index.php(79): CodeIgniter\CodeIgniter->run()
CRITICAL - 2024-12-14 15:47:46 --> syntax error, unexpected identifier "mensaje", expecting "]"
in APPPATH\Views\reports\assign.php on line 142.
 1 SYSTEMPATH\View\View.php(229): CodeIgniter\View\View->CodeIgniter\View\{closure}()
 2 SYSTEMPATH\Common.php(1188): CodeIgniter\View\View->render('reports/assign', [], true)
 3 APPPATH\Controllers\DataTransferController.php(164): view('reports/assign', [...])
 4 SYSTEMPATH\CodeIgniter.php(919): App\Controllers\DataTransferController->assign('173')
 5 SYSTEMPATH\CodeIgniter.php(494): CodeIgniter\CodeIgniter->runController(Object(App\Controllers\DataTransferController))
 6 SYSTEMPATH\CodeIgniter.php(353): CodeIgniter\CodeIgniter->handleRequest(null, Object(Config\Cache), false)
 7 FCPATH\index.php(79): CodeIgniter\CodeIgniter->run()
CRITICAL - 2024-12-14 15:49:40 --> syntax error, unexpected identifier "id", expecting "]"
in APPPATH\Views\reports\assign.php on line 152.
 1 SYSTEMPATH\View\View.php(229): CodeIgniter\View\View->CodeIgniter\View\{closure}()
 2 SYSTEMPATH\Common.php(1188): CodeIgniter\View\View->render('reports/assign', [], true)
 3 APPPATH\Controllers\DataTransferController.php(164): view('reports/assign', [...])
 4 SYSTEMPATH\CodeIgniter.php(919): App\Controllers\DataTransferController->assign('173')
 5 SYSTEMPATH\CodeIgniter.php(494): CodeIgniter\CodeIgniter->runController(Object(App\Controllers\DataTransferController))
 6 SYSTEMPATH\CodeIgniter.php(353): CodeIgniter\CodeIgniter->handleRequest(null, Object(Config\Cache), false)
 7 FCPATH\index.php(79): CodeIgniter\CodeIgniter->run()
CRITICAL - 2024-12-14 15:49:49 --> syntax error, unexpected identifier "mensaje", expecting "]"
in APPPATH\Views\reports\assign.php on line 142.
 1 SYSTEMPATH\View\View.php(229): CodeIgniter\View\View->CodeIgniter\View\{closure}()
 2 SYSTEMPATH\Common.php(1188): CodeIgniter\View\View->render('reports/assign', [], true)
 3 APPPATH\Controllers\DataTransferController.php(164): view('reports/assign', [...])
 4 SYSTEMPATH\CodeIgniter.php(919): App\Controllers\DataTransferController->assign('173')
 5 SYSTEMPATH\CodeIgniter.php(494): CodeIgniter\CodeIgniter->runController(Object(App\Controllers\DataTransferController))
 6 SYSTEMPATH\CodeIgniter.php(353): CodeIgniter\CodeIgniter->handleRequest(null, Object(Config\Cache), false)
 7 FCPATH\index.php(79): CodeIgniter\CodeIgniter->run()
ERROR - 2024-12-14 15:54:37 --> Error connecting to the database: mysqli_sql_exception: Unknown database 'portal3' in C:\xampp\htdocs\apps\app_anticorrupcion\system\Database\MySQLi\Connection.php:184
Stack trace:
#0 C:\xampp\htdocs\apps\app_anticorrupcion\system\Database\MySQLi\Connection.php(184): mysqli->real_connect('localhost', 'root', Object(SensitiveParameterValue), 'portal3', NULL, '', 0)
#1 C:\xampp\htdocs\apps\app_anticorrupcion\system\Database\BaseConnection.php(391): CodeIgniter\Database\MySQLi\Connection->connect(false)
#2 C:\xampp\htdocs\apps\app_anticorrupcion\system\Database\BaseConnection.php(574): CodeIgniter\Database\BaseConnection->initialize()
#3 C:\xampp\htdocs\apps\app_anticorrupcion\app\Controllers\DataTransferController.php(27): CodeIgniter\Database\BaseConnection->query('SELECT * FROM w...')
#4 C:\xampp\htdocs\apps\app_anticorrupcion\system\CodeIgniter.php(919): App\Controllers\DataTransferController->transferData()
#5 C:\xampp\htdocs\apps\app_anticorrupcion\system\CodeIgniter.php(494): CodeIgniter\CodeIgniter->runController(Object(App\Controllers\DataTransferController))
#6 C:\xampp\htdocs\apps\app_anticorrupcion\system\CodeIgniter.php(353): CodeIgniter\CodeIgniter->handleRequest(NULL, Object(Config\Cache), false)
#7 C:\xampp\htdocs\apps\app_anticorrupcion\public\index.php(79): CodeIgniter\CodeIgniter->run()
#8 {main}

Next CodeIgniter\Database\Exceptions\DatabaseException: Unknown database 'portal3' in C:\xampp\htdocs\apps\app_anticorrupcion\system\Database\MySQLi\Connection.php:229
Stack trace:
#0 C:\xampp\htdocs\apps\app_anticorrupcion\system\Database\BaseConnection.php(391): CodeIgniter\Database\MySQLi\Connection->connect(false)
#1 C:\xampp\htdocs\apps\app_anticorrupcion\system\Database\BaseConnection.php(574): CodeIgniter\Database\BaseConnection->initialize()
#2 C:\xampp\htdocs\apps\app_anticorrupcion\app\Controllers\DataTransferController.php(27): CodeIgniter\Database\BaseConnection->query('SELECT * FROM w...')
#3 C:\xampp\htdocs\apps\app_anticorrupcion\system\CodeIgniter.php(919): App\Controllers\DataTransferController->transferData()
#4 C:\xampp\htdocs\apps\app_anticorrupcion\system\CodeIgniter.php(494): CodeIgniter\CodeIgniter->runController(Object(App\Controllers\DataTransferController))
#5 C:\xampp\htdocs\apps\app_anticorrupcion\system\CodeIgniter.php(353): CodeIgniter\CodeIgniter->handleRequest(NULL, Object(Config\Cache), false)
#6 C:\xampp\htdocs\apps\app_anticorrupcion\public\index.php(79): CodeIgniter\CodeIgniter->run()
#7 {main}
CRITICAL - 2024-12-14 15:54:37 --> Unable to connect to the database.
Main connection [MySQLi]: Unknown database 'portal3'
in SYSTEMPATH\Database\BaseConnection.php on line 427.
 1 SYSTEMPATH\Database\BaseConnection.php(574): CodeIgniter\Database\BaseConnection->initialize()
 2 APPPATH\Controllers\DataTransferController.php(27): CodeIgniter\Database\BaseConnection->query('SELECT * FROM wp_db7_forms')
 3 SYSTEMPATH\CodeIgniter.php(919): App\Controllers\DataTransferController->transferData()
 4 SYSTEMPATH\CodeIgniter.php(494): CodeIgniter\CodeIgniter->runController(Object(App\Controllers\DataTransferController))
 5 SYSTEMPATH\CodeIgniter.php(353): CodeIgniter\CodeIgniter->handleRequest(null, Object(Config\Cache), false)
 6 FCPATH\index.php(79): CodeIgniter\CodeIgniter->run()
ERROR - 2024-12-14 16:07:44 --> Error connecting to the database: mysqli_sql_exception: Unknown database 'portal3' in C:\xampp\htdocs\apps\app_anticorrupcion\system\Database\MySQLi\Connection.php:184
Stack trace:
#0 C:\xampp\htdocs\apps\app_anticorrupcion\system\Database\MySQLi\Connection.php(184): mysqli->real_connect('localhost', 'root', Object(SensitiveParameterValue), 'portal3', NULL, '', 0)
#1 C:\xampp\htdocs\apps\app_anticorrupcion\system\Database\BaseConnection.php(391): CodeIgniter\Database\MySQLi\Connection->connect(false)
#2 C:\xampp\htdocs\apps\app_anticorrupcion\system\Database\BaseConnection.php(574): CodeIgniter\Database\BaseConnection->initialize()
#3 C:\xampp\htdocs\apps\app_anticorrupcion\app\Controllers\DataTransferController.php(27): CodeIgniter\Database\BaseConnection->query('SELECT * FROM w...')
#4 C:\xampp\htdocs\apps\app_anticorrupcion\system\CodeIgniter.php(919): App\Controllers\DataTransferController->transferData()
#5 C:\xampp\htdocs\apps\app_anticorrupcion\system\CodeIgniter.php(494): CodeIgniter\CodeIgniter->runController(Object(App\Controllers\DataTransferController))
#6 C:\xampp\htdocs\apps\app_anticorrupcion\system\CodeIgniter.php(353): CodeIgniter\CodeIgniter->handleRequest(NULL, Object(Config\Cache), false)
#7 C:\xampp\htdocs\apps\app_anticorrupcion\public\index.php(79): CodeIgniter\CodeIgniter->run()
#8 {main}

Next CodeIgniter\Database\Exceptions\DatabaseException: Unknown database 'portal3' in C:\xampp\htdocs\apps\app_anticorrupcion\system\Database\MySQLi\Connection.php:229
Stack trace:
#0 C:\xampp\htdocs\apps\app_anticorrupcion\system\Database\BaseConnection.php(391): CodeIgniter\Database\MySQLi\Connection->connect(false)
#1 C:\xampp\htdocs\apps\app_anticorrupcion\system\Database\BaseConnection.php(574): CodeIgniter\Database\BaseConnection->initialize()
#2 C:\xampp\htdocs\apps\app_anticorrupcion\app\Controllers\DataTransferController.php(27): CodeIgniter\Database\BaseConnection->query('SELECT * FROM w...')
#3 C:\xampp\htdocs\apps\app_anticorrupcion\system\CodeIgniter.php(919): App\Controllers\DataTransferController->transferData()
#4 C:\xampp\htdocs\apps\app_anticorrupcion\system\CodeIgniter.php(494): CodeIgniter\CodeIgniter->runController(Object(App\Controllers\DataTransferController))
#5 C:\xampp\htdocs\apps\app_anticorrupcion\system\CodeIgniter.php(353): CodeIgniter\CodeIgniter->handleRequest(NULL, Object(Config\Cache), false)
#6 C:\xampp\htdocs\apps\app_anticorrupcion\public\index.php(79): CodeIgniter\CodeIgniter->run()
#7 {main}
CRITICAL - 2024-12-14 16:07:44 --> Unable to connect to the database.
Main connection [MySQLi]: Unknown database 'portal3'
in SYSTEMPATH\Database\BaseConnection.php on line 427.
 1 SYSTEMPATH\Database\BaseConnection.php(574): CodeIgniter\Database\BaseConnection->initialize()
 2 APPPATH\Controllers\DataTransferController.php(27): CodeIgniter\Database\BaseConnection->query('SELECT * FROM wp_db7_forms')
 3 SYSTEMPATH\CodeIgniter.php(919): App\Controllers\DataTransferController->transferData()
 4 SYSTEMPATH\CodeIgniter.php(494): CodeIgniter\CodeIgniter->runController(Object(App\Controllers\DataTransferController))
 5 SYSTEMPATH\CodeIgniter.php(353): CodeIgniter\CodeIgniter->handleRequest(null, Object(Config\Cache), false)
 6 FCPATH\index.php(79): CodeIgniter\CodeIgniter->run()
CRITICAL - 2024-12-14 22:37:45 --> Maximum execution time of 120 seconds exceeded
in SYSTEMPATH\Autoloader\Autoloader.php on line 285.
 1 [internal function]: CodeIgniter\Debug\Exceptions->shutdownHandler()
