CRITICAL - 2023-10-04 10:07:06 --> include(app/app.php): Failed to open stream: No such file or directory
in APPPATH\Views\dashboard.php on line 1.
 1 APPPATH\Views\dashboard.php(1): CodeIgniter\Debug\Exceptions->errorHandler(2, 'include(app/app.php): Failed to open stream: No such file or directory', 'C:\\xampp\\htdocs\\apps\\gestion_denuncias\\app\\Views\\dashboard.php', 1)
 2 APPPATH\Views\dashboard.php(1): include()
 3 SYSTEMPATH\View\View.php(226): include('C:\\xampp\\htdocs\\apps\\gestion_denuncias\\app\\Views\\dashboard.php')
 4 SYSTEMPATH\View\View.php(229): CodeIgniter\View\View->CodeIgniter\View\{closure}()
 5 SYSTEMPATH\Common.php(1188): CodeIgniter\View\View->render('dashboard', [], true)
 6 APPPATH\Controllers\Dashboard.php(11): view('dashboard')
 7 SYSTEMPATH\CodeIgniter.php(919): App\Controllers\Dashboard->index()
 8 SYSTEMPATH\CodeIgniter.php(494): CodeIgniter\CodeIgniter->runController(Object(App\Controllers\Dashboard))
 9 SYSTEMPATH\CodeIgniter.php(353): CodeIgniter\CodeIgniter->handleRequest(null, Object(Config\Cache), false)
10 FCPATH\index.php(79): CodeIgniter\CodeIgniter->run()
CRITICAL - 2023-10-04 10:08:11 --> include(app/sidenav.php): Failed to open stream: No such file or directory
in APPPATH\Views\app\header.php on line 115.
 1 APPPATH\Views\app\header.php(115): CodeIgniter\Debug\Exceptions->errorHandler(2, 'include(app/sidenav.php): Failed to open stream: No such file or directory', 'C:\\xampp\\htdocs\\apps\\gestion_denuncias\\app\\Views\\app\\header.php', 115)
 2 APPPATH\Views\app\header.php(115): include()
 3 APPPATH\Views\dashboard.php(1): include('C:\\xampp\\htdocs\\apps\\gestion_denuncias\\app\\Views\\app\\header.php')
 4 SYSTEMPATH\View\View.php(226): include('C:\\xampp\\htdocs\\apps\\gestion_denuncias\\app\\Views\\dashboard.php')
 5 SYSTEMPATH\View\View.php(229): CodeIgniter\View\View->CodeIgniter\View\{closure}()
 6 SYSTEMPATH\Common.php(1188): CodeIgniter\View\View->render('dashboard', [], true)
 7 APPPATH\Controllers\Dashboard.php(11): view('dashboard')
 8 SYSTEMPATH\CodeIgniter.php(919): App\Controllers\Dashboard->index()
 9 SYSTEMPATH\CodeIgniter.php(494): CodeIgniter\CodeIgniter->runController(Object(App\Controllers\Dashboard))
10 SYSTEMPATH\CodeIgniter.php(353): CodeIgniter\CodeIgniter->handleRequest(null, Object(Config\Cache), false)
11 FCPATH\index.php(79): CodeIgniter\CodeIgniter->run()
CRITICAL - 2023-10-04 10:09:01 --> include(app/sidenav.php): Failed to open stream: No such file or directory
in APPPATH\Views\app\header.php on line 115.
 1 APPPATH\Views\app\header.php(115): CodeIgniter\Debug\Exceptions->errorHandler(2, 'include(app/sidenav.php): Failed to open stream: No such file or directory', 'C:\\xampp\\htdocs\\apps\\gestion_denuncias\\app\\Views\\app\\header.php', 115)
 2 APPPATH\Views\app\header.php(115): include()
 3 APPPATH\Views\dashboard.php(1): include('C:\\xampp\\htdocs\\apps\\gestion_denuncias\\app\\Views\\app\\header.php')
 4 SYSTEMPATH\View\View.php(226): include('C:\\xampp\\htdocs\\apps\\gestion_denuncias\\app\\Views\\dashboard.php')
 5 SYSTEMPATH\View\View.php(229): CodeIgniter\View\View->CodeIgniter\View\{closure}()
 6 SYSTEMPATH\Common.php(1188): CodeIgniter\View\View->render('dashboard', [], true)
 7 APPPATH\Controllers\Dashboard.php(11): view('dashboard')
 8 SYSTEMPATH\CodeIgniter.php(919): App\Controllers\Dashboard->index()
 9 SYSTEMPATH\CodeIgniter.php(494): CodeIgniter\CodeIgniter->runController(Object(App\Controllers\Dashboard))
10 SYSTEMPATH\CodeIgniter.php(353): CodeIgniter\CodeIgniter->handleRequest(null, Object(Config\Cache), false)
11 FCPATH\index.php(79): CodeIgniter\CodeIgniter->run()
CRITICAL - 2023-10-04 10:09:32 --> include(app/shortcut.php
            ): Failed to open stream: Permission denied
in APPPATH\Views\app\header.php on line 335.
 1 APPPATH\Views\app\header.php(335): CodeIgniter\Debug\Exceptions->errorHandler(2, 'include(app/shortcut.php
            ): Failed to open stream: Permission denied', 'C:\\xampp\\htdocs\\apps\\gestion_denuncias\\app\\Views\\app\\header.php', 335)
 2 APPPATH\Views\app\header.php(335): include()
 3 APPPATH\Views\dashboard.php(1): include('C:\\xampp\\htdocs\\apps\\gestion_denuncias\\app\\Views\\app\\header.php')
 4 SYSTEMPATH\View\View.php(226): include('C:\\xampp\\htdocs\\apps\\gestion_denuncias\\app\\Views\\dashboard.php')
 5 SYSTEMPATH\View\View.php(229): CodeIgniter\View\View->CodeIgniter\View\{closure}()
 6 SYSTEMPATH\Common.php(1188): CodeIgniter\View\View->render('dashboard', [], true)
 7 APPPATH\Controllers\Dashboard.php(11): view('dashboard')
 8 SYSTEMPATH\CodeIgniter.php(919): App\Controllers\Dashboard->index()
 9 SYSTEMPATH\CodeIgniter.php(494): CodeIgniter\CodeIgniter->runController(Object(App\Controllers\Dashboard))
10 SYSTEMPATH\CodeIgniter.php(353): CodeIgniter\CodeIgniter->handleRequest(null, Object(Config\Cache), false)
11 FCPATH\index.php(79): CodeIgniter\CodeIgniter->run()
CRITICAL - 2023-10-04 10:10:00 --> include(shortcut.php
            ): Failed to open stream: Permission denied
in APPPATH\Views\app\header.php on line 335.
 1 APPPATH\Views\app\header.php(335): CodeIgniter\Debug\Exceptions->errorHandler(2, 'include(shortcut.php
            ): Failed to open stream: Permission denied', 'C:\\xampp\\htdocs\\apps\\gestion_denuncias\\app\\Views\\app\\header.php', 335)
 2 APPPATH\Views\app\header.php(335): include()
 3 APPPATH\Views\dashboard.php(1): include('C:\\xampp\\htdocs\\apps\\gestion_denuncias\\app\\Views\\app\\header.php')
 4 SYSTEMPATH\View\View.php(226): include('C:\\xampp\\htdocs\\apps\\gestion_denuncias\\app\\Views\\dashboard.php')
 5 SYSTEMPATH\View\View.php(229): CodeIgniter\View\View->CodeIgniter\View\{closure}()
 6 SYSTEMPATH\Common.php(1188): CodeIgniter\View\View->render('dashboard', [], true)
 7 APPPATH\Controllers\Dashboard.php(11): view('dashboard')
 8 SYSTEMPATH\CodeIgniter.php(919): App\Controllers\Dashboard->index()
 9 SYSTEMPATH\CodeIgniter.php(494): CodeIgniter\CodeIgniter->runController(Object(App\Controllers\Dashboard))
10 SYSTEMPATH\CodeIgniter.php(353): CodeIgniter\CodeIgniter->handleRequest(null, Object(Config\Cache), false)
11 FCPATH\index.php(79): CodeIgniter\CodeIgniter->run()
CRITICAL - 2023-10-04 10:10:03 --> include(shortcut.php
            ): Failed to open stream: Permission denied
in APPPATH\Views\app\header.php on line 335.
 1 APPPATH\Views\app\header.php(335): CodeIgniter\Debug\Exceptions->errorHandler(2, 'include(shortcut.php
            ): Failed to open stream: Permission denied', 'C:\\xampp\\htdocs\\apps\\gestion_denuncias\\app\\Views\\app\\header.php', 335)
 2 APPPATH\Views\app\header.php(335): include()
 3 APPPATH\Views\dashboard.php(1): include('C:\\xampp\\htdocs\\apps\\gestion_denuncias\\app\\Views\\app\\header.php')
 4 SYSTEMPATH\View\View.php(226): include('C:\\xampp\\htdocs\\apps\\gestion_denuncias\\app\\Views\\dashboard.php')
 5 SYSTEMPATH\View\View.php(229): CodeIgniter\View\View->CodeIgniter\View\{closure}()
 6 SYSTEMPATH\Common.php(1188): CodeIgniter\View\View->render('dashboard', [], true)
 7 APPPATH\Controllers\Dashboard.php(11): view('dashboard')
 8 SYSTEMPATH\CodeIgniter.php(919): App\Controllers\Dashboard->index()
 9 SYSTEMPATH\CodeIgniter.php(494): CodeIgniter\CodeIgniter->runController(Object(App\Controllers\Dashboard))
10 SYSTEMPATH\CodeIgniter.php(353): CodeIgniter\CodeIgniter->handleRequest(null, Object(Config\Cache), false)
11 FCPATH\index.php(79): CodeIgniter\CodeIgniter->run()
CRITICAL - 2023-10-04 10:11:52 --> include(shortcut.php): Failed to open stream: No such file or directory
in APPPATH\Views\app\header.php on line 335.
 1 APPPATH\Views\app\header.php(335): CodeIgniter\Debug\Exceptions->errorHandler(2, 'include(shortcut.php): Failed to open stream: No such file or directory', 'C:\\xampp\\htdocs\\apps\\gestion_denuncias\\app\\Views\\app\\header.php', 335)
 2 APPPATH\Views\app\header.php(335): include()
 3 APPPATH\Views\dashboard.php(1): include('C:\\xampp\\htdocs\\apps\\gestion_denuncias\\app\\Views\\app\\header.php')
 4 SYSTEMPATH\View\View.php(226): include('C:\\xampp\\htdocs\\apps\\gestion_denuncias\\app\\Views\\dashboard.php')
 5 SYSTEMPATH\View\View.php(229): CodeIgniter\View\View->CodeIgniter\View\{closure}()
 6 SYSTEMPATH\Common.php(1188): CodeIgniter\View\View->render('dashboard', [], true)
 7 APPPATH\Controllers\Dashboard.php(11): view('dashboard')
 8 SYSTEMPATH\CodeIgniter.php(919): App\Controllers\Dashboard->index()
 9 SYSTEMPATH\CodeIgniter.php(494): CodeIgniter\CodeIgniter->runController(Object(App\Controllers\Dashboard))
10 SYSTEMPATH\CodeIgniter.php(353): CodeIgniter\CodeIgniter->handleRequest(null, Object(Config\Cache), false)
11 FCPATH\index.php(79): CodeIgniter\CodeIgniter->run()
CRITICAL - 2023-10-04 10:12:07 --> include(shortcut.php): Failed to open stream: No such file or directory
in APPPATH\Views\app\header.php on line 327.
 1 APPPATH\Views\app\header.php(327): CodeIgniter\Debug\Exceptions->errorHandler(2, 'include(shortcut.php): Failed to open stream: No such file or directory', 'C:\\xampp\\htdocs\\apps\\gestion_denuncias\\app\\Views\\app\\header.php', 327)
 2 APPPATH\Views\app\header.php(327): include()
 3 APPPATH\Views\dashboard.php(1): include('C:\\xampp\\htdocs\\apps\\gestion_denuncias\\app\\Views\\app\\header.php')
 4 SYSTEMPATH\View\View.php(226): include('C:\\xampp\\htdocs\\apps\\gestion_denuncias\\app\\Views\\dashboard.php')
 5 SYSTEMPATH\View\View.php(229): CodeIgniter\View\View->CodeIgniter\View\{closure}()
 6 SYSTEMPATH\Common.php(1188): CodeIgniter\View\View->render('dashboard', [], true)
 7 APPPATH\Controllers\Dashboard.php(11): view('dashboard')
 8 SYSTEMPATH\CodeIgniter.php(919): App\Controllers\Dashboard->index()
 9 SYSTEMPATH\CodeIgniter.php(494): CodeIgniter\CodeIgniter->runController(Object(App\Controllers\Dashboard))
10 SYSTEMPATH\CodeIgniter.php(353): CodeIgniter\CodeIgniter->handleRequest(null, Object(Config\Cache), false)
11 FCPATH\index.php(79): CodeIgniter\CodeIgniter->run()
CRITICAL - 2023-10-04 13:45:23 --> include(app/header.php): Failed to open stream: No such file or directory
in APPPATH\Views\users\create.php on line 1.
 1 APPPATH\Views\users\create.php(1): CodeIgniter\Debug\Exceptions->errorHandler(2, 'include(app/header.php): Failed to open stream: No such file or directory', 'C:\\xampp\\htdocs\\apps\\gestion_denuncias\\app\\Views\\users\\create.php', 1)
 2 APPPATH\Views\users\create.php(1): include()
 3 SYSTEMPATH\View\View.php(226): include('C:\\xampp\\htdocs\\apps\\gestion_denuncias\\app\\Views\\users\\create.php')
 4 SYSTEMPATH\View\View.php(229): CodeIgniter\View\View->CodeIgniter\View\{closure}()
 5 SYSTEMPATH\Common.php(1188): CodeIgniter\View\View->render('users/create', [], true)
 6 APPPATH\Controllers\Users.php(15): view('users/create')
 7 SYSTEMPATH\CodeIgniter.php(919): App\Controllers\Users->create()
 8 SYSTEMPATH\CodeIgniter.php(494): CodeIgniter\CodeIgniter->runController(Object(App\Controllers\Users))
 9 SYSTEMPATH\CodeIgniter.php(353): CodeIgniter\CodeIgniter->handleRequest(null, Object(Config\Cache), false)
10 FCPATH\index.php(79): CodeIgniter\CodeIgniter->run()
CRITICAL - 2023-10-04 13:45:25 --> include(app/header.php): Failed to open stream: No such file or directory
in APPPATH\Views\users\create.php on line 1.
 1 APPPATH\Views\users\create.php(1): CodeIgniter\Debug\Exceptions->errorHandler(2, 'include(app/header.php): Failed to open stream: No such file or directory', 'C:\\xampp\\htdocs\\apps\\gestion_denuncias\\app\\Views\\users\\create.php', 1)
 2 APPPATH\Views\users\create.php(1): include()
 3 SYSTEMPATH\View\View.php(226): include('C:\\xampp\\htdocs\\apps\\gestion_denuncias\\app\\Views\\users\\create.php')
 4 SYSTEMPATH\View\View.php(229): CodeIgniter\View\View->CodeIgniter\View\{closure}()
 5 SYSTEMPATH\Common.php(1188): CodeIgniter\View\View->render('users/create', [], true)
 6 APPPATH\Controllers\Users.php(15): view('users/create')
 7 SYSTEMPATH\CodeIgniter.php(919): App\Controllers\Users->create()
 8 SYSTEMPATH\CodeIgniter.php(494): CodeIgniter\CodeIgniter->runController(Object(App\Controllers\Users))
 9 SYSTEMPATH\CodeIgniter.php(353): CodeIgniter\CodeIgniter->handleRequest(null, Object(Config\Cache), false)
10 FCPATH\index.php(79): CodeIgniter\CodeIgniter->run()
CRITICAL - 2023-10-04 14:06:36 --> Invalid file: "default.php"
in SYSTEMPATH\Exceptions\FrameworkException.php on line 39.
 1 SYSTEMPATH\View\View.php(214): CodeIgniter\Exceptions\FrameworkException::forInvalidFile('default.php')
 2 SYSTEMPATH\View\View.php(242): CodeIgniter\View\View->render('default', null, true)
 3 SYSTEMPATH\View\View.php(467): CodeIgniter\View\View->render('app/footer', null, true)
 4 APPPATH\Views\users\create.php(7): CodeIgniter\View\View->include('app/footer')
 5 SYSTEMPATH\View\View.php(226): include('C:\\xampp\\htdocs\\apps\\gestion_denuncias\\app\\Views\\users\\create.php')
 6 SYSTEMPATH\View\View.php(229): CodeIgniter\View\View->CodeIgniter\View\{closure}()
 7 SYSTEMPATH\Common.php(1188): CodeIgniter\View\View->render('users/create', [], true)
 8 APPPATH\Controllers\Users.php(15): view('users/create')
 9 SYSTEMPATH\CodeIgniter.php(919): App\Controllers\Users->create()
10 SYSTEMPATH\CodeIgniter.php(494): CodeIgniter\CodeIgniter->runController(Object(App\Controllers\Users))
11 SYSTEMPATH\CodeIgniter.php(353): CodeIgniter\CodeIgniter->handleRequest(null, Object(Config\Cache), false)
12 FCPATH\index.php(79): CodeIgniter\CodeIgniter->run()
CRITICAL - 2023-10-04 14:31:51 --> include(shortcut.php): Failed to open stream: No such file or directory
in APPPATH\Views\users\create.php on line 7.
 1 APPPATH\Views\users\create.php(7): CodeIgniter\Debug\Exceptions->errorHandler(2, 'include(shortcut.php): Failed to open stream: No such file or directory', 'C:\\xampp\\htdocs\\apps\\gestion_denuncias\\app\\Views\\users\\create.php', 7)
 2 APPPATH\Views\users\create.php(7): include()
 3 SYSTEMPATH\View\View.php(226): include('C:\\xampp\\htdocs\\apps\\gestion_denuncias\\app\\Views\\users\\create.php')
 4 SYSTEMPATH\View\View.php(229): CodeIgniter\View\View->CodeIgniter\View\{closure}()
 5 SYSTEMPATH\Common.php(1188): CodeIgniter\View\View->render('users/create', [], true)
 6 APPPATH\Controllers\Users.php(15): view('users/create')
 7 SYSTEMPATH\CodeIgniter.php(919): App\Controllers\Users->create()
 8 SYSTEMPATH\CodeIgniter.php(494): CodeIgniter\CodeIgniter->runController(Object(App\Controllers\Users))
 9 SYSTEMPATH\CodeIgniter.php(353): CodeIgniter\CodeIgniter->handleRequest(null, Object(Config\Cache), false)
10 FCPATH\index.php(79): CodeIgniter\CodeIgniter->run()
CRITICAL - 2023-10-04 14:33:01 --> Invalid file: "shortcut.php"
in SYSTEMPATH\Exceptions\FrameworkException.php on line 39.
 1 SYSTEMPATH\View\View.php(214): CodeIgniter\Exceptions\FrameworkException::forInvalidFile('shortcut.php')
 2 SYSTEMPATH\View\View.php(467): CodeIgniter\View\View->render('shortcut', null, true)
 3 APPPATH\Views\users\create.php(6): CodeIgniter\View\View->include('shortcut')
 4 SYSTEMPATH\View\View.php(226): include('C:\\xampp\\htdocs\\apps\\gestion_denuncias\\app\\Views\\users\\create.php')
 5 SYSTEMPATH\View\View.php(229): CodeIgniter\View\View->CodeIgniter\View\{closure}()
 6 SYSTEMPATH\Common.php(1188): CodeIgniter\View\View->render('users/create', [], true)
 7 APPPATH\Controllers\Users.php(15): view('users/create')
 8 SYSTEMPATH\CodeIgniter.php(919): App\Controllers\Users->create()
 9 SYSTEMPATH\CodeIgniter.php(494): CodeIgniter\CodeIgniter->runController(Object(App\Controllers\Users))
10 SYSTEMPATH\CodeIgniter.php(353): CodeIgniter\CodeIgniter->handleRequest(null, Object(Config\Cache), false)
11 FCPATH\index.php(79): CodeIgniter\CodeIgniter->run()
CRITICAL - 2023-10-04 14:33:39 --> Invalid file: "shortcut.php"
in SYSTEMPATH\Exceptions\FrameworkException.php on line 39.
 1 SYSTEMPATH\View\View.php(214): CodeIgniter\Exceptions\FrameworkException::forInvalidFile('shortcut.php')
 2 SYSTEMPATH\View\View.php(467): CodeIgniter\View\View->render('shortcut', null, true)
 3 APPPATH\Views\users\create.php(6): CodeIgniter\View\View->include('shortcut')
 4 SYSTEMPATH\View\View.php(226): include('C:\\xampp\\htdocs\\apps\\gestion_denuncias\\app\\Views\\users\\create.php')
 5 SYSTEMPATH\View\View.php(229): CodeIgniter\View\View->CodeIgniter\View\{closure}()
 6 SYSTEMPATH\Common.php(1188): CodeIgniter\View\View->render('users/create', [], true)
 7 APPPATH\Controllers\Users.php(15): view('users/create')
 8 SYSTEMPATH\CodeIgniter.php(919): App\Controllers\Users->create()
 9 SYSTEMPATH\CodeIgniter.php(494): CodeIgniter\CodeIgniter->runController(Object(App\Controllers\Users))
10 SYSTEMPATH\CodeIgniter.php(353): CodeIgniter\CodeIgniter->handleRequest(null, Object(Config\Cache), false)
11 FCPATH\index.php(79): CodeIgniter\CodeIgniter->run()
