CRITICAL - 2023-10-15 11:59:06 --> Call to undefined method CodeIgniter\Database\MySQLi\Connection::select()
in APPPATH\Models\UserModel.php on line 21.
 1 APPPATH\Controllers\Users.php(16): App\Models\UserModel->getuseroles()
 2 SYSTEMPATH\CodeIgniter.php(919): App\Controllers\Users->index()
 3 SYSTEMPATH\CodeIgniter.php(494): CodeIgniter\CodeIgniter->runController(Object(App\Controllers\Users))
 4 SYSTEMPATH\CodeIgniter.php(353): CodeIgniter\CodeIgniter->handleRequest(null, Object(Config\Cache), false)
 5 FCPATH\index.php(79): CodeIgniter\CodeIgniter->run()
CRITICAL - 2023-10-15 11:59:15 --> Call to undefined method CodeIgniter\Database\MySQLi\Connection::select()
in APPPATH\Models\UserModel.php on line 21.
 1 APPPATH\Controllers\Users.php(16): App\Models\UserModel->getuseroles()
 2 SYSTEMPATH\CodeIgniter.php(919): App\Controllers\Users->index()
 3 SYSTEMPATH\CodeIgniter.php(494): CodeIgniter\CodeIgniter->runController(Object(App\Controllers\Users))
 4 SYSTEMPATH\CodeIgniter.php(353): CodeIgniter\CodeIgniter->handleRequest(null, Object(Config\Cache), false)
 5 FCPATH\index.php(79): CodeIgniter\CodeIgniter->run()
CRITICAL - 2023-10-15 12:02:46 --> Call to undefined method CodeIgniter\Database\MySQLi\Connection::select()
in APPPATH\Models\UserModel.php on line 19.
 1 APPPATH\Controllers\Users.php(25): App\Models\UserModel->getuseroles()
 2 SYSTEMPATH\CodeIgniter.php(919): App\Controllers\Users->create()
 3 SYSTEMPATH\CodeIgniter.php(494): CodeIgniter\CodeIgniter->runController(Object(App\Controllers\Users))
 4 SYSTEMPATH\CodeIgniter.php(353): CodeIgniter\CodeIgniter->handleRequest(null, Object(Config\Cache), false)
 5 FCPATH\index.php(79): CodeIgniter\CodeIgniter->run()
CRITICAL - 2023-10-15 12:03:16 --> Undefined variable $usersroles
in APPPATH\Views\users\create.php on line 57.
 1 APPPATH\Views\users\create.php(57): CodeIgniter\Debug\Exceptions->errorHandler(2, 'Undefined variable $usersroles', 'C:\\xampp\\htdocs\\apps\\gestion_denuncias\\app\\Views\\users\\create.php', 57)
 2 SYSTEMPATH\View\View.php(226): include('C:\\xampp\\htdocs\\apps\\gestion_denuncias\\app\\Views\\users\\create.php')
 3 SYSTEMPATH\View\View.php(229): CodeIgniter\View\View->CodeIgniter\View\{closure}()
 4 SYSTEMPATH\Common.php(1188): CodeIgniter\View\View->render('users/create', [], true)
 5 APPPATH\Controllers\Users.php(27): view('users/create', [...])
 6 SYSTEMPATH\CodeIgniter.php(919): App\Controllers\Users->create()
 7 SYSTEMPATH\CodeIgniter.php(494): CodeIgniter\CodeIgniter->runController(Object(App\Controllers\Users))
 8 SYSTEMPATH\CodeIgniter.php(353): CodeIgniter\CodeIgniter->handleRequest(null, Object(Config\Cache), false)
 9 FCPATH\index.php(79): CodeIgniter\CodeIgniter->run()
