ERROR - 2026-03-03 08:45:33 --> mysqli_sql_exception: Unknown column 'estado' in 'field list' in C:\xampp\htdocs\apps\gestion_expedientes\system\Database\MySQLi\Connection.php:306
Stack trace:
#0 C:\xampp\htdocs\apps\gestion_expedientes\system\Database\MySQLi\Connection.php(306): mysqli->query('SELECT `estado`...', 0)
#1 C:\xampp\htdocs\apps\gestion_expedientes\system\Database\BaseConnection.php(692): CodeIgniter\Database\MySQLi\Connection->execute('SELECT `estado`...')
#2 C:\xampp\htdocs\apps\gestion_expedientes\system\Database\BaseConnection.php(606): CodeIgniter\Database\BaseConnection->simpleQuery('SELECT `estado`...')
#3 C:\xampp\htdocs\apps\gestion_expedientes\system\Database\BaseBuilder.php(1615): CodeIgniter\Database\BaseConnection->query('SELECT `estado`...', Array, false)
#4 C:\xampp\htdocs\apps\gestion_expedientes\app\Models\DossierModel.php(78): CodeIgniter\Database\BaseBuilder->get()
#5 C:\xampp\htdocs\apps\gestion_expedientes\app\Controllers\Dashboard.php(16): App\Models\DossierModel->getStatistics()
#6 C:\xampp\htdocs\apps\gestion_expedientes\system\CodeIgniter.php(919): App\Controllers\Dashboard->index()
#7 C:\xampp\htdocs\apps\gestion_expedientes\system\CodeIgniter.php(494): CodeIgniter\CodeIgniter->runController(Object(App\Controllers\Dashboard))
#8 C:\xampp\htdocs\apps\gestion_expedientes\system\CodeIgniter.php(353): CodeIgniter\CodeIgniter->handleRequest(NULL, Object(Config\Cache), false)
#9 C:\xampp\htdocs\apps\gestion_expedientes\index.php(79): CodeIgniter\CodeIgniter->run()
#10 {main}
CRITICAL - 2026-03-03 08:45:33 --> Unknown column 'estado' in 'field list'
in SYSTEMPATH\Database\BaseConnection.php on line 646.
 1 SYSTEMPATH\Database\BaseBuilder.php(1615): CodeIgniter\Database\BaseConnection->query('SELECT `estado`, COUNT(*) as count
FROM `expedientes`
GROUP BY `estado`
ORDER BY `count` DESC', [], false)
 2 APPPATH\Models\DossierModel.php(78): CodeIgniter\Database\BaseBuilder->get()
 3 APPPATH\Controllers\Dashboard.php(16): App\Models\DossierModel->getStatistics()
 4 SYSTEMPATH\CodeIgniter.php(919): App\Controllers\Dashboard->index()
 5 SYSTEMPATH\CodeIgniter.php(494): CodeIgniter\CodeIgniter->runController(Object(App\Controllers\Dashboard))
 6 SYSTEMPATH\CodeIgniter.php(353): CodeIgniter\CodeIgniter->handleRequest(null, Object(Config\Cache), false)
 7 FCPATH\index.php(79): CodeIgniter\CodeIgniter->run()
ERROR - 2026-03-03 08:45:42 --> mysqli_sql_exception: Unknown column 'estado' in 'field list' in C:\xampp\htdocs\apps\gestion_expedientes\system\Database\MySQLi\Connection.php:306
Stack trace:
#0 C:\xampp\htdocs\apps\gestion_expedientes\system\Database\MySQLi\Connection.php(306): mysqli->query('SELECT `estado`...', 0)
#1 C:\xampp\htdocs\apps\gestion_expedientes\system\Database\BaseConnection.php(692): CodeIgniter\Database\MySQLi\Connection->execute('SELECT `estado`...')
#2 C:\xampp\htdocs\apps\gestion_expedientes\system\Database\BaseConnection.php(606): CodeIgniter\Database\BaseConnection->simpleQuery('SELECT `estado`...')
#3 C:\xampp\htdocs\apps\gestion_expedientes\system\Database\BaseBuilder.php(1615): CodeIgniter\Database\BaseConnection->query('SELECT `estado`...', Array, false)
#4 C:\xampp\htdocs\apps\gestion_expedientes\app\Models\DossierModel.php(78): CodeIgniter\Database\BaseBuilder->get()
#5 C:\xampp\htdocs\apps\gestion_expedientes\app\Controllers\Dashboard.php(16): App\Models\DossierModel->getStatistics()
#6 C:\xampp\htdocs\apps\gestion_expedientes\system\CodeIgniter.php(919): App\Controllers\Dashboard->index()
#7 C:\xampp\htdocs\apps\gestion_expedientes\system\CodeIgniter.php(494): CodeIgniter\CodeIgniter->runController(Object(App\Controllers\Dashboard))
#8 C:\xampp\htdocs\apps\gestion_expedientes\system\CodeIgniter.php(353): CodeIgniter\CodeIgniter->handleRequest(NULL, Object(Config\Cache), false)
#9 C:\xampp\htdocs\apps\gestion_expedientes\index.php(79): CodeIgniter\CodeIgniter->run()
#10 {main}
CRITICAL - 2026-03-03 08:45:42 --> Unknown column 'estado' in 'field list'
in SYSTEMPATH\Database\BaseConnection.php on line 646.
 1 SYSTEMPATH\Database\BaseBuilder.php(1615): CodeIgniter\Database\BaseConnection->query('SELECT `estado`, COUNT(*) as count
FROM `expedientes`
GROUP BY `estado`
ORDER BY `count` DESC', [], false)
 2 APPPATH\Models\DossierModel.php(78): CodeIgniter\Database\BaseBuilder->get()
 3 APPPATH\Controllers\Dashboard.php(16): App\Models\DossierModel->getStatistics()
 4 SYSTEMPATH\CodeIgniter.php(919): App\Controllers\Dashboard->index()
 5 SYSTEMPATH\CodeIgniter.php(494): CodeIgniter\CodeIgniter->runController(Object(App\Controllers\Dashboard))
 6 SYSTEMPATH\CodeIgniter.php(353): CodeIgniter\CodeIgniter->handleRequest(null, Object(Config\Cache), false)
 7 FCPATH\index.php(79): CodeIgniter\CodeIgniter->run()
ERROR - 2026-03-03 08:45:43 --> mysqli_sql_exception: Unknown column 'estado' in 'field list' in C:\xampp\htdocs\apps\gestion_expedientes\system\Database\MySQLi\Connection.php:306
Stack trace:
#0 C:\xampp\htdocs\apps\gestion_expedientes\system\Database\MySQLi\Connection.php(306): mysqli->query('SELECT `estado`...', 0)
#1 C:\xampp\htdocs\apps\gestion_expedientes\system\Database\BaseConnection.php(692): CodeIgniter\Database\MySQLi\Connection->execute('SELECT `estado`...')
#2 C:\xampp\htdocs\apps\gestion_expedientes\system\Database\BaseConnection.php(606): CodeIgniter\Database\BaseConnection->simpleQuery('SELECT `estado`...')
#3 C:\xampp\htdocs\apps\gestion_expedientes\system\Database\BaseBuilder.php(1615): CodeIgniter\Database\BaseConnection->query('SELECT `estado`...', Array, false)
#4 C:\xampp\htdocs\apps\gestion_expedientes\app\Models\DossierModel.php(78): CodeIgniter\Database\BaseBuilder->get()
#5 C:\xampp\htdocs\apps\gestion_expedientes\app\Controllers\Dashboard.php(16): App\Models\DossierModel->getStatistics()
#6 C:\xampp\htdocs\apps\gestion_expedientes\system\CodeIgniter.php(919): App\Controllers\Dashboard->index()
#7 C:\xampp\htdocs\apps\gestion_expedientes\system\CodeIgniter.php(494): CodeIgniter\CodeIgniter->runController(Object(App\Controllers\Dashboard))
#8 C:\xampp\htdocs\apps\gestion_expedientes\system\CodeIgniter.php(353): CodeIgniter\CodeIgniter->handleRequest(NULL, Object(Config\Cache), false)
#9 C:\xampp\htdocs\apps\gestion_expedientes\index.php(79): CodeIgniter\CodeIgniter->run()
#10 {main}
CRITICAL - 2026-03-03 08:45:43 --> Unknown column 'estado' in 'field list'
in SYSTEMPATH\Database\BaseConnection.php on line 646.
 1 SYSTEMPATH\Database\BaseBuilder.php(1615): CodeIgniter\Database\BaseConnection->query('SELECT `estado`, COUNT(*) as count
FROM `expedientes`
GROUP BY `estado`
ORDER BY `count` DESC', [], false)
 2 APPPATH\Models\DossierModel.php(78): CodeIgniter\Database\BaseBuilder->get()
 3 APPPATH\Controllers\Dashboard.php(16): App\Models\DossierModel->getStatistics()
 4 SYSTEMPATH\CodeIgniter.php(919): App\Controllers\Dashboard->index()
 5 SYSTEMPATH\CodeIgniter.php(494): CodeIgniter\CodeIgniter->runController(Object(App\Controllers\Dashboard))
 6 SYSTEMPATH\CodeIgniter.php(353): CodeIgniter\CodeIgniter->handleRequest(null, Object(Config\Cache), false)
 7 FCPATH\index.php(79): CodeIgniter\CodeIgniter->run()
ERROR - 2026-03-03 08:45:43 --> mysqli_sql_exception: Unknown column 'estado' in 'field list' in C:\xampp\htdocs\apps\gestion_expedientes\system\Database\MySQLi\Connection.php:306
Stack trace:
#0 C:\xampp\htdocs\apps\gestion_expedientes\system\Database\MySQLi\Connection.php(306): mysqli->query('SELECT `estado`...', 0)
#1 C:\xampp\htdocs\apps\gestion_expedientes\system\Database\BaseConnection.php(692): CodeIgniter\Database\MySQLi\Connection->execute('SELECT `estado`...')
#2 C:\xampp\htdocs\apps\gestion_expedientes\system\Database\BaseConnection.php(606): CodeIgniter\Database\BaseConnection->simpleQuery('SELECT `estado`...')
#3 C:\xampp\htdocs\apps\gestion_expedientes\system\Database\BaseBuilder.php(1615): CodeIgniter\Database\BaseConnection->query('SELECT `estado`...', Array, false)
#4 C:\xampp\htdocs\apps\gestion_expedientes\app\Models\DossierModel.php(78): CodeIgniter\Database\BaseBuilder->get()
#5 C:\xampp\htdocs\apps\gestion_expedientes\app\Controllers\Dashboard.php(16): App\Models\DossierModel->getStatistics()
#6 C:\xampp\htdocs\apps\gestion_expedientes\system\CodeIgniter.php(919): App\Controllers\Dashboard->index()
#7 C:\xampp\htdocs\apps\gestion_expedientes\system\CodeIgniter.php(494): CodeIgniter\CodeIgniter->runController(Object(App\Controllers\Dashboard))
#8 C:\xampp\htdocs\apps\gestion_expedientes\system\CodeIgniter.php(353): CodeIgniter\CodeIgniter->handleRequest(NULL, Object(Config\Cache), false)
#9 C:\xampp\htdocs\apps\gestion_expedientes\index.php(79): CodeIgniter\CodeIgniter->run()
#10 {main}
CRITICAL - 2026-03-03 08:45:43 --> Unknown column 'estado' in 'field list'
in SYSTEMPATH\Database\BaseConnection.php on line 646.
 1 SYSTEMPATH\Database\BaseBuilder.php(1615): CodeIgniter\Database\BaseConnection->query('SELECT `estado`, COUNT(*) as count
FROM `expedientes`
GROUP BY `estado`
ORDER BY `count` DESC', [], false)
 2 APPPATH\Models\DossierModel.php(78): CodeIgniter\Database\BaseBuilder->get()
 3 APPPATH\Controllers\Dashboard.php(16): App\Models\DossierModel->getStatistics()
 4 SYSTEMPATH\CodeIgniter.php(919): App\Controllers\Dashboard->index()
 5 SYSTEMPATH\CodeIgniter.php(494): CodeIgniter\CodeIgniter->runController(Object(App\Controllers\Dashboard))
 6 SYSTEMPATH\CodeIgniter.php(353): CodeIgniter\CodeIgniter->handleRequest(null, Object(Config\Cache), false)
 7 FCPATH\index.php(79): CodeIgniter\CodeIgniter->run()
ERROR - 2026-03-03 08:45:44 --> mysqli_sql_exception: Unknown column 'estado' in 'field list' in C:\xampp\htdocs\apps\gestion_expedientes\system\Database\MySQLi\Connection.php:306
Stack trace:
#0 C:\xampp\htdocs\apps\gestion_expedientes\system\Database\MySQLi\Connection.php(306): mysqli->query('SELECT `estado`...', 0)
#1 C:\xampp\htdocs\apps\gestion_expedientes\system\Database\BaseConnection.php(692): CodeIgniter\Database\MySQLi\Connection->execute('SELECT `estado`...')
#2 C:\xampp\htdocs\apps\gestion_expedientes\system\Database\BaseConnection.php(606): CodeIgniter\Database\BaseConnection->simpleQuery('SELECT `estado`...')
#3 C:\xampp\htdocs\apps\gestion_expedientes\system\Database\BaseBuilder.php(1615): CodeIgniter\Database\BaseConnection->query('SELECT `estado`...', Array, false)
#4 C:\xampp\htdocs\apps\gestion_expedientes\app\Models\DossierModel.php(78): CodeIgniter\Database\BaseBuilder->get()
#5 C:\xampp\htdocs\apps\gestion_expedientes\app\Controllers\Dashboard.php(16): App\Models\DossierModel->getStatistics()
#6 C:\xampp\htdocs\apps\gestion_expedientes\system\CodeIgniter.php(919): App\Controllers\Dashboard->index()
#7 C:\xampp\htdocs\apps\gestion_expedientes\system\CodeIgniter.php(494): CodeIgniter\CodeIgniter->runController(Object(App\Controllers\Dashboard))
#8 C:\xampp\htdocs\apps\gestion_expedientes\system\CodeIgniter.php(353): CodeIgniter\CodeIgniter->handleRequest(NULL, Object(Config\Cache), false)
#9 C:\xampp\htdocs\apps\gestion_expedientes\index.php(79): CodeIgniter\CodeIgniter->run()
#10 {main}
CRITICAL - 2026-03-03 08:45:44 --> Unknown column 'estado' in 'field list'
in SYSTEMPATH\Database\BaseConnection.php on line 646.
 1 SYSTEMPATH\Database\BaseBuilder.php(1615): CodeIgniter\Database\BaseConnection->query('SELECT `estado`, COUNT(*) as count
FROM `expedientes`
GROUP BY `estado`
ORDER BY `count` DESC', [], false)
 2 APPPATH\Models\DossierModel.php(78): CodeIgniter\Database\BaseBuilder->get()
 3 APPPATH\Controllers\Dashboard.php(16): App\Models\DossierModel->getStatistics()
 4 SYSTEMPATH\CodeIgniter.php(919): App\Controllers\Dashboard->index()
 5 SYSTEMPATH\CodeIgniter.php(494): CodeIgniter\CodeIgniter->runController(Object(App\Controllers\Dashboard))
 6 SYSTEMPATH\CodeIgniter.php(353): CodeIgniter\CodeIgniter->handleRequest(null, Object(Config\Cache), false)
 7 FCPATH\index.php(79): CodeIgniter\CodeIgniter->run()
ERROR - 2026-03-03 08:45:44 --> mysqli_sql_exception: Unknown column 'estado' in 'field list' in C:\xampp\htdocs\apps\gestion_expedientes\system\Database\MySQLi\Connection.php:306
Stack trace:
#0 C:\xampp\htdocs\apps\gestion_expedientes\system\Database\MySQLi\Connection.php(306): mysqli->query('SELECT `estado`...', 0)
#1 C:\xampp\htdocs\apps\gestion_expedientes\system\Database\BaseConnection.php(692): CodeIgniter\Database\MySQLi\Connection->execute('SELECT `estado`...')
#2 C:\xampp\htdocs\apps\gestion_expedientes\system\Database\BaseConnection.php(606): CodeIgniter\Database\BaseConnection->simpleQuery('SELECT `estado`...')
#3 C:\xampp\htdocs\apps\gestion_expedientes\system\Database\BaseBuilder.php(1615): CodeIgniter\Database\BaseConnection->query('SELECT `estado`...', Array, false)
#4 C:\xampp\htdocs\apps\gestion_expedientes\app\Models\DossierModel.php(78): CodeIgniter\Database\BaseBuilder->get()
#5 C:\xampp\htdocs\apps\gestion_expedientes\app\Controllers\Dashboard.php(16): App\Models\DossierModel->getStatistics()
#6 C:\xampp\htdocs\apps\gestion_expedientes\system\CodeIgniter.php(919): App\Controllers\Dashboard->index()
#7 C:\xampp\htdocs\apps\gestion_expedientes\system\CodeIgniter.php(494): CodeIgniter\CodeIgniter->runController(Object(App\Controllers\Dashboard))
#8 C:\xampp\htdocs\apps\gestion_expedientes\system\CodeIgniter.php(353): CodeIgniter\CodeIgniter->handleRequest(NULL, Object(Config\Cache), false)
#9 C:\xampp\htdocs\apps\gestion_expedientes\index.php(79): CodeIgniter\CodeIgniter->run()
#10 {main}
CRITICAL - 2026-03-03 08:45:44 --> Unknown column 'estado' in 'field list'
in SYSTEMPATH\Database\BaseConnection.php on line 646.
 1 SYSTEMPATH\Database\BaseBuilder.php(1615): CodeIgniter\Database\BaseConnection->query('SELECT `estado`, COUNT(*) as count
FROM `expedientes`
GROUP BY `estado`
ORDER BY `count` DESC', [], false)
 2 APPPATH\Models\DossierModel.php(78): CodeIgniter\Database\BaseBuilder->get()
 3 APPPATH\Controllers\Dashboard.php(16): App\Models\DossierModel->getStatistics()
 4 SYSTEMPATH\CodeIgniter.php(919): App\Controllers\Dashboard->index()
 5 SYSTEMPATH\CodeIgniter.php(494): CodeIgniter\CodeIgniter->runController(Object(App\Controllers\Dashboard))
 6 SYSTEMPATH\CodeIgniter.php(353): CodeIgniter\CodeIgniter->handleRequest(null, Object(Config\Cache), false)
 7 FCPATH\index.php(79): CodeIgniter\CodeIgniter->run()
ERROR - 2026-03-03 08:49:55 --> mysqli_sql_exception: Unknown column 'e.estado' in 'on clause' in C:\xampp\htdocs\apps\gestion_expedientes\system\Database\MySQLi\Connection.php:306
Stack trace:
#0 C:\xampp\htdocs\apps\gestion_expedientes\system\Database\MySQLi\Connection.php(306): mysqli->query('SELECT `es`.`id...', 0)
#1 C:\xampp\htdocs\apps\gestion_expedientes\system\Database\BaseConnection.php(692): CodeIgniter\Database\MySQLi\Connection->execute('SELECT `es`.`id...')
#2 C:\xampp\htdocs\apps\gestion_expedientes\system\Database\BaseConnection.php(606): CodeIgniter\Database\BaseConnection->simpleQuery('SELECT `es`.`id...')
#3 C:\xampp\htdocs\apps\gestion_expedientes\system\Database\BaseBuilder.php(1615): CodeIgniter\Database\BaseConnection->query('SELECT `es`.`id...', Array, false)
#4 C:\xampp\htdocs\apps\gestion_expedientes\app\Models\DossierModel.php(85): CodeIgniter\Database\BaseBuilder->get()
#5 C:\xampp\htdocs\apps\gestion_expedientes\app\Controllers\Dashboard.php(16): App\Models\DossierModel->getStatistics()
#6 C:\xampp\htdocs\apps\gestion_expedientes\system\CodeIgniter.php(919): App\Controllers\Dashboard->index()
#7 C:\xampp\htdocs\apps\gestion_expedientes\system\CodeIgniter.php(494): CodeIgniter\CodeIgniter->runController(Object(App\Controllers\Dashboard))
#8 C:\xampp\htdocs\apps\gestion_expedientes\system\CodeIgniter.php(353): CodeIgniter\CodeIgniter->handleRequest(NULL, Object(Config\Cache), false)
#9 C:\xampp\htdocs\apps\gestion_expedientes\index.php(79): CodeIgniter\CodeIgniter->run()
#10 {main}
CRITICAL - 2026-03-03 08:49:55 --> Unknown column 'e.estado' in 'on clause'
in SYSTEMPATH\Database\BaseConnection.php on line 646.
 1 SYSTEMPATH\Database\BaseBuilder.php(1615): CodeIgniter\Database\BaseConnection->query('SELECT `es`.`id`, `es`.`nombre`, `es`.`descripcion`, `es`.`color`, `es`.`orden`, `es`.`es_final`, COUNT(e.id) as count
FROM `expedientes` `e`
LEFT JOIN `estados` `es` ON `es`.`id` = `e`.`estado`
GROUP BY `es`.`id`
ORDER BY `count` DESC', [], false)
 2 APPPATH\Models\DossierModel.php(85): CodeIgniter\Database\BaseBuilder->get()
 3 APPPATH\Controllers\Dashboard.php(16): App\Models\DossierModel->getStatistics()
 4 SYSTEMPATH\CodeIgniter.php(919): App\Controllers\Dashboard->index()
 5 SYSTEMPATH\CodeIgniter.php(494): CodeIgniter\CodeIgniter->runController(Object(App\Controllers\Dashboard))
 6 SYSTEMPATH\CodeIgniter.php(353): CodeIgniter\CodeIgniter->handleRequest(null, Object(Config\Cache), false)
 7 FCPATH\index.php(79): CodeIgniter\CodeIgniter->run()
ERROR - 2026-03-03 08:51:58 --> mysqli_sql_exception: Unknown column 'e.id_estado' in 'on clause' in C:\xampp\htdocs\apps\gestion_expedientes\system\Database\MySQLi\Connection.php:306
Stack trace:
#0 C:\xampp\htdocs\apps\gestion_expedientes\system\Database\MySQLi\Connection.php(306): mysqli->query('SELECT `es`.`id...', 0)
#1 C:\xampp\htdocs\apps\gestion_expedientes\system\Database\BaseConnection.php(692): CodeIgniter\Database\MySQLi\Connection->execute('SELECT `es`.`id...')
#2 C:\xampp\htdocs\apps\gestion_expedientes\system\Database\BaseConnection.php(606): CodeIgniter\Database\BaseConnection->simpleQuery('SELECT `es`.`id...')
#3 C:\xampp\htdocs\apps\gestion_expedientes\system\Database\BaseBuilder.php(1615): CodeIgniter\Database\BaseConnection->query('SELECT `es`.`id...', Array, false)
#4 C:\xampp\htdocs\apps\gestion_expedientes\app\Models\DossierModel.php(83): CodeIgniter\Database\BaseBuilder->get()
#5 C:\xampp\htdocs\apps\gestion_expedientes\app\Controllers\Dashboard.php(16): App\Models\DossierModel->getStatistics()
#6 C:\xampp\htdocs\apps\gestion_expedientes\system\CodeIgniter.php(919): App\Controllers\Dashboard->index()
#7 C:\xampp\htdocs\apps\gestion_expedientes\system\CodeIgniter.php(494): CodeIgniter\CodeIgniter->runController(Object(App\Controllers\Dashboard))
#8 C:\xampp\htdocs\apps\gestion_expedientes\system\CodeIgniter.php(353): CodeIgniter\CodeIgniter->handleRequest(NULL, Object(Config\Cache), false)
#9 C:\xampp\htdocs\apps\gestion_expedientes\index.php(79): CodeIgniter\CodeIgniter->run()
#10 {main}
CRITICAL - 2026-03-03 08:51:58 --> Unknown column 'e.id_estado' in 'on clause'
in SYSTEMPATH\Database\BaseConnection.php on line 646.
 1 SYSTEMPATH\Database\BaseBuilder.php(1615): CodeIgniter\Database\BaseConnection->query('SELECT `es`.`id`, `es`.`nombre`, `es`.`descripcion`, `es`.`color`, `es`.`orden`, `es`.`es_final`, COUNT(e.id) as count
FROM `expedientes` `e`
LEFT JOIN `estados` `es` ON `es`.`id` = `e`.`id_estado`
GROUP BY `es`.`id`
ORDER BY `count` DESC', [], false)
 2 APPPATH\Models\DossierModel.php(83): CodeIgniter\Database\BaseBuilder->get()
 3 APPPATH\Controllers\Dashboard.php(16): App\Models\DossierModel->getStatistics()
 4 SYSTEMPATH\CodeIgniter.php(919): App\Controllers\Dashboard->index()
 5 SYSTEMPATH\CodeIgniter.php(494): CodeIgniter\CodeIgniter->runController(Object(App\Controllers\Dashboard))
 6 SYSTEMPATH\CodeIgniter.php(353): CodeIgniter\CodeIgniter->handleRequest(null, Object(Config\Cache), false)
 7 FCPATH\index.php(79): CodeIgniter\CodeIgniter->run()
ERROR - 2026-03-03 08:51:59 --> mysqli_sql_exception: Unknown column 'e.id_estado' in 'on clause' in C:\xampp\htdocs\apps\gestion_expedientes\system\Database\MySQLi\Connection.php:306
Stack trace:
#0 C:\xampp\htdocs\apps\gestion_expedientes\system\Database\MySQLi\Connection.php(306): mysqli->query('SELECT `es`.`id...', 0)
#1 C:\xampp\htdocs\apps\gestion_expedientes\system\Database\BaseConnection.php(692): CodeIgniter\Database\MySQLi\Connection->execute('SELECT `es`.`id...')
#2 C:\xampp\htdocs\apps\gestion_expedientes\system\Database\BaseConnection.php(606): CodeIgniter\Database\BaseConnection->simpleQuery('SELECT `es`.`id...')
#3 C:\xampp\htdocs\apps\gestion_expedientes\system\Database\BaseBuilder.php(1615): CodeIgniter\Database\BaseConnection->query('SELECT `es`.`id...', Array, false)
#4 C:\xampp\htdocs\apps\gestion_expedientes\app\Models\DossierModel.php(83): CodeIgniter\Database\BaseBuilder->get()
#5 C:\xampp\htdocs\apps\gestion_expedientes\app\Controllers\Dashboard.php(16): App\Models\DossierModel->getStatistics()
#6 C:\xampp\htdocs\apps\gestion_expedientes\system\CodeIgniter.php(919): App\Controllers\Dashboard->index()
#7 C:\xampp\htdocs\apps\gestion_expedientes\system\CodeIgniter.php(494): CodeIgniter\CodeIgniter->runController(Object(App\Controllers\Dashboard))
#8 C:\xampp\htdocs\apps\gestion_expedientes\system\CodeIgniter.php(353): CodeIgniter\CodeIgniter->handleRequest(NULL, Object(Config\Cache), false)
#9 C:\xampp\htdocs\apps\gestion_expedientes\index.php(79): CodeIgniter\CodeIgniter->run()
#10 {main}
CRITICAL - 2026-03-03 08:51:59 --> Unknown column 'e.id_estado' in 'on clause'
in SYSTEMPATH\Database\BaseConnection.php on line 646.
 1 SYSTEMPATH\Database\BaseBuilder.php(1615): CodeIgniter\Database\BaseConnection->query('SELECT `es`.`id`, `es`.`nombre`, `es`.`descripcion`, `es`.`color`, `es`.`orden`, `es`.`es_final`, COUNT(e.id) as count
FROM `expedientes` `e`
LEFT JOIN `estados` `es` ON `es`.`id` = `e`.`id_estado`
GROUP BY `es`.`id`
ORDER BY `count` DESC', [], false)
 2 APPPATH\Models\DossierModel.php(83): CodeIgniter\Database\BaseBuilder->get()
 3 APPPATH\Controllers\Dashboard.php(16): App\Models\DossierModel->getStatistics()
 4 SYSTEMPATH\CodeIgniter.php(919): App\Controllers\Dashboard->index()
 5 SYSTEMPATH\CodeIgniter.php(494): CodeIgniter\CodeIgniter->runController(Object(App\Controllers\Dashboard))
 6 SYSTEMPATH\CodeIgniter.php(353): CodeIgniter\CodeIgniter->handleRequest(null, Object(Config\Cache), false)
 7 FCPATH\index.php(79): CodeIgniter\CodeIgniter->run()
CRITICAL - 2026-03-03 08:52:40 --> Undefined array key "estado"
in APPPATH\Controllers\Dashboard.php on line 24.
 1 APPPATH\Controllers\Dashboard.php(24): CodeIgniter\Debug\Exceptions->errorHandler(2, 'Undefined array key "estado"', 'C:\\xampp\\htdocs\\apps\\gestion_expedientes\\app\\Controllers\\Dashboard.php', 24)
 2 SYSTEMPATH\CodeIgniter.php(919): App\Controllers\Dashboard->index()
 3 SYSTEMPATH\CodeIgniter.php(494): CodeIgniter\CodeIgniter->runController(Object(App\Controllers\Dashboard))
 4 SYSTEMPATH\CodeIgniter.php(353): CodeIgniter\CodeIgniter->handleRequest(null, Object(Config\Cache), false)
 5 FCPATH\index.php(79): CodeIgniter\CodeIgniter->run()
ERROR - 2026-03-03 10:34:13 --> mysqli_sql_exception: Unknown column 'usuarios.username' in 'field list' in C:\xampp\htdocs\apps\gestion_expedientes\system\Database\MySQLi\Connection.php:306
Stack trace:
#0 C:\xampp\htdocs\apps\gestion_expedientes\system\Database\MySQLi\Connection.php(306): mysqli->query('SELECT `usuario...', 0)
#1 C:\xampp\htdocs\apps\gestion_expedientes\system\Database\BaseConnection.php(692): CodeIgniter\Database\MySQLi\Connection->execute('SELECT `usuario...')
#2 C:\xampp\htdocs\apps\gestion_expedientes\system\Database\BaseConnection.php(606): CodeIgniter\Database\BaseConnection->simpleQuery('SELECT `usuario...')
#3 C:\xampp\htdocs\apps\gestion_expedientes\system\Database\BaseBuilder.php(1615): CodeIgniter\Database\BaseConnection->query('SELECT `usuario...', Array, false)
#4 C:\xampp\htdocs\apps\gestion_expedientes\system\Model.php(237): CodeIgniter\Database\BaseBuilder->get()
#5 C:\xampp\htdocs\apps\gestion_expedientes\system\BaseModel.php(624): CodeIgniter\Model->doFindAll(0, 0)
#6 C:\xampp\htdocs\apps\gestion_expedientes\app\Models\UserModel.php(30): CodeIgniter\BaseModel->findAll()
#7 C:\xampp\htdocs\apps\gestion_expedientes\app\Controllers\Users.php(27): App\Models\UserModel->getUserInfo()
#8 C:\xampp\htdocs\apps\gestion_expedientes\system\CodeIgniter.php(919): App\Controllers\Users->index()
#9 C:\xampp\htdocs\apps\gestion_expedientes\system\CodeIgniter.php(494): CodeIgniter\CodeIgniter->runController(Object(App\Controllers\Users))
#10 C:\xampp\htdocs\apps\gestion_expedientes\system\CodeIgniter.php(353): CodeIgniter\CodeIgniter->handleRequest(NULL, Object(Config\Cache), false)
#11 C:\xampp\htdocs\apps\gestion_expedientes\index.php(79): CodeIgniter\CodeIgniter->run()
#12 {main}
CRITICAL - 2026-03-03 10:34:13 --> Unknown column 'usuarios.username' in 'field list'
in SYSTEMPATH\Database\BaseConnection.php on line 646.
 1 SYSTEMPATH\Database\BaseBuilder.php(1615): CodeIgniter\Database\BaseConnection->query('SELECT `usuarios`.`id`, `usuarios`.`username` as `uname`, `usuarios`.`email`, `roles`.`role_name`, `usuarios`.`profile_image`
FROM `usuarios`
JOIN `roles` ON `usuarios`.`role_id` = `roles`.`id`', [], false)
 2 SYSTEMPATH\Model.php(237): CodeIgniter\Database\BaseBuilder->get()
 3 SYSTEMPATH\BaseModel.php(624): CodeIgniter\Model->doFindAll(0, 0)
 4 APPPATH\Models\UserModel.php(30): CodeIgniter\BaseModel->findAll()
 5 APPPATH\Controllers\Users.php(27): App\Models\UserModel->getUserInfo()
 6 SYSTEMPATH\CodeIgniter.php(919): App\Controllers\Users->index()
 7 SYSTEMPATH\CodeIgniter.php(494): CodeIgniter\CodeIgniter->runController(Object(App\Controllers\Users))
 8 SYSTEMPATH\CodeIgniter.php(353): CodeIgniter\CodeIgniter->handleRequest(null, Object(Config\Cache), false)
 9 FCPATH\index.php(79): CodeIgniter\CodeIgniter->run()
ERROR - 2026-03-03 10:34:15 --> mysqli_sql_exception: Unknown column 'usuarios.username' in 'field list' in C:\xampp\htdocs\apps\gestion_expedientes\system\Database\MySQLi\Connection.php:306
Stack trace:
#0 C:\xampp\htdocs\apps\gestion_expedientes\system\Database\MySQLi\Connection.php(306): mysqli->query('SELECT `usuario...', 0)
#1 C:\xampp\htdocs\apps\gestion_expedientes\system\Database\BaseConnection.php(692): CodeIgniter\Database\MySQLi\Connection->execute('SELECT `usuario...')
#2 C:\xampp\htdocs\apps\gestion_expedientes\system\Database\BaseConnection.php(606): CodeIgniter\Database\BaseConnection->simpleQuery('SELECT `usuario...')
#3 C:\xampp\htdocs\apps\gestion_expedientes\system\Database\BaseBuilder.php(1615): CodeIgniter\Database\BaseConnection->query('SELECT `usuario...', Array, false)
#4 C:\xampp\htdocs\apps\gestion_expedientes\system\Model.php(237): CodeIgniter\Database\BaseBuilder->get()
#5 C:\xampp\htdocs\apps\gestion_expedientes\system\BaseModel.php(624): CodeIgniter\Model->doFindAll(0, 0)
#6 C:\xampp\htdocs\apps\gestion_expedientes\app\Models\UserModel.php(30): CodeIgniter\BaseModel->findAll()
#7 C:\xampp\htdocs\apps\gestion_expedientes\app\Controllers\Users.php(27): App\Models\UserModel->getUserInfo()
#8 C:\xampp\htdocs\apps\gestion_expedientes\system\CodeIgniter.php(919): App\Controllers\Users->index()
#9 C:\xampp\htdocs\apps\gestion_expedientes\system\CodeIgniter.php(494): CodeIgniter\CodeIgniter->runController(Object(App\Controllers\Users))
#10 C:\xampp\htdocs\apps\gestion_expedientes\system\CodeIgniter.php(353): CodeIgniter\CodeIgniter->handleRequest(NULL, Object(Config\Cache), false)
#11 C:\xampp\htdocs\apps\gestion_expedientes\index.php(79): CodeIgniter\CodeIgniter->run()
#12 {main}
CRITICAL - 2026-03-03 10:34:15 --> Unknown column 'usuarios.username' in 'field list'
in SYSTEMPATH\Database\BaseConnection.php on line 646.
 1 SYSTEMPATH\Database\BaseBuilder.php(1615): CodeIgniter\Database\BaseConnection->query('SELECT `usuarios`.`id`, `usuarios`.`username` as `uname`, `usuarios`.`email`, `roles`.`role_name`, `usuarios`.`profile_image`
FROM `usuarios`
JOIN `roles` ON `usuarios`.`role_id` = `roles`.`id`', [], false)
 2 SYSTEMPATH\Model.php(237): CodeIgniter\Database\BaseBuilder->get()
 3 SYSTEMPATH\BaseModel.php(624): CodeIgniter\Model->doFindAll(0, 0)
 4 APPPATH\Models\UserModel.php(30): CodeIgniter\BaseModel->findAll()
 5 APPPATH\Controllers\Users.php(27): App\Models\UserModel->getUserInfo()
 6 SYSTEMPATH\CodeIgniter.php(919): App\Controllers\Users->index()
 7 SYSTEMPATH\CodeIgniter.php(494): CodeIgniter\CodeIgniter->runController(Object(App\Controllers\Users))
 8 SYSTEMPATH\CodeIgniter.php(353): CodeIgniter\CodeIgniter->handleRequest(null, Object(Config\Cache), false)
 9 FCPATH\index.php(79): CodeIgniter\CodeIgniter->run()
ERROR - 2026-03-03 10:34:17 --> mysqli_sql_exception: Unknown column 'usuarios.username' in 'field list' in C:\xampp\htdocs\apps\gestion_expedientes\system\Database\MySQLi\Connection.php:306
Stack trace:
#0 C:\xampp\htdocs\apps\gestion_expedientes\system\Database\MySQLi\Connection.php(306): mysqli->query('SELECT `usuario...', 0)
#1 C:\xampp\htdocs\apps\gestion_expedientes\system\Database\BaseConnection.php(692): CodeIgniter\Database\MySQLi\Connection->execute('SELECT `usuario...')
#2 C:\xampp\htdocs\apps\gestion_expedientes\system\Database\BaseConnection.php(606): CodeIgniter\Database\BaseConnection->simpleQuery('SELECT `usuario...')
#3 C:\xampp\htdocs\apps\gestion_expedientes\system\Database\BaseBuilder.php(1615): CodeIgniter\Database\BaseConnection->query('SELECT `usuario...', Array, false)
#4 C:\xampp\htdocs\apps\gestion_expedientes\system\Model.php(237): CodeIgniter\Database\BaseBuilder->get()
#5 C:\xampp\htdocs\apps\gestion_expedientes\system\BaseModel.php(624): CodeIgniter\Model->doFindAll(0, 0)
#6 C:\xampp\htdocs\apps\gestion_expedientes\app\Models\UserModel.php(30): CodeIgniter\BaseModel->findAll()
#7 C:\xampp\htdocs\apps\gestion_expedientes\app\Controllers\Users.php(27): App\Models\UserModel->getUserInfo()
#8 C:\xampp\htdocs\apps\gestion_expedientes\system\CodeIgniter.php(919): App\Controllers\Users->index()
#9 C:\xampp\htdocs\apps\gestion_expedientes\system\CodeIgniter.php(494): CodeIgniter\CodeIgniter->runController(Object(App\Controllers\Users))
#10 C:\xampp\htdocs\apps\gestion_expedientes\system\CodeIgniter.php(353): CodeIgniter\CodeIgniter->handleRequest(NULL, Object(Config\Cache), false)
#11 C:\xampp\htdocs\apps\gestion_expedientes\index.php(79): CodeIgniter\CodeIgniter->run()
#12 {main}
CRITICAL - 2026-03-03 10:34:17 --> Unknown column 'usuarios.username' in 'field list'
in SYSTEMPATH\Database\BaseConnection.php on line 646.
 1 SYSTEMPATH\Database\BaseBuilder.php(1615): CodeIgniter\Database\BaseConnection->query('SELECT `usuarios`.`id`, `usuarios`.`username` as `uname`, `usuarios`.`email`, `roles`.`role_name`, `usuarios`.`profile_image`
FROM `usuarios`
JOIN `roles` ON `usuarios`.`role_id` = `roles`.`id`', [], false)
 2 SYSTEMPATH\Model.php(237): CodeIgniter\Database\BaseBuilder->get()
 3 SYSTEMPATH\BaseModel.php(624): CodeIgniter\Model->doFindAll(0, 0)
 4 APPPATH\Models\UserModel.php(30): CodeIgniter\BaseModel->findAll()
 5 APPPATH\Controllers\Users.php(27): App\Models\UserModel->getUserInfo()
 6 SYSTEMPATH\CodeIgniter.php(919): App\Controllers\Users->index()
 7 SYSTEMPATH\CodeIgniter.php(494): CodeIgniter\CodeIgniter->runController(Object(App\Controllers\Users))
 8 SYSTEMPATH\CodeIgniter.php(353): CodeIgniter\CodeIgniter->handleRequest(null, Object(Config\Cache), false)
 9 FCPATH\index.php(79): CodeIgniter\CodeIgniter->run()
ERROR - 2026-03-03 10:34:17 --> mysqli_sql_exception: Unknown column 'usuarios.username' in 'field list' in C:\xampp\htdocs\apps\gestion_expedientes\system\Database\MySQLi\Connection.php:306
Stack trace:
#0 C:\xampp\htdocs\apps\gestion_expedientes\system\Database\MySQLi\Connection.php(306): mysqli->query('SELECT `usuario...', 0)
#1 C:\xampp\htdocs\apps\gestion_expedientes\system\Database\BaseConnection.php(692): CodeIgniter\Database\MySQLi\Connection->execute('SELECT `usuario...')
#2 C:\xampp\htdocs\apps\gestion_expedientes\system\Database\BaseConnection.php(606): CodeIgniter\Database\BaseConnection->simpleQuery('SELECT `usuario...')
#3 C:\xampp\htdocs\apps\gestion_expedientes\system\Database\BaseBuilder.php(1615): CodeIgniter\Database\BaseConnection->query('SELECT `usuario...', Array, false)
#4 C:\xampp\htdocs\apps\gestion_expedientes\system\Model.php(237): CodeIgniter\Database\BaseBuilder->get()
#5 C:\xampp\htdocs\apps\gestion_expedientes\system\BaseModel.php(624): CodeIgniter\Model->doFindAll(0, 0)
#6 C:\xampp\htdocs\apps\gestion_expedientes\app\Models\UserModel.php(30): CodeIgniter\BaseModel->findAll()
#7 C:\xampp\htdocs\apps\gestion_expedientes\app\Controllers\Users.php(27): App\Models\UserModel->getUserInfo()
#8 C:\xampp\htdocs\apps\gestion_expedientes\system\CodeIgniter.php(919): App\Controllers\Users->index()
#9 C:\xampp\htdocs\apps\gestion_expedientes\system\CodeIgniter.php(494): CodeIgniter\CodeIgniter->runController(Object(App\Controllers\Users))
#10 C:\xampp\htdocs\apps\gestion_expedientes\system\CodeIgniter.php(353): CodeIgniter\CodeIgniter->handleRequest(NULL, Object(Config\Cache), false)
#11 C:\xampp\htdocs\apps\gestion_expedientes\index.php(79): CodeIgniter\CodeIgniter->run()
#12 {main}
CRITICAL - 2026-03-03 10:34:17 --> Unknown column 'usuarios.username' in 'field list'
in SYSTEMPATH\Database\BaseConnection.php on line 646.
 1 SYSTEMPATH\Database\BaseBuilder.php(1615): CodeIgniter\Database\BaseConnection->query('SELECT `usuarios`.`id`, `usuarios`.`username` as `uname`, `usuarios`.`email`, `roles`.`role_name`, `usuarios`.`profile_image`
FROM `usuarios`
JOIN `roles` ON `usuarios`.`role_id` = `roles`.`id`', [], false)
 2 SYSTEMPATH\Model.php(237): CodeIgniter\Database\BaseBuilder->get()
 3 SYSTEMPATH\BaseModel.php(624): CodeIgniter\Model->doFindAll(0, 0)
 4 APPPATH\Models\UserModel.php(30): CodeIgniter\BaseModel->findAll()
 5 APPPATH\Controllers\Users.php(27): App\Models\UserModel->getUserInfo()
 6 SYSTEMPATH\CodeIgniter.php(919): App\Controllers\Users->index()
 7 SYSTEMPATH\CodeIgniter.php(494): CodeIgniter\CodeIgniter->runController(Object(App\Controllers\Users))
 8 SYSTEMPATH\CodeIgniter.php(353): CodeIgniter\CodeIgniter->handleRequest(null, Object(Config\Cache), false)
 9 FCPATH\index.php(79): CodeIgniter\CodeIgniter->run()
ERROR - 2026-03-03 10:36:35 --> mysqli_sql_exception: Unknown column 'usuarios.profile_image' in 'field list' in C:\xampp\htdocs\apps\gestion_expedientes\system\Database\MySQLi\Connection.php:306
Stack trace:
#0 C:\xampp\htdocs\apps\gestion_expedientes\system\Database\MySQLi\Connection.php(306): mysqli->query('SELECT `usuario...', 0)
#1 C:\xampp\htdocs\apps\gestion_expedientes\system\Database\BaseConnection.php(692): CodeIgniter\Database\MySQLi\Connection->execute('SELECT `usuario...')
#2 C:\xampp\htdocs\apps\gestion_expedientes\system\Database\BaseConnection.php(606): CodeIgniter\Database\BaseConnection->simpleQuery('SELECT `usuario...')
#3 C:\xampp\htdocs\apps\gestion_expedientes\system\Database\BaseBuilder.php(1615): CodeIgniter\Database\BaseConnection->query('SELECT `usuario...', Array, false)
#4 C:\xampp\htdocs\apps\gestion_expedientes\system\Model.php(237): CodeIgniter\Database\BaseBuilder->get()
#5 C:\xampp\htdocs\apps\gestion_expedientes\system\BaseModel.php(624): CodeIgniter\Model->doFindAll(0, 0)
#6 C:\xampp\htdocs\apps\gestion_expedientes\app\Models\UserModel.php(30): CodeIgniter\BaseModel->findAll()
#7 C:\xampp\htdocs\apps\gestion_expedientes\app\Controllers\Users.php(27): App\Models\UserModel->getUserInfo()
#8 C:\xampp\htdocs\apps\gestion_expedientes\system\CodeIgniter.php(919): App\Controllers\Users->index()
#9 C:\xampp\htdocs\apps\gestion_expedientes\system\CodeIgniter.php(494): CodeIgniter\CodeIgniter->runController(Object(App\Controllers\Users))
#10 C:\xampp\htdocs\apps\gestion_expedientes\system\CodeIgniter.php(353): CodeIgniter\CodeIgniter->handleRequest(NULL, Object(Config\Cache), false)
#11 C:\xampp\htdocs\apps\gestion_expedientes\index.php(79): CodeIgniter\CodeIgniter->run()
#12 {main}
CRITICAL - 2026-03-03 10:36:35 --> Unknown column 'usuarios.profile_image' in 'field list'
in SYSTEMPATH\Database\BaseConnection.php on line 646.
 1 SYSTEMPATH\Database\BaseBuilder.php(1615): CodeIgniter\Database\BaseConnection->query('SELECT `usuarios`.`id`, `usuarios`.`nombre` as `uname`, `usuarios`.`email`, `roles`.`role_name`, `usuarios`.`profile_image`
FROM `usuarios`
JOIN `roles` ON `usuarios`.`role_id` = `roles`.`id`', [], false)
 2 SYSTEMPATH\Model.php(237): CodeIgniter\Database\BaseBuilder->get()
 3 SYSTEMPATH\BaseModel.php(624): CodeIgniter\Model->doFindAll(0, 0)
 4 APPPATH\Models\UserModel.php(30): CodeIgniter\BaseModel->findAll()
 5 APPPATH\Controllers\Users.php(27): App\Models\UserModel->getUserInfo()
 6 SYSTEMPATH\CodeIgniter.php(919): App\Controllers\Users->index()
 7 SYSTEMPATH\CodeIgniter.php(494): CodeIgniter\CodeIgniter->runController(Object(App\Controllers\Users))
 8 SYSTEMPATH\CodeIgniter.php(353): CodeIgniter\CodeIgniter->handleRequest(null, Object(Config\Cache), false)
 9 FCPATH\index.php(79): CodeIgniter\CodeIgniter->run()
ERROR - 2026-03-03 10:36:39 --> mysqli_sql_exception: Unknown column 'usuarios.profile_image' in 'field list' in C:\xampp\htdocs\apps\gestion_expedientes\system\Database\MySQLi\Connection.php:306
Stack trace:
#0 C:\xampp\htdocs\apps\gestion_expedientes\system\Database\MySQLi\Connection.php(306): mysqli->query('SELECT `usuario...', 0)
#1 C:\xampp\htdocs\apps\gestion_expedientes\system\Database\BaseConnection.php(692): CodeIgniter\Database\MySQLi\Connection->execute('SELECT `usuario...')
#2 C:\xampp\htdocs\apps\gestion_expedientes\system\Database\BaseConnection.php(606): CodeIgniter\Database\BaseConnection->simpleQuery('SELECT `usuario...')
#3 C:\xampp\htdocs\apps\gestion_expedientes\system\Database\BaseBuilder.php(1615): CodeIgniter\Database\BaseConnection->query('SELECT `usuario...', Array, false)
#4 C:\xampp\htdocs\apps\gestion_expedientes\system\Model.php(237): CodeIgniter\Database\BaseBuilder->get()
#5 C:\xampp\htdocs\apps\gestion_expedientes\system\BaseModel.php(624): CodeIgniter\Model->doFindAll(0, 0)
#6 C:\xampp\htdocs\apps\gestion_expedientes\app\Models\UserModel.php(30): CodeIgniter\BaseModel->findAll()
#7 C:\xampp\htdocs\apps\gestion_expedientes\app\Controllers\Users.php(27): App\Models\UserModel->getUserInfo()
#8 C:\xampp\htdocs\apps\gestion_expedientes\system\CodeIgniter.php(919): App\Controllers\Users->index()
#9 C:\xampp\htdocs\apps\gestion_expedientes\system\CodeIgniter.php(494): CodeIgniter\CodeIgniter->runController(Object(App\Controllers\Users))
#10 C:\xampp\htdocs\apps\gestion_expedientes\system\CodeIgniter.php(353): CodeIgniter\CodeIgniter->handleRequest(NULL, Object(Config\Cache), false)
#11 C:\xampp\htdocs\apps\gestion_expedientes\index.php(79): CodeIgniter\CodeIgniter->run()
#12 {main}
CRITICAL - 2026-03-03 10:36:39 --> Unknown column 'usuarios.profile_image' in 'field list'
in SYSTEMPATH\Database\BaseConnection.php on line 646.
 1 SYSTEMPATH\Database\BaseBuilder.php(1615): CodeIgniter\Database\BaseConnection->query('SELECT `usuarios`.`id`, `usuarios`.`nombre` as `uname`, `usuarios`.`email`, `roles`.`role_name`, `usuarios`.`profile_image`
FROM `usuarios`
JOIN `roles` ON `usuarios`.`role_id` = `roles`.`id`', [], false)
 2 SYSTEMPATH\Model.php(237): CodeIgniter\Database\BaseBuilder->get()
 3 SYSTEMPATH\BaseModel.php(624): CodeIgniter\Model->doFindAll(0, 0)
 4 APPPATH\Models\UserModel.php(30): CodeIgniter\BaseModel->findAll()
 5 APPPATH\Controllers\Users.php(27): App\Models\UserModel->getUserInfo()
 6 SYSTEMPATH\CodeIgniter.php(919): App\Controllers\Users->index()
 7 SYSTEMPATH\CodeIgniter.php(494): CodeIgniter\CodeIgniter->runController(Object(App\Controllers\Users))
 8 SYSTEMPATH\CodeIgniter.php(353): CodeIgniter\CodeIgniter->handleRequest(null, Object(Config\Cache), false)
 9 FCPATH\index.php(79): CodeIgniter\CodeIgniter->run()
CRITICAL - 2026-03-03 10:40:36 --> Undefined array key "uname"
in APPPATH\Views\users\index.php on line 79.
 1 APPPATH\Views\users\index.php(79): CodeIgniter\Debug\Exceptions->errorHandler(2, 'Undefined array key "uname"', 'C:\\xampp\\htdocs\\apps\\gestion_expedientes\\app\\Views\\users\\index.php', 79)
 2 SYSTEMPATH\View\View.php(226): include('C:\\xampp\\htdocs\\apps\\gestion_expedientes\\app\\Views\\users\\index.php')
 3 SYSTEMPATH\View\View.php(229): CodeIgniter\View\View->CodeIgniter\View\{closure}()
 4 SYSTEMPATH\Common.php(1188): CodeIgniter\View\View->render('users/index', [], true)
 5 APPPATH\Controllers\Users.php(29): view('users/index', [...])
 6 SYSTEMPATH\CodeIgniter.php(919): App\Controllers\Users->index()
 7 SYSTEMPATH\CodeIgniter.php(494): CodeIgniter\CodeIgniter->runController(Object(App\Controllers\Users))
 8 SYSTEMPATH\CodeIgniter.php(353): CodeIgniter\CodeIgniter->handleRequest(null, Object(Config\Cache), false)
 9 FCPATH\index.php(79): CodeIgniter\CodeIgniter->run()
CRITICAL - 2026-03-03 10:40:39 --> Undefined array key "uname"
in APPPATH\Views\users\index.php on line 79.
 1 APPPATH\Views\users\index.php(79): CodeIgniter\Debug\Exceptions->errorHandler(2, 'Undefined array key "uname"', 'C:\\xampp\\htdocs\\apps\\gestion_expedientes\\app\\Views\\users\\index.php', 79)
 2 SYSTEMPATH\View\View.php(226): include('C:\\xampp\\htdocs\\apps\\gestion_expedientes\\app\\Views\\users\\index.php')
 3 SYSTEMPATH\View\View.php(229): CodeIgniter\View\View->CodeIgniter\View\{closure}()
 4 SYSTEMPATH\Common.php(1188): CodeIgniter\View\View->render('users/index', [], true)
 5 APPPATH\Controllers\Users.php(29): view('users/index', [...])
 6 SYSTEMPATH\CodeIgniter.php(919): App\Controllers\Users->index()
 7 SYSTEMPATH\CodeIgniter.php(494): CodeIgniter\CodeIgniter->runController(Object(App\Controllers\Users))
 8 SYSTEMPATH\CodeIgniter.php(353): CodeIgniter\CodeIgniter->handleRequest(null, Object(Config\Cache), false)
 9 FCPATH\index.php(79): CodeIgniter\CodeIgniter->run()
CRITICAL - 2026-03-03 10:40:59 --> Undefined array key "role_name"
in APPPATH\Views\users\index.php on line 81.
 1 APPPATH\Views\users\index.php(81): CodeIgniter\Debug\Exceptions->errorHandler(2, 'Undefined array key "role_name"', 'C:\\xampp\\htdocs\\apps\\gestion_expedientes\\app\\Views\\users\\index.php', 81)
 2 SYSTEMPATH\View\View.php(226): include('C:\\xampp\\htdocs\\apps\\gestion_expedientes\\app\\Views\\users\\index.php')
 3 SYSTEMPATH\View\View.php(229): CodeIgniter\View\View->CodeIgniter\View\{closure}()
 4 SYSTEMPATH\Common.php(1188): CodeIgniter\View\View->render('users/index', [], true)
 5 APPPATH\Controllers\Users.php(29): view('users/index', [...])
 6 SYSTEMPATH\CodeIgniter.php(919): App\Controllers\Users->index()
 7 SYSTEMPATH\CodeIgniter.php(494): CodeIgniter\CodeIgniter->runController(Object(App\Controllers\Users))
 8 SYSTEMPATH\CodeIgniter.php(353): CodeIgniter\CodeIgniter->handleRequest(null, Object(Config\Cache), false)
 9 FCPATH\index.php(79): CodeIgniter\CodeIgniter->run()
CRITICAL - 2026-03-03 10:41:59 --> Undefined array key "username"
in APPPATH\Views\users\edit.php on line 55.
 1 APPPATH\Views\users\edit.php(55): CodeIgniter\Debug\Exceptions->errorHandler(2, 'Undefined array key "username"', 'C:\\xampp\\htdocs\\apps\\gestion_expedientes\\app\\Views\\users\\edit.php', 55)
 2 SYSTEMPATH\View\View.php(226): include('C:\\xampp\\htdocs\\apps\\gestion_expedientes\\app\\Views\\users\\edit.php')
 3 SYSTEMPATH\View\View.php(229): CodeIgniter\View\View->CodeIgniter\View\{closure}()
 4 SYSTEMPATH\Common.php(1188): CodeIgniter\View\View->render('users/edit', [], true)
 5 APPPATH\Controllers\Users.php(130): view('users/edit', [...])
 6 SYSTEMPATH\CodeIgniter.php(919): App\Controllers\Users->edit('4')
 7 SYSTEMPATH\CodeIgniter.php(494): CodeIgniter\CodeIgniter->runController(Object(App\Controllers\Users))
 8 SYSTEMPATH\CodeIgniter.php(353): CodeIgniter\CodeIgniter->handleRequest(null, Object(Config\Cache), false)
 9 FCPATH\index.php(79): CodeIgniter\CodeIgniter->run()
ERROR - 2026-03-03 10:44:12 --> mysqli_sql_exception: Unknown column 'contacto' in 'field list' in C:\xampp\htdocs\apps\gestion_expedientes\system\Database\MySQLi\Connection.php:306
Stack trace:
#0 C:\xampp\htdocs\apps\gestion_expedientes\system\Database\MySQLi\Connection.php(306): mysqli->query('UPDATE `usuario...', 0)
#1 C:\xampp\htdocs\apps\gestion_expedientes\system\Database\BaseConnection.php(692): CodeIgniter\Database\MySQLi\Connection->execute('UPDATE `usuario...')
#2 C:\xampp\htdocs\apps\gestion_expedientes\system\Database\BaseConnection.php(606): CodeIgniter\Database\BaseConnection->simpleQuery('UPDATE `usuario...')
#3 C:\xampp\htdocs\apps\gestion_expedientes\system\Database\BaseBuilder.php(2475): CodeIgniter\Database\BaseConnection->query('UPDATE `usuario...', Array, false)
#4 C:\xampp\htdocs\apps\gestion_expedientes\system\Model.php(385): CodeIgniter\Database\BaseBuilder->update()
#5 C:\xampp\htdocs\apps\gestion_expedientes\system\BaseModel.php(949): CodeIgniter\Model->doUpdate(Array, Array)
#6 C:\xampp\htdocs\apps\gestion_expedientes\system\Model.php(776): CodeIgniter\BaseModel->update(Array, Array)
#7 C:\xampp\htdocs\apps\gestion_expedientes\app\Controllers\Users.php(154): CodeIgniter\Model->update('4', Array)
#8 C:\xampp\htdocs\apps\gestion_expedientes\system\CodeIgniter.php(919): App\Controllers\Users->update()
#9 C:\xampp\htdocs\apps\gestion_expedientes\system\CodeIgniter.php(494): CodeIgniter\CodeIgniter->runController(Object(App\Controllers\Users))
#10 C:\xampp\htdocs\apps\gestion_expedientes\system\CodeIgniter.php(353): CodeIgniter\CodeIgniter->handleRequest(NULL, Object(Config\Cache), false)
#11 C:\xampp\htdocs\apps\gestion_expedientes\index.php(79): CodeIgniter\CodeIgniter->run()
#12 {main}
CRITICAL - 2026-03-03 10:44:12 --> Unknown column 'contacto' in 'field list'
in SYSTEMPATH\Database\BaseConnection.php on line 646.
 1 SYSTEMPATH\Database\BaseBuilder.php(2475): CodeIgniter\Database\BaseConnection->query('UPDATE `usuarios` SET `role_id` = :role_id:, `contacto` = :contacto:, `email` = :email:, `updated_at` = :updated_at:
WHERE `usuarios`.`id` IN :usuarios.id:', [...], false)
 2 SYSTEMPATH\Model.php(385): CodeIgniter\Database\BaseBuilder->update()
 3 SYSTEMPATH\BaseModel.php(949): CodeIgniter\Model->doUpdate([...], [...])
 4 SYSTEMPATH\Model.php(776): CodeIgniter\BaseModel->update([...], [...])
 5 APPPATH\Controllers\Users.php(154): CodeIgniter\Model->update('4', [...])
 6 SYSTEMPATH\CodeIgniter.php(919): App\Controllers\Users->update()
 7 SYSTEMPATH\CodeIgniter.php(494): CodeIgniter\CodeIgniter->runController(Object(App\Controllers\Users))
 8 SYSTEMPATH\CodeIgniter.php(353): CodeIgniter\CodeIgniter->handleRequest(null, Object(Config\Cache), false)
 9 FCPATH\index.php(79): CodeIgniter\CodeIgniter->run()
CRITICAL - 2026-03-03 11:17:37 --> Undefined array key "telefono"
in APPPATH\Views\users\edit.php on line 82.
 1 APPPATH\Views\users\edit.php(82): CodeIgniter\Debug\Exceptions->errorHandler(2, 'Undefined array key "telefono"', 'C:\\xampp\\htdocs\\apps\\gestion_expedientes\\app\\Views\\users\\edit.php', 82)
 2 SYSTEMPATH\View\View.php(226): include('C:\\xampp\\htdocs\\apps\\gestion_expedientes\\app\\Views\\users\\edit.php')
 3 SYSTEMPATH\View\View.php(229): CodeIgniter\View\View->CodeIgniter\View\{closure}()
 4 SYSTEMPATH\Common.php(1188): CodeIgniter\View\View->render('users/edit', [], true)
 5 APPPATH\Controllers\Users.php(132): view('users/edit', [...])
 6 SYSTEMPATH\CodeIgniter.php(919): App\Controllers\Users->edit('3')
 7 SYSTEMPATH\CodeIgniter.php(494): CodeIgniter\CodeIgniter->runController(Object(App\Controllers\Users))
 8 SYSTEMPATH\CodeIgniter.php(353): CodeIgniter\CodeIgniter->handleRequest(null, Object(Config\Cache), false)
 9 FCPATH\index.php(79): CodeIgniter\CodeIgniter->run()
CRITICAL - 2026-03-03 11:19:58 --> Undefined variable $departamentos
in APPPATH\Views\users\edit.php on line 108.
 1 APPPATH\Views\users\edit.php(108): CodeIgniter\Debug\Exceptions->errorHandler(2, 'Undefined variable $departamentos', 'C:\\xampp\\htdocs\\apps\\gestion_expedientes\\app\\Views\\users\\edit.php', 108)
 2 SYSTEMPATH\View\View.php(226): include('C:\\xampp\\htdocs\\apps\\gestion_expedientes\\app\\Views\\users\\edit.php')
 3 SYSTEMPATH\View\View.php(229): CodeIgniter\View\View->CodeIgniter\View\{closure}()
 4 SYSTEMPATH\Common.php(1188): CodeIgniter\View\View->render('users/edit', [], true)
 5 APPPATH\Controllers\Users.php(132): view('users/edit', [...])
 6 SYSTEMPATH\CodeIgniter.php(919): App\Controllers\Users->edit('3')
 7 SYSTEMPATH\CodeIgniter.php(494): CodeIgniter\CodeIgniter->runController(Object(App\Controllers\Users))
 8 SYSTEMPATH\CodeIgniter.php(353): CodeIgniter\CodeIgniter->handleRequest(null, Object(Config\Cache), false)
 9 FCPATH\index.php(79): CodeIgniter\CodeIgniter->run()
CRITICAL - 2026-03-03 11:19:59 --> Undefined variable $departamentos
in APPPATH\Views\users\edit.php on line 108.
 1 APPPATH\Views\users\edit.php(108): CodeIgniter\Debug\Exceptions->errorHandler(2, 'Undefined variable $departamentos', 'C:\\xampp\\htdocs\\apps\\gestion_expedientes\\app\\Views\\users\\edit.php', 108)
 2 SYSTEMPATH\View\View.php(226): include('C:\\xampp\\htdocs\\apps\\gestion_expedientes\\app\\Views\\users\\edit.php')
 3 SYSTEMPATH\View\View.php(229): CodeIgniter\View\View->CodeIgniter\View\{closure}()
 4 SYSTEMPATH\Common.php(1188): CodeIgniter\View\View->render('users/edit', [], true)
 5 APPPATH\Controllers\Users.php(132): view('users/edit', [...])
 6 SYSTEMPATH\CodeIgniter.php(919): App\Controllers\Users->edit('3')
 7 SYSTEMPATH\CodeIgniter.php(494): CodeIgniter\CodeIgniter->runController(Object(App\Controllers\Users))
 8 SYSTEMPATH\CodeIgniter.php(353): CodeIgniter\CodeIgniter->handleRequest(null, Object(Config\Cache), false)
 9 FCPATH\index.php(79): CodeIgniter\CodeIgniter->run()
CRITICAL - 2026-03-03 11:21:21 --> Undefined array key "nombre"
in APPPATH\Views\users\edit.php on line 111.
 1 APPPATH\Views\users\edit.php(111): CodeIgniter\Debug\Exceptions->errorHandler(2, 'Undefined array key "nombre"', 'C:\\xampp\\htdocs\\apps\\gestion_expedientes\\app\\Views\\users\\edit.php', 111)
 2 SYSTEMPATH\View\View.php(226): include('C:\\xampp\\htdocs\\apps\\gestion_expedientes\\app\\Views\\users\\edit.php')
 3 SYSTEMPATH\View\View.php(229): CodeIgniter\View\View->CodeIgniter\View\{closure}()
 4 SYSTEMPATH\Common.php(1188): CodeIgniter\View\View->render('users/edit', [], true)
 5 APPPATH\Controllers\Users.php(133): view('users/edit', [...])
 6 SYSTEMPATH\CodeIgniter.php(919): App\Controllers\Users->edit('3')
 7 SYSTEMPATH\CodeIgniter.php(494): CodeIgniter\CodeIgniter->runController(Object(App\Controllers\Users))
 8 SYSTEMPATH\CodeIgniter.php(353): CodeIgniter\CodeIgniter->handleRequest(null, Object(Config\Cache), false)
 9 FCPATH\index.php(79): CodeIgniter\CodeIgniter->run()
CRITICAL - 2026-03-03 11:21:24 --> Undefined array key "nombre"
in APPPATH\Views\users\edit.php on line 111.
 1 APPPATH\Views\users\edit.php(111): CodeIgniter\Debug\Exceptions->errorHandler(2, 'Undefined array key "nombre"', 'C:\\xampp\\htdocs\\apps\\gestion_expedientes\\app\\Views\\users\\edit.php', 111)
 2 SYSTEMPATH\View\View.php(226): include('C:\\xampp\\htdocs\\apps\\gestion_expedientes\\app\\Views\\users\\edit.php')
 3 SYSTEMPATH\View\View.php(229): CodeIgniter\View\View->CodeIgniter\View\{closure}()
 4 SYSTEMPATH\Common.php(1188): CodeIgniter\View\View->render('users/edit', [], true)
 5 APPPATH\Controllers\Users.php(133): view('users/edit', [...])
 6 SYSTEMPATH\CodeIgniter.php(919): App\Controllers\Users->edit('3')
 7 SYSTEMPATH\CodeIgniter.php(494): CodeIgniter\CodeIgniter->runController(Object(App\Controllers\Users))
 8 SYSTEMPATH\CodeIgniter.php(353): CodeIgniter\CodeIgniter->handleRequest(null, Object(Config\Cache), false)
 9 FCPATH\index.php(79): CodeIgniter\CodeIgniter->run()
ERROR - 2026-03-03 12:04:01 --> mysqli_sql_exception: Table 'gest_exp.expediente_asignaciones' doesn't exist in C:\xampp\htdocs\apps\gestion_expedientes\system\Database\MySQLi\Connection.php:306
Stack trace:
#0 C:\xampp\htdocs\apps\gestion_expedientes\system\Database\MySQLi\Connection.php(306): mysqli->query('SELECT `expedie...', 0)
#1 C:\xampp\htdocs\apps\gestion_expedientes\system\Database\BaseConnection.php(692): CodeIgniter\Database\MySQLi\Connection->execute('SELECT `expedie...')
#2 C:\xampp\htdocs\apps\gestion_expedientes\system\Database\BaseConnection.php(606): CodeIgniter\Database\BaseConnection->simpleQuery('SELECT `expedie...')
#3 C:\xampp\htdocs\apps\gestion_expedientes\system\Database\BaseBuilder.php(1615): CodeIgniter\Database\BaseConnection->query('SELECT `expedie...', Array, false)
#4 C:\xampp\htdocs\apps\gestion_expedientes\app\Models\DossierModel.php(57): CodeIgniter\Database\BaseBuilder->get()
#5 C:\xampp\htdocs\apps\gestion_expedientes\app\Controllers\Dossiers.php(39): App\Models\DossierModel->getExpedientesData('0', '4', NULL, Array)
#6 C:\xampp\htdocs\apps\gestion_expedientes\system\CodeIgniter.php(919): App\Controllers\Dossiers->index()
#7 C:\xampp\htdocs\apps\gestion_expedientes\system\CodeIgniter.php(494): CodeIgniter\CodeIgniter->runController(Object(App\Controllers\Dossiers))
#8 C:\xampp\htdocs\apps\gestion_expedientes\system\CodeIgniter.php(353): CodeIgniter\CodeIgniter->handleRequest(NULL, Object(Config\Cache), false)
#9 C:\xampp\htdocs\apps\gestion_expedientes\index.php(79): CodeIgniter\CodeIgniter->run()
#10 {main}
CRITICAL - 2026-03-03 12:04:01 --> Table 'gest_exp.expediente_asignaciones' doesn't exist
in SYSTEMPATH\Database\BaseConnection.php on line 646.
 1 SYSTEMPATH\Database\BaseBuilder.php(1615): CodeIgniter\Database\BaseConnection->query('SELECT `expedientes`.*, `departamentos`.`nombre` AS `departamento`, `estados`.`nombre` AS `estado`
FROM `expedientes`
LEFT JOIN `departamentos` ON `expedientes`.`departamento_actual` = `departamentos`.`id`
LEFT JOIN `estados` ON `expedientes`.`estado_id` = `estados`.`id`
INNER JOIN `expediente_asignaciones` `ea` ON `ea`.`expediente_id` = `expedientes`.`id`
WHERE `ea`.`user_id` = :ea.user_id:
ORDER BY `expedientes`.`fecha_creacion` DESC', [...], false)
 2 APPPATH\Models\DossierModel.php(57): CodeIgniter\Database\BaseBuilder->get()
 3 APPPATH\Controllers\Dossiers.php(39): App\Models\DossierModel->getExpedientesData('0', '4', null, [...])
 4 SYSTEMPATH\CodeIgniter.php(919): App\Controllers\Dossiers->index()
 5 SYSTEMPATH\CodeIgniter.php(494): CodeIgniter\CodeIgniter->runController(Object(App\Controllers\Dossiers))
 6 SYSTEMPATH\CodeIgniter.php(353): CodeIgniter\CodeIgniter->handleRequest(null, Object(Config\Cache), false)
 7 FCPATH\index.php(79): CodeIgniter\CodeIgniter->run()
ERROR - 2026-03-03 12:04:11 --> mysqli_sql_exception: Table 'gest_exp.expediente_asignaciones' doesn't exist in C:\xampp\htdocs\apps\gestion_expedientes\system\Database\MySQLi\Connection.php:306
Stack trace:
#0 C:\xampp\htdocs\apps\gestion_expedientes\system\Database\MySQLi\Connection.php(306): mysqli->query('SELECT `expedie...', 0)
#1 C:\xampp\htdocs\apps\gestion_expedientes\system\Database\BaseConnection.php(692): CodeIgniter\Database\MySQLi\Connection->execute('SELECT `expedie...')
#2 C:\xampp\htdocs\apps\gestion_expedientes\system\Database\BaseConnection.php(606): CodeIgniter\Database\BaseConnection->simpleQuery('SELECT `expedie...')
#3 C:\xampp\htdocs\apps\gestion_expedientes\system\Database\BaseBuilder.php(1615): CodeIgniter\Database\BaseConnection->query('SELECT `expedie...', Array, false)
#4 C:\xampp\htdocs\apps\gestion_expedientes\app\Models\DossierModel.php(57): CodeIgniter\Database\BaseBuilder->get()
#5 C:\xampp\htdocs\apps\gestion_expedientes\app\Controllers\Dossiers.php(39): App\Models\DossierModel->getExpedientesData('0', '4', NULL, Array)
#6 C:\xampp\htdocs\apps\gestion_expedientes\system\CodeIgniter.php(919): App\Controllers\Dossiers->index()
#7 C:\xampp\htdocs\apps\gestion_expedientes\system\CodeIgniter.php(494): CodeIgniter\CodeIgniter->runController(Object(App\Controllers\Dossiers))
#8 C:\xampp\htdocs\apps\gestion_expedientes\system\CodeIgniter.php(353): CodeIgniter\CodeIgniter->handleRequest(NULL, Object(Config\Cache), false)
#9 C:\xampp\htdocs\apps\gestion_expedientes\index.php(79): CodeIgniter\CodeIgniter->run()
#10 {main}
CRITICAL - 2026-03-03 12:04:11 --> Table 'gest_exp.expediente_asignaciones' doesn't exist
in SYSTEMPATH\Database\BaseConnection.php on line 646.
 1 SYSTEMPATH\Database\BaseBuilder.php(1615): CodeIgniter\Database\BaseConnection->query('SELECT `expedientes`.*, `departamentos`.`nombre` AS `departamento`, `estados`.`nombre` AS `estado`
FROM `expedientes`
LEFT JOIN `departamentos` ON `expedientes`.`departamento_actual` = `departamentos`.`id`
LEFT JOIN `estados` ON `expedientes`.`estado_id` = `estados`.`id`
INNER JOIN `expediente_asignaciones` `ea` ON `ea`.`expediente_id` = `expedientes`.`id`
WHERE `ea`.`user_id` = :ea.user_id:
ORDER BY `expedientes`.`fecha_creacion` DESC', [...], false)
 2 APPPATH\Models\DossierModel.php(57): CodeIgniter\Database\BaseBuilder->get()
 3 APPPATH\Controllers\Dossiers.php(39): App\Models\DossierModel->getExpedientesData('0', '4', null, [...])
 4 SYSTEMPATH\CodeIgniter.php(919): App\Controllers\Dossiers->index()
 5 SYSTEMPATH\CodeIgniter.php(494): CodeIgniter\CodeIgniter->runController(Object(App\Controllers\Dossiers))
 6 SYSTEMPATH\CodeIgniter.php(353): CodeIgniter\CodeIgniter->handleRequest(null, Object(Config\Cache), false)
 7 FCPATH\index.php(79): CodeIgniter\CodeIgniter->run()
ERROR - 2026-03-03 12:06:41 --> mysqli_sql_exception: Unknown column 'ea.user_id' in 'where clause' in C:\xampp\htdocs\apps\gestion_expedientes\system\Database\MySQLi\Connection.php:306
Stack trace:
#0 C:\xampp\htdocs\apps\gestion_expedientes\system\Database\MySQLi\Connection.php(306): mysqli->query('SELECT `expedie...', 0)
#1 C:\xampp\htdocs\apps\gestion_expedientes\system\Database\BaseConnection.php(692): CodeIgniter\Database\MySQLi\Connection->execute('SELECT `expedie...')
#2 C:\xampp\htdocs\apps\gestion_expedientes\system\Database\BaseConnection.php(606): CodeIgniter\Database\BaseConnection->simpleQuery('SELECT `expedie...')
#3 C:\xampp\htdocs\apps\gestion_expedientes\system\Database\BaseBuilder.php(1615): CodeIgniter\Database\BaseConnection->query('SELECT `expedie...', Array, false)
#4 C:\xampp\htdocs\apps\gestion_expedientes\app\Models\DossierModel.php(57): CodeIgniter\Database\BaseBuilder->get()
#5 C:\xampp\htdocs\apps\gestion_expedientes\app\Controllers\Dossiers.php(39): App\Models\DossierModel->getExpedientesData('0', '4', NULL, Array)
#6 C:\xampp\htdocs\apps\gestion_expedientes\system\CodeIgniter.php(919): App\Controllers\Dossiers->index()
#7 C:\xampp\htdocs\apps\gestion_expedientes\system\CodeIgniter.php(494): CodeIgniter\CodeIgniter->runController(Object(App\Controllers\Dossiers))
#8 C:\xampp\htdocs\apps\gestion_expedientes\system\CodeIgniter.php(353): CodeIgniter\CodeIgniter->handleRequest(NULL, Object(Config\Cache), false)
#9 C:\xampp\htdocs\apps\gestion_expedientes\index.php(79): CodeIgniter\CodeIgniter->run()
#10 {main}
CRITICAL - 2026-03-03 12:06:41 --> Unknown column 'ea.user_id' in 'where clause'
in SYSTEMPATH\Database\BaseConnection.php on line 646.
 1 SYSTEMPATH\Database\BaseBuilder.php(1615): CodeIgniter\Database\BaseConnection->query('SELECT `expedientes`.*, `departamentos`.`nombre` AS `departamento`, `estados`.`nombre` AS `estado`
FROM `expedientes`
LEFT JOIN `departamentos` ON `expedientes`.`departamento_actual` = `departamentos`.`id`
LEFT JOIN `estados` ON `expedientes`.`estado_id` = `estados`.`id`
INNER JOIN `expediente_asignaciones` `ea` ON `ea`.`expediente_id` = `expedientes`.`id`
WHERE `ea`.`user_id` = :ea.user_id:
ORDER BY `expedientes`.`fecha_creacion` DESC', [...], false)
 2 APPPATH\Models\DossierModel.php(57): CodeIgniter\Database\BaseBuilder->get()
 3 APPPATH\Controllers\Dossiers.php(39): App\Models\DossierModel->getExpedientesData('0', '4', null, [...])
 4 SYSTEMPATH\CodeIgniter.php(919): App\Controllers\Dossiers->index()
 5 SYSTEMPATH\CodeIgniter.php(494): CodeIgniter\CodeIgniter->runController(Object(App\Controllers\Dossiers))
 6 SYSTEMPATH\CodeIgniter.php(353): CodeIgniter\CodeIgniter->handleRequest(null, Object(Config\Cache), false)
 7 FCPATH\index.php(79): CodeIgniter\CodeIgniter->run()
CRITICAL - 2026-03-03 12:12:12 --> Undefined array key "departamento_nombre"
in APPPATH\Views\dossier\index.php on line 81.
 1 APPPATH\Views\dossier\index.php(81): CodeIgniter\Debug\Exceptions->errorHandler(2, 'Undefined array key "departamento_nombre"', 'C:\\xampp\\htdocs\\apps\\gestion_expedientes\\app\\Views\\dossier\\index.php', 81)
 2 SYSTEMPATH\View\View.php(226): include('C:\\xampp\\htdocs\\apps\\gestion_expedientes\\app\\Views\\dossier\\index.php')
 3 SYSTEMPATH\View\View.php(229): CodeIgniter\View\View->CodeIgniter\View\{closure}()
 4 SYSTEMPATH\Common.php(1188): CodeIgniter\View\View->render('dossier/index', [], true)
 5 APPPATH\Controllers\Dossiers.php(52): view('dossier/index', [...])
 6 SYSTEMPATH\CodeIgniter.php(919): App\Controllers\Dossiers->index()
 7 SYSTEMPATH\CodeIgniter.php(494): CodeIgniter\CodeIgniter->runController(Object(App\Controllers\Dossiers))
 8 SYSTEMPATH\CodeIgniter.php(353): CodeIgniter\CodeIgniter->handleRequest(null, Object(Config\Cache), false)
 9 FCPATH\index.php(79): CodeIgniter\CodeIgniter->run()
CRITICAL - 2026-03-03 12:12:23 --> Undefined array key "departamento_nombre"
in APPPATH\Views\dossier\index.php on line 81.
 1 APPPATH\Views\dossier\index.php(81): CodeIgniter\Debug\Exceptions->errorHandler(2, 'Undefined array key "departamento_nombre"', 'C:\\xampp\\htdocs\\apps\\gestion_expedientes\\app\\Views\\dossier\\index.php', 81)
 2 SYSTEMPATH\View\View.php(226): include('C:\\xampp\\htdocs\\apps\\gestion_expedientes\\app\\Views\\dossier\\index.php')
 3 SYSTEMPATH\View\View.php(229): CodeIgniter\View\View->CodeIgniter\View\{closure}()
 4 SYSTEMPATH\Common.php(1188): CodeIgniter\View\View->render('dossier/index', [], true)
 5 APPPATH\Controllers\Dossiers.php(52): view('dossier/index', [...])
 6 SYSTEMPATH\CodeIgniter.php(919): App\Controllers\Dossiers->index()
 7 SYSTEMPATH\CodeIgniter.php(494): CodeIgniter\CodeIgniter->runController(Object(App\Controllers\Dossiers))
 8 SYSTEMPATH\CodeIgniter.php(353): CodeIgniter\CodeIgniter->handleRequest(null, Object(Config\Cache), false)
 9 FCPATH\index.php(79): CodeIgniter\CodeIgniter->run()
CRITICAL - 2026-03-03 12:12:27 --> Undefined array key "departamento_nombre"
in APPPATH\Views\dossier\index.php on line 81.
 1 APPPATH\Views\dossier\index.php(81): CodeIgniter\Debug\Exceptions->errorHandler(2, 'Undefined array key "departamento_nombre"', 'C:\\xampp\\htdocs\\apps\\gestion_expedientes\\app\\Views\\dossier\\index.php', 81)
 2 SYSTEMPATH\View\View.php(226): include('C:\\xampp\\htdocs\\apps\\gestion_expedientes\\app\\Views\\dossier\\index.php')
 3 SYSTEMPATH\View\View.php(229): CodeIgniter\View\View->CodeIgniter\View\{closure}()
 4 SYSTEMPATH\Common.php(1188): CodeIgniter\View\View->render('dossier/index', [], true)
 5 APPPATH\Controllers\Dossiers.php(52): view('dossier/index', [...])
 6 SYSTEMPATH\CodeIgniter.php(919): App\Controllers\Dossiers->index()
 7 SYSTEMPATH\CodeIgniter.php(494): CodeIgniter\CodeIgniter->runController(Object(App\Controllers\Dossiers))
 8 SYSTEMPATH\CodeIgniter.php(353): CodeIgniter\CodeIgniter->handleRequest(null, Object(Config\Cache), false)
 9 FCPATH\index.php(79): CodeIgniter\CodeIgniter->run()
CRITICAL - 2026-03-03 12:12:33 --> Undefined array key "departamento_nombre"
in APPPATH\Views\dossier\index.php on line 81.
 1 APPPATH\Views\dossier\index.php(81): CodeIgniter\Debug\Exceptions->errorHandler(2, 'Undefined array key "departamento_nombre"', 'C:\\xampp\\htdocs\\apps\\gestion_expedientes\\app\\Views\\dossier\\index.php', 81)
 2 SYSTEMPATH\View\View.php(226): include('C:\\xampp\\htdocs\\apps\\gestion_expedientes\\app\\Views\\dossier\\index.php')
 3 SYSTEMPATH\View\View.php(229): CodeIgniter\View\View->CodeIgniter\View\{closure}()
 4 SYSTEMPATH\Common.php(1188): CodeIgniter\View\View->render('dossier/index', [], true)
 5 APPPATH\Controllers\Dossiers.php(52): view('dossier/index', [...])
 6 SYSTEMPATH\CodeIgniter.php(919): App\Controllers\Dossiers->index()
 7 SYSTEMPATH\CodeIgniter.php(494): CodeIgniter\CodeIgniter->runController(Object(App\Controllers\Dossiers))
 8 SYSTEMPATH\CodeIgniter.php(353): CodeIgniter\CodeIgniter->handleRequest(null, Object(Config\Cache), false)
 9 FCPATH\index.php(79): CodeIgniter\CodeIgniter->run()
CRITICAL - 2026-03-03 12:12:41 --> Undefined array key "departamento_nombre"
in APPPATH\Views\dossier\index.php on line 81.
 1 APPPATH\Views\dossier\index.php(81): CodeIgniter\Debug\Exceptions->errorHandler(2, 'Undefined array key "departamento_nombre"', 'C:\\xampp\\htdocs\\apps\\gestion_expedientes\\app\\Views\\dossier\\index.php', 81)
 2 SYSTEMPATH\View\View.php(226): include('C:\\xampp\\htdocs\\apps\\gestion_expedientes\\app\\Views\\dossier\\index.php')
 3 SYSTEMPATH\View\View.php(229): CodeIgniter\View\View->CodeIgniter\View\{closure}()
 4 SYSTEMPATH\Common.php(1188): CodeIgniter\View\View->render('dossier/index', [], true)
 5 APPPATH\Controllers\Dossiers.php(52): view('dossier/index', [...])
 6 SYSTEMPATH\CodeIgniter.php(919): App\Controllers\Dossiers->index()
 7 SYSTEMPATH\CodeIgniter.php(494): CodeIgniter\CodeIgniter->runController(Object(App\Controllers\Dossiers))
 8 SYSTEMPATH\CodeIgniter.php(353): CodeIgniter\CodeIgniter->handleRequest(null, Object(Config\Cache), false)
 9 FCPATH\index.php(79): CodeIgniter\CodeIgniter->run()
CRITICAL - 2026-03-03 12:28:23 --> syntax error, unexpected token "<", expecting "function" or "const"
in APPPATH\Controllers\Dossiers.php on line 20.
 1 SYSTEMPATH\Autoloader\Autoloader.php(285): CodeIgniter\Autoloader\Autoloader->includeFile('C:\\xampp\\htdocs\\apps\\gestion_expedientes\\app\\Controllers\\Dossiers.php')
 2 SYSTEMPATH\Autoloader\Autoloader.php(263): CodeIgniter\Autoloader\Autoloader->loadInNamespace('App\\Controllers\\Dossiers')
 3 [internal function]: CodeIgniter\Autoloader\Autoloader->loadClass('App\\Controllers\\Dossiers')
 4 SYSTEMPATH\CodeIgniter.php(877): class_exists('\\App\\Controllers\\Dossiers', true)
 5 SYSTEMPATH\CodeIgniter.php(481): CodeIgniter\CodeIgniter->startController()
 6 SYSTEMPATH\CodeIgniter.php(353): CodeIgniter\CodeIgniter->handleRequest(null, Object(Config\Cache), false)
 7 FCPATH\index.php(79): CodeIgniter\CodeIgniter->run()
CRITICAL - 2026-03-03 12:29:00 --> Class "App\Controllers\EstadoModel" not found
in APPPATH\Controllers\Dossiers.php on line 32.
 1 SYSTEMPATH\CodeIgniter.php(919): App\Controllers\Dossiers->index()
 2 SYSTEMPATH\CodeIgniter.php(494): CodeIgniter\CodeIgniter->runController(Object(App\Controllers\Dossiers))
 3 SYSTEMPATH\CodeIgniter.php(353): CodeIgniter\CodeIgniter->handleRequest(null, Object(Config\Cache), false)
 4 FCPATH\index.php(79): CodeIgniter\CodeIgniter->run()
CRITICAL - 2026-03-03 12:34:31 --> Cannot use object of type stdClass as array
in APPPATH\Views\dossier\index.php on line 77.
 1 SYSTEMPATH\View\View.php(226): include()
 2 SYSTEMPATH\View\View.php(229): CodeIgniter\View\View->CodeIgniter\View\{closure}()
 3 SYSTEMPATH\Common.php(1188): CodeIgniter\View\View->render('dossier/index', [], true)
 4 APPPATH\Controllers\Dossiers.php(59): view('dossier/index', [...])
 5 SYSTEMPATH\CodeIgniter.php(919): App\Controllers\Dossiers->index()
 6 SYSTEMPATH\CodeIgniter.php(494): CodeIgniter\CodeIgniter->runController(Object(App\Controllers\Dossiers))
 7 SYSTEMPATH\CodeIgniter.php(353): CodeIgniter\CodeIgniter->handleRequest(null, Object(Config\Cache), false)
 8 FCPATH\index.php(79): CodeIgniter\CodeIgniter->run()
CRITICAL - 2026-03-03 12:35:15 --> Cannot use object of type stdClass as array
in APPPATH\Views\dossier\index.php on line 77.
 1 SYSTEMPATH\View\View.php(226): include()
 2 SYSTEMPATH\View\View.php(229): CodeIgniter\View\View->CodeIgniter\View\{closure}()
 3 SYSTEMPATH\Common.php(1188): CodeIgniter\View\View->render('dossier/index', [], true)
 4 APPPATH\Controllers\Dossiers.php(59): view('dossier/index', [...])
 5 SYSTEMPATH\CodeIgniter.php(919): App\Controllers\Dossiers->index()
 6 SYSTEMPATH\CodeIgniter.php(494): CodeIgniter\CodeIgniter->runController(Object(App\Controllers\Dossiers))
 7 SYSTEMPATH\CodeIgniter.php(353): CodeIgniter\CodeIgniter->handleRequest(null, Object(Config\Cache), false)
 8 FCPATH\index.php(79): CodeIgniter\CodeIgniter->run()
CRITICAL - 2026-03-03 12:38:12 --> Undefined property: stdClass::$estado
in APPPATH\Views\dossier\index.php on line 81.
 1 APPPATH\Views\dossier\index.php(81): CodeIgniter\Debug\Exceptions->errorHandler(2, 'Undefined property: stdClass::$estado', 'C:\\xampp\\htdocs\\apps\\gestion_expedientes\\app\\Views\\dossier\\index.php', 81)
 2 SYSTEMPATH\View\View.php(226): include('C:\\xampp\\htdocs\\apps\\gestion_expedientes\\app\\Views\\dossier\\index.php')
 3 SYSTEMPATH\View\View.php(229): CodeIgniter\View\View->CodeIgniter\View\{closure}()
 4 SYSTEMPATH\Common.php(1188): CodeIgniter\View\View->render('dossier/index', [], true)
 5 APPPATH\Controllers\Dossiers.php(59): view('dossier/index', [...])
 6 SYSTEMPATH\CodeIgniter.php(919): App\Controllers\Dossiers->index()
 7 SYSTEMPATH\CodeIgniter.php(494): CodeIgniter\CodeIgniter->runController(Object(App\Controllers\Dossiers))
 8 SYSTEMPATH\CodeIgniter.php(353): CodeIgniter\CodeIgniter->handleRequest(null, Object(Config\Cache), false)
 9 FCPATH\index.php(79): CodeIgniter\CodeIgniter->run()
CRITICAL - 2026-03-03 12:39:04 --> Undefined property: stdClass::$departamento
in APPPATH\Views\dossier\index.php on line 81.
 1 APPPATH\Views\dossier\index.php(81): CodeIgniter\Debug\Exceptions->errorHandler(2, 'Undefined property: stdClass::$departamento', 'C:\\xampp\\htdocs\\apps\\gestion_expedientes\\app\\Views\\dossier\\index.php', 81)
 2 SYSTEMPATH\View\View.php(226): include('C:\\xampp\\htdocs\\apps\\gestion_expedientes\\app\\Views\\dossier\\index.php')
 3 SYSTEMPATH\View\View.php(229): CodeIgniter\View\View->CodeIgniter\View\{closure}()
 4 SYSTEMPATH\Common.php(1188): CodeIgniter\View\View->render('dossier/index', [], true)
 5 APPPATH\Controllers\Dossiers.php(59): view('dossier/index', [...])
 6 SYSTEMPATH\CodeIgniter.php(919): App\Controllers\Dossiers->index()
 7 SYSTEMPATH\CodeIgniter.php(494): CodeIgniter\CodeIgniter->runController(Object(App\Controllers\Dossiers))
 8 SYSTEMPATH\CodeIgniter.php(353): CodeIgniter\CodeIgniter->handleRequest(null, Object(Config\Cache), false)
 9 FCPATH\index.php(79): CodeIgniter\CodeIgniter->run()
CRITICAL - 2026-03-03 12:39:05 --> Undefined property: stdClass::$departamento
in APPPATH\Views\dossier\index.php on line 81.
 1 APPPATH\Views\dossier\index.php(81): CodeIgniter\Debug\Exceptions->errorHandler(2, 'Undefined property: stdClass::$departamento', 'C:\\xampp\\htdocs\\apps\\gestion_expedientes\\app\\Views\\dossier\\index.php', 81)
 2 SYSTEMPATH\View\View.php(226): include('C:\\xampp\\htdocs\\apps\\gestion_expedientes\\app\\Views\\dossier\\index.php')
 3 SYSTEMPATH\View\View.php(229): CodeIgniter\View\View->CodeIgniter\View\{closure}()
 4 SYSTEMPATH\Common.php(1188): CodeIgniter\View\View->render('dossier/index', [], true)
 5 APPPATH\Controllers\Dossiers.php(59): view('dossier/index', [...])
 6 SYSTEMPATH\CodeIgniter.php(919): App\Controllers\Dossiers->index()
 7 SYSTEMPATH\CodeIgniter.php(494): CodeIgniter\CodeIgniter->runController(Object(App\Controllers\Dossiers))
 8 SYSTEMPATH\CodeIgniter.php(353): CodeIgniter\CodeIgniter->handleRequest(null, Object(Config\Cache), false)
 9 FCPATH\index.php(79): CodeIgniter\CodeIgniter->run()
CRITICAL - 2026-03-03 12:39:07 --> Undefined property: stdClass::$departamento
in APPPATH\Views\dossier\index.php on line 81.
 1 APPPATH\Views\dossier\index.php(81): CodeIgniter\Debug\Exceptions->errorHandler(2, 'Undefined property: stdClass::$departamento', 'C:\\xampp\\htdocs\\apps\\gestion_expedientes\\app\\Views\\dossier\\index.php', 81)
 2 SYSTEMPATH\View\View.php(226): include('C:\\xampp\\htdocs\\apps\\gestion_expedientes\\app\\Views\\dossier\\index.php')
 3 SYSTEMPATH\View\View.php(229): CodeIgniter\View\View->CodeIgniter\View\{closure}()
 4 SYSTEMPATH\Common.php(1188): CodeIgniter\View\View->render('dossier/index', [], true)
 5 APPPATH\Controllers\Dossiers.php(59): view('dossier/index', [...])
 6 SYSTEMPATH\CodeIgniter.php(919): App\Controllers\Dossiers->index()
 7 SYSTEMPATH\CodeIgniter.php(494): CodeIgniter\CodeIgniter->runController(Object(App\Controllers\Dossiers))
 8 SYSTEMPATH\CodeIgniter.php(353): CodeIgniter\CodeIgniter->handleRequest(null, Object(Config\Cache), false)
 9 FCPATH\index.php(79): CodeIgniter\CodeIgniter->run()
CRITICAL - 2026-03-03 12:39:07 --> Undefined property: stdClass::$departamento
in APPPATH\Views\dossier\index.php on line 81.
 1 APPPATH\Views\dossier\index.php(81): CodeIgniter\Debug\Exceptions->errorHandler(2, 'Undefined property: stdClass::$departamento', 'C:\\xampp\\htdocs\\apps\\gestion_expedientes\\app\\Views\\dossier\\index.php', 81)
 2 SYSTEMPATH\View\View.php(226): include('C:\\xampp\\htdocs\\apps\\gestion_expedientes\\app\\Views\\dossier\\index.php')
 3 SYSTEMPATH\View\View.php(229): CodeIgniter\View\View->CodeIgniter\View\{closure}()
 4 SYSTEMPATH\Common.php(1188): CodeIgniter\View\View->render('dossier/index', [], true)
 5 APPPATH\Controllers\Dossiers.php(59): view('dossier/index', [...])
 6 SYSTEMPATH\CodeIgniter.php(919): App\Controllers\Dossiers->index()
 7 SYSTEMPATH\CodeIgniter.php(494): CodeIgniter\CodeIgniter->runController(Object(App\Controllers\Dossiers))
 8 SYSTEMPATH\CodeIgniter.php(353): CodeIgniter\CodeIgniter->handleRequest(null, Object(Config\Cache), false)
 9 FCPATH\index.php(79): CodeIgniter\CodeIgniter->run()
CRITICAL - 2026-03-03 12:39:08 --> Undefined property: stdClass::$departamento
in APPPATH\Views\dossier\index.php on line 81.
 1 APPPATH\Views\dossier\index.php(81): CodeIgniter\Debug\Exceptions->errorHandler(2, 'Undefined property: stdClass::$departamento', 'C:\\xampp\\htdocs\\apps\\gestion_expedientes\\app\\Views\\dossier\\index.php', 81)
 2 SYSTEMPATH\View\View.php(226): include('C:\\xampp\\htdocs\\apps\\gestion_expedientes\\app\\Views\\dossier\\index.php')
 3 SYSTEMPATH\View\View.php(229): CodeIgniter\View\View->CodeIgniter\View\{closure}()
 4 SYSTEMPATH\Common.php(1188): CodeIgniter\View\View->render('dossier/index', [], true)
 5 APPPATH\Controllers\Dossiers.php(59): view('dossier/index', [...])
 6 SYSTEMPATH\CodeIgniter.php(919): App\Controllers\Dossiers->index()
 7 SYSTEMPATH\CodeIgniter.php(494): CodeIgniter\CodeIgniter->runController(Object(App\Controllers\Dossiers))
 8 SYSTEMPATH\CodeIgniter.php(353): CodeIgniter\CodeIgniter->handleRequest(null, Object(Config\Cache), false)
 9 FCPATH\index.php(79): CodeIgniter\CodeIgniter->run()
CRITICAL - 2026-03-03 12:39:40 --> Undefined property: stdClass::$departamento_name
in APPPATH\Views\dossier\index.php on line 81.
 1 APPPATH\Views\dossier\index.php(81): CodeIgniter\Debug\Exceptions->errorHandler(2, 'Undefined property: stdClass::$departamento_name', 'C:\\xampp\\htdocs\\apps\\gestion_expedientes\\app\\Views\\dossier\\index.php', 81)
 2 SYSTEMPATH\View\View.php(226): include('C:\\xampp\\htdocs\\apps\\gestion_expedientes\\app\\Views\\dossier\\index.php')
 3 SYSTEMPATH\View\View.php(229): CodeIgniter\View\View->CodeIgniter\View\{closure}()
 4 SYSTEMPATH\Common.php(1188): CodeIgniter\View\View->render('dossier/index', [], true)
 5 APPPATH\Controllers\Dossiers.php(59): view('dossier/index', [...])
 6 SYSTEMPATH\CodeIgniter.php(919): App\Controllers\Dossiers->index()
 7 SYSTEMPATH\CodeIgniter.php(494): CodeIgniter\CodeIgniter->runController(Object(App\Controllers\Dossiers))
 8 SYSTEMPATH\CodeIgniter.php(353): CodeIgniter\CodeIgniter->handleRequest(null, Object(Config\Cache), false)
 9 FCPATH\index.php(79): CodeIgniter\CodeIgniter->run()
ERROR - 2026-03-03 12:48:19 --> mysqli_sql_exception: Table 'gest_exp.depts' doesn't exist in C:\xampp\htdocs\apps\gestion_expedientes\system\Database\MySQLi\Connection.php:306
Stack trace:
#0 C:\xampp\htdocs\apps\gestion_expedientes\system\Database\MySQLi\Connection.php(306): mysqli->query('SELECT `expedie...', 0)
#1 C:\xampp\htdocs\apps\gestion_expedientes\system\Database\BaseConnection.php(692): CodeIgniter\Database\MySQLi\Connection->execute('SELECT `expedie...')
#2 C:\xampp\htdocs\apps\gestion_expedientes\system\Database\BaseConnection.php(606): CodeIgniter\Database\BaseConnection->simpleQuery('SELECT `expedie...')
#3 C:\xampp\htdocs\apps\gestion_expedientes\system\Database\BaseBuilder.php(1615): CodeIgniter\Database\BaseConnection->query('SELECT `expedie...', Array, false)
#4 C:\xampp\htdocs\apps\gestion_expedientes\system\Model.php(871): CodeIgniter\Database\BaseBuilder->get()
#5 C:\xampp\htdocs\apps\gestion_expedientes\app\Models\DossierModel.php(56): CodeIgniter\Model->__call('get', Array)
#6 C:\xampp\htdocs\apps\gestion_expedientes\app\Controllers\Dossiers.php(43): App\Models\DossierModel->getExpedientesData('4', '2', NULL, Array)
#7 C:\xampp\htdocs\apps\gestion_expedientes\system\CodeIgniter.php(919): App\Controllers\Dossiers->index()
#8 C:\xampp\htdocs\apps\gestion_expedientes\system\CodeIgniter.php(494): CodeIgniter\CodeIgniter->runController(Object(App\Controllers\Dossiers))
#9 C:\xampp\htdocs\apps\gestion_expedientes\system\CodeIgniter.php(353): CodeIgniter\CodeIgniter->handleRequest(NULL, Object(Config\Cache), false)
#10 C:\xampp\htdocs\apps\gestion_expedientes\index.php(79): CodeIgniter\CodeIgniter->run()
#11 {main}
CRITICAL - 2026-03-03 12:48:19 --> Table 'gest_exp.depts' doesn't exist
in SYSTEMPATH\Database\BaseConnection.php on line 646.
 1 SYSTEMPATH\Database\BaseBuilder.php(1615): CodeIgniter\Database\BaseConnection->query('SELECT `expedientes`.*, `depts`.`nombre` as `departamento_name`, `estados`.`nombre` as `estado_nombre`, `estados`.`color` as `estado_color`
FROM `expedientes`
LEFT JOIN `depts` ON `depts`.`id` = `expedientes`.`departamento_actual`
LEFT JOIN `estados` ON `estados`.`id` = `expedientes`.`estado`
WHERE `departamento_actual` IS NULL
ORDER BY `fecha_creacion` DESC', [], false)
 2 SYSTEMPATH\Model.php(871): CodeIgniter\Database\BaseBuilder->get()
 3 APPPATH\Models\DossierModel.php(56): CodeIgniter\Model->__call('get', [])
 4 APPPATH\Controllers\Dossiers.php(43): App\Models\DossierModel->getExpedientesData('4', '2', null, [...])
 5 SYSTEMPATH\CodeIgniter.php(919): App\Controllers\Dossiers->index()
 6 SYSTEMPATH\CodeIgniter.php(494): CodeIgniter\CodeIgniter->runController(Object(App\Controllers\Dossiers))
 7 SYSTEMPATH\CodeIgniter.php(353): CodeIgniter\CodeIgniter->handleRequest(null, Object(Config\Cache), false)
 8 FCPATH\index.php(79): CodeIgniter\CodeIgniter->run()
ERROR - 2026-03-03 12:48:25 --> mysqli_sql_exception: Table 'gest_exp.depts' doesn't exist in C:\xampp\htdocs\apps\gestion_expedientes\system\Database\MySQLi\Connection.php:306
Stack trace:
#0 C:\xampp\htdocs\apps\gestion_expedientes\system\Database\MySQLi\Connection.php(306): mysqli->query('SELECT `expedie...', 0)
#1 C:\xampp\htdocs\apps\gestion_expedientes\system\Database\BaseConnection.php(692): CodeIgniter\Database\MySQLi\Connection->execute('SELECT `expedie...')
#2 C:\xampp\htdocs\apps\gestion_expedientes\system\Database\BaseConnection.php(606): CodeIgniter\Database\BaseConnection->simpleQuery('SELECT `expedie...')
#3 C:\xampp\htdocs\apps\gestion_expedientes\system\Database\BaseBuilder.php(1615): CodeIgniter\Database\BaseConnection->query('SELECT `expedie...', Array, false)
#4 C:\xampp\htdocs\apps\gestion_expedientes\system\Model.php(871): CodeIgniter\Database\BaseBuilder->get()
#5 C:\xampp\htdocs\apps\gestion_expedientes\app\Models\DossierModel.php(56): CodeIgniter\Model->__call('get', Array)
#6 C:\xampp\htdocs\apps\gestion_expedientes\app\Controllers\Dossiers.php(43): App\Models\DossierModel->getExpedientesData('1', '1', NULL, Array)
#7 C:\xampp\htdocs\apps\gestion_expedientes\system\CodeIgniter.php(919): App\Controllers\Dossiers->index()
#8 C:\xampp\htdocs\apps\gestion_expedientes\system\CodeIgniter.php(494): CodeIgniter\CodeIgniter->runController(Object(App\Controllers\Dossiers))
#9 C:\xampp\htdocs\apps\gestion_expedientes\system\CodeIgniter.php(353): CodeIgniter\CodeIgniter->handleRequest(NULL, Object(Config\Cache), false)
#10 C:\xampp\htdocs\apps\gestion_expedientes\index.php(79): CodeIgniter\CodeIgniter->run()
#11 {main}
CRITICAL - 2026-03-03 12:48:25 --> Table 'gest_exp.depts' doesn't exist
in SYSTEMPATH\Database\BaseConnection.php on line 646.
 1 SYSTEMPATH\Database\BaseBuilder.php(1615): CodeIgniter\Database\BaseConnection->query('SELECT `expedientes`.*, `depts`.`nombre` as `departamento_name`, `estados`.`nombre` as `estado_nombre`, `estados`.`color` as `estado_color`
FROM `expedientes`
LEFT JOIN `depts` ON `depts`.`id` = `expedientes`.`departamento_actual`
LEFT JOIN `estados` ON `estados`.`id` = `expedientes`.`estado`
ORDER BY `fecha_creacion` DESC', [], false)
 2 SYSTEMPATH\Model.php(871): CodeIgniter\Database\BaseBuilder->get()
 3 APPPATH\Models\DossierModel.php(56): CodeIgniter\Model->__call('get', [])
 4 APPPATH\Controllers\Dossiers.php(43): App\Models\DossierModel->getExpedientesData('1', '1', null, [...])
 5 SYSTEMPATH\CodeIgniter.php(919): App\Controllers\Dossiers->index()
 6 SYSTEMPATH\CodeIgniter.php(494): CodeIgniter\CodeIgniter->runController(Object(App\Controllers\Dossiers))
 7 SYSTEMPATH\CodeIgniter.php(353): CodeIgniter\CodeIgniter->handleRequest(null, Object(Config\Cache), false)
 8 FCPATH\index.php(79): CodeIgniter\CodeIgniter->run()
ERROR - 2026-03-03 12:49:18 --> mysqli_sql_exception: Unknown column 'depts.nombre' in 'field list' in C:\xampp\htdocs\apps\gestion_expedientes\system\Database\MySQLi\Connection.php:306
Stack trace:
#0 C:\xampp\htdocs\apps\gestion_expedientes\system\Database\MySQLi\Connection.php(306): mysqli->query('SELECT `expedie...', 0)
#1 C:\xampp\htdocs\apps\gestion_expedientes\system\Database\BaseConnection.php(692): CodeIgniter\Database\MySQLi\Connection->execute('SELECT `expedie...')
#2 C:\xampp\htdocs\apps\gestion_expedientes\system\Database\BaseConnection.php(606): CodeIgniter\Database\BaseConnection->simpleQuery('SELECT `expedie...')
#3 C:\xampp\htdocs\apps\gestion_expedientes\system\Database\BaseBuilder.php(1615): CodeIgniter\Database\BaseConnection->query('SELECT `expedie...', Array, false)
#4 C:\xampp\htdocs\apps\gestion_expedientes\system\Model.php(871): CodeIgniter\Database\BaseBuilder->get()
#5 C:\xampp\htdocs\apps\gestion_expedientes\app\Models\DossierModel.php(56): CodeIgniter\Model->__call('get', Array)
#6 C:\xampp\htdocs\apps\gestion_expedientes\app\Controllers\Dossiers.php(43): App\Models\DossierModel->getExpedientesData('4', '2', NULL, Array)
#7 C:\xampp\htdocs\apps\gestion_expedientes\system\CodeIgniter.php(919): App\Controllers\Dossiers->index()
#8 C:\xampp\htdocs\apps\gestion_expedientes\system\CodeIgniter.php(494): CodeIgniter\CodeIgniter->runController(Object(App\Controllers\Dossiers))
#9 C:\xampp\htdocs\apps\gestion_expedientes\system\CodeIgniter.php(353): CodeIgniter\CodeIgniter->handleRequest(NULL, Object(Config\Cache), false)
#10 C:\xampp\htdocs\apps\gestion_expedientes\index.php(79): CodeIgniter\CodeIgniter->run()
#11 {main}
CRITICAL - 2026-03-03 12:49:18 --> Unknown column 'depts.nombre' in 'field list'
in SYSTEMPATH\Database\BaseConnection.php on line 646.
 1 SYSTEMPATH\Database\BaseBuilder.php(1615): CodeIgniter\Database\BaseConnection->query('SELECT `expedientes`.*, `depts`.`nombre` as `departamento_name`, `estados`.`nombre` as `estado_nombre`, `estados`.`color` as `estado_color`
FROM `expedientes`
LEFT JOIN `departamentos` ON `departamentos`.`id` = `expedientes`.`departamento_actual`
LEFT JOIN `estados` ON `estados`.`id` = `expedientes`.`estado`
WHERE `departamento_actual` IS NULL
ORDER BY `fecha_creacion` DESC', [], false)
 2 SYSTEMPATH\Model.php(871): CodeIgniter\Database\BaseBuilder->get()
 3 APPPATH\Models\DossierModel.php(56): CodeIgniter\Model->__call('get', [])
 4 APPPATH\Controllers\Dossiers.php(43): App\Models\DossierModel->getExpedientesData('4', '2', null, [...])
 5 SYSTEMPATH\CodeIgniter.php(919): App\Controllers\Dossiers->index()
 6 SYSTEMPATH\CodeIgniter.php(494): CodeIgniter\CodeIgniter->runController(Object(App\Controllers\Dossiers))
 7 SYSTEMPATH\CodeIgniter.php(353): CodeIgniter\CodeIgniter->handleRequest(null, Object(Config\Cache), false)
 8 FCPATH\index.php(79): CodeIgniter\CodeIgniter->run()
ERROR - 2026-03-03 12:49:20 --> mysqli_sql_exception: Unknown column 'depts.nombre' in 'field list' in C:\xampp\htdocs\apps\gestion_expedientes\system\Database\MySQLi\Connection.php:306
Stack trace:
#0 C:\xampp\htdocs\apps\gestion_expedientes\system\Database\MySQLi\Connection.php(306): mysqli->query('SELECT `expedie...', 0)
#1 C:\xampp\htdocs\apps\gestion_expedientes\system\Database\BaseConnection.php(692): CodeIgniter\Database\MySQLi\Connection->execute('SELECT `expedie...')
#2 C:\xampp\htdocs\apps\gestion_expedientes\system\Database\BaseConnection.php(606): CodeIgniter\Database\BaseConnection->simpleQuery('SELECT `expedie...')
#3 C:\xampp\htdocs\apps\gestion_expedientes\system\Database\BaseBuilder.php(1615): CodeIgniter\Database\BaseConnection->query('SELECT `expedie...', Array, false)
#4 C:\xampp\htdocs\apps\gestion_expedientes\system\Model.php(871): CodeIgniter\Database\BaseBuilder->get()
#5 C:\xampp\htdocs\apps\gestion_expedientes\app\Models\DossierModel.php(56): CodeIgniter\Model->__call('get', Array)
#6 C:\xampp\htdocs\apps\gestion_expedientes\app\Controllers\Dossiers.php(43): App\Models\DossierModel->getExpedientesData('4', '2', NULL, Array)
#7 C:\xampp\htdocs\apps\gestion_expedientes\system\CodeIgniter.php(919): App\Controllers\Dossiers->index()
#8 C:\xampp\htdocs\apps\gestion_expedientes\system\CodeIgniter.php(494): CodeIgniter\CodeIgniter->runController(Object(App\Controllers\Dossiers))
#9 C:\xampp\htdocs\apps\gestion_expedientes\system\CodeIgniter.php(353): CodeIgniter\CodeIgniter->handleRequest(NULL, Object(Config\Cache), false)
#10 C:\xampp\htdocs\apps\gestion_expedientes\index.php(79): CodeIgniter\CodeIgniter->run()
#11 {main}
CRITICAL - 2026-03-03 12:49:20 --> Unknown column 'depts.nombre' in 'field list'
in SYSTEMPATH\Database\BaseConnection.php on line 646.
 1 SYSTEMPATH\Database\BaseBuilder.php(1615): CodeIgniter\Database\BaseConnection->query('SELECT `expedientes`.*, `depts`.`nombre` as `departamento_name`, `estados`.`nombre` as `estado_nombre`, `estados`.`color` as `estado_color`
FROM `expedientes`
LEFT JOIN `departamentos` ON `departamentos`.`id` = `expedientes`.`departamento_actual`
LEFT JOIN `estados` ON `estados`.`id` = `expedientes`.`estado`
WHERE `departamento_actual` IS NULL
ORDER BY `fecha_creacion` DESC', [], false)
 2 SYSTEMPATH\Model.php(871): CodeIgniter\Database\BaseBuilder->get()
 3 APPPATH\Models\DossierModel.php(56): CodeIgniter\Model->__call('get', [])
 4 APPPATH\Controllers\Dossiers.php(43): App\Models\DossierModel->getExpedientesData('4', '2', null, [...])
 5 SYSTEMPATH\CodeIgniter.php(919): App\Controllers\Dossiers->index()
 6 SYSTEMPATH\CodeIgniter.php(494): CodeIgniter\CodeIgniter->runController(Object(App\Controllers\Dossiers))
 7 SYSTEMPATH\CodeIgniter.php(353): CodeIgniter\CodeIgniter->handleRequest(null, Object(Config\Cache), false)
 8 FCPATH\index.php(79): CodeIgniter\CodeIgniter->run()
ERROR - 2026-03-03 12:52:30 --> mysqli_sql_exception: Unknown column 'expedientes.estado' in 'on clause' in C:\xampp\htdocs\apps\gestion_expedientes\system\Database\MySQLi\Connection.php:306
Stack trace:
#0 C:\xampp\htdocs\apps\gestion_expedientes\system\Database\MySQLi\Connection.php(306): mysqli->query('SELECT `expedie...', 0)
#1 C:\xampp\htdocs\apps\gestion_expedientes\system\Database\BaseConnection.php(692): CodeIgniter\Database\MySQLi\Connection->execute('SELECT `expedie...')
#2 C:\xampp\htdocs\apps\gestion_expedientes\system\Database\BaseConnection.php(606): CodeIgniter\Database\BaseConnection->simpleQuery('SELECT `expedie...')
#3 C:\xampp\htdocs\apps\gestion_expedientes\system\Database\BaseBuilder.php(1615): CodeIgniter\Database\BaseConnection->query('SELECT `expedie...', Array, false)
#4 C:\xampp\htdocs\apps\gestion_expedientes\system\Model.php(871): CodeIgniter\Database\BaseBuilder->get()
#5 C:\xampp\htdocs\apps\gestion_expedientes\app\Models\DossierModel.php(56): CodeIgniter\Model->__call('get', Array)
#6 C:\xampp\htdocs\apps\gestion_expedientes\app\Controllers\Dossiers.php(43): App\Models\DossierModel->getExpedientesData('4', '2', NULL, Array)
#7 C:\xampp\htdocs\apps\gestion_expedientes\system\CodeIgniter.php(919): App\Controllers\Dossiers->index()
#8 C:\xampp\htdocs\apps\gestion_expedientes\system\CodeIgniter.php(494): CodeIgniter\CodeIgniter->runController(Object(App\Controllers\Dossiers))
#9 C:\xampp\htdocs\apps\gestion_expedientes\system\CodeIgniter.php(353): CodeIgniter\CodeIgniter->handleRequest(NULL, Object(Config\Cache), false)
#10 C:\xampp\htdocs\apps\gestion_expedientes\index.php(79): CodeIgniter\CodeIgniter->run()
#11 {main}
CRITICAL - 2026-03-03 12:52:30 --> Unknown column 'expedientes.estado' in 'on clause'
in SYSTEMPATH\Database\BaseConnection.php on line 646.
 1 SYSTEMPATH\Database\BaseBuilder.php(1615): CodeIgniter\Database\BaseConnection->query('SELECT `expedientes`.*, `departamentos`.`nombre` as `departamento_name`, `estados`.`nombre` as `estado_nombre`, `estados`.`color` as `estado_color`
FROM `expedientes`
LEFT JOIN `departamentos` ON `departamentos`.`id` = `expedientes`.`departamento_actual`
LEFT JOIN `estados` ON `estados`.`id` = `expedientes`.`estado`
WHERE `departamento_actual` IS NULL
ORDER BY `fecha_creacion` DESC', [], false)
 2 SYSTEMPATH\Model.php(871): CodeIgniter\Database\BaseBuilder->get()
 3 APPPATH\Models\DossierModel.php(56): CodeIgniter\Model->__call('get', [])
 4 APPPATH\Controllers\Dossiers.php(43): App\Models\DossierModel->getExpedientesData('4', '2', null, [...])
 5 SYSTEMPATH\CodeIgniter.php(919): App\Controllers\Dossiers->index()
 6 SYSTEMPATH\CodeIgniter.php(494): CodeIgniter\CodeIgniter->runController(Object(App\Controllers\Dossiers))
 7 SYSTEMPATH\CodeIgniter.php(353): CodeIgniter\CodeIgniter->handleRequest(null, Object(Config\Cache), false)
 8 FCPATH\index.php(79): CodeIgniter\CodeIgniter->run()
ERROR - 2026-03-03 12:52:31 --> mysqli_sql_exception: Unknown column 'expedientes.estado' in 'on clause' in C:\xampp\htdocs\apps\gestion_expedientes\system\Database\MySQLi\Connection.php:306
Stack trace:
#0 C:\xampp\htdocs\apps\gestion_expedientes\system\Database\MySQLi\Connection.php(306): mysqli->query('SELECT `expedie...', 0)
#1 C:\xampp\htdocs\apps\gestion_expedientes\system\Database\BaseConnection.php(692): CodeIgniter\Database\MySQLi\Connection->execute('SELECT `expedie...')
#2 C:\xampp\htdocs\apps\gestion_expedientes\system\Database\BaseConnection.php(606): CodeIgniter\Database\BaseConnection->simpleQuery('SELECT `expedie...')
#3 C:\xampp\htdocs\apps\gestion_expedientes\system\Database\BaseBuilder.php(1615): CodeIgniter\Database\BaseConnection->query('SELECT `expedie...', Array, false)
#4 C:\xampp\htdocs\apps\gestion_expedientes\system\Model.php(871): CodeIgniter\Database\BaseBuilder->get()
#5 C:\xampp\htdocs\apps\gestion_expedientes\app\Models\DossierModel.php(56): CodeIgniter\Model->__call('get', Array)
#6 C:\xampp\htdocs\apps\gestion_expedientes\app\Controllers\Dossiers.php(43): App\Models\DossierModel->getExpedientesData('4', '2', NULL, Array)
#7 C:\xampp\htdocs\apps\gestion_expedientes\system\CodeIgniter.php(919): App\Controllers\Dossiers->index()
#8 C:\xampp\htdocs\apps\gestion_expedientes\system\CodeIgniter.php(494): CodeIgniter\CodeIgniter->runController(Object(App\Controllers\Dossiers))
#9 C:\xampp\htdocs\apps\gestion_expedientes\system\CodeIgniter.php(353): CodeIgniter\CodeIgniter->handleRequest(NULL, Object(Config\Cache), false)
#10 C:\xampp\htdocs\apps\gestion_expedientes\index.php(79): CodeIgniter\CodeIgniter->run()
#11 {main}
CRITICAL - 2026-03-03 12:52:31 --> Unknown column 'expedientes.estado' in 'on clause'
in SYSTEMPATH\Database\BaseConnection.php on line 646.
 1 SYSTEMPATH\Database\BaseBuilder.php(1615): CodeIgniter\Database\BaseConnection->query('SELECT `expedientes`.*, `departamentos`.`nombre` as `departamento_name`, `estados`.`nombre` as `estado_nombre`, `estados`.`color` as `estado_color`
FROM `expedientes`
LEFT JOIN `departamentos` ON `departamentos`.`id` = `expedientes`.`departamento_actual`
LEFT JOIN `estados` ON `estados`.`id` = `expedientes`.`estado`
WHERE `departamento_actual` IS NULL
ORDER BY `fecha_creacion` DESC', [], false)
 2 SYSTEMPATH\Model.php(871): CodeIgniter\Database\BaseBuilder->get()
 3 APPPATH\Models\DossierModel.php(56): CodeIgniter\Model->__call('get', [])
 4 APPPATH\Controllers\Dossiers.php(43): App\Models\DossierModel->getExpedientesData('4', '2', null, [...])
 5 SYSTEMPATH\CodeIgniter.php(919): App\Controllers\Dossiers->index()
 6 SYSTEMPATH\CodeIgniter.php(494): CodeIgniter\CodeIgniter->runController(Object(App\Controllers\Dossiers))
 7 SYSTEMPATH\CodeIgniter.php(353): CodeIgniter\CodeIgniter->handleRequest(null, Object(Config\Cache), false)
 8 FCPATH\index.php(79): CodeIgniter\CodeIgniter->run()
CRITICAL - 2026-03-03 12:53:39 --> Attempt to read property "id" on array
in APPPATH\Views\dossier\index.php on line 64.
 1 APPPATH\Views\dossier\index.php(64): CodeIgniter\Debug\Exceptions->errorHandler(2, 'Attempt to read property "id" on array', 'C:\\xampp\\htdocs\\apps\\gestion_expedientes\\app\\Views\\dossier\\index.php', 64)
 2 SYSTEMPATH\View\View.php(226): include('C:\\xampp\\htdocs\\apps\\gestion_expedientes\\app\\Views\\dossier\\index.php')
 3 SYSTEMPATH\View\View.php(229): CodeIgniter\View\View->CodeIgniter\View\{closure}()
 4 SYSTEMPATH\Common.php(1188): CodeIgniter\View\View->render('dossier/index', [], true)
 5 APPPATH\Controllers\Dossiers.php(59): view('dossier/index', [...])
 6 SYSTEMPATH\CodeIgniter.php(919): App\Controllers\Dossiers->index()
 7 SYSTEMPATH\CodeIgniter.php(494): CodeIgniter\CodeIgniter->runController(Object(App\Controllers\Dossiers))
 8 SYSTEMPATH\CodeIgniter.php(353): CodeIgniter\CodeIgniter->handleRequest(null, Object(Config\Cache), false)
 9 FCPATH\index.php(79): CodeIgniter\CodeIgniter->run()
CRITICAL - 2026-03-03 12:55:22 --> Attempt to read property "id" on array
in APPPATH\Views\dossier\index.php on line 64.
 1 APPPATH\Views\dossier\index.php(64): CodeIgniter\Debug\Exceptions->errorHandler(2, 'Attempt to read property "id" on array', 'C:\\xampp\\htdocs\\apps\\gestion_expedientes\\app\\Views\\dossier\\index.php', 64)
 2 SYSTEMPATH\View\View.php(226): include('C:\\xampp\\htdocs\\apps\\gestion_expedientes\\app\\Views\\dossier\\index.php')
 3 SYSTEMPATH\View\View.php(229): CodeIgniter\View\View->CodeIgniter\View\{closure}()
 4 SYSTEMPATH\Common.php(1188): CodeIgniter\View\View->render('dossier/index', [], true)
 5 APPPATH\Controllers\Dossiers.php(59): view('dossier/index', [...])
 6 SYSTEMPATH\CodeIgniter.php(919): App\Controllers\Dossiers->index()
 7 SYSTEMPATH\CodeIgniter.php(494): CodeIgniter\CodeIgniter->runController(Object(App\Controllers\Dossiers))
 8 SYSTEMPATH\CodeIgniter.php(353): CodeIgniter\CodeIgniter->handleRequest(null, Object(Config\Cache), false)
 9 FCPATH\index.php(79): CodeIgniter\CodeIgniter->run()
CRITICAL - 2026-03-03 12:56:27 --> Attempt to read property "id" on array
in APPPATH\Views\dossier\index.php on line 64.
 1 APPPATH\Views\dossier\index.php(64): CodeIgniter\Debug\Exceptions->errorHandler(2, 'Attempt to read property "id" on array', 'C:\\xampp\\htdocs\\apps\\gestion_expedientes\\app\\Views\\dossier\\index.php', 64)
 2 SYSTEMPATH\View\View.php(226): include('C:\\xampp\\htdocs\\apps\\gestion_expedientes\\app\\Views\\dossier\\index.php')
 3 SYSTEMPATH\View\View.php(229): CodeIgniter\View\View->CodeIgniter\View\{closure}()
 4 SYSTEMPATH\Common.php(1188): CodeIgniter\View\View->render('dossier/index', [], true)
 5 APPPATH\Controllers\Dossiers.php(59): view('dossier/index', [...])
 6 SYSTEMPATH\CodeIgniter.php(919): App\Controllers\Dossiers->index()
 7 SYSTEMPATH\CodeIgniter.php(494): CodeIgniter\CodeIgniter->runController(Object(App\Controllers\Dossiers))
 8 SYSTEMPATH\CodeIgniter.php(353): CodeIgniter\CodeIgniter->handleRequest(null, Object(Config\Cache), false)
 9 FCPATH\index.php(79): CodeIgniter\CodeIgniter->run()
CRITICAL - 2026-03-03 12:57:55 --> Attempt to read property "id" on array
in APPPATH\Views\dossier\index.php on line 69.
 1 APPPATH\Views\dossier\index.php(69): CodeIgniter\Debug\Exceptions->errorHandler(2, 'Attempt to read property "id" on array', 'C:\\xampp\\htdocs\\apps\\gestion_expedientes\\app\\Views\\dossier\\index.php', 69)
 2 SYSTEMPATH\View\View.php(226): include('C:\\xampp\\htdocs\\apps\\gestion_expedientes\\app\\Views\\dossier\\index.php')
 3 SYSTEMPATH\View\View.php(229): CodeIgniter\View\View->CodeIgniter\View\{closure}()
 4 SYSTEMPATH\Common.php(1188): CodeIgniter\View\View->render('dossier/index', [], true)
 5 APPPATH\Controllers\Dossiers.php(59): view('dossier/index', [...])
 6 SYSTEMPATH\CodeIgniter.php(919): App\Controllers\Dossiers->index()
 7 SYSTEMPATH\CodeIgniter.php(494): CodeIgniter\CodeIgniter->runController(Object(App\Controllers\Dossiers))
 8 SYSTEMPATH\CodeIgniter.php(353): CodeIgniter\CodeIgniter->handleRequest(null, Object(Config\Cache), false)
 9 FCPATH\index.php(79): CodeIgniter\CodeIgniter->run()
