CRITICAL - 2024-11-08 08:14:51 --> Undefined array key "name"
in APPPATH\Views\roles\edit.php on line 20.
 1 APPPATH\Views\roles\edit.php(20): CodeIgniter\Debug\Exceptions->errorHandler(2, 'Undefined array key "name"', 'C:\\xampp\\htdocs\\apps\\gestor_denuncias\\app\\Views\\roles\\edit.php', 20)
 2 SYSTEMPATH\View\View.php(226): include('C:\\xampp\\htdocs\\apps\\gestor_denuncias\\app\\Views\\roles\\edit.php')
 3 SYSTEMPATH\View\View.php(229): CodeIgniter\View\View->CodeIgniter\View\{closure}()
 4 SYSTEMPATH\Common.php(1188): CodeIgniter\View\View->render('roles/edit', [], true)
 5 APPPATH\Controllers\Roles.php(76): view('roles/edit', [...])
 6 SYSTEMPATH\CodeIgniter.php(919): App\Controllers\Roles->edit('3')
 7 SYSTEMPATH\CodeIgniter.php(494): CodeIgniter\CodeIgniter->runController(Object(App\Controllers\Roles))
 8 SYSTEMPATH\CodeIgniter.php(353): CodeIgniter\CodeIgniter->handleRequest(null, Object(Config\Cache), false)
 9 FCPATH\index.php(79): CodeIgniter\CodeIgniter->run()
CRITICAL - 2024-11-08 11:08:42 --> Undefined array key "name"
in APPPATH\Views\roles\edit.php on line 20.
 1 APPPATH\Views\roles\edit.php(20): CodeIgniter\Debug\Exceptions->errorHandler(2, 'Undefined array key "name"', 'C:\\xampp\\htdocs\\apps\\gestor_denuncias\\app\\Views\\roles\\edit.php', 20)
 2 SYSTEMPATH\View\View.php(226): include('C:\\xampp\\htdocs\\apps\\gestor_denuncias\\app\\Views\\roles\\edit.php')
 3 SYSTEMPATH\View\View.php(229): CodeIgniter\View\View->CodeIgniter\View\{closure}()
 4 SYSTEMPATH\Common.php(1188): CodeIgniter\View\View->render('roles/edit', [], true)
 5 APPPATH\Controllers\Roles.php(76): view('roles/edit', [...])
 6 SYSTEMPATH\CodeIgniter.php(919): App\Controllers\Roles->edit('3')
 7 SYSTEMPATH\CodeIgniter.php(494): CodeIgniter\CodeIgniter->runController(Object(App\Controllers\Roles))
 8 SYSTEMPATH\CodeIgniter.php(353): CodeIgniter\CodeIgniter->handleRequest(null, Object(Config\Cache), false)
 9 FCPATH\index.php(79): CodeIgniter\CodeIgniter->run()
CRITICAL - 2024-11-08 11:09:58 --> Undefined array key "descp"
in APPPATH\Views\roles\edit.php on line 29.
 1 APPPATH\Views\roles\edit.php(29): CodeIgniter\Debug\Exceptions->errorHandler(2, 'Undefined array key "descp"', 'C:\\xampp\\htdocs\\apps\\gestor_denuncias\\app\\Views\\roles\\edit.php', 29)
 2 SYSTEMPATH\View\View.php(226): include('C:\\xampp\\htdocs\\apps\\gestor_denuncias\\app\\Views\\roles\\edit.php')
 3 SYSTEMPATH\View\View.php(229): CodeIgniter\View\View->CodeIgniter\View\{closure}()
 4 SYSTEMPATH\Common.php(1188): CodeIgniter\View\View->render('roles/edit', [], true)
 5 APPPATH\Controllers\Roles.php(76): view('roles/edit', [...])
 6 SYSTEMPATH\CodeIgniter.php(919): App\Controllers\Roles->edit('3')
 7 SYSTEMPATH\CodeIgniter.php(494): CodeIgniter\CodeIgniter->runController(Object(App\Controllers\Roles))
 8 SYSTEMPATH\CodeIgniter.php(353): CodeIgniter\CodeIgniter->handleRequest(null, Object(Config\Cache), false)
 9 FCPATH\index.php(79): CodeIgniter\CodeIgniter->run()
CRITICAL - 2024-11-08 11:14:30 --> Call to a member function findAll() on array
in APPPATH\Controllers\DataTransferController.php on line 140.
 1 SYSTEMPATH\CodeIgniter.php(919): App\Controllers\DataTransferController->reports()
 2 SYSTEMPATH\CodeIgniter.php(494): CodeIgniter\CodeIgniter->runController(Object(App\Controllers\DataTransferController))
 3 SYSTEMPATH\CodeIgniter.php(353): CodeIgniter\CodeIgniter->handleRequest(null, Object(Config\Cache), false)
 4 FCPATH\index.php(79): CodeIgniter\CodeIgniter->run()
