CRITICAL - 2025-06-06 09:23:37 --> Cannot redeclare App\Controllers\Posts::delete()
in APPPATH\Controllers\Posts.php on line 317.
 1 [internal function]: CodeIgniter\Debug\Exceptions->shutdownHandler()
CRITICAL - 2025-06-06 10:23:01 --> Namespace declaration statement has to be the very first statement or after any declare call in the script
in APPPATH\Controllers\Email.php on line 4.
 1 [internal function]: CodeIgniter\Debug\Exceptions->shutdownHandler()
CRITICAL - 2025-06-06 10:24:56 --> Class "App\Controllers\FormApiController" does not exist
in SYSTEMPATH\Commands\Utilities\Routes\AutoRouterImproved\ControllerMethodReader.php on line 48.
 1 SYSTEMPATH\Commands\Utilities\Routes\AutoRouterImproved\ControllerMethodReader.php(48): ReflectionClass->__construct('App\\Controllers\\FormApiController')
 2 SYSTEMPATH\Commands\Utilities\Routes\AutoRouterImproved\AutoRouteCollector.php(79): CodeIgniter\Commands\Utilities\Routes\AutoRouterImproved\ControllerMethodReader->read('App\\Controllers\\FormApiController', 'Home', 'index')
 3 SYSTEMPATH\Commands\Utilities\Routes.php(148): CodeIgniter\Commands\Utilities\Routes\AutoRouterImproved\AutoRouteCollector->get()
 4 SYSTEMPATH\CLI\Commands.php(65): CodeIgniter\Commands\Utilities\Routes->run([])
 5 SYSTEMPATH\CLI\Console.php(37): CodeIgniter\CLI\Commands->run('routes', [])
 6 ROOTPATH\spark(102): CodeIgniter\CLI\Console->run()
CRITICAL - 2025-06-06 10:25:01 --> Class "App\Controllers\FormApiController" does not exist
in SYSTEMPATH\Commands\Utilities\Routes\AutoRouterImproved\ControllerMethodReader.php on line 48.
 1 SYSTEMPATH\Commands\Utilities\Routes\AutoRouterImproved\ControllerMethodReader.php(48): ReflectionClass->__construct('App\\Controllers\\FormApiController')
 2 SYSTEMPATH\Commands\Utilities\Routes\AutoRouterImproved\AutoRouteCollector.php(79): CodeIgniter\Commands\Utilities\Routes\AutoRouterImproved\ControllerMethodReader->read('App\\Controllers\\FormApiController', 'Home', 'index')
 3 SYSTEMPATH\Commands\Utilities\Routes.php(148): CodeIgniter\Commands\Utilities\Routes\AutoRouterImproved\AutoRouteCollector->get()
 4 SYSTEMPATH\CLI\Commands.php(65): CodeIgniter\Commands\Utilities\Routes->run([])
 5 SYSTEMPATH\CLI\Console.php(37): CodeIgniter\CLI\Commands->run('routes', [])
 6 ROOTPATH\spark(102): CodeIgniter\CLI\Console->run()
CRITICAL - 2025-06-06 10:27:55 --> Class "App\Controllers\FormApiController" does not exist
in SYSTEMPATH\Commands\Utilities\Routes\AutoRouterImproved\ControllerMethodReader.php on line 48.
 1 SYSTEMPATH\Commands\Utilities\Routes\AutoRouterImproved\ControllerMethodReader.php(48): ReflectionClass->__construct('App\\Controllers\\FormApiController')
 2 SYSTEMPATH\Commands\Utilities\Routes\AutoRouterImproved\AutoRouteCollector.php(79): CodeIgniter\Commands\Utilities\Routes\AutoRouterImproved\ControllerMethodReader->read('App\\Controllers\\FormApiController', 'Home', 'index')
 3 SYSTEMPATH\Commands\Utilities\Routes.php(148): CodeIgniter\Commands\Utilities\Routes\AutoRouterImproved\AutoRouteCollector->get()
 4 SYSTEMPATH\CLI\Commands.php(65): CodeIgniter\Commands\Utilities\Routes->run([])
 5 SYSTEMPATH\CLI\Console.php(37): CodeIgniter\CLI\Commands->run('routes', [])
 6 ROOTPATH\spark(102): CodeIgniter\CLI\Console->run()
CRITICAL - 2025-06-06 14:01:14 --> Undefined variable $newsList
in APPPATH\Views\portal\index.php on line 99.
 1 APPPATH\Views\portal\index.php(99): CodeIgniter\Debug\Exceptions->errorHandler(2, 'Undefined variable $newsList', 'C:\\xampp\\htdocs\\apps\\gestor-denuncias-beta\\app\\Views\\portal\\index.php', 99)
 2 SYSTEMPATH\View\View.php(226): include('C:\\xampp\\htdocs\\apps\\gestor-denuncias-beta\\app\\Views\\portal\\index.php')
 3 SYSTEMPATH\View\View.php(229): CodeIgniter\View\View->CodeIgniter\View\{closure}()
 4 SYSTEMPATH\Common.php(1188): CodeIgniter\View\View->render('portal/index', [], true)
 5 APPPATH\Controllers\Home.php(42): view('portal/index', [...])
 6 SYSTEMPATH\CodeIgniter.php(919): App\Controllers\Home->portal()
 7 SYSTEMPATH\CodeIgniter.php(494): CodeIgniter\CodeIgniter->runController(Object(App\Controllers\Home))
 8 SYSTEMPATH\CodeIgniter.php(353): CodeIgniter\CodeIgniter->handleRequest(null, Object(Config\Cache), false)
 9 FCPATH\index.php(79): CodeIgniter\CodeIgniter->run()
CRITICAL - 2025-06-06 14:21:57 --> Call to undefined function form_open_multipart()
in APPPATH\Views\portal\report-form.php on line 74.
 1 SYSTEMPATH\View\View.php(226): include()
 2 SYSTEMPATH\View\View.php(229): CodeIgniter\View\View->CodeIgniter\View\{closure}()
 3 SYSTEMPATH\Common.php(1188): CodeIgniter\View\View->render('portal/report-form', [], true)
 4 APPPATH\Controllers\Home.php(47): view('portal/report-form')
 5 SYSTEMPATH\CodeIgniter.php(919): App\Controllers\Home->report_page()
 6 SYSTEMPATH\CodeIgniter.php(494): CodeIgniter\CodeIgniter->runController(Object(App\Controllers\Home))
 7 SYSTEMPATH\CodeIgniter.php(353): CodeIgniter\CodeIgniter->handleRequest(null, Object(Config\Cache), false)
 8 FCPATH\index.php(79): CodeIgniter\CodeIgniter->run()
