CRITICAL - 2025-03-11 08:55:56 --> Undefined array key "profile_image"
in APPPATH\Controllers\Login.php on line 45.
 1 APPPATH\Controllers\Login.php(45): CodeIgniter\Debug\Exceptions->errorHandler(2, 'Undefined array key "profile_image"', 'C:\\xampp\\htdocs\\apps\\app-anticorrupcion\\app\\Controllers\\Login.php', 45)
 2 SYSTEMPATH\CodeIgniter.php(919): App\Controllers\Login->auth()
 3 SYSTEMPATH\CodeIgniter.php(494): CodeIgniter\CodeIgniter->runController(Object(App\Controllers\Login))
 4 SYSTEMPATH\CodeIgniter.php(353): CodeIgniter\CodeIgniter->handleRequest(null, Object(Config\Cache), false)
 5 FCPATH\index.php(79): CodeIgniter\CodeIgniter->run()
CRITICAL - 2025-03-11 08:56:12 --> Undefined array key "profile_image"
in APPPATH\Controllers\Login.php on line 45.
 1 APPPATH\Controllers\Login.php(45): CodeIgniter\Debug\Exceptions->errorHandler(2, 'Undefined array key "profile_image"', 'C:\\xampp\\htdocs\\apps\\app-anticorrupcion\\app\\Controllers\\Login.php', 45)
 2 SYSTEMPATH\CodeIgniter.php(919): App\Controllers\Login->auth()
 3 SYSTEMPATH\CodeIgniter.php(494): CodeIgniter\CodeIgniter->runController(Object(App\Controllers\Login))
 4 SYSTEMPATH\CodeIgniter.php(353): CodeIgniter\CodeIgniter->handleRequest(null, Object(Config\Cache), false)
 5 FCPATH\index.php(79): CodeIgniter\CodeIgniter->run()
CRITICAL - 2025-03-11 08:56:38 --> Undefined array key "profile_image"
in APPPATH\Controllers\Login.php on line 45.
 1 APPPATH\Controllers\Login.php(45): CodeIgniter\Debug\Exceptions->errorHandler(2, 'Undefined array key "profile_image"', 'C:\\xampp\\htdocs\\apps\\app-anticorrupcion\\app\\Controllers\\Login.php', 45)
 2 SYSTEMPATH\CodeIgniter.php(919): App\Controllers\Login->auth()
 3 SYSTEMPATH\CodeIgniter.php(494): CodeIgniter\CodeIgniter->runController(Object(App\Controllers\Login))
 4 SYSTEMPATH\CodeIgniter.php(353): CodeIgniter\CodeIgniter->handleRequest(null, Object(Config\Cache), false)
 5 FCPATH\index.php(79): CodeIgniter\CodeIgniter->run()
CRITICAL - 2025-03-11 08:57:12 --> Undefined array key "profile_image"
in APPPATH\Controllers\Login.php on line 45.
 1 APPPATH\Controllers\Login.php(45): CodeIgniter\Debug\Exceptions->errorHandler(2, 'Undefined array key "profile_image"', 'C:\\xampp\\htdocs\\apps\\app-anticorrupcion\\app\\Controllers\\Login.php', 45)
 2 SYSTEMPATH\CodeIgniter.php(919): App\Controllers\Login->auth()
 3 SYSTEMPATH\CodeIgniter.php(494): CodeIgniter\CodeIgniter->runController(Object(App\Controllers\Login))
 4 SYSTEMPATH\CodeIgniter.php(353): CodeIgniter\CodeIgniter->handleRequest(null, Object(Config\Cache), false)
 5 FCPATH\index.php(79): CodeIgniter\CodeIgniter->run()
CRITICAL - 2025-03-11 08:57:29 --> Undefined array key "profile_image"
in APPPATH\Controllers\Login.php on line 45.
 1 APPPATH\Controllers\Login.php(45): CodeIgniter\Debug\Exceptions->errorHandler(2, 'Undefined array key "profile_image"', 'C:\\xampp\\htdocs\\apps\\app-anticorrupcion\\app\\Controllers\\Login.php', 45)
 2 SYSTEMPATH\CodeIgniter.php(919): App\Controllers\Login->auth()
 3 SYSTEMPATH\CodeIgniter.php(494): CodeIgniter\CodeIgniter->runController(Object(App\Controllers\Login))
 4 SYSTEMPATH\CodeIgniter.php(353): CodeIgniter\CodeIgniter->handleRequest(null, Object(Config\Cache), false)
 5 FCPATH\index.php(79): CodeIgniter\CodeIgniter->run()
ERROR - 2025-03-11 08:57:56 --> mysqli_sql_exception: Unknown column 'u.profile_image' in 'field list' in C:\xampp\htdocs\apps\app-anticorrupcion\system\Database\MySQLi\Connection.php:306
Stack trace:
#0 C:\xampp\htdocs\apps\app-anticorrupcion\system\Database\MySQLi\Connection.php(306): mysqli->query('SELECT  u.id, u...', 0)
#1 C:\xampp\htdocs\apps\app-anticorrupcion\system\Database\BaseConnection.php(692): CodeIgniter\Database\MySQLi\Connection->execute('SELECT  u.id, u...')
#2 C:\xampp\htdocs\apps\app-anticorrupcion\system\Database\BaseConnection.php(606): CodeIgniter\Database\BaseConnection->simpleQuery('SELECT  u.id, u...')
#3 C:\xampp\htdocs\apps\app-anticorrupcion\app\Models\UserModel.php(23): CodeIgniter\Database\BaseConnection->query('SELECT  u.id, u...')
#4 C:\xampp\htdocs\apps\app-anticorrupcion\app\Controllers\Users.php(27): App\Models\UserModel->getuserinfo()
#5 C:\xampp\htdocs\apps\app-anticorrupcion\system\CodeIgniter.php(919): App\Controllers\Users->index()
#6 C:\xampp\htdocs\apps\app-anticorrupcion\system\CodeIgniter.php(494): CodeIgniter\CodeIgniter->runController(Object(App\Controllers\Users))
#7 C:\xampp\htdocs\apps\app-anticorrupcion\system\CodeIgniter.php(353): CodeIgniter\CodeIgniter->handleRequest(NULL, Object(Config\Cache), false)
#8 C:\xampp\htdocs\apps\app-anticorrupcion\public\index.php(79): CodeIgniter\CodeIgniter->run()
#9 {main}
CRITICAL - 2025-03-11 08:57:56 --> Unknown column 'u.profile_image' in 'field list'
in SYSTEMPATH\Database\BaseConnection.php on line 646.
 1 APPPATH\Models\UserModel.php(23): CodeIgniter\Database\BaseConnection->query('SELECT  u.id, u.username as uname , u.email,  r.role_name , u.profile_image FROM users u JOIN roles r ON u.role_id = r.id ')
 2 APPPATH\Controllers\Users.php(27): App\Models\UserModel->getuserinfo()
 3 SYSTEMPATH\CodeIgniter.php(919): App\Controllers\Users->index()
 4 SYSTEMPATH\CodeIgniter.php(494): CodeIgniter\CodeIgniter->runController(Object(App\Controllers\Users))
 5 SYSTEMPATH\CodeIgniter.php(353): CodeIgniter\CodeIgniter->handleRequest(null, Object(Config\Cache), false)
 6 FCPATH\index.php(79): CodeIgniter\CodeIgniter->run()
CRITICAL - 2025-03-11 08:58:51 --> Undefined array key "profile_image"
in APPPATH\Controllers\Login.php on line 45.
 1 APPPATH\Controllers\Login.php(45): CodeIgniter\Debug\Exceptions->errorHandler(2, 'Undefined array key "profile_image"', 'C:\\xampp\\htdocs\\apps\\app-anticorrupcion\\app\\Controllers\\Login.php', 45)
 2 SYSTEMPATH\CodeIgniter.php(919): App\Controllers\Login->auth()
 3 SYSTEMPATH\CodeIgniter.php(494): CodeIgniter\CodeIgniter->runController(Object(App\Controllers\Login))
 4 SYSTEMPATH\CodeIgniter.php(353): CodeIgniter\CodeIgniter->handleRequest(null, Object(Config\Cache), false)
 5 FCPATH\index.php(79): CodeIgniter\CodeIgniter->run()
ERROR - 2025-03-11 08:59:35 --> mysqli_sql_exception: Unknown column 'profile_image' in 'field list' in C:\xampp\htdocs\apps\app-anticorrupcion\system\Database\MySQLi\Connection.php:306
Stack trace:
#0 C:\xampp\htdocs\apps\app-anticorrupcion\system\Database\MySQLi\Connection.php(306): mysqli->query('UPDATE `users` ...', 0)
#1 C:\xampp\htdocs\apps\app-anticorrupcion\system\Database\BaseConnection.php(692): CodeIgniter\Database\MySQLi\Connection->execute('UPDATE `users` ...')
#2 C:\xampp\htdocs\apps\app-anticorrupcion\system\Database\BaseConnection.php(606): CodeIgniter\Database\BaseConnection->simpleQuery('UPDATE `users` ...')
#3 C:\xampp\htdocs\apps\app-anticorrupcion\system\Database\BaseBuilder.php(2475): CodeIgniter\Database\BaseConnection->query('UPDATE `users` ...', Array, false)
#4 C:\xampp\htdocs\apps\app-anticorrupcion\system\Model.php(385): CodeIgniter\Database\BaseBuilder->update()
#5 C:\xampp\htdocs\apps\app-anticorrupcion\system\BaseModel.php(949): CodeIgniter\Model->doUpdate(Array, Array)
#6 C:\xampp\htdocs\apps\app-anticorrupcion\system\Model.php(776): CodeIgniter\BaseModel->update(Array, Array)
#7 C:\xampp\htdocs\apps\app-anticorrupcion\app\Controllers\Users.php(263): CodeIgniter\Model->update('12', Array)
#8 C:\xampp\htdocs\apps\app-anticorrupcion\system\CodeIgniter.php(919): App\Controllers\Users->update_photo()
#9 C:\xampp\htdocs\apps\app-anticorrupcion\system\CodeIgniter.php(494): CodeIgniter\CodeIgniter->runController(Object(App\Controllers\Users))
#10 C:\xampp\htdocs\apps\app-anticorrupcion\system\CodeIgniter.php(353): CodeIgniter\CodeIgniter->handleRequest(NULL, Object(Config\Cache), false)
#11 C:\xampp\htdocs\apps\app-anticorrupcion\public\index.php(79): CodeIgniter\CodeIgniter->run()
#12 {main}
CRITICAL - 2025-03-11 08:59:35 --> Unknown column 'profile_image' in 'field list'
in SYSTEMPATH\Database\BaseConnection.php on line 646.
 1 SYSTEMPATH\Database\BaseBuilder.php(2475): CodeIgniter\Database\BaseConnection->query('UPDATE `users` SET `profile_image` = :profile_image:
WHERE `users`.`id` IN :users.id:', [...], false)
 2 SYSTEMPATH\Model.php(385): CodeIgniter\Database\BaseBuilder->update()
 3 SYSTEMPATH\BaseModel.php(949): CodeIgniter\Model->doUpdate([...], [...])
 4 SYSTEMPATH\Model.php(776): CodeIgniter\BaseModel->update([...], [...])
 5 APPPATH\Controllers\Users.php(263): CodeIgniter\Model->update('12', [...])
 6 SYSTEMPATH\CodeIgniter.php(919): App\Controllers\Users->update_photo()
 7 SYSTEMPATH\CodeIgniter.php(494): CodeIgniter\CodeIgniter->runController(Object(App\Controllers\Users))
 8 SYSTEMPATH\CodeIgniter.php(353): CodeIgniter\CodeIgniter->handleRequest(null, Object(Config\Cache), false)
 9 FCPATH\index.php(79): CodeIgniter\CodeIgniter->run()
CRITICAL - 2025-03-11 09:00:58 --> Undefined array key "profile_image"
in APPPATH\Controllers\Login.php on line 45.
 1 APPPATH\Controllers\Login.php(45): CodeIgniter\Debug\Exceptions->errorHandler(2, 'Undefined array key "profile_image"', 'C:\\xampp\\htdocs\\apps\\app-anticorrupcion\\app\\Controllers\\Login.php', 45)
 2 SYSTEMPATH\CodeIgniter.php(919): App\Controllers\Login->auth()
 3 SYSTEMPATH\CodeIgniter.php(494): CodeIgniter\CodeIgniter->runController(Object(App\Controllers\Login))
 4 SYSTEMPATH\CodeIgniter.php(353): CodeIgniter\CodeIgniter->handleRequest(null, Object(Config\Cache), false)
 5 FCPATH\index.php(79): CodeIgniter\CodeIgniter->run()
CRITICAL - 2025-03-11 09:08:30 --> Undefined variable $total_denuncias
in APPPATH\Views\app\shortcut.php on line 6.
 1 APPPATH\Views\app\shortcut.php(6): CodeIgniter\Debug\Exceptions->errorHandler(2, 'Undefined variable $total_denuncias', 'C:\\xampp\\htdocs\\apps\\app-anticorrupcion\\app\\Views\\app\\shortcut.php', 6)
 2 SYSTEMPATH\View\View.php(226): include('C:\\xampp\\htdocs\\apps\\app-anticorrupcion\\app\\Views\\app\\shortcut.php')
 3 SYSTEMPATH\View\View.php(229): CodeIgniter\View\View->CodeIgniter\View\{closure}()
 4 SYSTEMPATH\View\View.php(467): CodeIgniter\View\View->render('app/shortcut', null, true)
 5 APPPATH\Views\roles\index.php(29): CodeIgniter\View\View->include('app/shortcut')
 6 SYSTEMPATH\View\View.php(226): include('C:\\xampp\\htdocs\\apps\\app-anticorrupcion\\app\\Views\\roles\\index.php')
 7 SYSTEMPATH\View\View.php(229): CodeIgniter\View\View->CodeIgniter\View\{closure}()
 8 SYSTEMPATH\Common.php(1188): CodeIgniter\View\View->render('roles/index', [], true)
 9 APPPATH\Controllers\Roles.php(21): view('roles/index', [...])
10 SYSTEMPATH\CodeIgniter.php(919): App\Controllers\Roles->index()
11 SYSTEMPATH\CodeIgniter.php(494): CodeIgniter\CodeIgniter->runController(Object(App\Controllers\Roles))
12 SYSTEMPATH\CodeIgniter.php(353): CodeIgniter\CodeIgniter->handleRequest(null, Object(Config\Cache), false)
13 FCPATH\index.php(79): CodeIgniter\CodeIgniter->run()
CRITICAL - 2025-03-11 09:08:47 --> Undefined variable $file
in APPPATH\Controllers\DataTransferController.php on line 229.
 1 APPPATH\Controllers\DataTransferController.php(229): CodeIgniter\Debug\Exceptions->errorHandler(2, 'Undefined variable $file', 'C:\\xampp\\htdocs\\apps\\app-anticorrupcion\\app\\Controllers\\DataTransferController.php', 229)
 2 SYSTEMPATH\CodeIgniter.php(919): App\Controllers\DataTransferController->edit('172')
 3 SYSTEMPATH\CodeIgniter.php(494): CodeIgniter\CodeIgniter->runController(Object(App\Controllers\DataTransferController))
 4 SYSTEMPATH\CodeIgniter.php(353): CodeIgniter\CodeIgniter->handleRequest(null, Object(Config\Cache), false)
 5 FCPATH\index.php(79): CodeIgniter\CodeIgniter->run()
CRITICAL - 2025-03-11 09:08:53 --> Undefined variable $file
in APPPATH\Controllers\DataTransferController.php on line 229.
 1 APPPATH\Controllers\DataTransferController.php(229): CodeIgniter\Debug\Exceptions->errorHandler(2, 'Undefined variable $file', 'C:\\xampp\\htdocs\\apps\\app-anticorrupcion\\app\\Controllers\\DataTransferController.php', 229)
 2 SYSTEMPATH\CodeIgniter.php(919): App\Controllers\DataTransferController->edit('172')
 3 SYSTEMPATH\CodeIgniter.php(494): CodeIgniter\CodeIgniter->runController(Object(App\Controllers\DataTransferController))
 4 SYSTEMPATH\CodeIgniter.php(353): CodeIgniter\CodeIgniter->handleRequest(null, Object(Config\Cache), false)
 5 FCPATH\index.php(79): CodeIgniter\CodeIgniter->run()
ERROR - 2025-03-11 09:18:46 --> mysqli_sql_exception: Unknown column 'file' in 'field list' in C:\xampp\htdocs\apps\app-anticorrupcion\system\Database\MySQLi\Connection.php:306
Stack trace:
#0 C:\xampp\htdocs\apps\app-anticorrupcion\system\Database\MySQLi\Connection.php(306): mysqli->query('INSERT INTO `fi...', 0)
#1 C:\xampp\htdocs\apps\app-anticorrupcion\system\Database\BaseConnection.php(692): CodeIgniter\Database\MySQLi\Connection->execute('INSERT INTO `fi...')
#2 C:\xampp\htdocs\apps\app-anticorrupcion\system\Database\BaseConnection.php(606): CodeIgniter\Database\BaseConnection->simpleQuery('INSERT INTO `fi...')
#3 C:\xampp\htdocs\apps\app-anticorrupcion\system\Database\BaseBuilder.php(2308): CodeIgniter\Database\BaseConnection->query('INSERT INTO `fi...', Array, false)
#4 C:\xampp\htdocs\apps\app-anticorrupcion\app\Controllers\DataTransferController.php(277): CodeIgniter\Database\BaseBuilder->insert(Array)
#5 C:\xampp\htdocs\apps\app-anticorrupcion\system\CodeIgniter.php(919): App\Controllers\DataTransferController->update()
#6 C:\xampp\htdocs\apps\app-anticorrupcion\system\CodeIgniter.php(494): CodeIgniter\CodeIgniter->runController(Object(App\Controllers\DataTransferController))
#7 C:\xampp\htdocs\apps\app-anticorrupcion\system\CodeIgniter.php(353): CodeIgniter\CodeIgniter->handleRequest(NULL, Object(Config\Cache), false)
#8 C:\xampp\htdocs\apps\app-anticorrupcion\public\index.php(79): CodeIgniter\CodeIgniter->run()
#9 {main}
CRITICAL - 2025-03-11 09:18:46 --> Unknown column 'file' in 'field list'
in SYSTEMPATH\Database\BaseConnection.php on line 646.
 1 SYSTEMPATH\Database\BaseBuilder.php(2308): CodeIgniter\Database\BaseConnection->query('INSERT INTO `files` (`denuncia_id`, `file_name`, `file`) VALUES (:denuncia_id:, :file_name:, :file:)', [...], false)
 2 APPPATH\Controllers\DataTransferController.php(277): CodeIgniter\Database\BaseBuilder->insert([...])
 3 SYSTEMPATH\CodeIgniter.php(919): App\Controllers\DataTransferController->update()
 4 SYSTEMPATH\CodeIgniter.php(494): CodeIgniter\CodeIgniter->runController(Object(App\Controllers\DataTransferController))
 5 SYSTEMPATH\CodeIgniter.php(353): CodeIgniter\CodeIgniter->handleRequest(null, Object(Config\Cache), false)
 6 FCPATH\index.php(79): CodeIgniter\CodeIgniter->run()
ERROR - 2025-03-11 10:53:28 --> mysqli_sql_exception: Unknown column 'evidence_id' in 'field list' in C:\xampp\htdocs\apps\app-anticorrupcion\system\Database\MySQLi\Connection.php:306
Stack trace:
#0 C:\xampp\htdocs\apps\app-anticorrupcion\system\Database\MySQLi\Connection.php(306): mysqli->query('UPDATE `denunci...', 0)
#1 C:\xampp\htdocs\apps\app-anticorrupcion\system\Database\BaseConnection.php(692): CodeIgniter\Database\MySQLi\Connection->execute('UPDATE `denunci...')
#2 C:\xampp\htdocs\apps\app-anticorrupcion\system\Database\BaseConnection.php(606): CodeIgniter\Database\BaseConnection->simpleQuery('UPDATE `denunci...')
#3 C:\xampp\htdocs\apps\app-anticorrupcion\system\Database\BaseBuilder.php(2475): CodeIgniter\Database\BaseConnection->query('UPDATE `denunci...', Array, false)
#4 C:\xampp\htdocs\apps\app-anticorrupcion\app\Controllers\DataTransferController.php(292): CodeIgniter\Database\BaseBuilder->update(Array)
#5 C:\xampp\htdocs\apps\app-anticorrupcion\system\CodeIgniter.php(919): App\Controllers\DataTransferController->update()
#6 C:\xampp\htdocs\apps\app-anticorrupcion\system\CodeIgniter.php(494): CodeIgniter\CodeIgniter->runController(Object(App\Controllers\DataTransferController))
#7 C:\xampp\htdocs\apps\app-anticorrupcion\system\CodeIgniter.php(353): CodeIgniter\CodeIgniter->handleRequest(NULL, Object(Config\Cache), false)
#8 C:\xampp\htdocs\apps\app-anticorrupcion\public\index.php(79): CodeIgniter\CodeIgniter->run()
#9 {main}
CRITICAL - 2025-03-11 10:53:29 --> Unknown column 'evidence_id' in 'field list'
in SYSTEMPATH\Database\BaseConnection.php on line 646.
 1 SYSTEMPATH\Database\BaseBuilder.php(2475): CodeIgniter\Database\BaseConnection->query('UPDATE `denuncias` SET `comentario` = :comentario:, `id_estado` = :id_estado:, `evidence_id` = :evidence_id:
WHERE `id` = :id:', [...], false)
 2 APPPATH\Controllers\DataTransferController.php(292): CodeIgniter\Database\BaseBuilder->update([...])
 3 SYSTEMPATH\CodeIgniter.php(919): App\Controllers\DataTransferController->update()
 4 SYSTEMPATH\CodeIgniter.php(494): CodeIgniter\CodeIgniter->runController(Object(App\Controllers\DataTransferController))
 5 SYSTEMPATH\CodeIgniter.php(353): CodeIgniter\CodeIgniter->handleRequest(null, Object(Config\Cache), false)
 6 FCPATH\index.php(79): CodeIgniter\CodeIgniter->run()
ERROR - 2025-03-11 11:03:48 --> mysqli_sql_exception: Unknown column 'denuncias_id' in 'where clause' in C:\xampp\htdocs\apps\app-anticorrupcion\system\Database\MySQLi\Connection.php:306
Stack trace:
#0 C:\xampp\htdocs\apps\app-anticorrupcion\system\Database\MySQLi\Connection.php(306): mysqli->query('SELECT *\nFROM `...', 0)
#1 C:\xampp\htdocs\apps\app-anticorrupcion\system\Database\BaseConnection.php(692): CodeIgniter\Database\MySQLi\Connection->execute('SELECT *\nFROM `...')
#2 C:\xampp\htdocs\apps\app-anticorrupcion\system\Database\BaseConnection.php(606): CodeIgniter\Database\BaseConnection->simpleQuery('SELECT *\nFROM `...')
#3 C:\xampp\htdocs\apps\app-anticorrupcion\system\Database\BaseBuilder.php(1615): CodeIgniter\Database\BaseConnection->query('SELECT *\nFROM `...', Array, false)
#4 C:\xampp\htdocs\apps\app-anticorrupcion\system\Model.php(237): CodeIgniter\Database\BaseBuilder->get()
#5 C:\xampp\htdocs\apps\app-anticorrupcion\system\BaseModel.php(624): CodeIgniter\Model->doFindAll(0, 0)
#6 C:\xampp\htdocs\apps\app-anticorrupcion\app\Controllers\DataTransferController.php(220): CodeIgniter\BaseModel->findAll()
#7 C:\xampp\htdocs\apps\app-anticorrupcion\system\CodeIgniter.php(919): App\Controllers\DataTransferController->edit('172')
#8 C:\xampp\htdocs\apps\app-anticorrupcion\system\CodeIgniter.php(494): CodeIgniter\CodeIgniter->runController(Object(App\Controllers\DataTransferController))
#9 C:\xampp\htdocs\apps\app-anticorrupcion\system\CodeIgniter.php(353): CodeIgniter\CodeIgniter->handleRequest(NULL, Object(Config\Cache), false)
#10 C:\xampp\htdocs\apps\app-anticorrupcion\public\index.php(79): CodeIgniter\CodeIgniter->run()
#11 {main}
CRITICAL - 2025-03-11 11:03:48 --> Unknown column 'denuncias_id' in 'where clause'
in SYSTEMPATH\Database\BaseConnection.php on line 646.
 1 SYSTEMPATH\Database\BaseBuilder.php(1615): CodeIgniter\Database\BaseConnection->query('SELECT *
FROM `files`
WHERE `denuncias_id` = :denuncias_id:', [...], false)
 2 SYSTEMPATH\Model.php(237): CodeIgniter\Database\BaseBuilder->get()
 3 SYSTEMPATH\BaseModel.php(624): CodeIgniter\Model->doFindAll(0, 0)
 4 APPPATH\Controllers\DataTransferController.php(220): CodeIgniter\BaseModel->findAll()
 5 SYSTEMPATH\CodeIgniter.php(919): App\Controllers\DataTransferController->edit('172')
 6 SYSTEMPATH\CodeIgniter.php(494): CodeIgniter\CodeIgniter->runController(Object(App\Controllers\DataTransferController))
 7 SYSTEMPATH\CodeIgniter.php(353): CodeIgniter\CodeIgniter->handleRequest(null, Object(Config\Cache), false)
 8 FCPATH\index.php(79): CodeIgniter\CodeIgniter->run()
ERROR - 2025-03-11 11:03:54 --> mysqli_sql_exception: Unknown column 'denuncias_id' in 'where clause' in C:\xampp\htdocs\apps\app-anticorrupcion\system\Database\MySQLi\Connection.php:306
Stack trace:
#0 C:\xampp\htdocs\apps\app-anticorrupcion\system\Database\MySQLi\Connection.php(306): mysqli->query('SELECT *\nFROM `...', 0)
#1 C:\xampp\htdocs\apps\app-anticorrupcion\system\Database\BaseConnection.php(692): CodeIgniter\Database\MySQLi\Connection->execute('SELECT *\nFROM `...')
#2 C:\xampp\htdocs\apps\app-anticorrupcion\system\Database\BaseConnection.php(606): CodeIgniter\Database\BaseConnection->simpleQuery('SELECT *\nFROM `...')
#3 C:\xampp\htdocs\apps\app-anticorrupcion\system\Database\BaseBuilder.php(1615): CodeIgniter\Database\BaseConnection->query('SELECT *\nFROM `...', Array, false)
#4 C:\xampp\htdocs\apps\app-anticorrupcion\system\Model.php(237): CodeIgniter\Database\BaseBuilder->get()
#5 C:\xampp\htdocs\apps\app-anticorrupcion\system\BaseModel.php(624): CodeIgniter\Model->doFindAll(0, 0)
#6 C:\xampp\htdocs\apps\app-anticorrupcion\app\Controllers\DataTransferController.php(220): CodeIgniter\BaseModel->findAll()
#7 C:\xampp\htdocs\apps\app-anticorrupcion\system\CodeIgniter.php(919): App\Controllers\DataTransferController->edit('175')
#8 C:\xampp\htdocs\apps\app-anticorrupcion\system\CodeIgniter.php(494): CodeIgniter\CodeIgniter->runController(Object(App\Controllers\DataTransferController))
#9 C:\xampp\htdocs\apps\app-anticorrupcion\system\CodeIgniter.php(353): CodeIgniter\CodeIgniter->handleRequest(NULL, Object(Config\Cache), false)
#10 C:\xampp\htdocs\apps\app-anticorrupcion\public\index.php(79): CodeIgniter\CodeIgniter->run()
#11 {main}
CRITICAL - 2025-03-11 11:03:54 --> Unknown column 'denuncias_id' in 'where clause'
in SYSTEMPATH\Database\BaseConnection.php on line 646.
 1 SYSTEMPATH\Database\BaseBuilder.php(1615): CodeIgniter\Database\BaseConnection->query('SELECT *
FROM `files`
WHERE `denuncias_id` = :denuncias_id:', [...], false)
 2 SYSTEMPATH\Model.php(237): CodeIgniter\Database\BaseBuilder->get()
 3 SYSTEMPATH\BaseModel.php(624): CodeIgniter\Model->doFindAll(0, 0)
 4 APPPATH\Controllers\DataTransferController.php(220): CodeIgniter\BaseModel->findAll()
 5 SYSTEMPATH\CodeIgniter.php(919): App\Controllers\DataTransferController->edit('175')
 6 SYSTEMPATH\CodeIgniter.php(494): CodeIgniter\CodeIgniter->runController(Object(App\Controllers\DataTransferController))
 7 SYSTEMPATH\CodeIgniter.php(353): CodeIgniter\CodeIgniter->handleRequest(null, Object(Config\Cache), false)
 8 FCPATH\index.php(79): CodeIgniter\CodeIgniter->run()
ERROR - 2025-03-11 11:05:05 --> mysqli_sql_exception: Unknown column 'denuncias_id' in 'field list' in C:\xampp\htdocs\apps\app-anticorrupcion\system\Database\MySQLi\Connection.php:306
Stack trace:
#0 C:\xampp\htdocs\apps\app-anticorrupcion\system\Database\MySQLi\Connection.php(306): mysqli->query('INSERT INTO `fi...', 0)
#1 C:\xampp\htdocs\apps\app-anticorrupcion\system\Database\BaseConnection.php(692): CodeIgniter\Database\MySQLi\Connection->execute('INSERT INTO `fi...')
#2 C:\xampp\htdocs\apps\app-anticorrupcion\system\Database\BaseConnection.php(606): CodeIgniter\Database\BaseConnection->simpleQuery('INSERT INTO `fi...')
#3 C:\xampp\htdocs\apps\app-anticorrupcion\system\Database\BaseBuilder.php(2308): CodeIgniter\Database\BaseConnection->query('INSERT INTO `fi...', Array, false)
#4 C:\xampp\htdocs\apps\app-anticorrupcion\app\Controllers\DataTransferController.php(268): CodeIgniter\Database\BaseBuilder->insert(Array)
#5 C:\xampp\htdocs\apps\app-anticorrupcion\system\CodeIgniter.php(919): App\Controllers\DataTransferController->update()
#6 C:\xampp\htdocs\apps\app-anticorrupcion\system\CodeIgniter.php(494): CodeIgniter\CodeIgniter->runController(Object(App\Controllers\DataTransferController))
#7 C:\xampp\htdocs\apps\app-anticorrupcion\system\CodeIgniter.php(353): CodeIgniter\CodeIgniter->handleRequest(NULL, Object(Config\Cache), false)
#8 C:\xampp\htdocs\apps\app-anticorrupcion\public\index.php(79): CodeIgniter\CodeIgniter->run()
#9 {main}
CRITICAL - 2025-03-11 11:05:05 --> Unknown column 'denuncias_id' in 'field list'
in SYSTEMPATH\Database\BaseConnection.php on line 646.
 1 SYSTEMPATH\Database\BaseBuilder.php(2308): CodeIgniter\Database\BaseConnection->query('INSERT INTO `files` (`denuncias_id`, `file_name`, `file_path`) VALUES (:denuncias_id:, :file_name:, :file_path:)', [...], false)
 2 APPPATH\Controllers\DataTransferController.php(268): CodeIgniter\Database\BaseBuilder->insert([...])
 3 SYSTEMPATH\CodeIgniter.php(919): App\Controllers\DataTransferController->update()
 4 SYSTEMPATH\CodeIgniter.php(494): CodeIgniter\CodeIgniter->runController(Object(App\Controllers\DataTransferController))
 5 SYSTEMPATH\CodeIgniter.php(353): CodeIgniter\CodeIgniter->handleRequest(null, Object(Config\Cache), false)
 6 FCPATH\index.php(79): CodeIgniter\CodeIgniter->run()
CRITICAL - 2025-03-11 14:27:25 --> Updates are not allowed unless they contain a "where" or "like" clause.
in SYSTEMPATH\Model.php on line 380.
 1 SYSTEMPATH\BaseModel.php(949): CodeIgniter\Model->doUpdate(null, [...])
 2 SYSTEMPATH\Model.php(776): CodeIgniter\BaseModel->update(null, [...])
 3 APPPATH\Controllers\Users.php(263): CodeIgniter\Model->update(null, [...])
 4 SYSTEMPATH\CodeIgniter.php(919): App\Controllers\Users->update_photo()
 5 SYSTEMPATH\CodeIgniter.php(494): CodeIgniter\CodeIgniter->runController(Object(App\Controllers\Users))
 6 SYSTEMPATH\CodeIgniter.php(353): CodeIgniter\CodeIgniter->handleRequest(null, Object(Config\Cache), false)
 7 FCPATH\index.php(79): CodeIgniter\CodeIgniter->run()
