ERROR - 2025-03-10 10:37:28 --> Error connecting to the database: mysqli_sql_exception: Unknown database 'app_anticorupciontest' in C:\xampp\htdocs\apps\app-anticorrupcion\system\Database\MySQLi\Connection.php:184
Stack trace:
#0 C:\xampp\htdocs\apps\app-anticorrupcion\system\Database\MySQLi\Connection.php(184): mysqli->real_connect('localhost', 'root', Object(SensitiveParameterValue), 'app_anticorupci...', 3306, '', 0)
#1 C:\xampp\htdocs\apps\app-anticorrupcion\system\Database\BaseConnection.php(391): CodeIgniter\Database\MySQLi\Connection->connect(false)
#2 C:\xampp\htdocs\apps\app-anticorrupcion\system\Database\BaseConnection.php(574): CodeIgniter\Database\BaseConnection->initialize()
#3 C:\xampp\htdocs\apps\app-anticorrupcion\system\Database\BaseBuilder.php(1615): CodeIgniter\Database\BaseConnection->query('SELECT `users`....', Array, false)
#4 C:\xampp\htdocs\apps\app-anticorrupcion\system\Model.php(264): CodeIgniter\Database\BaseBuilder->get()
#5 C:\xampp\htdocs\apps\app-anticorrupcion\system\BaseModel.php(662): CodeIgniter\Model->doFirst()
#6 C:\xampp\htdocs\apps\app-anticorrupcion\app\Models\UserModel.php(34): CodeIgniter\BaseModel->first()
#7 C:\xampp\htdocs\apps\app-anticorrupcion\app\Controllers\Login.php(31): App\Models\UserModel->getUserByEmail('admin-general@g...')
#8 C:\xampp\htdocs\apps\app-anticorrupcion\system\CodeIgniter.php(919): App\Controllers\Login->auth()
#9 C:\xampp\htdocs\apps\app-anticorrupcion\system\CodeIgniter.php(494): CodeIgniter\CodeIgniter->runController(Object(App\Controllers\Login))
#10 C:\xampp\htdocs\apps\app-anticorrupcion\system\CodeIgniter.php(353): CodeIgniter\CodeIgniter->handleRequest(NULL, Object(Config\Cache), false)
#11 C:\xampp\htdocs\apps\app-anticorrupcion\public\index.php(79): CodeIgniter\CodeIgniter->run()
#12 {main}

Next CodeIgniter\Database\Exceptions\DatabaseException: Unknown database 'app_anticorupciontest' in C:\xampp\htdocs\apps\app-anticorrupcion\system\Database\MySQLi\Connection.php:229
Stack trace:
#0 C:\xampp\htdocs\apps\app-anticorrupcion\system\Database\BaseConnection.php(391): CodeIgniter\Database\MySQLi\Connection->connect(false)
#1 C:\xampp\htdocs\apps\app-anticorrupcion\system\Database\BaseConnection.php(574): CodeIgniter\Database\BaseConnection->initialize()
#2 C:\xampp\htdocs\apps\app-anticorrupcion\system\Database\BaseBuilder.php(1615): CodeIgniter\Database\BaseConnection->query('SELECT `users`....', Array, false)
#3 C:\xampp\htdocs\apps\app-anticorrupcion\system\Model.php(264): CodeIgniter\Database\BaseBuilder->get()
#4 C:\xampp\htdocs\apps\app-anticorrupcion\system\BaseModel.php(662): CodeIgniter\Model->doFirst()
#5 C:\xampp\htdocs\apps\app-anticorrupcion\app\Models\UserModel.php(34): CodeIgniter\BaseModel->first()
#6 C:\xampp\htdocs\apps\app-anticorrupcion\app\Controllers\Login.php(31): App\Models\UserModel->getUserByEmail('admin-general@g...')
#7 C:\xampp\htdocs\apps\app-anticorrupcion\system\CodeIgniter.php(919): App\Controllers\Login->auth()
#8 C:\xampp\htdocs\apps\app-anticorrupcion\system\CodeIgniter.php(494): CodeIgniter\CodeIgniter->runController(Object(App\Controllers\Login))
#9 C:\xampp\htdocs\apps\app-anticorrupcion\system\CodeIgniter.php(353): CodeIgniter\CodeIgniter->handleRequest(NULL, Object(Config\Cache), false)
#10 C:\xampp\htdocs\apps\app-anticorrupcion\public\index.php(79): CodeIgniter\CodeIgniter->run()
#11 {main}
CRITICAL - 2025-03-10 10:37:28 --> Unable to connect to the database.
Main connection [MySQLi]: Unknown database 'app_anticorupciontest'
in SYSTEMPATH\Database\BaseConnection.php on line 427.
 1 SYSTEMPATH\Database\BaseConnection.php(574): CodeIgniter\Database\BaseConnection->initialize()
 2 SYSTEMPATH\Database\BaseBuilder.php(1615): CodeIgniter\Database\BaseConnection->query('SELECT `users`.*, `roles`.`role_name`
FROM `users`
JOIN `roles` ON `users`.`role_id` = `roles`.`id`
WHERE `email` = :email:
 LIMIT 1', [...], false)
 3 SYSTEMPATH\Model.php(264): CodeIgniter\Database\BaseBuilder->get()
 4 SYSTEMPATH\BaseModel.php(662): CodeIgniter\Model->doFirst()
 5 APPPATH\Models\UserModel.php(34): CodeIgniter\BaseModel->first()
 6 APPPATH\Controllers\Login.php(31): App\Models\UserModel->getUserByEmail('admin-general@gmail.com')
 7 SYSTEMPATH\CodeIgniter.php(919): App\Controllers\Login->auth()
 8 SYSTEMPATH\CodeIgniter.php(494): CodeIgniter\CodeIgniter->runController(Object(App\Controllers\Login))
 9 SYSTEMPATH\CodeIgniter.php(353): CodeIgniter\CodeIgniter->handleRequest(null, Object(Config\Cache), false)
10 FCPATH\index.php(79): CodeIgniter\CodeIgniter->run()
ERROR - 2025-03-10 12:45:38 --> Error connecting to the database: mysqli_sql_exception: Unknown database 'app_denuncias' in C:\xampp\htdocs\apps\app-anticorrupcion\system\Database\MySQLi\Connection.php:184
Stack trace:
#0 C:\xampp\htdocs\apps\app-anticorrupcion\system\Database\MySQLi\Connection.php(184): mysqli->real_connect('localhost', 'root', Object(SensitiveParameterValue), 'app_denuncias', 3306, '', 0)
#1 C:\xampp\htdocs\apps\app-anticorrupcion\system\Database\BaseConnection.php(391): CodeIgniter\Database\MySQLi\Connection->connect(false)
#2 C:\xampp\htdocs\apps\app-anticorrupcion\system\Database\BaseConnection.php(574): CodeIgniter\Database\BaseConnection->initialize()
#3 C:\xampp\htdocs\apps\app-anticorrupcion\system\Database\BaseBuilder.php(1615): CodeIgniter\Database\BaseConnection->query('SELECT *\nFROM `...', Array, false)
#4 C:\xampp\htdocs\apps\app-anticorrupcion\system\Model.php(264): CodeIgniter\Database\BaseBuilder->get()
#5 C:\xampp\htdocs\apps\app-anticorrupcion\system\BaseModel.php(662): CodeIgniter\Model->doFirst()
#6 C:\xampp\htdocs\apps\app-anticorrupcion\app\Controllers\DataTransferController.php(209): CodeIgniter\BaseModel->first()
#7 C:\xampp\htdocs\apps\app-anticorrupcion\system\CodeIgniter.php(919): App\Controllers\DataTransferController->edit('173')
#8 C:\xampp\htdocs\apps\app-anticorrupcion\system\CodeIgniter.php(494): CodeIgniter\CodeIgniter->runController(Object(App\Controllers\DataTransferController))
#9 C:\xampp\htdocs\apps\app-anticorrupcion\system\CodeIgniter.php(353): CodeIgniter\CodeIgniter->handleRequest(NULL, Object(Config\Cache), false)
#10 C:\xampp\htdocs\apps\app-anticorrupcion\public\index.php(79): CodeIgniter\CodeIgniter->run()
#11 {main}

Next CodeIgniter\Database\Exceptions\DatabaseException: Unknown database 'app_denuncias' in C:\xampp\htdocs\apps\app-anticorrupcion\system\Database\MySQLi\Connection.php:229
Stack trace:
#0 C:\xampp\htdocs\apps\app-anticorrupcion\system\Database\BaseConnection.php(391): CodeIgniter\Database\MySQLi\Connection->connect(false)
#1 C:\xampp\htdocs\apps\app-anticorrupcion\system\Database\BaseConnection.php(574): CodeIgniter\Database\BaseConnection->initialize()
#2 C:\xampp\htdocs\apps\app-anticorrupcion\system\Database\BaseBuilder.php(1615): CodeIgniter\Database\BaseConnection->query('SELECT *\nFROM `...', Array, false)
#3 C:\xampp\htdocs\apps\app-anticorrupcion\system\Model.php(264): CodeIgniter\Database\BaseBuilder->get()
#4 C:\xampp\htdocs\apps\app-anticorrupcion\system\BaseModel.php(662): CodeIgniter\Model->doFirst()
#5 C:\xampp\htdocs\apps\app-anticorrupcion\app\Controllers\DataTransferController.php(209): CodeIgniter\BaseModel->first()
#6 C:\xampp\htdocs\apps\app-anticorrupcion\system\CodeIgniter.php(919): App\Controllers\DataTransferController->edit('173')
#7 C:\xampp\htdocs\apps\app-anticorrupcion\system\CodeIgniter.php(494): CodeIgniter\CodeIgniter->runController(Object(App\Controllers\DataTransferController))
#8 C:\xampp\htdocs\apps\app-anticorrupcion\system\CodeIgniter.php(353): CodeIgniter\CodeIgniter->handleRequest(NULL, Object(Config\Cache), false)
#9 C:\xampp\htdocs\apps\app-anticorrupcion\public\index.php(79): CodeIgniter\CodeIgniter->run()
#10 {main}
CRITICAL - 2025-03-10 12:45:38 --> Unable to connect to the database.
Main connection [MySQLi]: Unknown database 'app_denuncias'
in SYSTEMPATH\Database\BaseConnection.php on line 427.
 1 SYSTEMPATH\Database\BaseConnection.php(574): CodeIgniter\Database\BaseConnection->initialize()
 2 SYSTEMPATH\Database\BaseBuilder.php(1615): CodeIgniter\Database\BaseConnection->query('SELECT *
FROM `denuncias`
WHERE `id` = :id:
 LIMIT 1', [...], false)
 3 SYSTEMPATH\Model.php(264): CodeIgniter\Database\BaseBuilder->get()
 4 SYSTEMPATH\BaseModel.php(662): CodeIgniter\Model->doFirst()
 5 APPPATH\Controllers\DataTransferController.php(209): CodeIgniter\BaseModel->first()
 6 SYSTEMPATH\CodeIgniter.php(919): App\Controllers\DataTransferController->edit('173')
 7 SYSTEMPATH\CodeIgniter.php(494): CodeIgniter\CodeIgniter->runController(Object(App\Controllers\DataTransferController))
 8 SYSTEMPATH\CodeIgniter.php(353): CodeIgniter\CodeIgniter->handleRequest(null, Object(Config\Cache), false)
 9 FCPATH\index.php(79): CodeIgniter\CodeIgniter->run()
CRITICAL - 2025-03-10 13:47:34 --> Undefined property: App\Controllers\DataTransferController::$load
in APPPATH\Controllers\DataTransferController.php on line 247.
 1 APPPATH\Controllers\DataTransferController.php(247): CodeIgniter\Debug\Exceptions->errorHandler(2, 'Undefined property: App\\Controllers\\DataTransferController::$load', 'C:\\xampp\\htdocs\\apps\\app-anticorrupcion\\app\\Controllers\\DataTransferController.php', 247)
 2 SYSTEMPATH\CodeIgniter.php(919): App\Controllers\DataTransferController->update()
 3 SYSTEMPATH\CodeIgniter.php(494): CodeIgniter\CodeIgniter->runController(Object(App\Controllers\DataTransferController))
 4 SYSTEMPATH\CodeIgniter.php(353): CodeIgniter\CodeIgniter->handleRequest(null, Object(Config\Cache), false)
 5 FCPATH\index.php(79): CodeIgniter\CodeIgniter->run()
CRITICAL - 2025-03-10 13:50:28 --> Call to a member function initialize() on null
in APPPATH\Controllers\DataTransferController.php on line 250.
 1 SYSTEMPATH\CodeIgniter.php(919): App\Controllers\DataTransferController->update()
 2 SYSTEMPATH\CodeIgniter.php(494): CodeIgniter\CodeIgniter->runController(Object(App\Controllers\DataTransferController))
 3 SYSTEMPATH\CodeIgniter.php(353): CodeIgniter\CodeIgniter->handleRequest(null, Object(Config\Cache), false)
 4 FCPATH\index.php(79): CodeIgniter\CodeIgniter->run()
CRITICAL - 2025-03-10 13:50:39 --> Call to a member function initialize() on null
in APPPATH\Controllers\DataTransferController.php on line 250.
 1 SYSTEMPATH\CodeIgniter.php(919): App\Controllers\DataTransferController->update()
 2 SYSTEMPATH\CodeIgniter.php(494): CodeIgniter\CodeIgniter->runController(Object(App\Controllers\DataTransferController))
 3 SYSTEMPATH\CodeIgniter.php(353): CodeIgniter\CodeIgniter->handleRequest(null, Object(Config\Cache), false)
 4 FCPATH\index.php(79): CodeIgniter\CodeIgniter->run()
CRITICAL - 2025-03-10 13:53:48 --> Undefined property: App\Controllers\DataTransferController::$db
in APPPATH\Controllers\DataTransferController.php on line 253.
 1 APPPATH\Controllers\DataTransferController.php(253): CodeIgniter\Debug\Exceptions->errorHandler(2, 'Undefined property: App\\Controllers\\DataTransferController::$db', 'C:\\xampp\\htdocs\\apps\\app-anticorrupcion\\app\\Controllers\\DataTransferController.php', 253)
 2 SYSTEMPATH\CodeIgniter.php(919): App\Controllers\DataTransferController->update()
 3 SYSTEMPATH\CodeIgniter.php(494): CodeIgniter\CodeIgniter->runController(Object(App\Controllers\DataTransferController))
 4 SYSTEMPATH\CodeIgniter.php(353): CodeIgniter\CodeIgniter->handleRequest(null, Object(Config\Cache), false)
 5 FCPATH\index.php(79): CodeIgniter\CodeIgniter->run()
ERROR - 2025-03-10 13:55:18 --> mysqli_sql_exception: Unknown column 'file_path' in 'field list' in C:\xampp\htdocs\apps\app-anticorrupcion\system\Database\MySQLi\Connection.php:306
Stack trace:
#0 C:\xampp\htdocs\apps\app-anticorrupcion\system\Database\MySQLi\Connection.php(306): mysqli->query('INSERT INTO `fi...', 0)
#1 C:\xampp\htdocs\apps\app-anticorrupcion\system\Database\BaseConnection.php(692): CodeIgniter\Database\MySQLi\Connection->execute('INSERT INTO `fi...')
#2 C:\xampp\htdocs\apps\app-anticorrupcion\system\Database\BaseConnection.php(606): CodeIgniter\Database\BaseConnection->simpleQuery('INSERT INTO `fi...')
#3 C:\xampp\htdocs\apps\app-anticorrupcion\system\Database\BaseBuilder.php(2308): CodeIgniter\Database\BaseConnection->query('INSERT INTO `fi...', Array, false)
#4 C:\xampp\htdocs\apps\app-anticorrupcion\app\Controllers\DataTransferController.php(256): CodeIgniter\Database\BaseBuilder->insert(Array)
#5 C:\xampp\htdocs\apps\app-anticorrupcion\system\CodeIgniter.php(919): App\Controllers\DataTransferController->update()
#6 C:\xampp\htdocs\apps\app-anticorrupcion\system\CodeIgniter.php(494): CodeIgniter\CodeIgniter->runController(Object(App\Controllers\DataTransferController))
#7 C:\xampp\htdocs\apps\app-anticorrupcion\system\CodeIgniter.php(353): CodeIgniter\CodeIgniter->handleRequest(NULL, Object(Config\Cache), false)
#8 C:\xampp\htdocs\apps\app-anticorrupcion\public\index.php(79): CodeIgniter\CodeIgniter->run()
#9 {main}
CRITICAL - 2025-03-10 13:55:18 --> Unknown column 'file_path' in 'field list'
in SYSTEMPATH\Database\BaseConnection.php on line 646.
 1 SYSTEMPATH\Database\BaseBuilder.php(2308): CodeIgniter\Database\BaseConnection->query('INSERT INTO `files` (`denuncia_id`, `file_name`, `file_path`) VALUES (:denuncia_id:, :file_name:, :file_path:)', [...], false)
 2 APPPATH\Controllers\DataTransferController.php(256): CodeIgniter\Database\BaseBuilder->insert([...])
 3 SYSTEMPATH\CodeIgniter.php(919): App\Controllers\DataTransferController->update()
 4 SYSTEMPATH\CodeIgniter.php(494): CodeIgniter\CodeIgniter->runController(Object(App\Controllers\DataTransferController))
 5 SYSTEMPATH\CodeIgniter.php(353): CodeIgniter\CodeIgniter->handleRequest(null, Object(Config\Cache), false)
 6 FCPATH\index.php(79): CodeIgniter\CodeIgniter->run()
ERROR - 2025-03-10 14:14:51 --> mysqli_sql_exception: Unknown column 'file_path' in 'field list' in C:\xampp\htdocs\apps\app-anticorrupcion\system\Database\MySQLi\Connection.php:306
Stack trace:
#0 C:\xampp\htdocs\apps\app-anticorrupcion\system\Database\MySQLi\Connection.php(306): mysqli->query('INSERT INTO `fi...', 0)
#1 C:\xampp\htdocs\apps\app-anticorrupcion\system\Database\BaseConnection.php(692): CodeIgniter\Database\MySQLi\Connection->execute('INSERT INTO `fi...')
#2 C:\xampp\htdocs\apps\app-anticorrupcion\system\Database\BaseConnection.php(606): CodeIgniter\Database\BaseConnection->simpleQuery('INSERT INTO `fi...')
#3 C:\xampp\htdocs\apps\app-anticorrupcion\system\Database\BaseBuilder.php(2308): CodeIgniter\Database\BaseConnection->query('INSERT INTO `fi...', Array, false)
#4 C:\xampp\htdocs\apps\app-anticorrupcion\app\Controllers\DataTransferController.php(256): CodeIgniter\Database\BaseBuilder->insert(Array)
#5 C:\xampp\htdocs\apps\app-anticorrupcion\system\CodeIgniter.php(919): App\Controllers\DataTransferController->update()
#6 C:\xampp\htdocs\apps\app-anticorrupcion\system\CodeIgniter.php(494): CodeIgniter\CodeIgniter->runController(Object(App\Controllers\DataTransferController))
#7 C:\xampp\htdocs\apps\app-anticorrupcion\system\CodeIgniter.php(353): CodeIgniter\CodeIgniter->handleRequest(NULL, Object(Config\Cache), false)
#8 C:\xampp\htdocs\apps\app-anticorrupcion\public\index.php(79): CodeIgniter\CodeIgniter->run()
#9 {main}
CRITICAL - 2025-03-10 14:14:51 --> Unknown column 'file_path' in 'field list'
in SYSTEMPATH\Database\BaseConnection.php on line 646.
 1 SYSTEMPATH\Database\BaseBuilder.php(2308): CodeIgniter\Database\BaseConnection->query('INSERT INTO `files` (`denuncia_id`, `file_name`, `file_path`) VALUES (:denuncia_id:, :file_name:, :file_path:)', [...], false)
 2 APPPATH\Controllers\DataTransferController.php(256): CodeIgniter\Database\BaseBuilder->insert([...])
 3 SYSTEMPATH\CodeIgniter.php(919): App\Controllers\DataTransferController->update()
 4 SYSTEMPATH\CodeIgniter.php(494): CodeIgniter\CodeIgniter->runController(Object(App\Controllers\DataTransferController))
 5 SYSTEMPATH\CodeIgniter.php(353): CodeIgniter\CodeIgniter->handleRequest(null, Object(Config\Cache), false)
 6 FCPATH\index.php(79): CodeIgniter\CodeIgniter->run()
CRITICAL - 2025-03-10 14:24:30 --> Class "App\Controllers\FilesModel" not found
in APPPATH\Controllers\DataTransferController.php on line 208.
 1 SYSTEMPATH\CodeIgniter.php(919): App\Controllers\DataTransferController->edit('175')
 2 SYSTEMPATH\CodeIgniter.php(494): CodeIgniter\CodeIgniter->runController(Object(App\Controllers\DataTransferController))
 3 SYSTEMPATH\CodeIgniter.php(353): CodeIgniter\CodeIgniter->handleRequest(null, Object(Config\Cache), false)
 4 FCPATH\index.php(79): CodeIgniter\CodeIgniter->run()
CRITICAL - 2025-03-10 14:25:36 --> Class "App\Controllers\FilesModel" not found
in APPPATH\Controllers\DataTransferController.php on line 208.
 1 SYSTEMPATH\CodeIgniter.php(919): App\Controllers\DataTransferController->edit('175')
 2 SYSTEMPATH\CodeIgniter.php(494): CodeIgniter\CodeIgniter->runController(Object(App\Controllers\DataTransferController))
 3 SYSTEMPATH\CodeIgniter.php(353): CodeIgniter\CodeIgniter->handleRequest(null, Object(Config\Cache), false)
 4 FCPATH\index.php(79): CodeIgniter\CodeIgniter->run()
CRITICAL - 2025-03-10 14:25:38 --> Class "App\Controllers\FilesModel" not found
in APPPATH\Controllers\DataTransferController.php on line 208.
 1 SYSTEMPATH\CodeIgniter.php(919): App\Controllers\DataTransferController->edit('175')
 2 SYSTEMPATH\CodeIgniter.php(494): CodeIgniter\CodeIgniter->runController(Object(App\Controllers\DataTransferController))
 3 SYSTEMPATH\CodeIgniter.php(353): CodeIgniter\CodeIgniter->handleRequest(null, Object(Config\Cache), false)
 4 FCPATH\index.php(79): CodeIgniter\CodeIgniter->run()
CRITICAL - 2025-03-10 14:25:39 --> Class "App\Controllers\FilesModel" not found
in APPPATH\Controllers\DataTransferController.php on line 208.
 1 SYSTEMPATH\CodeIgniter.php(919): App\Controllers\DataTransferController->edit('175')
 2 SYSTEMPATH\CodeIgniter.php(494): CodeIgniter\CodeIgniter->runController(Object(App\Controllers\DataTransferController))
 3 SYSTEMPATH\CodeIgniter.php(353): CodeIgniter\CodeIgniter->handleRequest(null, Object(Config\Cache), false)
 4 FCPATH\index.php(79): CodeIgniter\CodeIgniter->run()
CRITICAL - 2025-03-10 15:04:52 --> Cannot use App\Models\FileModel as FileModel because the name is already in use
in APPPATH\Controllers\DataTransferController.php on line 9.
 1 [internal function]: CodeIgniter\Debug\Exceptions->shutdownHandler()
CRITICAL - 2025-03-10 15:12:42 --> Undefined variable $file
in APPPATH\Controllers\DataTransferController.php on line 229.
 1 APPPATH\Controllers\DataTransferController.php(229): CodeIgniter\Debug\Exceptions->errorHandler(2, 'Undefined variable $file', 'C:\\xampp\\htdocs\\apps\\app-anticorrupcion\\app\\Controllers\\DataTransferController.php', 229)
 2 SYSTEMPATH\CodeIgniter.php(919): App\Controllers\DataTransferController->edit('172')
 3 SYSTEMPATH\CodeIgniter.php(494): CodeIgniter\CodeIgniter->runController(Object(App\Controllers\DataTransferController))
 4 SYSTEMPATH\CodeIgniter.php(353): CodeIgniter\CodeIgniter->handleRequest(null, Object(Config\Cache), false)
 5 FCPATH\index.php(79): CodeIgniter\CodeIgniter->run()
