CRITICAL - 2024-12-22 08:15:54 --> Undefined variable $total_denuncias
in APPPATH\Views\app\shortcut.php on line 6.
 1 APPPATH\Views\app\shortcut.php(6): CodeIgniter\Debug\Exceptions->errorHandler(2, 'Undefined variable $total_denuncias', 'C:\\xampp\\htdocs\\apps\\app_anticorrupcion\\app\\Views\\app\\shortcut.php', 6)
 2 SYSTEMPATH\View\View.php(226): include('C:\\xampp\\htdocs\\apps\\app_anticorrupcion\\app\\Views\\app\\shortcut.php')
 3 SYSTEMPATH\View\View.php(229): CodeIgniter\View\View->CodeIgniter\View\{closure}()
 4 SYSTEMPATH\View\View.php(467): CodeIgniter\View\View->render('app/shortcut', null, true)
 5 APPPATH\Views\reports\assign.php(26): CodeIgniter\View\View->include('app/shortcut')
 6 SYSTEMPATH\View\View.php(226): include('C:\\xampp\\htdocs\\apps\\app_anticorrupcion\\app\\Views\\reports\\assign.php')
 7 SYSTEMPATH\View\View.php(229): CodeIgniter\View\View->CodeIgniter\View\{closure}()
 8 SYSTEMPATH\Common.php(1188): CodeIgniter\View\View->render('reports/assign', [], true)
 9 APPPATH\Controllers\DataTransferController.php(165): view('reports/assign', [...])
10 SYSTEMPATH\CodeIgniter.php(919): App\Controllers\DataTransferController->assign('3')
11 SYSTEMPATH\CodeIgniter.php(494): CodeIgniter\CodeIgniter->runController(Object(App\Controllers\DataTransferController))
12 SYSTEMPATH\CodeIgniter.php(353): CodeIgniter\CodeIgniter->handleRequest(null, Object(Config\Cache), false)
13 FCPATH\index.php(79): CodeIgniter\CodeIgniter->run()
CRITICAL - 2024-12-22 08:16:03 --> Undefined variable $total_denuncias
in APPPATH\Views\app\shortcut.php on line 6.
 1 APPPATH\Views\app\shortcut.php(6): CodeIgniter\Debug\Exceptions->errorHandler(2, 'Undefined variable $total_denuncias', 'C:\\xampp\\htdocs\\apps\\app_anticorrupcion\\app\\Views\\app\\shortcut.php', 6)
 2 SYSTEMPATH\View\View.php(226): include('C:\\xampp\\htdocs\\apps\\app_anticorrupcion\\app\\Views\\app\\shortcut.php')
 3 SYSTEMPATH\View\View.php(229): CodeIgniter\View\View->CodeIgniter\View\{closure}()
 4 SYSTEMPATH\View\View.php(467): CodeIgniter\View\View->render('app/shortcut', null, true)
 5 APPPATH\Views\reports\assign.php(26): CodeIgniter\View\View->include('app/shortcut')
 6 SYSTEMPATH\View\View.php(226): include('C:\\xampp\\htdocs\\apps\\app_anticorrupcion\\app\\Views\\reports\\assign.php')
 7 SYSTEMPATH\View\View.php(229): CodeIgniter\View\View->CodeIgniter\View\{closure}()
 8 SYSTEMPATH\Common.php(1188): CodeIgniter\View\View->render('reports/assign', [], true)
 9 APPPATH\Controllers\DataTransferController.php(165): view('reports/assign', [...])
10 SYSTEMPATH\CodeIgniter.php(919): App\Controllers\DataTransferController->assign('4')
11 SYSTEMPATH\CodeIgniter.php(494): CodeIgniter\CodeIgniter->runController(Object(App\Controllers\DataTransferController))
12 SYSTEMPATH\CodeIgniter.php(353): CodeIgniter\CodeIgniter->handleRequest(null, Object(Config\Cache), false)
13 FCPATH\index.php(79): CodeIgniter\CodeIgniter->run()
